0.5 77.1661 1.01438
0.525 67.3573 1.01731
0.55 61.4174 0.956576
0.575 50.9809 1.06253
0.6 44.7721 0.722781
0.625 37.5679 0.787895
0.65 33.1275 0.58115
0.675 29.1423 0.478917
0.7 24.5736 0.441396
0.725 21.9097 0.377608
0.75 19.1836 0.271573
0.775 17.0542 0.205657
0.8 15.1 0.20439
0.825 13.2547 0.172151
0.85 12.0999 0.130814
0.875 11.3014 0.135184
0.9 10.4112 0.0988494
0.925 9.48797 0.0870856
0.95 8.5623 0.0755833
0.975 8.06185 0.0726726
1 7.38537 0.0604303
1.025 6.90968 0.0614996
1.05 6.33746 0.0476493
1.075 5.93991 0.0589486
1.1 5.54411 0.056418
1.125 5.2676 0.0422297
1.15 4.90827 0.0320669
1.175 4.6271 0.0361635
1.2 4.41556 0.0384509
1.225 4.20658 0.033087
1.25 3.95456 0.0303944
1.275 3.75373 0.025477
1.3 3.60178 0.0167812
1.325 3.41989 0.0215476
1.35 3.25291 0.0183772
1.375 3.11134 0.0215884
1.4 2.99295 0.018325
1.425 2.88089 0.0129993
1.45 2.76129 0.0134607
1.475 2.67171 0.0139033
1.5 2.53483 0.0151984
1.525 2.43833 0.0149925
1.55 2.3422 0.0126201
1.575 2.2358 0.0135086
1.6 2.19436 0.0130481
1.625 2.10893 0.0101014
1.65 2.05524 0.00854195
1.675 1.97164 0.00891516
1.7 1.90334 0.00774999
1.725 1.86033 0.0103911
1.75 1.79569 0.00870881
1.775 1.7346 0.00630851
1.8 1.67611 0.00813813
1.825 1.64591 0.00980495
1.85 1.57667 0.00796624
1.875 1.53804 0.00634938
1.9 1.50104 0.0064656
1.925 1.47542 0.00677218
1.95 1.42635 0.00494853
1.975 1.39578 0.00468634
2 1.35819 0.00482472
