0.5 -0.972088 0.00104186
0.525 -0.963772 0.00105786
0.55 -0.957418 0.00101814
0.575 -0.945157 0.00123974
0.6 -0.935765 0.000896703
0.625 -0.923657 0.00100056
0.65 -0.913942 0.000797916
0.675 -0.904277 0.000740921
0.7 -0.89161 0.000706891
0.725 -0.881827 0.000680956
0.75 -0.870287 0.000675855
0.775 -0.859717 0.000602662
0.8 -0.848335 0.000576142
0.825 -0.83642 0.000467115
0.85 -0.825631 0.000420903
0.875 -0.815511 0.000509414
0.9 -0.804969 0.000402124
0.925 -0.793503 0.000487759
0.95 -0.782119 0.000500853
0.975 -0.771893 0.000342249
1 -0.761555 0.00049449
1.025 -0.751681 0.000362028
1.05 -0.740547 0.000434455
1.075 -0.731244 0.00039356
1.1 -0.719823 0.000377605
1.125 -0.710966 0.000352752
1.15 -0.70098 0.000438228
1.175 -0.691773 0.00027885
1.2 -0.682544 0.000403916
1.225 -0.673017 0.000348668
1.25 -0.663872 0.000302601
1.275 -0.655059 0.000340208
1.3 -0.646127 0.000378083
1.325 -0.638269 0.000254285
1.35 -0.629492 0.000293124
1.375 -0.62117 0.000405548
1.4 -0.613806 0.000393779
1.425 -0.605348 0.000309868
1.45 -0.597612 0.000318974
1.475 -0.590047 0.000222534
1.5 -0.583099 0.000334822
1.525 -0.576036 0.000368517
1.55 -0.568121 0.000271138
1.575 -0.561052 0.000284912
1.6 -0.554381 0.000229458
1.625 -0.547612 0.000298778
1.65 -0.541654 0.000365179
1.675 -0.5352 0.00031361
1.7 -0.528778 0.000334732
1.725 -0.522471 0.000217897
1.75 -0.516092 0.000237755
1.775 -0.510465 0.000325735
1.8 -0.504424 0.000249206
1.825 -0.498719 0.000338479
1.85 -0.493113 0.000273092
1.875 -0.488681 0.000272881
1.9 -0.482715 0.000288951
1.925 -0.477564 0.000241661
1.95 -0.4725 0.000288441
1.975 -0.467103 0.000235664
2 -0.461293 0.000226497
