0.5 0.339685 0.0079879
0.525 0.36897 0.00599269
0.55 0.388291 0.00429774
0.575 0.409894 0.00560395
0.6 0.417115 0.00448269
0.625 0.42788 0.00604664
0.65 0.432931 0.00467529
0.675 0.431949 0.00553663
0.7 0.430542 0.00352051
0.725 0.436203 0.00375284
0.75 0.434081 0.00330667
0.775 0.435792 0.00269552
0.8 0.439082 0.00308644
0.825 0.440833 0.00268366
0.85 0.43669 0.0026661
0.875 0.439243 0.00216549
0.9 0.435479 0.002145
0.925 0.433585 0.00195238
0.95 0.427713 0.00205226
0.975 0.424056 0.00196921
1 0.417232 0.00166136
1.025 0.418225 0.00153956
1.05 0.410407 0.00160409
1.075 0.40371 0.00159723
1.1 0.395692 0.00137052
1.125 0.38976 0.00128568
1.15 0.384633 0.00148837
1.175 0.3786 0.00141309
1.2 0.373077 0.0013663
1.225 0.364789 0.00112399
1.25 0.35778 0.00120747
1.275 0.351763 0.00111497
1.3 0.344124 0.000924258
1.325 0.337392 0.00106069
1.35 0.330169 0.000928144
1.375 0.324503 0.00098998
1.4 0.319225 0.000998746
1.425 0.312139 0.000939697
1.45 0.304915 0.000624471
1.475 0.299962 0.000791233
1.5 0.293452 0.000950324
1.525 0.28694 0.000852746
1.55 0.282017 0.000941481
1.575 0.275671 0.000600299
1.6 0.270404 0.000662249
1.625 0.265407 0.000545645
1.65 0.259924 0.000725753
1.675 0.253814 0.000667531
1.7 0.250077 0.000482692
1.725 0.244135 0.000734866
1.75 0.238706 0.000549632
1.775 0.233636 0.000525324
1.8 0.229325 0.000553175
1.825 0.225105 0.000473736
1.85 0.221009 0.000458236
1.875 0.216557 0.000420187
1.9 0.21175 0.000546009
1.925 0.208654 0.000462752
1.95 0.20439 0.000500084
1.975 0.20007 0.000476029
2 0.196388 0.000472487
