0.5 -0.0209961 0.0700884
0.525 0.03135 0.0505743
0.55 -0.0311248 0.04751
0.575 -0.0313667 0.0379546
0.6 0.00724764 0.0351581
0.625 0.0293308 0.0212096
0.65 0.00654062 0.0188713
0.675 0.0312716 0.0123673
0.7 -0.00346133 0.0138812
0.725 0.0103796 0.0144272
0.75 0.0160788 0.0125812
0.775 -0.00443813 0.0098436
0.8 0.0123702 0.00688575
0.825 0.00127182 0.00702505
0.85 -0.00574898 0.00755431
0.875 0.0129255 0.00636292
0.9 0.0113529 0.0061265
0.925 0.003708 0.00613153
0.95 -0.000933511 0.00422503
0.975 -0.00312178 0.00483665
1 -0.00844889 0.00498854
1.025 -0.00555938 0.00390145
1.05 0.00328169 0.00359212
1.075 0.00879378 0.00341413
1.1 -0.00340489 0.00331489
1.125 -7.95556e-05 0.00300893
1.15 -0.000693511 0.00238123
1.175 -0.00127076 0.00218131
1.2 0.000202756 0.00266841
1.225 -0.000786133 0.00236981
1.25 0.000438667 0.00247507
1.275 -0.000989067 0.00264956
1.3 -0.00450533 0.00213777
1.325 0.000731022 0.00190915
1.35 -0.00138898 0.00180785
1.375 -0.000917778 0.0017988
1.4 -0.00255058 0.00122836
1.425 0.000901867 0.00163805
1.45 -0.00196187 0.00139279
1.475 0.00197182 0.00170282
1.5 0.00242391 0.00170557
1.525 0.000650578 0.00150018
1.55 -0.00130942 0.00114064
1.575 -0.00116827 0.00141014
1.6 -0.000428622 0.00148836
1.625 -8.48e-05 0.00127402
1.65 0.000811911 0.0011127
1.675 -0.000223022 0.00106706
1.7 0.000746756 0.00143414
1.725 0.00150684 0.00130728
1.75 -0.0008696 0.00141784
1.775 0.0021336 0.00154156
1.8 -0.000544711 0.00105031
1.825 -0.000438133 0.0013813
1.85 -0.00149102 0.00143447
1.875 -7.2e-06 0.00112586
1.9 -0.000392711 0.000878009
1.925 -0.00186258 0.0010374
1.95 -0.00233218 0.00122695
1.975 -0.000132 0.00100426
2 0.00229413 0.000754818
