1 0.2
2 -0.28
3 -0.36
4 -0.44
5 -0.52
6 -0.68
7 -0.52
8 -0.6
9 -0.68
10 -0.76
11 -0.68
12 -0.68
13 -0.52
14 -0.68
15 -0.68
16 -0.68
17 -0.6
18 -0.44
19 -0.52
20 -0.52
21 -0.52
22 -0.52
23 -0.52
24 -0.52
25 -0.44
26 -0.52
27 -0.52
28 -0.6
29 -0.6
30 -0.76
31 -0.6
32 -0.44
33 -0.36
34 -0.52
35 -0.52
36 -0.6
37 -0.68
38 -0.76
39 -0.68
40 -0.6
41 -0.6
42 -0.6
43 -0.68
44 -0.76
45 -0.68
46 -0.44
47 -0.52
48 -0.52
49 -0.52
50 -0.52
51 -0.68
52 -0.76
53 -0.76
54 -0.68
55 -0.6
56 -0.6
57 -0.6
58 -0.6
59 -0.68
60 -0.68
61 -0.52
62 -0.28
63 -0.52
64 -0.68
65 -0.52
66 -0.6
67 -0.6
68 -0.6
69 -0.44
70 -0.44
71 -0.52
72 -0.6
73 -0.68
74 -0.68
75 -0.68
76 -0.68
77 -0.76
78 -0.68
79 -0.68
80 -0.52
81 -0.44
82 -0.44
83 -0.52
84 -0.52
85 -0.44
86 -0.36
87 -0.6
88 -0.52
89 -0.6
90 -0.6
91 -0.76
92 -0.52
93 -0.52
94 -0.44
95 -0.6
96 -0.68
97 -0.68
98 -0.6
99 -0.52
100 -0.52
101 -0.6
102 -0.68
103 -0.68
104 -0.52
105 -0.6
106 -0.6
107 -0.68
108 -0.6
109 -0.44
110 -0.6
111 -0.52
112 -0.6
113 -0.6
114 -0.6
115 -0.52
116 -0.6
117 -0.6
118 -0.6
119 -0.6
120 -0.68
121 -0.68
122 -0.68
123 -0.6
124 -0.84
125 -0.84
126 -0.6
127 -0.44
128 -0.52
129 -0.52
130 -0.68
131 -0.6
132 -0.52
133 -0.52
134 -0.52
135 -0.44
136 -0.68
137 -0.44
138 -0.6
139 -0.52
140 -0.6
141 -0.44
142 -0.44
143 -0.52
144 -0.44
145 -0.52
146 -0.6
147 -0.68
148 -0.6
149 -0.76
150 -0.52
151 -0.52
152 -0.44
153 -0.6
154 -0.52
155 -0.68
156 -0.44
157 -0.6
158 -0.44
159 -0.44
160 -0.52
161 -0.44
162 -0.44
163 -0.52
164 -0.52
165 -0.68
166 -0.68
167 -0.6
168 -0.6
169 -0.68
170 -0.76
171 -0.76
172 -0.76
173 -0.84
174 -0.84
175 -0.84
176 -0.84
177 -0.6
178 -0.52
179 -0.52
180 -0.6
181 -0.52
182 -0.52
183 -0.44
184 -0.68
185 -0.44
186 -0.52
187 -0.36
188 -0.6
189 -0.84
190 -0.84
191 -0.6
192 -0.68
193 -0.44
194 -0.6
195 -0.44
196 -0.52
197 -0.52
198 -0.44
199 -0.68
200 -0.68
201 -0.68
202 -0.6
203 -0.36
204 -0.52
205 -0.6
206 -0.68
207 -0.6
208 -0.6
209 -0.68
210 -0.68
211 -0.6
212 -0.68
213 -0.44
214 -0.52
215 -0.52
216 -0.6
217 -0.6
218 -0.44
219 -0.52
220 -0.44
221 -0.52
222 -0.52
223 -0.6
224 -0.6
225 -0.68
226 -0.36
227 -0.28
228 -0.36
229 -0.44
230 -0.52
231 -0.6
232 -0.6
233 -0.6
234 -0.76
235 -0.76
236 -0.6
237 -0.52
238 -0.52
239 -0.52
240 -0.6
241 -0.6
242 -0.6
243 -0.52
244 -0.52
245 -0.44
246 -0.52
247 -0.52
248 -0.68
249 -0.6
250 -0.68
251 -0.76
252 -0.68
253 -0.68
254 -0.76
255 -0.84
256 -0.6
257 -0.6
258 -0.6
259 -0.6
260 -0.6
261 -0.68
262 -0.76
263 -0.76
264 -0.6
265 -0.52
266 -0.6
267 -0.6
268 -0.44
269 -0.44
270 -0.52
271 -0.68
272 -0.36
273 -0.6
274 -0.6
275 -0.68
276 -0.6
277 -0.52
278 -0.44
279 -0.52
280 -0.52
281 -0.44
282 -0.76
283 -0.68
284 -0.36
285 -0.6
286 -0.6
287 -0.52
288 -0.68
289 -0.68
290 -0.52
291 -0.52
292 -0.44
293 -0.52
294 -0.52
295 -0.44
296 -0.6
297 -0.52
298 -0.52
299 -0.36
300 -0.36
