1 0.2
2 -0.36
3 -0.52
4 -0.52
5 -0.68
6 -0.76
7 -0.6
8 -0.84
9 -0.84
10 -0.84
11 -0.84
12 -0.76
13 -0.68
14 -0.84
15 -0.84
16 -0.84
17 -0.76
18 -0.76
19 -0.76
20 -0.76
21 -0.76
22 -0.6
23 -0.6
24 -0.68
25 -0.68
26 -0.68
27 -0.6
28 -0.68
29 -0.68
30 -0.76
31 -0.68
32 -0.6
33 -0.52
34 -0.52
35 -0.6
36 -0.6
37 -0.6
38 -0.76
39 -0.68
40 -0.84
41 -0.84
42 -0.76
43 -0.68
44 -0.76
45 -0.76
46 -0.76
47 -0.84
48 -0.84
49 -0.84
50 -0.84
51 -0.84
52 -0.76
53 -0.76
54 -0.76
55 -0.76
56 -0.84
57 -0.76
58 -0.76
59 -0.76
60 -0.76
61 -0.76
62 -0.84
63 -0.84
64 -0.84
65 -0.92
66 -0.92
67 -0.92
68 -0.84
69 -0.84
70 -0.76
71 -0.84
72 -0.76
73 -0.84
74 -0.76
75 -0.76
76 -0.76
77 -0.76
78 -0.92
79 -0.84
80 -0.84
81 -0.84
82 -0.84
83 -0.84
84 -0.76
85 -0.76
86 -0.76
87 -0.84
88 -0.84
89 -0.84
90 -0.76
91 -0.68
92 -0.68
93 -0.6
94 -0.68
95 -0.68
96 -0.84
97 -0.76
98 -0.84
99 -0.76
100 -0.84
101 -0.92
102 -0.92
103 -0.84
104 -0.84
105 -0.84
106 -0.76
107 -0.76
108 -0.76
109 -0.84
110 -0.92
111 -0.92
112 -0.92
113 -0.84
114 -0.84
115 -0.76
116 -0.76
117 -0.68
118 -0.6
119 -0.68
120 -0.76
121 -0.76
122 -0.84
123 -0.84
124 -0.76
125 -0.84
126 -0.76
127 -0.68
128 -0.68
129 -0.76
130 -0.76
131 -0.84
132 -0.84
133 -0.76
134 -0.76
135 -0.76
136 -0.84
137 -0.84
138 -0.84
139 -0.84
140 -0.84
141 -0.84
142 -0.84
143 -0.76
144 -0.68
145 -0.6
146 -0.68
147 -0.76
148 -0.76
149 -0.84
150 -0.68
151 -0.68
152 -0.68
153 -0.84
154 -0.84
155 -0.84
156 -0.76
157 -0.68
158 -0.6
159 -0.6
160 -0.68
161 -0.6
162 -0.6
163 -0.68
164 -0.6
165 -0.76
166 -0.84
167 -0.76
168 -0.84
169 -0.84
170 -0.84
171 -0.76
172 -0.76
173 -0.84
174 -0.84
175 -0.84
176 -0.84
177 -0.76
178 -0.6
179 -0.6
180 -0.76
181 -0.76
182 -0.76
183 -0.68
184 -0.68
185 -0.68
186 -0.76
187 -0.68
188 -0.68
189 -0.76
190 -0.76
191 -0.76
192 -0.76
193 -0.6
194 -0.6
195 -0.44
196 -0.52
197 -0.6
198 -0.52
199 -0.76
200 -0.76
201 -0.76
202 -0.76
203 -0.76
204 -0.76
205 -0.68
206 -0.68
207 -0.6
208 -0.68
209 -0.68
210 -0.68
211 -0.68
212 -0.68
213 -0.6
214 -0.68
215 -0.68
216 -0.68
217 -0.84
218 -0.76
219 -0.76
220 -0.76
221 -0.68
222 -0.68
223 -0.84
224 -0.76
225 -0.76
226 -0.6
227 -0.6
228 -0.68
229 -0.76
230 -0.68
231 -0.68
232 -0.68
233 -0.68
234 -0.68
235 -0.76
236 -0.76
237 -0.76
238 -0.76
239 -0.76
240 -0.76
241 -0.92
242 -0.84
243 -0.92
244 -0.92
245 -0.92
246 -1
247 -1
248 -1
249 -1
250 -1
251 -0.92
252 -1
253 -1
254 -1
255 -1
256 -0.92
257 -1
258 -0.92
259 -0.84
260 -0.84
261 -0.92
262 -0.92
263 -0.84
264 -0.76
265 -0.76
266 -0.68
267 -0.68
268 -0.68
269 -0.6
270 -0.76
271 -0.76
272 -0.84
273 -0.92
274 -0.84
275 -0.92
276 -0.92
277 -0.92
278 -0.92
279 -0.92
280 -0.92
281 -0.84
282 -0.76
283 -0.84
284 -0.84
285 -0.84
286 -0.84
287 -0.84
288 -0.84
289 -0.84
290 -0.84
291 -0.76
292 -0.76
293 -0.68
294 -0.84
295 -0.76
296 -0.68
297 -0.68
298 -0.68
299 -0.68
300 -0.76
