1 0.2
2 -0.2
3 -0.36
4 -0.52
5 -0.44
6 -0.52
7 -0.44
8 -0.36
9 -0.52
10 -0.6
11 -0.44
12 -0.52
13 -0.44
14 -0.68
15 -0.68
16 -0.68
17 -0.52
18 -0.44
19 -0.52
20 -0.52
21 -0.44
22 -0.52
23 -0.52
24 -0.52
25 -0.36
26 -0.6
27 -0.52
28 -0.52
29 -0.44
30 -0.6
31 -0.36
32 -0.36
33 -0.2
34 -0.36
35 -0.12
36 -0.36
37 -0.44
38 -0.6
39 -0.44
40 -0.6
41 -0.36
42 -0.44
43 -0.52
44 -0.6
45 -0.52
46 -0.36
47 -0.6
48 -0.6
49 -0.52
50 -0.36
51 -0.44
52 -0.6
53 -0.52
54 -0.36
55 -0.28
56 -0.36
57 -0.36
58 -0.36
59 -0.44
60 -0.36
61 -0.52
62 -0.36
63 -0.36
64 -0.44
65 -0.36
66 -0.52
67 -0.2
68 -0.44
69 -0.28
70 -0.28
71 -0.52
72 -0.52
73 -0.36
74 -0.6
75 -0.52
76 -0.6
77 -0.52
78 -0.44
79 -0.6
80 -0.52
81 -0.52
82 -0.6
83 -0.52
84 -0.6
85 -0.52
86 -0.28
87 -0.68
88 -0.68
89 -0.44
90 -0.52
91 -0.28
92 -0.52
93 -0.52
94 -0.44
95 -0.36
96 -0.6
97 -0.52
98 -0.52
99 -0.52
100 -0.44
101 -0.6
102 -0.6
103 -0.6
104 -0.44
105 -0.28
106 -0.52
107 -0.52
108 -0.6
109 -0.52
110 -0.52
111 -0.52
112 -0.52
113 -0.52
114 -0.52
115 -0.36
116 -0.28
117 -0.2
118 -0.36
119 -0.44
120 -0.36
121 -0.44
122 -0.44
123 -0.2
124 -0.68
125 -0.52
126 -0.44
127 -0.28
128 -0.44
129 -0.28
130 -0.2
131 -0.36
132 -0.2
133 -0.28
134 -0.44
135 -0.2
136 -0.6
137 -0.44
138 -0.36
139 -0.44
140 -0.52
141 -0.36
142 -0.52
143 -0.52
144 -0.28
145 -0.36
146 -0.6
147 -0.6
148 -0.6
149 -0.68
150 -0.36
151 -0.52
152 -0.44
153 -0.6
154 -0.52
155 -0.28
156 -0.28
157 -0.52
158 -0.44
159 -0.52
160 -0.52
161 -0.36
162 -0.52
163 -0.36
164 -0.28
165 -0.6
166 -0.6
167 -0.36
168 -0.44
169 -0.44
170 -0.44
171 -0.44
172 -0.44
173 -0.76
174 -0.68
175 -0.68
176 -0.76
177 -0.44
178 -0.28
179 -0.36
180 -0.44
181 -0.44
182 -0.52
183 -0.28
184 -0.44
185 -0.36
186 -0.44
187 -0.04
188 -0.36
189 -0.52
190 -0.6
191 -0.36
192 -0.52
193 -0.28
194 -0.28
195 -0.28
196 -0.52
197 -0.36
198 -0.2
199 -0.52
200 -0.52
201 -0.6
202 -0.52
203 -0.28
204 -0.44
205 -0.52
206 -0.6
207 -0.52
208 -0.36
209 -0.28
210 -0.52
211 -0.44
212 -0.44
213 -0.36
214 -0.52
215 -0.68
216 -0.6
217 -0.68
218 -0.44
219 -0.44
220 -0.36
221 -0.44
222 -0.52
223 -0.52
224 -0.6
225 -0.36
226 -0.28
227 -0.28
228 -0.2
229 -0.36
230 -0.44
231 -0.52
232 -0.52
233 -0.44
234 -0.68
235 -0.52
236 -0.44
237 -0.36
238 -0.36
239 -0.52
240 -0.44
241 -0.28
242 -0.28
243 -0.44
244 -0.28
245 -0.44
246 -0.52
247 -0.44
248 -0.44
249 -0.36
250 -0.52
251 -0.52
252 -0.6
253 -0.6
254 -0.6
255 -0.52
256 -0.36
257 -0.44
258 -0.6
259 -0.36
260 -0.52
261 -0.52
262 -0.6
263 -0.6
264 -0.44
265 -0.28
266 -0.44
267 -0.52
268 -0.12
269 -0.28
270 -0.44
271 -0.6
272 -0.28
273 -0.36
274 -0.52
275 -0.44
276 -0.44
277 -0.52
278 -0.36
279 -0.28
280 -0.36
281 -0.28
282 -0.52
283 -0.6
284 -0.52
285 -0.52
286 -0.44
287 -0.28
288 -0.44
289 -0.52
290 -0.44
291 -0.36
292 -0.36
293 -0.28
294 -0.44
295 -0.28
296 -0.6
297 -0.52
298 -0.36
299 -0.36
300 -0.44
