1 0.2
2 -0.6
3 -0.36
4 -0.36
5 -0.6
6 -0.6
7 -0.52
8 -0.52
9 -0.6
10 -0.68
11 -0.52
12 -0.52
13 -0.52
14 -0.68
15 -0.52
16 -0.6
17 -0.68
18 -0.68
19 -0.68
20 -0.52
21 -0.68
22 -0.52
23 -0.6
24 -0.6
25 -0.52
26 -0.68
27 -0.52
28 -0.6
29 -0.68
30 -0.76
31 -0.76
32 -0.6
33 -0.6
34 -0.68
35 -0.36
36 -0.6
37 -0.44
38 -0.52
39 -0.76
40 -0.68
41 -0.68
42 -0.6
43 -0.52
44 -0.76
45 -0.68
46 -0.36
47 -0.52
48 -0.76
49 -0.68
50 -0.52
51 -0.6
52 -0.52
53 -0.68
54 -0.68
55 -0.6
56 -0.6
57 -0.44
58 -0.52
59 -0.52
60 -0.68
61 -0.44
62 -0.44
63 -0.68
64 -0.52
65 -0.52
66 -0.68
67 -0.36
68 -0.44
69 -0.52
70 -0.52
71 -0.52
72 -0.52
73 -0.52
74 -0.52
75 -0.68
76 -0.76
77 -0.84
78 -0.84
79 -0.76
80 -0.76
81 -0.6
82 -0.76
83 -0.6
84 -0.68
85 -0.6
86 -0.52
87 -0.44
88 -0.52
89 -0.52
90 -0.6
91 -0.52
92 -0.6
93 -0.52
94 -0.6
95 -0.52
96 -0.6
97 -0.6
98 -0.44
99 -0.44
100 -0.6
101 -0.6
102 -0.76
103 -0.68
104 -0.68
105 -0.68
106 -0.52
107 -0.84
108 -0.84
109 -0.76
110 -0.52
111 -0.68
112 -0.6
113 -0.68
114 -0.52
115 -0.6
116 -0.6
117 -0.76
118 -0.68
119 -0.68
120 -0.6
121 -0.6
122 -0.76
123 -0.76
124 -0.6
125 -0.68
126 -0.68
127 -0.6
128 -0.52
129 -0.52
130 -0.52
131 -0.44
132 -0.52
133 -0.44
134 -0.52
135 -0.52
136 -0.52
137 -0.52
138 -0.52
139 -0.52
140 -0.44
141 -0.52
142 -0.68
143 -0.6
144 -0.52
145 -0.6
146 -0.6
147 -0.52
148 -0.6
149 -0.6
150 -0.52
151 -0.44
152 -0.6
153 -0.52
154 -0.52
155 -0.44
156 -0.44
157 -0.44
158 -0.6
159 -0.52
160 -0.44
161 -0.44
162 -0.52
163 -0.36
164 -0.52
165 -0.6
166 -0.68
167 -0.68
168 -0.68
169 -0.68
170 -0.68
171 -0.76
172 -0.68
173 -0.76
174 -0.68
175 -0.6
176 -0.68
177 -0.44
178 -0.76
179 -0.6
180 -0.68
181 -0.6
182 -0.52
183 -0.44
184 -0.52
185 -0.36
186 -0.44
187 -0.52
188 -0.76
189 -0.92
190 -0.92
191 -0.76
192 -0.84
193 -0.6
194 -0.52
195 -0.44
196 -0.36
197 -0.44
198 -0.36
199 -0.52
200 -0.68
201 -0.68
202 -0.6
203 -0.44
204 -0.52
205 -0.52
206 -0.76
207 -0.68
208 -0.6
209 -0.6
210 -0.52
211 -0.52
212 -0.6
213 -0.6
214 -0.68
215 -0.76
216 -0.68
217 -0.76
218 -0.44
219 -0.36
220 -0.44
221 -0.52
222 -0.52
223 -0.6
224 -0.6
225 -0.6
226 -0.52
227 -0.44
228 -0.52
229 -0.52
230 -0.44
231 -0.36
232 -0.52
233 -0.68
234 -0.6
235 -0.6
236 -0.52
237 -0.44
238 -0.36
239 -0.44
240 -0.36
241 -0.36
242 -0.36
243 -0.44
244 -0.52
245 -0.52
246 -0.6
247 -0.68
248 -0.68
249 -0.52
250 -0.68
251 -0.76
252 -0.6
253 -0.52
254 -0.6
255 -0.52
256 -0.52
257 -0.6
258 -0.52
259 -0.44
260 -0.52
261 -0.52
262 -0.68
263 -0.6
264 -0.52
265 -0.52
266 -0.6
267 -0.68
268 -0.76
269 -0.44
270 -0.44
271 -0.44
272 -0.52
273 -0.52
274 -0.44
275 -0.6
276 -0.6
277 -0.6
278 -0.68
279 -0.76
280 -0.76
281 -0.44
282 -0.36
283 -0.52
284 -0.28
285 -0.52
286 -0.52
287 -0.44
288 -0.44
289 -0.52
290 -0.44
291 -0.44
292 -0.52
293 -0.36
294 -0.36
295 -0.44
296 -0.52
297 -0.44
298 -0.44
299 -0.68
300 -0.68
