1 0.2
2 -0.52
3 -0.44
4 -0.36
5 -0.52
6 -0.44
7 -0.52
8 -0.52
9 -0.68
10 -0.6
11 -0.52
12 -0.52
13 -0.6
14 -0.6
15 -0.52
16 -0.52
17 -0.6
18 -0.76
19 -0.68
20 -0.44
21 -0.36
22 -0.28
23 -0.28
24 -0.6
25 -0.6
26 -0.44
27 -0.52
28 -0.2
29 -0.36
30 -0.44
31 -0.52
32 -0.44
33 -0.36
34 -0.52
35 -0.2
36 -0.2
37 -0.28
38 -0.44
39 -0.6
40 -0.68
41 -0.44
42 -0.36
43 -0.52
44 -0.6
45 -0.36
46 -0.44
47 -0.28
48 -0.44
49 -0.44
50 -0.28
51 -0.44
52 -0.36
53 -0.44
54 -0.52
55 -0.44
56 -0.6
57 -0.28
58 -0.44
59 -0.52
60 -0.52
61 -0.36
62 -0.12
63 -0.36
64 -0.44
65 -0.52
66 -0.52
67 -0.36
68 -0.44
69 -0.12
70 -0.2
71 -0.44
72 -0.44
73 -0.6
74 -0.44
75 -0.52
76 -0.6
77 -0.52
78 -0.28
79 -0.44
80 -0.52
81 -0.44
82 -0.6
83 -0.44
84 -0.6
85 -0.52
86 -0.36
87 -0.36
88 -0.36
89 -0.36
90 -0.6
91 -0.28
92 -0.36
93 -0.44
94 -0.6
95 -0.36
96 -0.28
97 -0.44
98 -0.44
99 -0.36
100 -0.6
101 -0.6
102 -0.44
103 -0.52
104 -0.36
105 -0.28
106 -0.68
107 -0.6
108 -0.6
109 -0.52
110 -0.44
111 -0.6
112 -0.44
113 -0.52
114 -0.44
115 -0.28
116 -0.44
117 -0.52
118 -0.44
119 -0.44
120 -0.36
121 -0.44
122 -0.52
123 -0.28
124 -0.36
125 -0.28
126 -0.36
127 -0.36
128 -0.44
129 -0.52
130 -0.36
131 -0.28
132 -0.52
133 -0.28
134 -0.36
135 -0.36
136 -0.6
137 -0.6
138 -0.44
139 -0.44
140 -0.52
141 -0.52
142 -0.44
143 -0.52
144 -0.44
145 -0.52
146 -0.6
147 -0.44
148 -0.52
149 -0.44
150 -0.44
151 -0.52
152 -0.68
153 -0.6
154 -0.6
155 -0.6
156 -0.52
157 -0.52
158 -0.36
159 -0.36
160 -0.52
161 -0.52
162 -0.44
163 -0.12
164 -0.36
165 -0.28
166 -0.52
167 -0.52
168 -0.44
169 -0.44
170 -0.44
171 -0.6
172 -0.36
173 -0.6
174 -0.68
175 -0.52
176 -0.68
177 -0.36
178 -0.44
179 -0.44
180 -0.6
181 -0.44
182 -0.44
183 -0.68
184 -0.6
185 -0.44
186 -0.36
187 -0.28
188 -0.36
189 -0.6
190 -0.6
191 -0.52
192 -0.68
193 -0.6
194 -0.44
195 -0.6
196 -0.44
197 -0.44
198 -0.36
199 -0.44
200 -0.6
201 -0.28
202 -0.68
203 -0.44
204 -0.28
205 -0.2
206 -0.36
207 -0.44
208 -0.28
209 -0.44
210 -0.36
211 -0.44
212 -0.36
213 -0.52
214 -0.52
215 -0.44
216 -0.36
217 -0.52
218 -0.44
219 -0.36
220 -0.36
221 -0.44
222 -0.52
223 -0.44
224 -0.2
225 -0.36
226 -0.12
227 -0.36
228 -0.36
229 -0.28
230 -0.28
231 -0.44
232 -0.44
233 -0.6
234 -0.44
235 -0.44
236 -0.52
237 -0.28
238 -0.52
239 -0.52
240 -0.6
241 -0.44
242 -0.36
243 -0.44
244 -0.36
245 -0.36
246 -0.76
247 -0.6
248 -0.36
249 -0.36
250 -0.44
251 -0.6
252 -0.52
253 -0.6
254 -0.52
255 -0.52
256 -0.6
257 -0.28
258 -0.36
259 -0.36
260 -0.44
261 -0.36
262 -0.52
263 -0.44
264 -0.44
265 -0.36
266 -0.52
267 -0.52
268 -0.52
269 -0.36
270 -0.52
271 -0.6
272 -0.6
273 -0.68
274 -0.52
275 -0.36
276 -0.68
277 -0.28
278 -0.52
279 -0.28
280 -0.44
281 -0.36
282 -0.36
283 -0.52
284 -0.44
285 -0.44
286 -0.68
287 -0.44
288 -0.36
289 -0.2
290 -0.28
291 -0.28
292 -0.52
293 -0.68
294 -0.52
295 -0.6
296 -0.44
297 -0.44
298 -0.28
299 -0.44
300 -0.36
