1 0.2
2 -0.6
3 -0.6
4 -0.68
5 -0.84
6 -0.84
7 -0.68
8 -0.76
9 -0.92
10 -0.92
11 -0.92
12 -0.84
13 -0.76
14 -0.68
15 -0.76
16 -0.76
17 -0.76
18 -0.84
19 -0.84
20 -0.84
21 -0.84
22 -0.68
23 -0.68
24 -0.68
25 -0.6
26 -0.76
27 -0.76
28 -0.68
29 -0.76
30 -0.76
31 -0.76
32 -0.6
33 -0.68
34 -0.68
35 -0.76
36 -0.68
37 -0.68
38 -0.68
39 -0.68
40 -0.76
41 -0.84
42 -0.76
43 -0.6
44 -0.68
45 -0.76
46 -0.84
47 -0.76
48 -0.84
49 -0.76
50 -0.76
51 -0.68
52 -0.68
53 -0.76
54 -0.76
55 -0.76
56 -0.84
57 -0.84
58 -0.92
59 -0.92
60 -0.84
61 -0.92
62 -0.84
63 -0.84
64 -0.76
65 -0.76
66 -0.84
67 -0.84
68 -0.92
69 -0.92
70 -0.84
71 -0.84
72 -0.76
73 -0.76
74 -0.76
75 -0.84
76 -0.84
77 -0.84
78 -0.84
79 -0.84
80 -0.76
81 -0.76
82 -0.84
83 -0.76
84 -0.76
85 -0.76
86 -0.6
87 -0.52
88 -0.76
89 -0.76
90 -0.84
91 -0.76
92 -0.84
93 -0.68
94 -0.76
95 -0.76
96 -0.84
97 -0.76
98 -0.76
99 -0.76
100 -0.84
101 -0.84
102 -0.92
103 -0.84
104 -0.76
105 -0.84
106 -0.84
107 -0.92
108 -0.92
109 -0.92
110 -0.92
111 -0.92
112 -0.92
113 -0.92
114 -0.92
115 -0.84
116 -0.84
117 -0.84
118 -0.84
119 -0.76
120 -0.68
121 -0.76
122 -0.84
123 -0.84
124 -0.76
125 -0.84
126 -0.84
127 -0.84
128 -0.76
129 -0.76
130 -0.76
131 -0.76
132 -0.76
133 -0.6
134 -0.84
135 -0.68
136 -0.76
137 -0.76
138 -0.76
139 -0.76
140 -0.6
141 -0.6
142 -0.52
143 -0.6
144 -0.6
145 -0.6
146 -0.68
147 -0.76
148 -0.76
149 -0.76
150 -0.68
151 -0.68
152 -0.76
153 -0.76
154 -0.84
155 -0.84
156 -0.76
157 -0.76
158 -0.6
159 -0.6
160 -0.76
161 -0.76
162 -0.76
163 -0.6
164 -0.6
165 -0.76
166 -0.76
167 -0.84
168 -0.84
169 -0.84
170 -0.68
171 -0.76
172 -0.84
173 -0.84
174 -0.84
175 -0.84
176 -0.84
177 -0.68
178 -0.68
179 -0.76
180 -0.84
181 -0.84
182 -0.76
183 -0.68
184 -0.76
185 -0.76
186 -0.76
187 -0.68
188 -0.76
189 -0.76
190 -0.76
191 -0.76
192 -0.76
193 -0.6
194 -0.76
195 -0.76
196 -0.68
197 -0.76
198 -0.68
199 -0.76
200 -0.76
201 -0.76
202 -0.76
203 -0.68
204 -0.84
205 -0.76
206 -0.68
207 -0.84
208 -0.84
209 -0.68
210 -0.68
211 -0.68
212 -0.76
213 -0.76
214 -0.76
215 -0.76
216 -0.84
217 -0.84
218 -0.68
219 -0.84
220 -0.84
221 -0.76
222 -0.84
223 -0.84
224 -0.76
225 -0.68
226 -0.44
227 -0.6
228 -0.68
229 -0.84
230 -0.76
231 -0.76
232 -0.76
233 -0.76
234 -0.76
235 -0.76
236 -0.76
237 -0.84
238 -0.76
239 -0.84
240 -0.76
241 -0.76
242 -0.68
243 -0.68
244 -0.68
245 -0.68
246 -0.68
247 -0.68
248 -0.6
249 -0.68
250 -0.84
251 -0.76
252 -0.84
253 -0.84
254 -0.84
255 -0.84
256 -0.84
257 -0.84
258 -0.84
259 -0.6
260 -0.6
261 -0.76
262 -0.76
263 -0.76
264 -0.84
265 -0.76
266 -0.68
267 -0.76
268 -0.84
269 -0.84
270 -0.68
271 -0.68
272 -0.76
273 -0.84
274 -0.76
275 -0.84
276 -0.84
277 -0.84
278 -0.76
279 -0.84
280 -0.84
281 -0.76
282 -0.76
283 -0.76
284 -0.76
285 -0.76
286 -0.68
287 -0.76
288 -0.76
289 -0.84
290 -0.92
291 -0.76
292 -0.76
293 -0.76
294 -0.84
295 -0.76
296 -0.68
297 -0.76
298 -0.76
299 -0.76
300 -0.84
