0.5 79.1088 0.779595
0.525 69.2613 0.710101
0.55 60.1131 0.620295
0.575 52.7231 0.675161
0.6 44.0059 0.567706
0.625 37.7797 0.49791
0.65 32.2076 0.416639
0.675 28.5313 0.275154
0.7 24.8554 0.297806
0.725 21.432 0.235572
0.75 19.0603 0.189701
0.775 17.2185 0.215375
0.8 15.3313 0.157007
0.825 13.6743 0.118675
0.85 12.3938 0.096104
0.875 11.2631 0.0952264
0.9 10.188 0.0732388
0.925 9.42544 0.10071
0.95 8.57686 0.0688879
0.975 7.98939 0.0572892
1 7.46845 0.0550988
1.025 6.92007 0.038918
1.05 6.44533 0.0455899
1.075 6.02368 0.0427222
1.1 5.63023 0.0378439
1.125 5.30955 0.0389373
1.15 4.95921 0.0314749
1.175 4.65484 0.029301
1.2 4.38017 0.0191989
1.225 4.19901 0.0293083
1.25 3.95937 0.0228325
1.275 3.76109 0.0237984
1.3 3.55453 0.022293
1.325 3.4032 0.0143908
1.35 3.23068 0.0165479
1.375 3.13371 0.017978
1.4 2.98588 0.0159849
1.425 2.84714 0.0150339
1.45 2.72343 0.0103567
1.475 2.63176 0.0135812
1.5 2.53676 0.0121606
1.525 2.4305 0.0104426
1.55 2.36284 0.00915163
1.575 2.25756 0.00714568
1.6 2.17665 0.00813435
1.625 2.09613 0.00848413
1.65 2.04457 0.00786753
1.675 1.96035 0.00826858
1.7 1.91425 0.00743911
1.725 1.8485 0.00717384
1.75 1.80385 0.0074772
1.775 1.74638 0.0052601
1.8 1.68971 0.00720244
1.825 1.64561 0.007324
1.85 1.59997 0.00573058
1.875 1.55423 0.00508151
1.9 1.51359 0.00532334
1.925 1.46485 0.00640643
1.95 1.43758 0.0053843
1.975 1.39103 0.00445802
2 1.36011 0.00442892
