0.5 -0.974202 0.000816709
0.525 -0.965609 0.000744102
0.55 -0.956259 0.000706731
0.575 -0.947018 0.000825323
0.6 -0.935046 0.000712895
0.625 -0.923805 0.000705123
0.65 -0.912704 0.000600461
0.675 -0.903026 0.000433396
0.7 -0.891971 0.000491806
0.725 -0.881204 0.000481434
0.75 -0.869533 0.000371885
0.775 -0.859827 0.000465626
0.8 -0.848834 0.000476145
0.825 -0.836938 0.000464751
0.85 -0.825587 0.000459483
0.875 -0.815563 0.000430466
0.9 -0.80419 0.000414842
0.925 -0.794021 0.000386611
0.95 -0.783447 0.000378158
0.975 -0.772079 0.000297144
1 -0.762108 0.000285365
1.025 -0.751084 0.000261611
1.05 -0.74099 0.000363993
1.075 -0.730863 0.000293737
1.1 -0.720836 0.000430424
1.125 -0.711806 0.000270132
1.15 -0.701114 0.00025242
1.175 -0.692439 0.000358276
1.2 -0.682351 0.000272911
1.225 -0.673628 0.000257964
1.25 -0.664104 0.000271301
1.275 -0.655264 0.000386475
1.3 -0.6464 0.000317479
1.325 -0.637927 0.000242303
1.35 -0.629514 0.000228051
1.375 -0.621337 0.000330579
1.4 -0.613553 0.000260842
1.425 -0.605119 0.000319306
1.45 -0.597767 0.00032277
1.475 -0.590168 0.000240442
1.5 -0.582259 0.000266327
1.525 -0.575968 0.000238173
1.55 -0.568786 0.000230734
1.575 -0.561121 0.000224444
1.6 -0.554825 0.000207447
1.625 -0.547521 0.000205656
1.65 -0.541392 0.000286456
1.675 -0.534662 0.000289035
1.7 -0.528783 0.000276971
1.725 -0.522305 0.000228701
1.75 -0.516808 0.00032945
1.775 -0.509964 0.000275453
1.8 -0.504991 0.000261651
1.825 -0.499163 0.000300432
1.85 -0.493783 0.000263535
1.875 -0.48799 0.000252677
1.9 -0.482743 0.000263833
1.925 -0.477318 0.000251886
1.95 -0.472439 0.000274953
1.975 -0.467094 0.000266191
2 -0.461564 0.000254257
