0.5 0.324612 0.00669332
0.525 0.365081 0.00530223
0.55 0.397694 0.00393949
0.575 0.406884 0.00327125
0.6 0.421256 0.00359963
0.625 0.424708 0.00396744
0.65 0.428517 0.00463168
0.675 0.433831 0.00379011
0.7 0.436884 0.00340435
0.725 0.433913 0.00339095
0.75 0.441709 0.00328778
0.775 0.442435 0.00335744
0.8 0.438795 0.00261436
0.825 0.440368 0.00221998
0.85 0.44269 0.0020154
0.875 0.436516 0.00192178
0.9 0.433141 0.00215495
0.925 0.434782 0.00217154
0.95 0.427924 0.00188158
0.975 0.426631 0.00144796
1 0.419407 0.00151886
1.025 0.413663 0.00168062
1.05 0.410738 0.00148602
1.075 0.402202 0.00133854
1.1 0.398875 0.00134804
1.125 0.39066 0.0014072
1.15 0.38561 0.00111927
1.175 0.377776 0.000978561
1.2 0.370286 0.00113485
1.225 0.363556 0.00109541
1.25 0.357388 0.000996838
1.275 0.349653 0.00080575
1.3 0.345062 0.00114494
1.325 0.337922 0.00103987
1.35 0.329556 0.00095399
1.375 0.325131 0.000661006
1.4 0.317186 0.000644981
1.425 0.310264 0.000900554
1.45 0.305559 0.000805472
1.475 0.299212 0.000812178
1.5 0.293682 0.000610145
1.525 0.287549 0.000696954
1.55 0.281097 0.000911879
1.575 0.276377 0.000688473
1.6 0.270158 0.000553262
1.625 0.265446 0.000538313
1.65 0.259387 0.000610932
1.675 0.254146 0.000667961
1.7 0.247601 0.000540916
1.725 0.244753 0.000625616
1.75 0.240121 0.000513762
1.775 0.234532 0.00053046
1.8 0.230195 0.000465059
1.825 0.226034 0.000548384
1.85 0.22087 0.000552488
1.875 0.216884 0.000509459
1.9 0.212358 0.000369352
1.925 0.207598 0.000451858
1.95 0.205541 0.000463661
1.975 0.19969 0.000420784
2 0.196418 0.000397982
