0.5 0.107289 0.0539008
0.525 -0.0106796 0.0474707
0.55 0.0420937 0.035862
0.575 -0.0109972 0.0258829
0.6 -0.00871369 0.0248977
0.625 0.0163645 0.0162247
0.65 0.0139863 0.0144916
0.675 -0.0193423 0.0122138
0.7 0.00837022 0.0101846
0.725 0.010863 0.009173
0.75 0.01423 0.00861935
0.775 0.00336542 0.00633662
0.8 -0.0138363 0.00520807
0.825 0.00542178 0.0066363
0.85 0.00121084 0.0052877
0.875 -0.00757671 0.00582721
0.9 0.00215369 0.0038437
0.925 0.00122418 0.00380747
0.95 -0.00427796 0.00319766
0.975 0.0021456 0.00304249
1 -0.00569173 0.00343205
1.025 0.0003336 0.00352551
1.05 -0.00127244 0.00251431
1.075 -0.00149973 0.00309612
1.1 0.00324044 0.00264259
1.125 -0.00177991 0.00210658
1.15 -0.00137173 0.00201406
1.175 -0.00441022 0.00200159
1.2 -0.000491733 0.00256924
1.225 0.00145787 0.00225638
1.25 -0.000265333 0.00167567
1.275 0.00242578 0.00123093
1.3 0.000847289 0.00145485
1.325 0.0031312 0.00172813
1.35 0.000730489 0.00173276
1.375 0.000159378 0.00145552
1.4 -0.00309413 0.001399
1.425 -0.00110213 0.00126618
1.45 -0.00205102 0.00107054
1.475 0.00196862 0.00136733
1.5 3.00444e-05 0.00138582
1.525 -0.000128267 0.00143197
1.55 0.0009152 0.00118646
1.575 -9.16444e-05 0.00158078
1.6 -7.2e-06 0.0010454
1.625 0.00123591 0.00124197
1.65 -0.0012816 0.000872636
1.675 0.00160267 0.0010575
1.7 -0.000146667 0.00100877
1.725 -0.00100578 0.000919188
1.75 0.00124773 0.00124754
1.775 0.00103182 0.00108835
1.8 0.000979733 0.000952944
1.825 -0.000823822 0.00106969
1.85 -0.000733956 0.0010269
1.875 -0.000440533 0.000886426
1.9 0.00141982 0.000648364
1.925 0.00143964 0.000828624
1.95 -0.0004248 0.000813107
1.975 -0.000421156 0.000800486
2 -0.000609778 0.000674048
