1 -8.71336 1.25104
2 -8.43329 2.76992
3 -8.24149 3.80882
4 -8.1915 4.06786
5 -8.10591 4.54335
6 -8.07354 4.71121
7 -7.97762 5.23717
8 -7.98518 5.20701
9 -7.9138 5.60383
10 -7.87205 5.80573
11 -7.83368 6.00822
12 -7.82857 6.06051
13 -7.8677 5.83361
14 -7.87358 5.8025
15 -7.88791 5.72655
16 -7.86259 5.85531
17 -7.75572 6.4482
18 -7.72466 6.64324
19 -7.62703 7.17195
20 -7.65443 7.02543
21 -7.47339 8.0429
22 -7.53205 7.67548
23 -7.506 7.81215
24 -7.58152 7.42662
25 -7.67642 6.89336
26 -7.72772 6.59193
27 -7.63544 7.09209
28 -7.63136 7.11294
29 -7.6342 7.13679
30 -7.63677 7.09276
31 -7.64918 7.03805
32 -7.61708 7.2283
33 -7.64169 7.06793
34 -7.68654 6.80766
35 -7.67813 6.86976
36 -7.64139 7.0803
37 -7.59948 7.29868
38 -7.61842 7.19475
39 -7.65796 6.98058
40 -7.67656 6.85146
41 -7.73837 6.51449
42 -7.70002 6.73392
43 -7.5903 7.3542
44 -7.50883 7.85701
45 -7.54947 7.61012
46 -7.63685 7.10783
47 -7.6698 6.92116
48 -7.60479 7.26357
49 -7.64701 7.03302
50 -7.66377 6.93987
51 -7.603 7.26256
52 -7.58016 7.39186
53 -7.61591 7.21145
54 -7.6097 7.25696
55 -7.58096 7.43026
56 -7.65079 7.04233
57 -7.68516 6.85144
58 -7.7777 6.35035
59 -7.77325 6.37146
60 -7.79858 6.2209
61 -7.69047 6.82061
62 -7.7318 6.58505
63 -7.72345 6.62393
64 -7.68945 6.81846
65 -7.70205 6.73196
66 -7.65502 7.00581
67 -7.62131 7.19531
68 -7.60428 7.28954
69 -7.60589 7.28208
70 -7.69576 6.80041
71 -7.65808 6.99025
72 -7.67194 6.92227
73 -7.61871 7.20291
74 -7.56882 7.50618
75 -7.62205 7.20618
76 -7.65691 6.99068
77 -7.57064 7.47235
78 -7.54588 7.57003
79 -7.68166 6.82816
80 -7.78937 6.23752
81 -7.80273 6.15967
82 -7.76307 6.39893
83 -7.71299 6.67142
84 -7.74751 6.477
85 -7.70425 6.72452
86 -7.65296 6.99359
87 -7.59429 7.30435
88 -7.63209 7.0757
89 -7.66365 6.93987
90 -7.61402 7.21732
91 -7.61002 7.259
92 -7.60418 7.27204
93 -7.60056 7.28589
94 -7.61738 7.19643
95 -7.62989 7.10737
96 -7.60817 7.22376
97 -7.59572 7.31538
98 -7.53486 7.63556
99 -7.56497 7.5051
100 -7.5703 7.47676
101 -7.55248 7.56826
102 -7.54707 7.59567
103 -7.5115 7.80022
104 -7.48237 7.96362
105 -7.49845 7.89923
106 -7.50579 7.844
107 -7.4988 7.86173
108 -7.47699 7.98202
109 -7.48899 7.90925
110 -7.51143 7.82515
111 -7.51173 7.81615
112 -7.52751 7.70469
113 -7.54707 7.57868
114 -7.56543 7.47688
115 -7.53525 7.66004
116 -7.56842 7.46094
117 -7.58752 7.35149
118 -7.57019 7.42814
119 -7.50884 7.77126
120 -7.51548 7.73504
121 -7.55143 7.5582
122 -7.45995 8.04074
123 -7.4689 8.00328
124 -7.45695 8.082
125 -7.45913 8.04345
126 -7.50758 7.78439
127 -7.5694 7.43456
128 -7.6335 7.07873
129 -7.59422 7.29299
130 -7.56511 7.48072
131 -7.66434 6.89742
132 -7.5968 7.2983
133 -7.61528 7.20935
134 -7.61687 7.19722
135 -7.61516 7.21724
136 -7.50938 7.79524
137 -7.56354 7.47367
138 -7.6038 7.26227
139 -7.59437 7.30089
140 -7.58058 7.37706
141 -7.54709 7.53365
142 -7.58387 7.33804
143 -7.5811 7.35319
144 -7.53336 7.65089
145 -7.59564 7.28985
146 -7.53458 7.62433
147 -7.46357 8.00653
148 -7.46075 8.05921
149 -7.46086 8.06094
150 -7.53513 7.68094
151 -7.52515 7.72627
152 -7.47488 7.99466
153 -7.46229 8.06996
154 -7.50521 7.81972
155 -7.51831 7.74457
156 -7.54686 7.57919
157 -7.57346 7.46736
158 -7.48348 7.93029
159 -7.53949 7.6082
160 -7.41306 8.35559
161 -7.40697 8.35693
162 -7.47626 7.98823
163 -7.49154 7.88517
164 -7.48027 8.00255
165 -7.55121 7.58181
166 -7.51204 7.7708
167 -7.505 7.81222
168 -7.46487 8.0534
169 -7.45535 8.10697
170 -7.5216 7.70831
171 -7.51088 7.77689
172 -7.52046 7.74191
173 -7.45904 8.0903
174 -7.52712 7.72448
175 -7.52547 7.7356
176 -7.61657 7.23291
177 -7.56127 7.51716
178 -7.51419 7.8096
179 -7.52767 7.68844
180 -7.53353 7.65451
181 -7.5665 7.50853
182 -7.59441 7.32544
183 -7.66794 6.93276
184 -7.66107 6.97312
185 -7.46037 8.05624
186 -7.53106 7.70239
187 -7.49189 7.91448
188 -7.4376 8.23966
189 -7.43966 8.19897
190 -7.44442 8.16923
191 -7.42904 8.2266
192 -7.40918 8.3661
193 -7.42657 8.27111
194 -7.44674 8.17068
195 -7.57462 7.47099
196 -7.52886 7.73982
197 -7.65105 7.03299
198 -7.56233 7.55141
199 -7.65024 7.0574
200 -7.65204 7.05133
201 -7.58397 7.39648
202 -7.63151 7.11941
203 -7.61891 7.22392
204 -7.62414 7.205
205 -7.66105 6.98922
206 -7.68685 6.84146
207 -7.59982 7.30694
208 -7.58828 7.38147
209 -7.53636 7.67627
210 -7.58883 7.38564
211 -7.61952 7.21499
212 -7.67922 6.87597
213 -7.58722 7.37165
214 -7.59181 7.37687
215 -7.49895 7.89166
216 -7.38757 8.47579
217 -7.43817 8.22406
218 -7.51782 7.75298
219 -7.53407 7.64394
220 -7.59314 7.3297
221 -7.61635 7.24952
222 -7.59325 7.34137
223 -7.64302 7.05972
224 -7.59743 7.30765
225 -7.6138 7.25075
226 -7.67211 6.97573
227 -7.67369 6.95303
228 -7.66566 6.98634
229 -7.61238 7.21635
230 -7.65657 6.94967
231 -7.63626 7.07487
232 -7.67114 6.88916
233 -7.65733 6.96238
234 -7.64783 7.0308
235 -7.69856 6.73116
236 -7.68861 6.8043
237 -7.73984 6.54226
238 -7.71088 6.72447
239 -7.66148 6.98844
240 -7.53991 7.69238
241 -7.50133 7.87714
242 -7.63746 7.11711
243 -7.61705 7.23187
244 -7.63432 7.11022
245 -7.61754 7.20475
246 -7.53325 7.66305
247 -7.50575 7.78747
248 -7.43917 8.14076
249 -7.50159 7.84322
250 -7.43365 8.19294
251 -7.48381 7.94313
252 -7.3885 8.47882
253 -7.4688 8.05344
254 -7.55596 7.5913
255 -7.63241 7.16261
256 -7.67465 6.89149
257 -7.6648 6.9586
258 -7.67836 6.89113
259 -7.64892 7.05262
260 -7.65701 7.00533
261 -7.70916 6.72475
262 -7.77473 6.36389
263 -7.7902 6.25269
264 -7.77641 6.33315
265 -7.72463 6.62334
266 -7.67489 6.91963
267 -7.608 7.29369
268 -7.5733 7.46505
269 -7.56252 7.52366
270 -7.62956 7.157
271 -7.59904 7.32475
272 -7.45095 8.17368
273 -7.48756 7.96716
274 -7.50138 7.87028
275 -7.52695 7.6979
276 -7.50092 7.84056
277 -7.47727 7.96566
278 -7.49565 7.86078
279 -7.5265 7.72179
280 -7.40633 8.3837
281 -7.40121 8.40022
282 -7.45065 8.09121
283 -7.49022 7.88274
284 -7.48921 7.90457
285 -7.52506 7.69413
286 -7.67035 6.89651
287 -7.6155 7.21201
288 -7.56708 7.48564
289 -7.50796 7.80137
290 -7.50379 7.884
291 -7.49846 7.87824
292 -7.56014 7.50905
293 -7.64171 7.05685
294 -7.62193 7.17269
295 -7.57686 7.44862
296 -7.55722 7.54579
297 -7.54494 7.62187
298 -7.59832 7.34694
299 -7.59114 7.42425
300 -7.57794 7.45809
301 -7.54488 7.6501
302 -7.53683 7.68656
303 -7.56913 7.50841
304 -7.58334 7.42346
305 -7.45262 8.13432
306 -7.4676 8.0426
307 -7.53 7.69254
308 -7.504 7.83935
309 -7.39391 8.48348
310 -7.34213 8.73368
311 -7.39638 8.45127
312 -7.34838 8.701
313 -7.36937 8.5706
314 -7.44432 8.13733
315 -7.43934 8.17741
316 -7.41671 8.33505
317 -7.49415 7.89032
318 -7.47736 8.00102
319 -7.52974 7.7152
320 -7.55464 7.56706
321 -7.60174 7.3341
322 -7.54118 7.65461
323 -7.55309 7.58219
324 -7.48412 7.97591
325 -7.49601 7.87298
326 -7.48271 7.95633
327 -7.45653 8.11079
328 -7.45576 8.10137
329 -7.48335 7.93997
330 -7.52842 7.67834
331 -7.47448 7.95619
332 -7.54014 7.60507
333 -7.50945 7.77348
334 -7.52192 7.71766
335 -7.51042 7.77648
336 -7.47662 7.96693
337 -7.43243 8.24963
338 -7.43446 8.2021
339 -7.49513 7.87749
340 -7.48842 7.88818
341 -7.52717 7.67693
342 -7.61171 7.2098
343 -7.57679 7.42391
344 -7.68051 6.87048
345 -7.62809 7.16285
346 -7.62548 7.14755
347 -7.64191 7.10561
348 -7.55864 7.54054
349 -7.50137 7.83982
350 -7.61305 7.20711
351 -7.65692 6.96934
352 -7.63815 7.04803
353 -7.62689 7.09042
354 -7.601 7.2347
355 -7.56089 7.48938
356 -7.51991 7.71648
357 -7.54228 7.59784
358 -7.5594 7.47642
359 -7.6256 7.11223
360 -7.6169 7.17432
361 -7.67221 6.86815
362 -7.69433 6.77466
363 -7.58524 7.3915
364 -7.68299 6.83214
365 -7.71614 6.64181
366 -7.72386 6.58477
367 -7.66031 6.961
368 -7.589 7.36278
369 -7.64485 7.0831
370 -7.59129 7.36537
371 -7.51045 7.83727
372 -7.54154 7.66024
373 -7.55243 7.60265
374 -7.56987 7.50954
375 -7.61072 7.29593
376 -7.56763 7.56103
377 -7.61732 7.26678
378 -7.70573 6.77088
379 -7.72534 6.66157
380 -7.72723 6.61304
381 -7.67423 6.9054
382 -7.66057 6.99631
383 -7.70995 6.72821
384 -7.69678 6.80883
385 -7.64513 7.06535
386 -7.7005 6.77509
387 -7.69731 6.77739
388 -7.63642 7.11165
389 -7.60081 7.30565
390 -7.62709 7.1196
391 -7.55512 7.53232
392 -7.55009 7.56356
393 -7.49838 7.85227
394 -7.44709 8.1435
395 -7.4576 8.10226
396 -7.41058 8.34569
397 -7.44808 8.13464
398 -7.51778 7.7494
399 -7.59978 7.28064
400 -7.59566 7.26882
401 -7.55213 7.54099
402 -7.5567 7.4812
403 -7.51669 7.71152
404 -7.50209 7.79267
405 -7.51257 7.74073
406 -7.55788 7.51276
407 -7.60109 7.27813
408 -7.59587 7.31038
409 -7.54143 7.58302
410 -7.54636 7.57814
411 -7.60528 7.28166
412 -7.62148 7.16401
413 -7.60005 7.3126
414 -7.61873 7.18006
415 -7.59815 7.29076
416 -7.60406 7.25986
417 -7.60875 7.24618
418 -7.55486 7.55829
419 -7.59001 7.37236
420 -7.54916 7.60321
421 -7.57674 7.47591
422 -7.63269 7.13905
423 -7.74435 6.52333
424 -7.62659 7.14858
425 -7.57415 7.43812
426 -7.64684 7.02817
427 -7.5786 7.394
428 -7.47659 7.94195
429 -7.50628 7.77532
430 -7.494 7.8535
431 -7.52056 7.70899
432 -7.52184 7.72989
433 -7.48902 7.91033
434 -7.48274 7.93342
435 -7.41164 8.35303
436 -7.52811 7.69534
437 -7.53348 7.6465
438 -7.45361 8.07424
439 -7.43842 8.17659
440 -7.43376 8.18146
441 -7.42991 8.19536
442 -7.47665 7.95084
443 -7.51575 7.74556
444 -7.60404 7.25066
445 -7.59768 7.27415
446 -7.5597 7.49348
447 -7.57066 7.42853
448 -7.50926 7.76652
449 -7.55296 7.51059
450 -7.52169 7.72521
451 -7.52222 7.69081
452 -7.50263 7.82203
453 -7.50718 7.80542
454 -7.46163 8.0579
455 -7.44379 8.17842
456 -7.44393 8.16914
457 -7.46522 8.05138
458 -7.47441 7.97628
459 -7.3629 8.59985
460 -7.43728 8.19106
461 -7.45935 8.07505
462 -7.43874 8.19832
463 -7.47597 7.99016
464 -7.49819 7.84273
465 -7.54428 7.57143
466 -7.57428 7.40237
467 -7.61119 7.24293
468 -7.63033 7.11712
469 -7.67726 6.8437
470 -7.70712 6.67813
471 -7.7663 6.35519
472 -7.69165 6.7397
473 -7.66367 6.90069
474 -7.57971 7.39051
475 -7.56322 7.49609
476 -7.62056 7.17551
477 -7.60327 7.2423
478 -7.55342 7.52394
479 -7.59371 7.29276
480 -7.60147 7.26382
481 -7.50877 7.77401
482 -7.4911 7.88238
483 -7.54559 7.63904
484 -7.56923 7.52597
485 -7.54431 7.66018
486 -7.58038 7.44657
487 -7.64018 7.10263
488 -7.52292 7.7304
489 -7.53962 7.61178
490 -7.52248 7.715
491 -7.52982 7.64485
492 -7.5657 7.47294
493 -7.50723 7.80383
494 -7.48604 7.93028
495 -7.48404 7.93494
496 -7.54305 7.65844
497 -7.54668 7.65478
498 -7.62222 7.20148
499 -7.64863 7.01805
500 -7.6659 6.92715
501 -7.61013 7.24729
502 -7.59146 7.37089
503 -7.62797 7.13037
504 -7.74842 6.47788
505 -7.67157 6.92409
506 -7.72041 6.64589
507 -7.73335 6.57436
508 -7.68786 6.83789
509 -7.7177 6.65135
510 -7.68752 6.79865
511 -7.74659 6.48773
512 -7.73461 6.56895
513 -7.65068 7.04332
514 -7.64265 7.08749
515 -7.66016 6.95336
516 -7.60427 7.26249
517 -7.67185 6.8996
518 -7.57324 7.41489
519 -7.66508 6.92235
520 -7.62675 7.14465
521 -7.67686 6.82942
522 -7.64472 7.02094
523 -7.57518 7.41208
524 -7.56356 7.49802
525 -7.60247 7.29353
526 -7.57678 7.4519
527 -7.58753 7.38
528 -7.61998 7.18117
529 -7.68559 6.82817
530 -7.70738 6.69665
531 -7.72718 6.60447
532 -7.68519 6.83259
533 -7.66561 6.92596
534 -7.55583 7.53072
535 -7.5931 7.33026
536 -7.60329 7.29016
537 -7.57472 7.45672
538 -7.67653 6.86252
539 -7.65537 7.00153
540 -7.66115 6.97697
541 -7.67847 6.88628
542 -7.65048 7.05695
543 -7.61325 7.21379
544 -7.63649 7.0856
545 -7.61725 7.2056
546 -7.70366 6.7122
547 -7.67661 6.82406
548 -7.6894 6.80928
549 -7.63796 7.0834
550 -7.5983 7.27589
551 -7.57714 7.40157
552 -7.60487 7.26418
553 -7.5034 7.81945
554 -7.43673 8.18252
555 -7.41757 8.30299
556 -7.4595 8.07258
557 -7.44972 8.13985
558 -7.52047 7.72753
559 -7.63016 7.1345
560 -7.55045 7.60096
561 -7.55055 7.59282
562 -7.51307 7.79053
563 -7.57641 7.42856
564 -7.56621 7.44462
565 -7.50368 7.78373
566 -7.51188 7.76526
567 -7.51203 7.7896
568 -7.45043 8.0964
569 -7.4854 7.93514
570 -7.4845 7.98419
571 -7.49022 7.94977
572 -7.52542 7.71961
573 -7.5345 7.6721
574 -7.50844 7.84064
575 -7.48225 7.92711
576 -7.48837 7.89541
577 -7.41924 8.28268
578 -7.45587 8.0914
579 -7.48929 7.9114
580 -7.48763 7.90627
581 -7.45169 8.10638
582 -7.43091 8.22807
583 -7.38316 8.52272
584 -7.50271 7.86332
585 -7.55998 7.52782
586 -7.54186 7.60331
587 -7.48946 7.9257
588 -7.45639 8.07763
589 -7.39198 8.43516
590 -7.44803 8.13403
591 -7.50365 7.83642
592 -7.51416 7.76751
593 -7.52114 7.7121
594 -7.60171 7.27071
595 -7.58655 7.38077
596 -7.60062 7.35132
597 -7.65253 7.03441
598 -7.61243 7.24726
599 -7.678 6.86594
600 -7.66433 6.93324
601 -7.688 6.81691
602 -7.66483 6.92251
603 -7.6241 7.16494
604 -7.5936 7.32168
605 -7.58985 7.34381
606 -7.59806 7.30214
607 -7.58704 7.37228
608 -7.61097 7.2401
609 -7.61962 7.18751
610 -7.58831 7.36986
611 -7.61581 7.20789
612 -7.61247 7.2351
613 -7.66084 6.99183
614 -7.71029 6.67921
615 -7.67041 6.94237
616 -7.63595 7.13976
617 -7.65759 7.0083
618 -7.62749 7.19768
619 -7.62034 7.24097
620 -7.72659 6.62388
621 -7.71906 6.6521
622 -7.69483 6.78126
623 -7.64664 7.04051
624 -7.66401 6.95272
625 -7.61595 7.19744
626 -7.66985 6.86667
627 -7.66894 6.88856
628 -7.62304 7.14647
629 -7.57221 7.43672
630 -7.53513 7.64467
631 -7.57432 7.43147
632 -7.62534 7.16764
633 -7.49606 7.88936
634 -7.57975 7.43487
635 -7.66089 6.96143
636 -7.63338 7.0868
637 -7.6731 6.88755
638 -7.69931 6.78959
639 -7.72928 6.62932
640 -7.68029 6.87361
641 -7.65467 7.02617
642 -7.56704 7.50052
643 -7.49558 7.9064
644 -7.50685 7.8395
645 -7.53249 7.70018
646 -7.57327 7.4806
647 -7.58373 7.4346
648 -7.55116 7.58412
649 -7.5734 7.4852
650 -7.54711 7.64342
651 -7.54404 7.64113
652 -7.58796 7.38162
653 -7.55654 7.56345
654 -7.53243 7.70691
655 -7.50757 7.84012
656 -7.58385 7.39609
657 -7.58981 7.35124
658 -7.53387 7.68174
659 -7.60799 7.22272
660 -7.62142 7.16139
661 -7.58918 7.3495
662 -7.61099 7.23162
663 -7.66355 6.93217
664 -7.70918 6.69036
665 -7.7111 6.65068
666 -7.63519 7.07865
667 -7.54875 7.53797
668 -7.52526 7.66439
669 -7.57868 7.40718
670 -7.52773 7.69195
671 -7.55506 7.52338
672 -7.55704 7.53257
673 -7.60101 7.28132
674 -7.58448 7.35821
675 -7.67252 6.87233
676 -7.65119 6.98231
677 -7.67309 6.90024
678 -7.66526 6.90987
679 -7.75485 6.42137
680 -7.75851 6.38359
681 -7.68199 6.80662
682 -7.67706 6.87836
683 -7.72559 6.59974
684 -7.76234 6.37577
685 -7.78004 6.27182
686 -7.71475 6.65163
687 -7.7706 6.35413
688 -7.72115 6.60879
689 -7.64603 7.0295
690 -7.61273 7.2136
691 -7.58859 7.38426
692 -7.591 7.35848
693 -7.59436 7.34302
694 -7.5534 7.54211
695 -7.44117 8.16437
696 -7.51245 7.76032
697 -7.55799 7.49042
698 -7.48099 7.92203
699 -7.50793 7.78001
700 -7.54204 7.58805
701 -7.58482 7.39443
702 -7.53522 7.65583
703 -7.50608 7.8071
704 -7.50619 7.79713
705 -7.52777 7.67331
706 -7.53352 7.64702
707 -7.51681 7.76361
708 -7.50308 7.82823
709 -7.46332 8.04063
710 -7.46855 8.00403
711 -7.53479 7.65681
712 -7.53084 7.68477
713 -7.51018 7.82112
714 -7.44975 8.15083
715 -7.43973 8.19645
716 -7.47094 8.04532
717 -7.50339 7.84145
718 -7.48183 7.95006
719 -7.47862 7.97073
720 -7.55496 7.5461
721 -7.49198 7.86163
722 -7.50533 7.78712
723 -7.50351 7.84103
724 -7.52358 7.72627
725 -7.49552 7.8929
726 -7.48878 7.95638
727 -7.49291 7.93789
728 -7.48808 7.95479
729 -7.5599 7.50162
730 -7.60588 7.24785
731 -7.48231 7.95833
732 -7.56103 7.51413
733 -7.54585 7.59779
734 -7.55632 7.58202
735 -7.5446 7.60155
736 -7.48265 7.93498
737 -7.47139 7.97483
738 -7.50274 7.80044
739 -7.51123 7.77353
740 -7.46208 8.06183
741 -7.4377 8.21073
742 -7.48394 7.97727
743 -7.57874 7.4333
744 -7.5003 7.88475
745 -7.52756 7.70691
746 -7.51971 7.70958
747 -7.55898 7.51877
748 -7.59317 7.30814
749 -7.57444 7.41726
750 -7.49425 7.82198
751 -7.52493 7.68964
752 -7.44288 8.1389
753 -7.40954 8.34593
754 -7.38564 8.46865
755 -7.50479 7.83532
756 -7.51213 7.76162
757 -7.49726 7.8476
758 -7.43254 8.22708
759 -7.49674 7.89536
760 -7.50472 7.78937
761 -7.52531 7.64566
762 -7.55432 7.47752
763 -7.58624 7.3316
764 -7.62249 7.13434
765 -7.6531 6.97612
766 -7.59657 7.28414
767 -7.59388 7.28995
768 -7.54993 7.53767
769 -7.48753 7.87115
770 -7.52149 7.70011
771 -7.62209 7.1356
772 -7.64715 7.00997
773 -7.66897 6.90005
774 -7.71133 6.67791
775 -7.7816 6.27977
776 -7.71358 6.68253
777 -7.73725 6.54357
778 -7.72686 6.61884
779 -7.65129 7.00911
780 -7.60738 7.25287
781 -7.58442 7.39845
782 -7.56391 7.48681
783 -7.57937 7.42239
784 -7.61592 7.23029
785 -7.65657 6.95882
786 -7.62289 7.15081
787 -7.60573 7.2661
788 -7.59268 7.32241
789 -7.60424 7.24745
790 -7.62333 7.13575
791 -7.59727 7.29751
792 -7.63374 7.09485
793 -7.69218 6.77896
794 -7.69918 6.75565
795 -7.70376 6.7008
796 -7.74229 6.48739
797 -7.69952 6.73703
798 -7.63938 7.08951
799 -7.56562 7.50054
800 -7.53771 7.66262
801 -7.54953 7.59224
802 -7.4891 7.93736
803 -7.52966 7.69817
804 -7.57761 7.40414
805 -7.6331 7.10129
806 -7.55064 7.57781
807 -7.55312 7.56362
808 -7.58521 7.37586
809 -7.54092 7.61832
810 -7.5236 7.71632
811 -7.52667 7.68431
812 -7.49328 7.85295
813 -7.52948 7.68394
814 -7.45666 8.08677
815 -7.52242 7.71471
816 -7.62148 7.16948
817 -7.65172 7.00253
818 -7.64513 7.02896
819 -7.66225 6.92098
820 -7.65558 6.99102
821 -7.57509 7.44768
822 -7.58347 7.40664
823 -7.58353 7.43499
824 -7.55507 7.59895
825 -7.52496 7.77418
826 -7.47869 8.02661
827 -7.44386 8.19872
828 -7.51655 7.79924
829 -7.41016 8.35467
830 -7.42128 8.29279
831 -7.4601 8.05457
832 -7.46392 8.03949
833 -7.42538 8.25813
834 -7.37285 8.54519
835 -7.40496 8.41927
836 -7.40041 8.45947
837 -7.36779 8.60081
838 -7.37136 8.54217
839 -7.39333 8.43717
840 -7.40378 8.37337
841 -7.3789 8.53726
842 -7.42075 8.28958
843 -7.48188 7.93299
844 -7.45453 8.057
845 -7.41443 8.28829
846 -7.43609 8.15297
847 -7.44882 8.09425
848 -7.55043 7.55155
849 -7.51532 7.75479
850 -7.52418 7.73119
851 -7.49546 7.89979
852 -7.49443 7.8463
853 -7.51163 7.7659
854 -7.40564 8.31401
855 -7.45057 8.07497
856 -7.42085 8.27323
857 -7.53366 7.62132
858 -7.60476 7.25055
859 -7.56228 7.48845
860 -7.59776 7.33237
861 -7.60617 7.29669
862 -7.60117 7.30267
863 -7.6439 7.05695
864 -7.64709 7.03158
865 -7.66187 6.98537
866 -7.68402 6.86829
867 -7.65516 7.0115
868 -7.64815 7.04103
869 -7.6146 7.2452
870 -7.597 7.29857
871 -7.6196 7.18643
872 -7.61237 7.21022
873 -7.61953 7.17435
874 -7.61919 7.18826
875 -7.6347 7.10118
876 -7.66559 6.9374
877 -7.65302 7.04135
878 -7.62837 7.17156
879 -7.54355 7.65015
880 -7.5616 7.5411
881 -7.55505 7.56944
882 -7.53908 7.66196
883 -7.53154 7.72328
884 -7.51587 7.79221
885 -7.46046 8.09511
886 -7.44879 8.11512
887 -7.48109 7.99357
888 -7.4796 8.0277
889 -7.52544 7.73952
890 -7.55003 7.57553
891 -7.54591 7.61727
892 -7.51146 7.81997
893 -7.44254 8.18937
894 -7.45595 8.09832
895 -7.4702 8.03435
896 -7.5029 7.8433
897 -7.46081 8.09598
898 -7.48781 7.9538
899 -7.55803 7.56067
900 -7.53334 7.73948
901 -7.53854 7.67894
902 -7.49966 7.86999
903 -7.56983 7.48297
904 -7.64146 7.06536
905 -7.62824 7.13686
906 -7.68862 6.8149
907 -7.66609 6.96378
908 -7.6386 7.12916
909 -7.73457 6.57634
910 -7.63594 7.14713
911 -7.60187 7.31781
912 -7.59649 7.36274
913 -7.52434 7.7907
914 -7.58913 7.39175
915 -7.67106 6.90646
916 -7.62933 7.12813
917 -7.57001 7.47481
918 -7.44054 8.18274
919 -7.33181 8.78957
920 -7.36836 8.60324
921 -7.34056 8.7433
922 -7.36432 8.62022
923 -7.38784 8.50489
924 -7.47215 8.04483
925 -7.46274 8.07263
926 -7.52004 7.75027
927 -7.57114 7.48895
928 -7.61463 7.22931
929 -7.60989 7.26357
930 -7.62049 7.17
931 -7.58889 7.33992
932 -7.55568 7.52187
933 -7.51975 7.74638
934 -7.51721 7.76463
935 -7.53877 7.64073
936 -7.59911 7.29711
937 -7.53518 7.65564
938 -7.56767 7.43208
939 -7.53739 7.58147
940 -7.55577 7.51392
941 -7.60463 7.23787
942 -7.52232 7.71402
943 -7.47202 7.97734
944 -7.58294 7.33017
945 -7.66149 6.91865
946 -7.61092 7.18816
947 -7.61954 7.16013
948 -7.5449 7.59562
949 -7.58875 7.36028
950 -7.62049 7.19957
951 -7.54895 7.57722
952 -7.53528 7.71106
953 -7.57831 7.45009
954 -7.4864 7.95203
955 -7.4994 7.87818
956 -7.43928 8.19825
957 -7.45887 8.11119
958 -7.52528 7.75787
959 -7.50465 7.87803
960 -7.44263 8.21554
961 -7.49062 7.97009
962 -7.42159 8.36944
963 -7.45158 8.16711
964 -7.45298 8.10357
965 -7.43556 8.21454
966 -7.42428 8.28987
967 -7.49986 7.89201
968 -7.49007 7.94815
969 -7.45222 8.14301
970 -7.47632 7.99367
971 -7.50849 7.80106
972 -7.58821 7.37034
973 -7.58614 7.39034
974 -7.55234 7.59393
975 -7.57927 7.42627
976 -7.57486 7.41817
977 -7.63817 7.10232
978 -7.66423 6.94707
979 -7.68169 6.83954
980 -7.56561 7.49659
981 -7.56093 7.53629
982 -7.58532 7.36483
983 -7.57394 7.4358
984 -7.51815 7.74587
985 -7.53657 7.65863
986 -7.55349 7.59104
987 -7.5341 7.68728
988 -7.44063 8.19076
989 -7.43965 8.19127
990 -7.45658 8.07223
991 -7.52624 7.73467
992 -7.51342 7.78577
993 -7.51043 7.80496
994 -7.51514 7.71799
995 -7.54609 7.54261
996 -7.59594 7.29588
997 -7.61453 7.19271
998 -7.5583 7.5099
999 -7.54355 7.60023
1000 -7.58026 7.41084
1001 -7.55165 7.56295
1002 -7.59877 7.29162
1003 -7.61962 7.19971
1004 -7.6062 7.25615
1005 -7.62583 7.14056
1006 -7.61832 7.16444
1007 -7.64338 7.06254
1008 -7.76151 6.36546
1009 -7.77807 6.2954
1010 -7.74692 6.4664
1011 -7.6646 6.93919
1012 -7.68023 6.85524
1013 -7.65948 6.93385
1014 -7.60824 7.2353
1015 -7.54638 7.61846
1016 -7.57634 7.44133
1017 -7.52729 7.71645
1018 -7.52998 7.7211
1019 -7.60335 7.30448
1020 -7.57323 7.44205
1021 -7.49798 7.89423
1022 -7.5497 7.6079
1023 -7.50004 7.89629
1024 -7.49464 7.91279
1025 -7.55054 7.57236
1026 -7.57698 7.4094
1027 -7.52176 7.71702
1028 -7.46224 8.07256
1029 -7.47594 7.94577
1030 -7.47902 7.89754
1031 -7.4864 7.89275
1032 -7.45024 8.09573
1033 -7.46291 8.03415
1034 -7.45454 8.07906
1035 -7.47425 7.99528
1036 -7.55189 7.59527
1037 -7.54085 7.61811
1038 -7.5124 7.78455
1039 -7.4893 7.91799
1040 -7.52601 7.72355
1041 -7.49546 7.85531
1042 -7.49743 7.88202
1043 -7.46433 8.06994
1044 -7.47968 7.99248
1045 -7.52982 7.6928
1046 -7.56753 7.47615
1047 -7.54627 7.60526
1048 -7.53263 7.69133
1049 -7.57822 7.45241
1050 -7.5987 7.34781
1051 -7.5674 7.49285
1052 -7.59308 7.33474
1053 -7.59389 7.28725
1054 -7.62077 7.15835
1055 -7.59464 7.31892
1056 -7.67657 6.88416
1057 -7.58113 7.4154
1058 -7.52669 7.67519
1059 -7.47073 8.01335
1060 -7.4543 8.10243
1061 -7.51147 7.80354
1062 -7.53991 7.6589
1063 -7.54864 7.58263
1064 -7.56266 7.5207
1065 -7.61703 7.22593
1066 -7.58014 7.42996
1067 -7.51133 7.83319
1068 -7.53511 7.68809
1069 -7.46206 8.10299
1070 -7.45204 8.16884
1071 -7.39269 8.4564
1072 -7.40975 8.40474
1073 -7.38989 8.51815
1074 -7.36342 8.6616
1075 -7.40446 8.38128
1076 -7.34805 8.69903
1077 -7.44265 8.12093
1078 -7.46608 8.0364
1079 -7.43843 8.17766
1080 -7.30311 8.9086
1081 -7.34744 8.65792
1082 -7.33593 8.68508
1083 -7.36643 8.52564
1084 -7.43485 8.14959
1085 -7.43886 8.19503
1086 -7.50707 7.79727
1087 -7.49344 7.90929
1088 -7.44108 8.19648
1089 -7.4479 8.14103
1090 -7.43005 8.25083
1091 -7.43156 8.23717
1092 -7.36723 8.60552
1093 -7.4569 8.09947
1094 -7.49506 7.86816
1095 -7.46872 8.03981
1096 -7.49301 7.91093
1097 -7.54451 7.59212
1098 -7.56141 7.52463
1099 -7.43316 8.24861
1100 -7.36389 8.6345
1101 -7.35163 8.67209
1102 -7.37159 8.54534
1103 -7.45123 8.0963
1104 -7.39557 8.40756
1105 -7.44813 8.15003
1106 -7.39741 8.41624
1107 -7.47786 7.9712
1108 -7.45894 8.07685
1109 -7.40461 8.3878
1110 -7.4138 8.36068
1111 -7.45865 8.09179
1112 -7.447 8.12664
1113 -7.4339 8.14799
1114 -7.46491 7.99989
1115 -7.52039 7.71872
1116 -7.49317 7.87148
1117 -7.45444 8.09478
1118 -7.46794 8.03821
1119 -7.5336 7.64592
1120 -7.48407 7.92478
1121 -7.5106 7.76412
1122 -7.54757 7.54843
1123 -7.55825 7.49909
1124 -7.5021 7.82158
1125 -7.53888 7.63214
1126 -7.52412 7.7339
1127 -7.47856 7.99789
1128 -7.4815 7.98432
1129 -7.51181 7.7978
1130 -7.55331 7.55028
1131 -7.6048 7.26106
1132 -7.55757 7.50632
1133 -7.48846 7.9021
1134 -7.40125 8.35945
1135 -7.49923 7.83054
1136 -7.51692 7.77577
1137 -7.48925 7.93924
1138 -7.54556 7.60566
1139 -7.56314 7.48734
1140 -7.59549 7.29164
1141 -7.63768 7.10068
1142 -7.71588 6.65051
1143 -7.6611 6.99496
1144 -7.6898 6.81992
1145 -7.66495 6.96351
1146 -7.7058 6.73526
1147 -7.65067 7.03558
1148 -7.64762 7.05385
1149 -7.63449 7.12961
1150 -7.60165 7.30714
1151 -7.58833 7.38958
1152 -7.57719 7.40607
1153 -7.55775 7.51765
1154 -7.55226 7.56826
1155 -7.5428 7.62543
1156 -7.58691 7.39282
1157 -7.62635 7.13438
1158 -7.54734 7.61735
1159 -7.51995 7.79448
1160 -7.50283 7.90076
1161 -7.52917 7.73885
1162 -7.54802 7.65207
1163 -7.51757 7.77495
1164 -7.56046 7.50809
1165 -7.57372 7.45915
1166 -7.54929 7.56951
1167 -7.54965 7.55295
1168 -7.56579 7.4723
1169 -7.59649 7.31761
1170 -7.61296 7.21627
1171 -7.6182 7.19136
1172 -7.62556 7.11808
1173 -7.66676 6.89361
1174 -7.66189 6.95257
1175 -7.55464 7.56142
1176 -7.54936 7.58358
1177 -7.6439 7.04578
1178 -7.6355 7.09449
1179 -7.65405 7.00568
1180 -7.58503 7.39579
1181 -7.47962 7.94428
1182 -7.44142 8.15855
1183 -7.5679 7.47036
1184 -7.49703 7.84533
1185 -7.40267 8.41406
1186 -7.47247 7.99074
1187 -7.51747 7.73479
1188 -7.53348 7.6523
1189 -7.5454 7.59122
1190 -7.58801 7.34683
1191 -7.53145 7.69171
1192 -7.52651 7.72326
1193 -7.5833 7.3765
1194 -7.50347 7.79341
1195 -7.52567 7.70951
1196 -7.61958 7.18149
1197 -7.69921 6.74047
1198 -7.60485 7.24817
1199 -7.56813 7.43258
1200 -7.54078 7.59182
1201 -7.47869 7.95233
1202 -7.48032 7.92842
1203 -7.46042 8.03872
1204 -7.38645 8.46344
1205 -7.37889 8.49149
1206 -7.43053 8.21079
1207 -7.4597 8.07377
1208 -7.45177 8.09721
1209 -7.45242 8.07837
1210 -7.41901 8.25116
1211 -7.49217 7.83527
1212 -7.53195 7.60068
1213 -7.61677 7.14522
1214 -7.58693 7.294
1215 -7.59591 7.26618
1216 -7.61615 7.19092
1217 -7.59884 7.30213
1218 -7.51892 7.75006
1219 -7.52586 7.73434
1220 -7.59372 7.37253
1221 -7.61714 7.22364
1222 -7.60997 7.22563
1223 -7.62992 7.15189
1224 -7.62894 7.18304
1225 -7.61702 7.24437
1226 -7.61586 7.24812
1227 -7.58414 7.39415
1228 -7.54092 7.62657
1229 -7.49549 7.89843
1230 -7.45589 8.08301
1231 -7.51022 7.78357
1232 -7.52993 7.65181
1233 -7.5549 7.5385
1234 -7.49606 7.86951
1235 -7.4802 7.94534
1236 -7.45079 8.05197
1237 -7.43099 8.17831
1238 -7.38268 8.47855
1239 -7.48712 7.93667
1240 -7.48522 7.93997
1241 -7.47873 7.95884
1242 -7.45718 8.08209
1243 -7.5429 7.57624
1244 -7.54211 7.60483
1245 -7.56019 7.4994
1246 -7.53148 7.6578
1247 -7.47384 7.97229
1248 -7.50963 7.75089
1249 -7.51872 7.68012
1250 -7.58195 7.36195
1251 -7.56876 7.46512
1252 -7.58959 7.31656
1253 -7.66467 6.8921
1254 -7.56578 7.44896
1255 -7.59268 7.33512
1256 -7.61955 7.19631
1257 -7.53379 7.68809
1258 -7.50593 7.8418
1259 -7.5112 7.75884
1260 -7.52208 7.7127
1261 -7.4762 7.9702
1262 -7.50729 7.83114
1263 -7.50562 7.79713
1264 -7.50968 7.82073
1265 -7.43596 8.21885
1266 -7.45738 8.10044
1267 -7.48114 7.98763
1268 -7.54463 7.62171
1269 -7.57723 7.43668
1270 -7.57096 7.51395
1271 -7.57112 7.50579
1272 -7.58278 7.41894
1273 -7.54094 7.67251
1274 -7.57 7.5038
1275 -7.61025 7.26057
1276 -7.53792 7.67667
1277 -7.51517 7.80897
1278 -7.49452 7.9609
1279 -7.55712 7.5668
1280 -7.50622 7.87085
1281 -7.44369 8.18499
1282 -7.45713 8.0885
1283 -7.49192 7.92374
1284 -7.50425 7.87065
1285 -7.44263 8.24519
1286 -7.51303 7.80506
1287 -7.45884 8.11004
1288 -7.39473 8.4372
1289 -7.55164 7.56678
1290 -7.56086 7.51633
1291 -7.50634 7.8338
1292 -7.46767 8.05309
1293 -7.47678 8.01625
1294 -7.36346 8.66041
1295 -7.39421 8.48062
1296 -7.45058 8.16409
1297 -7.47893 7.98773
1298 -7.49803 7.90019
1299 -7.45751 8.15126
1300 -7.47962 8.03519
1301 -7.53167 7.7473
1302 -7.50828 7.86303
1303 -7.5336 7.70301
1304 -7.48385 7.9856
1305 -7.45283 8.17888
1306 -7.44539 8.21698
1307 -7.48572 7.98662
1308 -7.51937 7.78154
1309 -7.48647 7.97565
1310 -7.42424 8.32468
1311 -7.4301 8.28595
1312 -7.38288 8.51781
1313 -7.45204 8.08708
1314 -7.4012 8.36936
1315 -7.37463 8.50424
1316 -7.4177 8.249
1317 -7.43092 8.16426
1318 -7.48302 7.89596
1319 -7.49176 7.86278
1320 -7.57233 7.41046
1321 -7.55421 7.54234
1322 -7.54256 7.62848
1323 -7.56675 7.50185
1324 -7.58814 7.3453
1325 -7.63139 7.13193
1326 -7.63927 7.06282
1327 -7.55346 7.56051
1328 -7.51744 7.73396
1329 -7.56677 7.51066
1330 -7.58786 7.38103
1331 -7.69214 6.79553
1332 -7.62819 7.12951
1333 -7.58325 7.39325
1334 -7.58343 7.37589
1335 -7.54728 7.59344
1336 -7.52405 7.70147
1337 -7.49752 7.81372
1338 -7.54219 7.59189
1339 -7.54803 7.53292
1340 -7.6427 7.02079
1341 -7.67413 6.86181
1342 -7.68203 6.84368
1343 -7.72906 6.56243
1344 -7.68085 6.82782
1345 -7.66762 6.92458
1346 -7.66123 6.95422
1347 -7.69343 6.77066
1348 -7.63159 7.12917
1349 -7.56271 7.48289
1350 -7.65293 7.0103
1351 -7.6519 7.01684
1352 -7.5681 7.47603
1353 -7.5609 7.51647
1354 -7.60064 7.29524
1355 -7.64996 7.0058
1356 -7.65477 7.02671
1357 -7.56274 7.54606
1358 -7.61195 7.24748
1359 -7.55875 7.54998
1360 -7.52047 7.76393
1361 -7.49883 7.88567
1362 -7.47597 7.95844
1363 -7.58374 7.35557
1364 -7.53888 7.61099
1365 -7.52649 7.65916
1366 -7.52543 7.65394
1367 -7.56582 7.4534
1368 -7.5461 7.57034
1369 -7.52745 7.65694
1370 -7.53329 7.6299
1371 -7.5222 7.68348
1372 -7.50457 7.81547
1373 -7.54894 7.54772
1374 -7.51168 7.77255
1375 -7.5077 7.76603
1376 -7.46723 7.99063
1377 -7.50777 7.77792
1378 -7.52303 7.68566
1379 -7.49625 7.86703
1380 -7.53956 7.60111
1381 -7.54137 7.6001
1382 -7.55304 7.53413
1383 -7.53826 7.61426
1384 -7.53004 7.6751
1385 -7.43337 8.22688
1386 -7.47784 7.96941
1387 -7.46595 8.0148
1388 -7.48885 7.87975
1389 -7.41871 8.2555
1390 -7.42371 8.20049
1391 -7.39994 8.33953
1392 -7.39226 8.38747
1393 -7.47754 7.92055
1394 -7.54251 7.56849
1395 -7.52159 7.72395
1396 -7.4577 8.1123
1397 -7.41598 8.31833
1398 -7.44086 8.18069
1399 -7.46812 7.98033
1400 -7.5161 7.70065
1401 -7.61184 7.15847
1402 -7.58316 7.33864
1403 -7.55369 7.48646
1404 -7.59447 7.26711
1405 -7.55866 7.48182
1406 -7.60167 7.23076
1407 -7.50327 7.80363
1408 -7.46334 7.9963
1409 -7.53545 7.61399
1410 -7.54459 7.5686
1411 -7.4574 8.06786
1412 -7.49116 7.89406
1413 -7.50904 7.79605
1414 -7.47566 7.97933
1415 -7.52165 7.71804
1416 -7.4609 8.07125
1417 -7.55552 7.53888
1418 -7.61353 7.2119
1419 -7.60081 7.27983
1420 -7.65517 6.99117
1421 -7.62101 7.15467
1422 -7.52836 7.68423
1423 -7.5488 7.57127
1424 -7.52741 7.68332
1425 -7.46585 8.01589
1426 -7.54354 7.60026
1427 -7.47542 7.97509
1428 -7.44915 8.13856
1429 -7.41105 8.33032
1430 -7.45041 8.11161
1431 -7.46319 8.03941
1432 -7.45998 8.08616
1433 -7.54258 7.60044
1434 -7.56295 7.4784
1435 -7.63023 7.11459
1436 -7.61588 7.19125
1437 -7.5682 7.42965
1438 -7.50759 7.7441
1439 -7.48383 7.84479
1440 -7.52861 7.60206
1441 -7.49614 7.78132
1442 -7.48687 7.85315
1443 -7.49155 7.83186
1444 -7.48579 7.86223
1445 -7.44731 8.08909
1446 -7.41627 8.29312
1447 -7.46592 8.01074
1448 -7.53581 7.60547
1449 -7.53872 7.57849
1450 -7.56328 7.43651
1451 -7.5427 7.54798
1452 -7.52736 7.66638
1453 -7.53717 7.64312
1454 -7.57832 7.4225
1455 -7.52308 7.7325
1456 -7.40711 8.38008
1457 -7.46624 8.05063
1458 -7.52976 7.70797
1459 -7.52713 7.73245
1460 -7.53849 7.65487
1461 -7.55329 7.58078
1462 -7.56338 7.50078
1463 -7.61886 7.18355
1464 -7.60993 7.21245
1465 -7.61689 7.18307
1466 -7.60854 7.22945
1467 -7.64775 7.01552
1468 -7.51683 7.68867
1469 -7.51069 7.72123
1470 -7.45631 8.04447
1471 -7.5416 7.58895
1472 -7.53908 7.61293
1473 -7.50134 7.85203
1474 -7.51965 7.74373
1475 -7.5191 7.73511
1476 -7.57229 7.4666
1477 -7.57102 7.45126
1478 -7.58715 7.36621
1479 -7.56319 7.49765
1480 -7.56919 7.49049
1481 -7.58192 7.44135
1482 -7.50324 7.89291
1483 -7.57426 7.47589
1484 -7.59169 7.37053
1485 -7.60394 7.31228
1486 -7.61002 7.3192
1487 -7.63942 7.1163
1488 -7.62851 7.17447
1489 -7.6238 7.19637
1490 -7.61438 7.23816
1491 -7.63932 7.11006
1492 -7.62455 7.13255
1493 -7.57683 7.39792
1494 -7.61083 7.19239
1495 -7.59975 7.22048
1496 -7.56334 7.44184
1497 -7.52234 7.68607
1498 -7.5733 7.42333
1499 -7.56875 7.44074
1500 -7.55895 7.49091
1501 -7.5387 7.59137
1502 -7.48343 7.87323
1503 -7.47093 7.93916
1504 -7.48491 7.87771
1505 -7.53099 7.63004
1506 -7.47016 7.96451
1507 -7.54715 7.5675
1508 -7.55353 7.55486
1509 -7.54389 7.61225
1510 -7.50525 7.84732
1511 -7.52678 7.71507
1512 -7.52123 7.7602
1513 -7.51897 7.78241
1514 -7.55583 7.544
1515 -7.62696 7.16568
1516 -7.56082 7.49564
1517 -7.53853 7.60566
1518 -7.59759 7.26368
1519 -7.6246 7.12721
1520 -7.6378 7.08366
1521 -7.64588 7.05241
1522 -7.6011 7.31005
1523 -7.61894 7.19042
1524 -7.61252 7.22857
1525 -7.55969 7.52323
1526 -7.59023 7.3724
1527 -7.52048 7.77025
1528 -7.45968 8.10432
1529 -7.50143 7.86241
1530 -7.46899 8.05178
1531 -7.5227 7.72947
1532 -7.5407 7.64301
1533 -7.55201 7.54834
1534 -7.41458 8.2997
1535 -7.44238 8.13728
1536 -7.53438 7.63214
1537 -7.54208 7.63648
1538 -7.59134 7.35168
1539 -7.52889 7.69366
1540 -7.55395 7.53242
1541 -7.44584 8.14604
1542 -7.43383 8.2115
1543 -7.44225 8.13388
1544 -7.44378 8.14869
1545 -7.47285 7.9659
1546 -7.42256 8.27242
1547 -7.45216 8.09564
1548 -7.45106 8.07601
1549 -7.51292 7.74858
1550 -7.55573 7.50127
1551 -7.51312 7.72164
1552 -7.56738 7.4422
1553 -7.53904 7.58477
1554 -7.5417 7.59413
1555 -7.54108 7.5865
1556 -7.48304 7.92788
1557 -7.5053 7.82065
1558 -7.50453 7.82334
1559 -7.51218 7.77983
1560 -7.45582 8.11798
1561 -7.47741 8.03432
1562 -7.44602 8.20313
1563 -7.51936 7.76197
1564 -7.50264 7.85004
1565 -7.56954 7.48255
1566 -7.50024 7.86001
1567 -7.44995 8.16835
1568 -7.38372 8.51618
1569 -7.35569 8.66706
1570 -7.45202 8.14408
1571 -7.5804 7.46425
1572 -7.59795 7.32191
1573 -7.62334 7.1491
1574 -7.62258 7.16666
1575 -7.57472 7.43085
1576 -7.66341 6.93078
1577 -7.62099 7.13789
1578 -7.54594 7.56104
1579 -7.55768 7.51375
1580 -7.51978 7.7661
1581 -7.53964 7.6509
1582 -7.51939 7.73819
1583 -7.55354 7.52371
1584 -7.51387 7.72942
1585 -7.50155 7.79009
1586 -7.49401 7.85719
1587 -7.43759 8.18795
1588 -7.50559 7.78118
1589 -7.58071 7.36555
1590 -7.59128 7.30063
1591 -7.55246 7.54754
1592 -7.65749 6.94961
1593 -7.62474 7.12137
1594 -7.61418 7.13876
1595 -7.64914 6.97545
1596 -7.58128 7.35625
1597 -7.5873 7.31665
1598 -7.56514 7.41934
1599 -7.5458 7.53552
1600 -7.55306 7.49791
1601 -7.52218 7.69739
1602 -7.49901 7.84249
1603 -7.54378 7.59114
1604 -7.58366 7.38453
1605 -7.58795 7.35277
1606 -7.61296 7.20922
1607 -7.59993 7.2759
1608 -7.53773 7.60541
1609 -7.61821 7.17124
1610 -7.55752 7.50582
1611 -7.53783 7.59876
1612 -7.51263 7.74401
1613 -7.46735 8.02447
1614 -7.44716 8.1445
1615 -7.40097 8.40327
1616 -7.4516 8.11289
1617 -7.51608 7.76909
1618 -7.60709 7.2668
1619 -7.63295 7.08945
1620 -7.56085 7.52066
1621 -7.66237 6.94808
1622 -7.63495 7.08818
1623 -7.55121 7.57636
1624 -7.54865 7.55856
1625 -7.5625 7.4855
1626 -7.56931 7.44966
1627 -7.54031 7.61944
1628 -7.51029 7.79085
1629 -7.47013 8.01958
1630 -7.56386 7.48321
1631 -7.54248 7.62478
1632 -7.50216 7.85614
1633 -7.49354 7.8699
1634 -7.49906 7.8593
1635 -7.55574 7.52096
1636 -7.56075 7.47065
1637 -7.55673 7.47352
1638 -7.49171 7.84873
1639 -7.45998 8.00927
1640 -7.5091 7.74432
1641 -7.51999 7.71412
1642 -7.53954 7.61101
1643 -7.55532 7.53917
1644 -7.53965 7.60185
1645 -7.57296 7.42696
1646 -7.59596 7.27192
1647 -7.49365 7.85365
1648 -7.46508 8.02309
1649 -7.47153 8.00238
1650 -7.37779 8.52633
1651 -7.48219 7.97344
1652 -7.5551 7.55653
1653 -7.49807 7.86144
1654 -7.5953 7.37883
1655 -7.56013 7.53241
1656 -7.61561 7.2531
1657 -7.54465 7.6422
1658 -7.52288 7.73844
1659 -7.53515 7.67528
1660 -7.45246 8.09649
1661 -7.51945 7.73334
1662 -7.55929 7.54195
1663 -7.51472 7.78509
1664 -7.53588 7.65304
1665 -7.49367 7.8834
1666 -7.53272 7.64033
1667 -7.49858 7.84789
1668 -7.49729 7.87211
1669 -7.46473 8.04644
1670 -7.46909 8.02098
1671 -7.52489 7.71043
1672 -7.57678 7.40564
1673 -7.60136 7.2994
1674 -7.6096 7.25667
1675 -7.59072 7.37078
1676 -7.59537 7.34426
1677 -7.56916 7.5016
1678 -7.59667 7.33659
1679 -7.59891 7.34126
1680 -7.63001 7.15631
1681 -7.60462 7.28006
1682 -7.59408 7.33914
1683 -7.63113 7.11291
1684 -7.55646 7.5036
1685 -7.57272 7.42073
1686 -7.65169 6.99942
1687 -7.58442 7.35109
1688 -7.60427 7.23541
1689 -7.59363 7.31244
1690 -7.61037 7.20502
1691 -7.58935 7.32049
1692 -7.61098 7.23117
1693 -7.57697 7.40686
1694 -7.67926 6.81896
1695 -7.5948 7.31859
1696 -7.47813 7.91889
1697 -7.52046 7.67667
1698 -7.52498 7.66793
1699 -7.50235 7.78751
1700 -7.49748 7.85236
1701 -7.4411 8.14623
1702 -7.46303 8.02505
1703 -7.45485 8.05672
1704 -7.48769 7.91529
1705 -7.47368 7.99393
1706 -7.46542 8.01605
1707 -7.51476 7.76739
1708 -7.56429 7.47486
1709 -7.54837 7.58721
1710 -7.56812 7.47633
1711 -7.45561 8.12698
1712 -7.43511 8.21437
1713 -7.45622 8.07539
1714 -7.4994 7.82783
1715 -7.49282 7.83753
1716 -7.55657 7.52953
1717 -7.51289 7.78016
1718 -7.53212 7.67444
1719 -7.53547 7.64391
1720 -7.53334 7.62511
1721 -7.56995 7.44388
1722 -7.59447 7.29606
1723 -7.55996 7.4903
1724 -7.52102 7.72126
1725 -7.53584 7.61826
1726 -7.52412 7.7091
1727 -7.48713 7.88134
1728 -7.59081 7.29274
1729 -7.58478 7.31437
1730 -7.60162 7.25245
1731 -7.68143 6.82543
1732 -7.67447 6.85906
1733 -7.57833 7.40632
1734 -7.58482 7.35647
1735 -7.60622 7.22423
1736 -7.56054 7.49594
1737 -7.53018 7.65543
1738 -7.4565 8.09758
1739 -7.39848 8.41937
1740 -7.41602 8.32841
1741 -7.45006 8.13786
1742 -7.42032 8.3294
1743 -7.46318 8.05848
1744 -7.43688 8.18318
1745 -7.4254 8.21393
1746 -7.34347 8.70442
1747 -7.39659 8.39454
1748 -7.42334 8.26071
1749 -7.36685 8.59395
1750 -7.36778 8.5332
1751 -7.46236 8.04817
1752 -7.53359 7.64826
1753 -7.49536 7.8653
1754 -7.46081 8.06958
1755 -7.42519 8.28305
1756 -7.42182 8.30199
1757 -7.45528 8.13582
1758 -7.52016 7.77794
1759 -7.44119 8.21454
1760 -7.47519 8.01101
1761 -7.44788 8.19401
1762 -7.52628 7.75756
1763 -7.51445 7.82261
1764 -7.48691 7.96914
1765 -7.52779 7.71985
1766 -7.51774 7.77531
1767 -7.61406 7.23458
1768 -7.57461 7.43933
1769 -7.60119 7.30486
1770 -7.49145 7.87097
1771 -7.59971 7.26763
1772 -7.61607 7.19632
1773 -7.65231 7.00377
1774 -7.56399 7.48759
1775 -7.46396 8.02178
1776 -7.56394 7.47729
1777 -7.48298 7.92072
1778 -7.50799 7.80286
1779 -7.59475 7.31969
1780 -7.57493 7.42638
1781 -7.57249 7.42979
1782 -7.59754 7.26759
1783 -7.58987 7.30711
1784 -7.53804 7.60786
1785 -7.61072 7.20852
1786 -7.60756 7.19352
1787 -7.56091 7.47238
1788 -7.56861 7.42703
1789 -7.56539 7.4428
1790 -7.5506 7.52912
1791 -7.47469 7.91908
1792 -7.47006 7.9594
1793 -7.58275 7.36807
1794 -7.42653 8.25638
1795 -7.36009 8.62065
1796 -7.4091 8.33684
1797 -7.39511 8.42756
1798 -7.48759 7.92056
1799 -7.54972 7.56319
1800 -7.53007 7.62564
1801 -7.59298 7.30241
1802 -7.54757 7.5484
1803 -7.49791 7.82715
1804 -7.55889 7.50712
1805 -7.52672 7.69116
1806 -7.57947 7.42043
1807 -7.53334 7.65717
1808 -7.51399 7.73602
1809 -7.51086 7.75777
1810 -7.51473 7.74824
1811 -7.49514 7.88469
1812 -7.42806 8.23375
1813 -7.31049 8.88031
1814 -7.40675 8.3362
1815 -7.48135 7.92257
1816 -7.46626 8.01314
1817 -7.51329 7.74334
1818 -7.50128 7.80614
1819 -7.55991 7.48549
1820 -7.53797 7.62799
1821 -7.54036 7.60851
1822 -7.53093 7.63499
1823 -7.50195 7.79199
1824 -7.47812 7.90454
1825 -7.45664 8.04029
1826 -7.37755 8.48037
1827 -7.34179 8.64548
1828 -7.31678 8.7856
1829 -7.2502 9.15456
1830 -7.34127 8.65118
1831 -7.28855 8.97412
1832 -7.27313 9.05828
1833 -7.33718 8.72013
1834 -7.40018 8.40122
1835 -7.43258 8.20439
1836 -7.43207 8.17908
1837 -7.49983 7.8026
1838 -7.51247 7.75806
1839 -7.51229 7.76786
1840 -7.53767 7.58575
1841 -7.51075 7.7415
1842 -7.53535 7.59538
1843 -7.50681 7.75665
1844 -7.58411 7.32976
1845 -7.61011 7.15967
1846 -7.58675 7.31466
1847 -7.59433 7.27505
1848 -7.67224 6.85877
1849 -7.65109 6.96975
1850 -7.61078 7.20832
1851 -7.65744 6.95059
1852 -7.63043 7.13586
1853 -7.58509 7.41095
1854 -7.57758 7.41959
1855 -7.51875 7.76461
1856 -7.53624 7.69329
1857 -7.65889 6.97627
1858 -7.55772 7.54561
1859 -7.52609 7.7308
1860 -7.58678 7.3865
1861 -7.60273 7.28895
1862 -7.58805 7.36884
1863 -7.59646 7.35101
1864 -7.64155 7.03943
1865 -7.58697 7.33273
1866 -7.63249 7.10492
1867 -7.6343 7.11322
1868 -7.65986 6.99875
1869 -7.65937 6.98038
1870 -7.6263 7.16321
1871 -7.63937 7.07661
1872 -7.61216 7.23425
1873 -7.56907 7.46564
1874 -7.55926 7.52728
1875 -7.57237 7.44948
1876 -7.63735 7.04312
1877 -7.65009 7.0031
1878 -7.65499 6.96776
1879 -7.67717 6.83599
1880 -7.62512 7.14591
1881 -7.6818 6.851
1882 -7.69075 6.78158
1883 -7.65717 6.97451
1884 -7.6407 7.09319
1885 -7.55079 7.54665
1886 -7.53326 7.61704
1887 -7.50464 7.80858
1888 -7.54926 7.58061
1889 -7.60093 7.30395
1890 -7.68314 6.84171
1891 -7.66038 6.98079
1892 -7.69927 6.75967
1893 -7.66432 6.96721
1894 -7.67561 6.8897
1895 -7.68094 6.86017
1896 -7.63373 7.09888
1897 -7.62527 7.14896
1898 -7.5981 7.29288
1899 -7.58804 7.34597
1900 -7.61539 7.18236
1901 -7.58466 7.35718
1902 -7.57254 7.40563
1903 -7.5268 7.70816
1904 -7.50425 7.83543
1905 -7.49726 7.88158
1906 -7.5729 7.47833
1907 -7.56235 7.52114
1908 -7.56941 7.45947
1909 -7.6128 7.21124
1910 -7.59878 7.29537
1911 -7.67065 6.87851
1912 -7.71037 6.68057
1913 -7.68387 6.81277
1914 -7.71697 6.63987
1915 -7.63776 7.07168
1916 -7.58407 7.36806
1917 -7.56426 7.51506
1918 -7.52807 7.69265
1919 -7.5412 7.592
1920 -7.5111 7.7718
1921 -7.5612 7.45955
1922 -7.53532 7.59781
1923 -7.60333 7.23051
1924 -7.64219 7.04529
1925 -7.63749 7.09644
1926 -7.60844 7.24767
1927 -7.59305 7.319
1928 -7.54577 7.57918
1929 -7.55693 7.53213
1930 -7.50542 7.87561
1931 -7.49153 7.91792
1932 -7.54207 7.6345
1933 -7.63734 7.09943
1934 -7.62396 7.14866
1935 -7.65433 6.99726
1936 -7.62698 7.16053
1937 -7.61659 7.21708
1938 -7.62552 7.14272
1939 -7.62823 7.12881
1940 -7.66299 6.93553
1941 -7.60984 7.2284
1942 -7.58615 7.35186
1943 -7.58219 7.39284
1944 -7.50457 7.79723
1945 -7.46224 8.03563
1946 -7.45361 8.08922
1947 -7.46042 8.02697
1948 -7.47833 7.93467
1949 -7.52189 7.70428
1950 -7.49113 7.84208
1951 -7.3938 8.44559
1952 -7.43673 8.22952
1953 -7.44593 8.17036
1954 -7.49521 7.90865
1955 -7.56942 7.46879
1956 -7.5742 7.39803
1957 -7.53241 7.62241
1958 -7.50827 7.7715
1959 -7.55045 7.56596
1960 -7.60939 7.25547
1961 -7.63491 7.11802
1962 -7.68689 6.84133
1963 -7.62575 7.16524
1964 -7.61238 7.23465
1965 -7.70502 6.73358
1966 -7.63917 7.08979
1967 -7.72092 6.63784
1968 -7.79165 6.2393
1969 -7.75391 6.42785
1970 -7.67457 6.89085
1971 -7.66319 6.95457
1972 -7.529 7.66933
1973 -7.57448 7.43034
1974 -7.63303 7.10114
1975 -7.63868 7.05688
1976 -7.64674 7.02419
1977 -7.64533 7.02936
1978 -7.63777 7.07935
1979 -7.65488 6.98218
1980 -7.63872 7.09303
1981 -7.68822 6.81721
1982 -7.66337 6.95376
1983 -7.67373 6.92623
1984 -7.61818 7.23576
1985 -7.60736 7.31415
1986 -7.5901 7.36591
1987 -7.61205 7.23108
1988 -7.60676 7.23177
1989 -7.54822 7.55711
1990 -7.54081 7.57478
1991 -7.5556 7.48302
1992 -7.54141 7.54814
1993 -7.53105 7.60953
1994 -7.60756 7.19463
1995 -7.64341 7.02875
1996 -7.57519 7.3813
1997 -7.50952 7.76016
1998 -7.57293 7.39519
1999 -7.6199 7.18035
2000 -7.62692 7.16521
