1 13.8509
2 13.4272
3 12.5839
4 12.5839
5 12.074
6 11.356
7 11.6379
8 11.6379
9 11.55
10 11.3307
11 10.7846
12 10.7846
13 10.7846
14 10.1556
15 9.93637
16 9.93637
17 9.64285
18 9.64285
19 9.64285
20 9.71247
21 9.63427
22 9.47771
23 9.47771
24 9.27886
25 9.27886
26 9.27886
27 9.27886
28 9.1645
29 9.1645
30 9.1645
31 9.15212
32 9.15212
33 9.07364
34 9.07364
35 9.07364
36 8.99459
37 8.99459
38 8.99459
39 8.93647
40 8.93647
41 8.93647
42 8.40083
43 8.36527
44 8.36527
45 8.14738
46 8.14738
47 7.94836
48 7.94836
49 7.94836
50 7.94836
51 7.8674
52 7.57566
53 7.56202
54 7.56202
55 7.56202
56 7.51815
57 7.4927
58 7.51815
59 7.34561
60 7.34561
61 7.34561
62 7.34561
63 7.34561
64 7.34561
65 7.34561
66 7.14852
67 7.14852
68 7.04851
69 7.04851
70 7.04851
71 7.04851
72 7.04851
73 7.04851
74 7.04851
75 6.80146
76 6.79627
77 6.79627
78 6.79627
79 6.79627
80 6.71344
81 6.71344
82 6.60099
83 6.60099
84 6.60099
85 6.60099
86 6.60099
87 6.51816
88 6.51816
89 6.51816
90 6.51816
91 6.51816
92 6.51816
93 6.51816
94 6.51816
95 6.26259
96 6.26259
97 6.26259
98 6.08119
99 6.08119
100 6.08119
101 6.08119
102 6.08119
103 6.08119
104 6.08119
105 6.08119
106 6.08119
107 6.08119
108 6.08119
109 6.00648
110 5.95791
111 5.95791
112 5.9155
113 5.9155
114 5.9155
115 5.9155
116 5.9155
117 5.88877
118 5.88877
119 5.88877
120 5.88185
121 5.88185
122 5.85052
123 5.85052
124 5.85052
125 5.85052
126 5.85052
127 5.85052
128 5.85052
129 5.85052
130 5.85052
131 5.85052
132 5.85052
133 5.85052
134 5.85052
135 5.85052
136 5.82135
137 5.82135
138 5.82135
139 5.82135
140 5.82135
141 5.82135
142 5.82135
143 5.82135
144 5.82135
145 5.82135
146 5.82135
147 5.76913
148 5.76913
149 5.76913
150 5.6086
151 5.6086
152 5.6086
153 5.6086
154 5.6086
155 5.6086
156 5.6086
157 5.6086
158 5.6086
159 5.6086
160 5.6086
161 5.6086
162 5.6086
163 5.6086
164 5.6086
165 5.6086
166 5.6086
167 5.6086
168 5.6086
169 5.6086
170 5.6086
171 5.6086
172 5.6086
173 5.6086
174 5.6086
175 5.59326
176 5.59326
177 5.59326
178 5.59326
179 5.59326
180 5.59326
181 5.59326
182 5.59326
183 5.59326
184 5.59326
185 5.59326
186 5.59326
187 5.59326
188 5.58391
189 5.58391
190 5.58391
191 5.58391
192 5.58391
193 5.58391
194 5.58391
195 5.58391
196 5.58391
197 5.58391
198 5.58391
199 5.58391
200 5.58391
201 5.5129
202 5.5129
203 5.5129
204 5.5129
205 5.5129
206 5.5129
207 5.5129
208 5.5129
209 5.5129
210 5.5129
211 5.5129
212 5.5129
213 5.5129
214 5.5129
215 5.5129
216 5.5129
217 5.5129
218 5.5129
219 5.5129
220 5.5129
221 5.5129
222 5.5129
223 5.5129
224 5.5129
225 5.5129
226 5.5129
227 5.5129
228 5.5129
229 5.5129
230 5.5129
231 5.48398
232 5.48398
233 5.48398
234 5.48398
235 5.48398
236 5.48398
237 5.48398
238 5.48398
239 5.48398
240 5.48398
241 5.48398
242 5.48398
243 5.48398
244 5.48398
245 5.48398
246 5.48398
247 5.48398
248 5.48398
249 5.48398
250 5.48398
251 5.48398
252 5.48398
253 5.48398
254 5.48398
255 5.48398
256 5.48398
257 5.48398
258 5.48398
259 5.48398
260 5.48398
261 5.48398
262 5.48398
263 5.48398
264 5.48398
265 5.48398
266 5.48398
267 5.48398
268 5.48398
269 5.34614
270 5.34614
271 5.34614
272 5.34614
273 5.34614
274 5.34614
275 5.34614
276 5.34614
277 5.33559
278 5.33559
279 5.33559
280 5.33559
281 5.33559
282 5.33559
283 5.33559
284 5.33559
285 5.33559
286 5.33559
287 5.33559
288 5.33559
289 5.33559
290 5.33559
291 5.33559
292 5.33559
293 5.33559
294 5.33559
295 5.33559
296 5.33559
297 5.33559
298 5.33559
299 5.33559
300 5.33559
301 5.33559
302 5.33559
303 5.33559
304 5.33559
305 5.33559
306 5.33559
307 5.33559
308 5.33559
309 5.33559
310 5.33559
311 5.33559
312 5.33559
313 5.33559
314 5.33559
315 5.33559
316 5.33559
317 5.33559
318 5.33559
319 5.30761
320 5.30761
321 5.30761
322 5.30761
323 5.30761
324 5.30761
325 5.30761
326 5.30761
327 5.30761
328 5.30761
329 5.27879
330 5.27879
331 5.27879
332 5.27879
333 5.27879
334 5.27879
335 5.1703
336 5.1703
337 5.1703
338 5.1703
339 5.1703
340 5.1703
341 5.1703
342 5.1703
343 5.1703
344 5.1703
345 5.1703
346 5.1703
347 5.1703
348 5.1703
349 5.1703
350 5.1703
351 5.1703
352 5.1703
353 5.1703
354 5.1703
355 5.1703
356 5.1703
357 5.1703
358 5.1703
359 5.1703
360 5.1703
361 5.1703
362 5.1703
363 5.1703
364 5.1703
365 5.1703
366 5.1703
367 5.1703
368 5.1703
369 5.1703
370 5.1703
371 5.1703
372 5.1703
373 5.1703
374 5.1703
375 5.1703
376 5.1703
377 5.1703
378 5.1703
379 5.1703
380 5.1703
381 5.1703
382 5.1703
383 5.1703
384 5.1703
385 5.1703
386 5.1703
387 5.1703
388 5.1703
389 5.1703
390 5.1703
391 5.1703
392 5.1703
393 5.1703
394 5.1703
395 5.1703
396 5.1703
397 5.1703
398 5.1703
399 5.1703
400 5.1703
401 5.1703
402 5.1703
403 5.1703
404 5.1703
405 5.1703
406 5.1703
407 5.1703
408 5.1703
409 5.1703
410 5.1703
411 5.1703
412 5.1703
413 5.1703
414 5.1703
415 5.1703
416 5.1703
417 5.1703
418 5.1703
419 5.1703
420 5.1703
421 5.1703
422 5.1703
423 5.1703
424 5.1703
425 5.1703
426 5.1703
427 5.1703
428 5.1703
429 5.1703
430 5.1703
431 5.1703
432 5.1703
433 5.1703
434 5.1703
435 5.1703
436 5.1703
437 5.1703
438 5.1703
439 5.1703
440 5.1703
441 5.1703
442 5.1703
443 5.1703
444 5.1703
445 5.1703
446 5.1703
447 5.1703
448 5.1703
449 5.1703
450 5.1703
451 5.1703
452 5.1703
453 5.1703
454 5.1703
455 5.1703
456 5.1703
457 5.1703
458 5.1703
459 5.1703
460 5.1703
461 5.1703
462 5.1703
463 5.1703
464 5.1703
465 5.1703
466 5.1703
467 5.1703
468 5.16689
469 5.16689
470 5.16689
471 5.16689
472 5.16689
473 5.16689
474 5.16689
475 5.16689
476 5.16689
477 5.16689
478 5.16689
479 5.16689
480 5.16689
481 5.16689
482 5.16689
483 5.16689
484 5.16689
485 5.16689
486 5.16689
487 5.16689
488 5.16689
489 5.16689
490 5.16689
491 5.16689
492 5.16689
493 5.16689
494 5.16689
495 5.16689
496 5.16689
497 5.16689
498 5.16689
499 5.16689
500 5.16689
501 5.16689
502 5.16689
503 5.16689
504 5.16689
505 5.16689
506 5.16689
507 5.16689
508 5.16689
509 5.16689
510 5.16689
511 5.16689
512 5.16689
513 5.16689
514 5.16689
515 5.16689
516 5.16689
517 5.16689
518 5.16689
519 5.16689
520 5.16689
521 5.16689
522 5.16689
523 5.16689
524 5.16689
525 5.16689
526 5.16689
527 5.16689
528 5.16689
529 5.16689
530 5.16689
531 5.16689
532 5.16689
533 5.16689
534 5.16689
535 5.16689
536 5.16689
537 5.16689
538 5.16689
539 5.16689
540 5.16689
541 5.16689
542 5.16689
543 5.16689
544 5.16689
545 5.16689
546 5.16689
547 5.16689
548 5.16689
549 5.16689
550 5.16689
551 5.16689
552 5.16689
553 5.16689
554 5.16689
555 5.16689
556 5.16689
557 5.16689
558 5.16689
559 5.16689
560 5.16689
561 5.16689
562 5.16689
563 5.16689
564 5.16689
565 5.16689
566 5.16689
567 5.16689
568 5.16689
569 5.16689
570 5.16689
571 5.16689
572 5.16689
573 5.16689
574 5.16689
575 5.16689
576 5.16689
577 5.16689
578 5.16689
579 5.16689
580 5.16689
581 5.16689
582 5.16689
583 5.16689
584 5.16689
585 5.16689
586 5.16689
587 5.16689
588 5.16689
589 5.16689
590 5.16689
591 5.16689
592 5.16689
593 5.16689
594 5.16689
595 5.16689
596 5.16689
597 5.16689
598 5.16689
599 5.16689
600 5.16689
601 5.16689
602 5.16689
603 5.16689
604 5.16689
605 5.16689
606 5.16689
607 5.16689
608 5.16689
609 5.16689
610 5.16689
611 5.16689
612 5.16689
613 5.16689
614 5.16689
615 5.16689
616 5.16689
617 5.16689
618 5.16689
619 5.16689
620 5.16689
621 5.16689
622 5.16689
623 5.16689
624 5.16689
625 5.16689
626 5.16689
627 5.16689
628 5.16689
629 5.16689
630 5.16689
631 5.16689
632 5.16689
633 5.16689
634 5.16689
635 5.16689
636 5.16689
637 5.16689
638 5.16689
639 5.16689
640 5.16689
641 5.16689
642 5.16689
643 5.16689
644 5.16689
645 5.16689
646 5.16689
647 5.16689
648 5.16689
649 5.16689
650 5.16689
651 5.16689
652 5.16689
653 5.16689
654 5.16689
655 5.16689
656 5.16689
657 5.16689
658 5.16689
659 5.16689
660 5.16689
661 5.16689
662 5.16689
663 5.16689
664 5.16689
665 5.16689
666 5.16689
667 5.16689
668 5.16689
669 5.16689
670 5.16689
671 5.16689
672 5.16689
673 5.16689
674 5.16689
675 5.16689
676 5.16689
677 5.16689
678 5.16689
679 5.16689
680 5.16689
681 5.16689
682 5.16689
683 5.16689
684 5.16689
685 5.16689
686 5.16689
687 5.16689
688 5.16689
689 5.16689
690 5.16689
691 5.16689
692 5.16689
693 5.16689
694 5.16689
695 5.16689
696 5.16689
697 5.16689
698 5.16689
699 5.16689
700 5.16689
701 5.16689
702 5.16689
703 5.16689
704 5.16689
705 5.16689
706 5.16689
707 5.16689
708 5.16689
709 5.16689
710 5.16689
711 5.16689
712 5.16689
713 5.16689
714 5.16689
715 5.16689
716 5.16689
717 5.16689
718 5.16689
719 5.16689
720 5.16689
721 5.16689
722 5.16689
723 5.16689
724 5.16689
725 5.16689
726 5.16689
727 5.16689
728 5.16689
729 5.16689
730 5.16689
731 5.16689
732 5.16689
733 5.16689
734 5.16689
735 5.16689
736 5.16689
737 5.16689
738 5.16689
739 5.16689
740 5.16689
741 5.16689
742 5.16689
743 5.16689
744 5.16689
745 5.16689
746 5.16689
747 5.16689
748 5.16689
749 5.16689
750 5.16689
751 5.16689
752 5.16689
753 5.16689
754 5.16689
755 5.16689
756 5.16689
757 5.16689
758 5.16689
759 5.16689
760 5.16689
761 5.16689
762 5.16689
763 5.16689
764 5.16689
765 5.16689
766 5.16689
767 5.16689
768 5.16689
769 5.16689
770 5.16689
771 5.16689
772 5.16689
773 5.16689
774 5.16689
775 5.16689
776 5.16689
777 5.16689
778 5.16689
779 5.16689
780 5.16689
781 5.16689
782 5.16689
783 5.16689
784 5.16689
785 5.16689
786 5.16689
787 5.16689
788 5.16689
789 5.16689
790 5.16689
791 5.16689
792 5.16689
793 5.16689
794 5.16689
795 5.16689
796 5.16689
797 5.16689
798 5.16689
799 5.16689
800 5.16689
801 5.16689
802 5.16689
803 5.16689
804 5.16689
805 5.16689
806 5.16689
807 5.16689
808 5.16689
809 5.16689
810 5.16689
811 5.16689
812 5.16689
813 5.16689
814 5.16689
815 5.16689
816 5.16689
817 5.16689
818 5.16689
819 5.16689
820 5.16689
821 5.16689
822 5.16689
823 5.16689
824 5.16689
825 5.16689
826 5.16689
827 5.16689
828 5.16689
829 5.16689
830 5.16689
831 5.16689
832 5.16689
833 5.16689
834 5.16689
835 5.16689
836 5.16689
837 5.16689
838 5.16689
839 5.16689
840 5.16689
841 5.16689
842 5.16689
843 5.16689
844 5.16689
845 5.16689
846 5.16689
847 5.16689
848 5.16689
849 5.16689
850 5.16689
851 5.16689
852 5.16689
853 5.16689
854 5.16689
855 5.16689
856 5.16689
857 5.16689
858 5.16689
859 5.16689
860 5.16689
861 5.16689
862 5.16689
863 5.16689
864 5.16689
865 5.16689
866 5.16689
867 5.16689
868 5.16689
869 5.16689
870 5.16689
871 5.16689
872 5.16689
873 5.16689
874 5.16689
875 5.16689
876 5.16689
877 5.16689
878 5.16689
879 5.16689
880 5.16689
881 5.16689
882 5.16689
883 5.16689
884 5.16689
885 5.16689
886 5.16689
887 5.16689
888 5.16689
889 5.16689
890 5.16689
891 5.16689
892 5.16689
893 5.16689
894 5.16689
895 5.16689
896 5.16689
897 5.16689
898 5.16689
899 5.16689
900 5.16689
901 5.16689
902 5.16689
903 5.16689
904 5.16689
905 5.16689
906 5.16689
907 5.16689
908 5.16689
909 5.16689
910 5.16689
911 5.16689
912 5.16689
913 5.16689
914 5.16689
915 5.16689
916 5.16689
917 5.16689
918 5.16689
919 5.16689
920 5.16689
921 5.16689
922 5.16689
923 5.16689
924 5.16689
925 5.16689
926 5.16689
927 5.16689
928 5.16689
929 5.16689
930 5.16689
931 5.16689
932 5.16689
933 5.16689
934 5.16689
935 5.16689
936 5.16689
937 5.16689
938 5.16689
939 5.16689
940 5.16689
941 5.16689
942 5.16689
943 5.16689
944 5.16689
945 5.16689
946 5.16689
947 5.16689
948 5.16689
949 5.16689
950 5.16689
951 5.16689
952 5.16689
953 5.16689
954 5.16689
955 5.16689
956 5.16689
957 5.16689
958 5.16689
959 5.16689
960 5.16689
961 5.16689
962 5.16689
963 5.16689
964 5.16689
965 5.16689
966 5.16689
967 5.16689
968 5.16689
969 5.16689
970 5.16689
971 5.16689
972 5.16689
973 5.16689
974 5.16689
975 5.16689
976 5.16689
977 5.16689
978 5.16689
979 5.16689
980 5.16689
981 5.16689
982 5.16689
983 5.16689
984 5.16689
985 5.16689
986 5.16689
987 5.16689
988 5.16689
989 5.16689
990 5.16689
991 5.16689
992 5.16689
993 5.16689
994 5.16689
995 5.16689
996 5.16689
997 5.16689
998 5.16689
999 5.16689
1000 5.16689
1001 5.16689
1002 5.16689
1003 5.16689
1004 5.16689
1005 5.16689
1006 5.16689
1007 5.16689
1008 5.16689
1009 5.16689
1010 5.16689
1011 5.16689
1012 5.16689
1013 5.16689
1014 5.16689
1015 5.16689
1016 5.16689
1017 5.16689
1018 5.16689
1019 5.16689
1020 5.16689
1021 5.16689
1022 5.16689
1023 5.16689
1024 5.16689
1025 5.16689
1026 5.16689
1027 5.16689
1028 5.16689
1029 5.16689
1030 5.16689
1031 5.16689
1032 5.16689
1033 5.16689
1034 5.16689
1035 5.16689
1036 5.16689
1037 5.16689
1038 5.16689
1039 5.16689
1040 5.16689
1041 5.16689
1042 5.16689
1043 5.16689
1044 5.16689
1045 5.16689
1046 5.16689
1047 5.16689
1048 5.16689
1049 5.16689
1050 5.16689
1051 5.16689
1052 5.16689
1053 5.16689
1054 5.16689
1055 5.16689
1056 5.16689
1057 5.16689
1058 5.16689
1059 5.16689
1060 5.16689
1061 5.16689
1062 5.16689
1063 5.16689
1064 5.16689
1065 5.16689
1066 5.16689
1067 5.16689
1068 5.16689
1069 5.16689
1070 5.16689
1071 5.16689
1072 5.16689
1073 5.16689
1074 5.16689
1075 5.16689
1076 5.16689
1077 5.16689
1078 5.16689
1079 5.16689
1080 5.16689
1081 5.16689
1082 5.16689
1083 5.16689
1084 5.16689
1085 5.16689
1086 5.16689
1087 5.16689
1088 5.16689
1089 5.16689
1090 5.16689
1091 5.16689
1092 5.16689
1093 5.16689
1094 5.16689
1095 5.16689
1096 5.16689
1097 5.16689
1098 5.16689
1099 5.16689
1100 5.16689
1101 5.16689
1102 5.16689
1103 5.16689
1104 5.16689
1105 5.16689
1106 5.16689
1107 5.16689
1108 5.16689
1109 5.16689
1110 5.16689
1111 5.16689
1112 5.16689
1113 5.16689
1114 5.16689
1115 5.16689
1116 5.16689
1117 5.16689
1118 5.16689
1119 5.16689
1120 5.16689
1121 5.16689
1122 5.16689
1123 5.16689
1124 5.16689
1125 5.16689
1126 5.16689
1127 5.16689
1128 5.16689
1129 5.16689
1130 5.16689
1131 5.16689
1132 5.16689
1133 5.16689
1134 5.16689
1135 5.16689
1136 5.16689
1137 5.16689
1138 5.16689
1139 5.16689
1140 5.16689
1141 5.16689
1142 5.16689
1143 5.16689
1144 5.16689
1145 5.16689
1146 5.16689
1147 5.16689
1148 5.16689
1149 5.16689
1150 5.16689
1151 5.16689
1152 5.16689
1153 5.16689
1154 5.16689
1155 5.16689
1156 5.16689
1157 5.16689
1158 5.16689
1159 5.16689
1160 5.16689
1161 5.16689
1162 5.16689
1163 5.16689
1164 5.16689
1165 5.16689
1166 5.16689
1167 5.16689
1168 5.16689
1169 5.16689
1170 5.16689
1171 5.16689
1172 5.16689
1173 5.16689
1174 5.16689
1175 5.16689
1176 5.16689
1177 5.16689
1178 5.16689
1179 5.16689
1180 5.16689
1181 5.16689
1182 5.16689
1183 5.16689
1184 5.16689
1185 5.16689
1186 5.16689
1187 5.16689
1188 5.16689
1189 5.16689
1190 5.16689
1191 5.16689
1192 5.16689
1193 5.16689
1194 5.16689
1195 5.16689
1196 5.16689
1197 5.16689
1198 5.16689
1199 5.16689
1200 5.16689
1201 5.16689
1202 5.16689
1203 5.16689
1204 5.16689
1205 5.08796
1206 5.08796
1207 5.08796
1208 5.08796
1209 5.08796
1210 5.08796
1211 5.08796
1212 5.08796
1213 5.08796
1214 5.08796
1215 5.08796
1216 5.08796
1217 5.08796
1218 5.08796
1219 5.08796
1220 5.08796
1221 5.08796
1222 5.08796
1223 5.08796
1224 5.08796
1225 5.08796
1226 5.08796
1227 5.08796
1228 5.08796
1229 5.08796
1230 5.08796
1231 5.08796
1232 5.08796
1233 5.08796
1234 5.08796
1235 5.08796
1236 5.08796
1237 5.08796
1238 5.08796
1239 5.08796
1240 5.08796
1241 5.08796
1242 5.08796
1243 5.08796
1244 5.08796
1245 5.08796
1246 5.08796
1247 5.08796
1248 5.08796
1249 5.08796
1250 5.08796
1251 5.08796
1252 5.08796
1253 5.08796
1254 5.08796
1255 5.08796
1256 5.08796
1257 5.08796
1258 5.08796
1259 5.08796
1260 5.08796
1261 5.08796
1262 5.08796
1263 5.08796
1264 5.08796
1265 5.08796
1266 5.08796
1267 5.08796
1268 5.08796
1269 5.08796
1270 5.08796
1271 5.08796
1272 5.08796
1273 5.08796
1274 5.08796
1275 5.08796
1276 5.08796
1277 5.08796
1278 5.08796
1279 5.08796
1280 5.08796
1281 5.08796
1282 5.08796
1283 5.08796
1284 5.08796
1285 5.08796
1286 5.08796
1287 5.08796
1288 5.08796
1289 5.08796
1290 5.08796
1291 5.08796
1292 5.08796
1293 5.08796
1294 5.08796
1295 5.08796
1296 5.08796
1297 5.08796
1298 5.08796
1299 5.08796
1300 5.08796
1301 5.08796
1302 5.08796
1303 5.08796
1304 5.08796
1305 5.08796
1306 5.08796
1307 5.08796
1308 5.08796
1309 5.08796
1310 5.08796
1311 5.08796
1312 5.08796
1313 5.08796
1314 5.08796
1315 5.08796
1316 5.08796
1317 5.08796
1318 5.08796
1319 5.08796
1320 5.08796
1321 5.08796
1322 5.08796
1323 5.08796
1324 5.08796
1325 5.08796
1326 5.08796
1327 5.08796
1328 5.08796
1329 5.08796
1330 5.08796
1331 5.08796
1332 5.08796
1333 5.08796
1334 5.08796
1335 5.08796
1336 5.08796
1337 5.08796
1338 5.08796
1339 5.08796
1340 5.08796
1341 5.08796
1342 5.08796
1343 5.08796
1344 5.08796
1345 5.08796
1346 5.08796
1347 5.08796
1348 5.08796
1349 5.08796
1350 5.08796
1351 5.08796
1352 5.08796
1353 5.08796
1354 5.08796
1355 5.08796
1356 5.08796
1357 5.08796
1358 5.08796
1359 5.08796
1360 5.08796
1361 5.08796
1362 5.08796
1363 5.08796
1364 5.08796
1365 5.08796
1366 5.08796
1367 5.08796
1368 5.08796
1369 5.08796
1370 5.08796
1371 5.08796
1372 5.08796
1373 5.08796
1374 5.08796
1375 5.08796
1376 5.08796
1377 5.08796
1378 5.08796
1379 5.08796
1380 5.08796
1381 5.08796
1382 5.08796
1383 5.08796
1384 5.08796
1385 5.08796
1386 5.08796
1387 5.08796
1388 5.08796
1389 5.08796
1390 5.08796
1391 5.08796
1392 5.08796
1393 5.08796
1394 5.08796
1395 5.08796
1396 5.08796
1397 5.08796
1398 5.08796
1399 5.08796
1400 5.08796
1401 5.08796
1402 5.08796
1403 5.08796
1404 5.08796
1405 5.08796
1406 5.08796
1407 5.08796
1408 5.08796
1409 5.08796
1410 5.08796
1411 5.08796
1412 5.08796
1413 5.08796
1414 5.08796
1415 5.08796
1416 5.08796
1417 5.08796
1418 5.08796
1419 5.08796
1420 5.08796
1421 5.08796
1422 5.08796
1423 5.08796
1424 5.08796
1425 5.08796
1426 5.08796
1427 5.08796
1428 5.08796
1429 5.08796
1430 5.08796
1431 5.08796
1432 5.08796
1433 5.08796
1434 5.08796
1435 5.08796
1436 5.08796
1437 5.08796
1438 5.08796
1439 5.08796
1440 5.08796
1441 5.08796
1442 5.08796
1443 5.08796
1444 5.08796
1445 5.08796
1446 5.08796
1447 5.08796
1448 5.08796
1449 5.08796
1450 5.08796
1451 5.08796
1452 5.08796
1453 5.08796
1454 5.08796
1455 5.08796
1456 5.08796
1457 5.08796
1458 5.08796
1459 5.08796
1460 5.08796
1461 5.08796
1462 5.08796
1463 5.08796
1464 5.08796
1465 5.08796
1466 5.08796
1467 5.08796
1468 5.08796
1469 5.08796
1470 5.08796
1471 5.08796
1472 5.08796
1473 5.08796
1474 5.08796
1475 5.08796
1476 5.08796
1477 5.08796
1478 5.08796
1479 5.08796
1480 5.08796
1481 5.08796
1482 5.08796
1483 5.08796
1484 5.08796
1485 5.08796
1486 5.08796
1487 5.08796
1488 5.08796
1489 5.08796
1490 5.08796
1491 5.08796
1492 5.08796
1493 5.08796
1494 5.08796
1495 5.08796
1496 5.08796
1497 5.08796
1498 5.08796
1499 5.08796
1500 5.08796
1501 5.08796
1502 5.08796
1503 5.08796
1504 5.08796
1505 5.08796
1506 5.08796
1507 5.08796
1508 5.08796
1509 5.08796
1510 5.08796
1511 5.08796
1512 5.08796
1513 5.08796
1514 5.08796
1515 5.08796
1516 5.08796
1517 5.08796
1518 5.08796
1519 5.08796
1520 5.08796
1521 5.08796
1522 5.08796
1523 5.08796
1524 5.08796
1525 5.08796
1526 5.08796
1527 5.08796
1528 5.08796
1529 5.08796
1530 5.08796
1531 5.08796
1532 5.08796
1533 5.08796
1534 5.08796
1535 5.08796
1536 5.08796
1537 5.08796
1538 5.08796
1539 5.08796
1540 5.08796
1541 5.08796
1542 5.08796
1543 5.08796
1544 5.08796
1545 5.08796
1546 5.08796
1547 5.08796
1548 5.08796
1549 5.08796
1550 5.08796
1551 5.08796
1552 5.08796
1553 5.08796
1554 5.08796
1555 5.08796
1556 5.08796
1557 5.08796
1558 5.08796
1559 5.08796
1560 5.08796
1561 5.08796
1562 5.08796
1563 5.08796
1564 5.08796
1565 5.08796
1566 5.08796
1567 5.08796
1568 5.08796
1569 5.08796
1570 5.08796
1571 5.08796
1572 5.08796
1573 5.08796
1574 5.08796
1575 5.08796
1576 5.08796
1577 5.08796
1578 5.08796
1579 5.08796
1580 5.08796
1581 5.08796
1582 5.08796
1583 5.08796
1584 5.08796
1585 5.08796
1586 5.08796
1587 5.08796
1588 5.08796
1589 5.08796
1590 5.08796
1591 5.08796
1592 5.08796
1593 5.08796
1594 5.08796
1595 5.08796
1596 5.08796
1597 5.08796
1598 5.08796
1599 5.08796
1600 5.08796
1601 5.08796
1602 5.08796
1603 5.08796
1604 5.08796
1605 5.08796
1606 5.08796
1607 5.08796
1608 5.08796
1609 5.08796
1610 5.08796
1611 5.08796
1612 5.08796
1613 5.08796
1614 5.08796
1615 5.08796
1616 5.08796
1617 5.08796
1618 5.08796
1619 5.08796
1620 5.08796
1621 5.08796
1622 5.08796
1623 5.08796
1624 5.08796
1625 5.08796
1626 5.08796
1627 5.08796
1628 5.08796
1629 5.08796
1630 5.08796
1631 5.08796
1632 5.08796
1633 5.08796
1634 5.08796
1635 5.08796
1636 5.08796
1637 5.08796
1638 5.08796
1639 5.08796
1640 5.08796
1641 5.08796
1642 5.08796
1643 5.08796
1644 5.08796
1645 5.08796
1646 5.08796
1647 5.08796
1648 5.08796
1649 5.08796
1650 5.08796
1651 5.08796
1652 5.08796
1653 5.08796
1654 5.08796
1655 5.08796
1656 5.08796
1657 5.08796
1658 5.08796
1659 5.08796
1660 5.08796
1661 5.08796
1662 5.08796
1663 5.08796
1664 5.08796
1665 5.08796
1666 5.08796
1667 5.08796
1668 5.08796
1669 5.08796
1670 5.08796
1671 5.08796
1672 5.08796
1673 5.08796
1674 5.08796
1675 5.08796
1676 5.08796
1677 5.08796
1678 5.08796
1679 5.08796
1680 5.08796
1681 5.08796
1682 5.08796
1683 5.08796
1684 5.08796
1685 5.08796
1686 5.08796
1687 5.08796
1688 5.08796
1689 5.08796
1690 5.08796
1691 5.08796
1692 5.08796
1693 5.08796
1694 5.08796
1695 5.08796
1696 5.08796
1697 5.08796
1698 5.08796
1699 5.08796
1700 5.08796
1701 5.08796
1702 5.08796
1703 5.08796
1704 5.08796
1705 5.08796
1706 5.08796
1707 5.08796
1708 5.08796
1709 5.08796
1710 5.08796
1711 5.08796
1712 5.08796
1713 5.08796
1714 5.08796
1715 5.08796
1716 5.08796
1717 5.08796
1718 5.08796
1719 5.08796
1720 5.08796
1721 5.08796
1722 5.08796
1723 5.08796
1724 5.08796
1725 5.08796
1726 5.08796
1727 5.08796
1728 5.08796
1729 5.08796
1730 5.08796
1731 5.08796
1732 5.08796
1733 5.08796
1734 5.08796
1735 5.08796
1736 5.08796
1737 5.08796
1738 5.08796
1739 5.08796
1740 5.08796
1741 5.08796
1742 5.08796
1743 5.08796
1744 5.08796
1745 5.08796
1746 5.08796
1747 5.08796
1748 5.08796
1749 5.08796
1750 5.08796
1751 5.08796
1752 5.08796
1753 5.08796
1754 5.08796
1755 5.08796
1756 5.08796
1757 5.08796
1758 5.08796
1759 5.08796
1760 5.08796
1761 5.08796
1762 5.08796
1763 5.08796
1764 5.08796
1765 5.08796
1766 5.08796
1767 5.08796
1768 5.08796
1769 5.08796
1770 5.08796
1771 5.08796
1772 5.08796
1773 5.08796
1774 5.08796
1775 5.08796
1776 5.08796
1777 5.08796
1778 5.08796
1779 5.08796
1780 5.08796
1781 5.08796
1782 5.08796
1783 5.08796
1784 5.08796
1785 5.08796
1786 5.08796
1787 5.08796
1788 5.08796
1789 5.08796
1790 5.08796
1791 5.08796
1792 5.08796
1793 5.08796
1794 5.08796
1795 5.08796
1796 5.08796
1797 5.08796
1798 5.08796
1799 5.08796
1800 5.08796
1801 5.08796
1802 5.08796
1803 5.08796
1804 5.08796
1805 5.08796
1806 5.08796
1807 5.08796
1808 5.08796
1809 5.08796
1810 5.08796
1811 5.08796
1812 5.08796
1813 5.08796
1814 5.08796
1815 5.08796
1816 5.08796
1817 5.08796
1818 5.08796
1819 5.08796
1820 5.08796
1821 5.08796
1822 5.08796
1823 5.08796
1824 5.08796
1825 5.08796
1826 5.08796
1827 5.08796
1828 5.08796
1829 5.08796
1830 5.08796
1831 5.08796
1832 5.08796
1833 5.08796
1834 5.08796
1835 5.08796
1836 5.08796
1837 5.08796
1838 5.08796
1839 5.08796
1840 5.08796
1841 5.08796
1842 5.08796
1843 5.08796
1844 5.08796
1845 5.08796
1846 5.08796
1847 5.08796
1848 5.08796
1849 5.08796
1850 5.08796
1851 5.08796
1852 5.08796
1853 5.08796
1854 5.08796
1855 5.08796
1856 5.08796
1857 5.08796
1858 5.08796
1859 5.08796
1860 5.08796
1861 5.08796
1862 5.08796
1863 5.08796
1864 5.08796
1865 5.08796
1866 5.08796
1867 5.08796
1868 5.08796
1869 5.08796
1870 5.08796
1871 5.08796
1872 5.08796
1873 5.08796
1874 5.08796
1875 5.08796
1876 5.08796
1877 5.08796
1878 5.08796
1879 5.08796
1880 5.08796
1881 5.08796
1882 5.08796
1883 5.08796
1884 5.08796
1885 5.08796
1886 5.08796
1887 5.08796
1888 5.08796
1889 5.08796
1890 5.08796
1891 5.08796
1892 5.08796
1893 5.08796
1894 5.08796
1895 5.08796
1896 5.08796
1897 5.08796
1898 5.08796
1899 5.08796
1900 5.08796
1901 5.08796
1902 5.08796
1903 5.08796
1904 5.08796
1905 5.08796
1906 5.08796
1907 5.08796
1908 5.08796
1909 5.08796
1910 5.08796
1911 5.08796
1912 5.08796
1913 5.08796
1914 5.08796
1915 5.08796
1916 5.08796
1917 5.08796
1918 5.08796
1919 5.08796
1920 5.08796
1921 5.08796
1922 5.08796
1923 5.08796
1924 5.08796
1925 5.08796
1926 5.08796
1927 5.08796
1928 5.08796
1929 5.08796
1930 5.08796
1931 5.08796
1932 5.08796
1933 5.08796
1934 5.08796
1935 5.08796
1936 5.08796
1937 5.08796
1938 5.08796
1939 5.08796
1940 5.08796
1941 5.08796
1942 5.08796
1943 5.08796
1944 5.08796
1945 5.08796
1946 5.08796
1947 5.08796
1948 5.08796
1949 5.08796
1950 5.08796
1951 5.08796
1952 5.08796
1953 5.08796
1954 5.08796
1955 5.08796
1956 5.08796
1957 5.08796
1958 5.08796
1959 5.08796
1960 5.08796
1961 5.08796
1962 5.08796
1963 5.08796
1964 5.08796
1965 5.08796
1966 5.08796
1967 5.08796
1968 5.08796
1969 5.08796
1970 5.08796
1971 5.08796
1972 5.08796
1973 5.08796
1974 5.08796
1975 5.08796
1976 5.08796
1977 5.08796
1978 5.08796
1979 5.08796
1980 5.08796
1981 5.08796
1982 5.08796
1983 5.08796
1984 5.08796
1985 5.08796
1986 5.08796
1987 5.08796
1988 5.08796
1989 5.08796
1990 5.08796
1991 5.08796
1992 5.08796
1993 5.08796
1994 5.08796
1995 5.08796
1996 5.08796
1997 5.08796
1998 5.08796
1999 5.08796
2000 5.08796
