0 14 1 23 22 29 28 16 3 10 30 4 26 24 27 17 5 15 19 31 8 6 2 21 25 12 11 9 18 13 20 7 
0 14 1 23 22 29 28 16 3 10 30 4 26 24 27 17 5 15 19 31 8 6 2 21 25 12 11 9 18 13 20 7 
0 14 1 23 22 29 28 16 3 10 30 4 26 24 27 17 5 15 19 31 8 6 2 21 25 12 11 9 18 13 20 7 
0 14 1 23 22 29 28 16 3 10 30 4 26 24 27 17 5 15 19 31 8 6 2 21 25 12 11 9 18 13 20 7 
0 14 1 23 22 29 28 16 3 10 30 4 26 24 27 17 5 15 19 31 8 6 2 21 25 12 11 9 18 13 20 7 
0 14 1 23 22 29 28 16 3 10 30 4 26 24 27 17 5 15 19 31 8 6 2 21 25 12 11 9 18 13 20 7 
0 14 1 23 22 29 28 16 3 10 30 4 26 24 27 17 5 15 19 31 8 6 2 21 25 12 11 9 18 13 20 7 
0 14 1 23 22 29 28 16 3 10 30 4 26 24 27 17 5 15 19 31 8 6 2 21 25 12 11 9 18 13 20 7 
0 14 1 23 22 29 28 16 3 10 30 4 26 24 27 17 5 15 19 31 8 6 2 21 25 12 11 9 18 13 20 7 
0 14 1 23 22 29 28 16 3 10 30 4 26 24 27 17 5 15 19 31 8 6 2 21 25 12 11 9 18 13 20 7 
0 14 1 23 22 29 28 16 3 10 30 4 26 24 27 17 5 15 19 31 8 6 2 21 25 12 11 9 18 13 20 7 
0 14 1 23 22 29 28 16 3 10 30 4 26 24 27 17 5 15 19 31 8 6 2 21 25 12 11 9 18 13 20 7 
0 14 1 23 22 29 28 16 3 10 30 4 26 24 27 17 5 15 19 31 8 6 2 21 25 12 11 9 18 13 20 7 
0 14 1 23 22 29 28 16 3 10 30 4 26 24 27 17 5 15 19 31 8 6 2 21 25 12 11 9 18 13 20 7 
0 14 1 23 22 29 28 16 3 10 30 4 26 24 27 17 5 15 19 31 8 6 2 21 25 12 11 9 18 13 20 7 
0 14 1 23 22 29 28 16 3 10 30 4 26 24 27 17 5 15 19 31 8 6 2 21 25 12 11 9 18 13 20 7 
0 14 1 23 22 29 28 16 3 10 30 4 26 24 27 17 5 15 19 31 8 6 2 21 25 12 11 9 18 13 20 7 
0 14 1 23 22 29 28 16 3 10 30 4 26 24 27 17 5 15 19 31 8 6 2 21 25 12 11 9 18 13 20 7 
0 14 1 23 22 29 28 16 3 10 30 4 26 24 27 17 5 15 19 31 8 6 2 21 25 12 11 9 18 13 20 7 
0 14 1 23 22 29 28 16 3 10 30 4 26 24 27 17 5 15 19 31 8 6 2 21 25 12 11 9 18 13 20 7 
0 14 1 23 22 29 28 16 3 10 30 4 26 24 27 17 5 15 19 31 8 6 2 21 25 12 11 9 18 13 20 7 
0 14 1 23 22 29 28 16 3 10 30 4 26 24 27 17 5 15 19 31 8 6 2 21 25 12 11 9 18 13 20 7 
0 14 1 23 22 29 28 16 3 10 30 4 26 24 27 17 5 15 19 31 8 6 2 21 25 12 11 9 18 13 20 7 
0 14 1 23 22 29 28 16 3 10 30 4 26 24 27 17 5 15 19 31 8 6 2 21 25 12 11 9 18 13 20 7 
0 14 1 23 22 29 28 16 3 10 30 4 26 24 27 17 5 15 19 31 8 6 2 21 25 12 11 9 18 13 20 7 
0 14 1 23 22 29 28 16 3 10 30 4 26 24 27 17 5 15 19 31 8 6 2 21 25 12 11 9 18 13 20 7 
0 14 1 23 22 29 28 16 3 10 30 4 26 24 27 17 5 15 19 31 8 6 2 21 25 12 11 9 18 13 20 7 
0 14 1 23 22 29 28 16 3 10 30 4 26 24 27 17 5 15 19 31 8 6 2 21 25 12 11 9 18 13 20 7 
0 14 1 23 22 29 28 16 3 10 30 4 26 24 27 17 5 15 19 31 8 6 2 21 25 12 11 9 18 13 20 7 
0 14 1 23 22 29 28 16 3 10 30 4 26 24 27 17 5 15 19 31 8 6 2 21 25 12 11 9 18 13 20 7 
0 14 1 23 22 29 28 16 3 10 30 4 26 24 27 17 5 15 19 31 8 6 2 21 25 12 11 9 18 13 20 7 
0 14 1 23 22 29 28 16 3 10 30 4 26 24 27 17 5 15 19 31 8 6 2 21 25 12 11 9 18 13 20 7 
0 14 1 23 22 29 28 16 3 10 30 4 26 24 27 17 5 15 19 31 8 6 2 21 25 12 11 9 18 13 20 7 
0 14 1 23 22 29 28 16 3 10 30 4 26 24 27 17 5 15 19 31 8 6 2 21 25 12 11 9 18 13 20 7 
0 14 1 23 22 29 28 16 3 10 30 4 26 24 27 17 5 15 19 31 8 6 2 21 25 12 11 9 18 13 20 7 
0 14 1 23 22 29 28 16 3 10 30 4 26 24 27 17 5 15 19 31 8 6 2 21 25 12 11 9 18 13 20 7 
0 14 1 23 22 29 28 16 3 10 30 4 26 24 27 17 5 15 19 31 8 6 2 21 25 12 11 9 18 13 20 7 
0 14 1 23 22 29 28 16 3 10 30 4 26 24 27 17 5 15 19 31 8 6 2 21 25 12 11 9 18 13 20 7 
0 14 1 23 22 29 28 16 3 10 30 4 26 24 27 17 5 15 19 31 8 6 2 21 25 12 11 9 18 13 20 7 
0 14 1 23 22 29 28 16 3 10 30 4 26 24 27 17 5 15 19 31 8 6 2 21 25 12 11 9 18 13 20 7 
0 14 1 23 22 29 28 16 3 10 30 4 26 24 27 17 5 15 19 31 8 6 2 21 25 12 11 9 18 13 20 7 
0 14 1 23 22 29 28 16 3 10 30 4 26 24 27 17 5 15 19 31 8 6 2 25 12 21 11 9 18 13 20 7 
0 1 23 22 29 28 16 3 10 30 4 26 24 27 17 5 15 19 31 8 6 2 21 25 12 11 9 18 13 20 7 14 
0 14 23 22 29 28 16 3 10 30 4 26 24 27 17 5 15 19 31 8 6 2 21 25 12 11 9 18 13 20 1 7 
0 14 1 23 22 29 28 16 3 10 30 4 26 24 27 17 5 15 19 31 21 2 6 8 25 12 11 9 18 13 20 7 
0 14 1 23 22 29 28 16 3 10 24 27 17 5 15 30 4 26 19 31 8 6 2 21 25 12 11 9 18 13 20 7 
0 14 1 23 22 29 28 16 3 10 30 4 26 27 19 17 5 15 24 31 8 6 2 21 25 12 11 9 18 13 20 7 
0 14 18 13 1 23 22 29 28 16 3 10 30 4 26 24 27 17 5 15 19 31 8 6 2 21 25 12 11 9 20 7 
0 14 1 23 22 28 16 3 10 30 4 26 24 27 17 5 15 19 31 8 6 2 21 25 12 11 9 18 13 20 29 7 
0 14 1 23 22 29 28 16 3 10 30 4 26 24 27 17 5 15 19 31 8 6 9 11 12 25 21 2 18 13 20 7 
0 14 1 23 22 29 28 16 3 10 30 4 26 24 27 17 5 15 2 21 25 12 6 8 31 19 11 9 18 13 20 7 
0 14 1 23 22 29 28 30 10 3 16 26 4 24 27 17 5 15 19 31 8 6 2 21 25 12 11 9 18 13 20 7 
0 14 1 23 22 29 28 16 3 10 30 4 26 24 27 17 5 15 19 31 6 2 21 25 12 11 9 8 18 13 20 7 
0 14 1 23 22 29 28 16 3 10 30 4 26 24 27 17 6 15 19 31 8 5 2 21 25 12 11 9 18 13 20 7 
0 14 1 23 22 29 28 16 3 10 30 4 26 24 27 17 5 11 12 25 21 2 6 8 31 19 15 9 18 13 20 7 
0 14 18 13 1 23 22 29 28 16 3 10 30 26 24 27 17 5 15 4 19 31 8 6 2 21 25 12 11 9 20 7 
0 10 1 23 22 14 29 28 16 3 30 4 26 24 27 17 5 15 19 31 8 6 2 21 25 12 11 9 18 13 20 7 
0 14 1 23 22 29 28 16 3 10 30 4 26 24 27 17 5 15 19 31 8 6 2 21 25 13 20 12 11 9 18 7 
0 30 4 22 23 1 14 29 28 16 3 10 26 24 27 17 5 15 19 31 8 6 2 21 25 12 11 9 18 13 20 7 
0 30 4 22 23 1 14 29 28 16 3 10 26 24 27 17 5 15 19 31 8 6 2 21 25 12 11 9 18 13 20 7 
0 14 1 22 29 28 16 3 10 30 4 26 24 27 17 5 15 19 31 8 6 2 21 25 12 23 11 9 18 13 20 7 
0 14 1 23 22 29 28 16 3 10 30 4 26 24 27 17 5 15 19 31 8 6 2 21 20 13 18 9 12 25 11 7 
0 14 1 23 22 29 28 16 3 10 30 4 26 24 27 17 5 15 19 12 11 9 31 8 6 2 21 25 18 13 20 7 
0 14 17 27 24 26 4 30 10 3 16 28 29 22 23 1 5 15 19 31 8 6 2 21 25 12 11 9 18 13 20 7 
0 14 1 23 22 29 9 13 18 28 16 3 10 30 4 26 24 27 17 5 15 19 31 8 6 2 21 25 12 11 20 7 
0 14 1 23 22 29 28 16 3 10 30 4 26 24 27 17 5 15 19 31 13 20 8 6 2 21 25 12 11 9 18 7 
0 14 1 23 22 29 28 16 3 10 30 4 26 24 27 17 5 15 19 12 11 9 2 21 25 31 8 6 18 13 20 7 
0 14 1 23 22 28 16 3 10 30 4 26 24 27 17 5 15 19 31 8 6 2 21 29 25 12 11 9 18 13 20 7 
0 5 15 19 31 8 6 2 21 25 12 11 9 18 13 20 14 1 23 22 29 28 16 3 10 30 4 26 24 27 17 7 
0 14 2 21 25 1 23 22 29 28 16 3 10 30 4 26 24 27 17 5 15 19 31 8 6 12 11 9 18 13 20 7 
0 14 1 23 22 29 28 16 3 10 30 4 13 20 26 24 27 17 5 15 19 31 8 6 2 21 25 12 11 9 18 7 
0 14 1 23 22 29 28 16 3 10 30 4 13 20 26 24 27 17 5 15 19 31 8 6 2 21 25 12 11 9 18 7 
0 14 1 23 22 29 28 16 3 10 30 4 26 24 27 17 5 15 19 2 21 25 12 11 9 18 13 31 8 6 20 7 
0 14 1 23 22 29 28 16 3 10 2 21 25 30 4 26 17 27 5 24 15 19 31 8 6 12 11 9 18 13 20 7 
0 14 1 23 22 29 28 16 3 10 2 21 25 30 4 26 17 27 5 24 15 19 31 8 6 12 11 9 18 13 20 7 
0 14 1 23 22 2 21 25 12 11 9 18 29 28 16 3 10 30 4 26 24 27 17 5 15 19 31 8 6 13 20 7 
0 1 14 11 19 31 8 6 2 21 25 12 15 5 17 27 24 26 4 30 10 3 16 28 29 22 23 9 18 13 20 7 
0 14 1 23 22 29 28 16 3 10 19 2 21 25 12 11 9 18 30 4 26 24 27 17 5 15 31 8 6 13 20 7 
0 14 1 23 22 29 28 16 3 10 30 4 26 24 27 17 5 15 19 31 9 18 6 2 21 25 12 11 8 13 20 7 
0 14 1 17 5 15 19 31 8 6 2 21 25 12 11 9 18 29 28 16 3 10 30 4 26 24 27 23 22 13 20 7 
0 5 8 6 2 15 19 31 14 1 23 22 29 28 16 3 10 30 4 26 24 27 17 21 25 12 11 9 18 13 20 7 
0 14 1 23 22 29 28 16 3 10 30 4 25 24 27 17 5 15 19 31 8 6 2 21 26 12 11 9 18 13 20 7 
0 30 10 3 16 26 29 14 1 23 22 28 4 24 27 17 5 15 19 31 8 2 25 21 6 12 11 9 18 13 20 7 
0 14 2 21 25 1 23 22 29 28 16 3 10 30 4 26 24 27 17 5 15 12 6 8 31 19 11 9 18 13 20 7 
0 14 1 23 22 29 28 16 3 10 19 2 21 25 12 11 9 18 13 31 8 6 30 4 26 24 27 17 5 15 20 7 
0 14 1 23 22 10 5 15 19 31 8 6 2 21 25 12 11 28 16 3 30 4 26 24 27 17 29 9 18 13 20 7 
0 14 1 23 22 17 5 15 24 31 8 4 26 27 19 29 28 16 3 10 30 6 2 21 25 12 11 9 18 13 20 7 
0 14 1 23 22 4 30 10 3 16 28 18 26 24 27 17 5 15 19 31 8 6 2 21 25 12 11 9 29 13 20 7 
0 14 1 23 22 29 28 16 9 18 6 26 24 27 17 5 15 19 31 30 3 10 4 8 2 21 25 12 11 13 20 7 
0 14 1 23 22 25 21 2 6 8 31 19 15 5 17 27 24 26 4 30 10 20 3 16 28 29 11 9 12 13 18 7 
0 30 10 3 16 26 29 22 23 1 14 4 28 24 27 17 5 15 19 31 8 6 2 21 25 12 11 9 18 13 20 7 
0 14 1 23 22 2 28 16 3 10 24 27 17 5 15 30 4 26 19 31 8 6 29 21 25 12 11 9 18 13 20 7 
0 14 1 23 22 2 21 25 12 11 9 18 29 28 16 3 10 17 5 15 13 30 4 26 24 27 19 31 8 6 20 7 
0 14 31 8 6 2 21 24 17 25 12 11 9 1 23 22 29 28 16 3 27 10 30 4 26 5 15 19 18 13 20 7 
0 14 1 23 22 17 5 15 19 3 8 6 2 21 25 12 11 29 28 16 31 10 30 4 26 24 27 9 18 13 20 7 
0 18 9 27 24 26 4 30 10 31 16 28 29 11 12 25 21 2 6 8 3 19 15 5 17 22 23 1 14 13 20 7 
0 10 1 23 22 5 15 19 31 8 6 2 21 25 12 11 9 18 16 3 14 30 4 26 24 29 28 27 17 13 20 7 
0 14 20 5 17 27 24 26 4 30 10 3 11 28 29 22 16 9 12 25 21 1 23 2 6 8 31 19 15 18 13 7 
0 10 3 18 9 11 12 25 21 2 6 8 31 24 15 5 17 19 27 28 4 14 1 23 22 29 26 16 13 20 30 7 
0 1 23 22 17 5 15 29 28 24 27 14 2 21 25 13 3 10 30 4 26 12 11 9 18 16 19 31 8 6 20 7 
