0 25 13 21 27 16 4 3 8 14 12 1 15 18 31 5 10 30 22 7 2 17 26 19 28 20 29 11 24 6 23 9 
0 25 13 21 27 16 4 3 8 14 12 1 15 18 31 5 10 30 22 7 2 17 26 19 28 20 29 11 24 6 23 9 
0 25 13 21 27 16 4 3 8 14 12 1 15 18 31 5 10 30 22 7 2 17 26 19 28 20 29 11 24 6 23 9 
0 25 13 21 27 16 4 3 8 14 12 1 15 18 31 5 10 30 22 7 2 17 26 19 28 20 29 11 24 6 23 9 
0 25 13 21 27 16 4 3 8 14 12 1 15 18 31 5 10 30 22 7 2 17 26 19 28 20 29 11 24 6 23 9 
0 25 13 21 27 16 4 3 8 14 12 1 15 18 31 5 10 30 22 7 2 17 26 19 28 20 29 11 24 6 23 9 
0 25 13 21 27 16 4 3 8 14 12 1 15 18 31 5 10 30 22 7 2 17 26 19 28 20 29 11 24 6 23 9 
0 25 13 21 27 16 4 3 8 14 12 1 15 18 31 5 10 30 22 7 2 17 26 19 28 20 29 11 24 6 23 9 
0 25 13 21 27 16 4 3 8 14 12 1 15 18 31 5 10 30 22 7 2 17 26 19 28 20 29 11 24 6 23 9 
0 25 13 21 27 16 4 3 8 14 12 1 15 18 31 5 10 30 22 7 2 17 26 19 28 20 29 11 24 6 23 9 
0 25 13 21 27 16 4 3 8 14 12 1 15 18 31 5 10 30 22 7 2 17 26 19 28 20 29 11 24 6 23 9 
0 25 13 21 27 16 4 3 8 14 12 1 15 18 31 5 10 30 22 7 2 17 26 19 28 20 29 11 24 6 23 9 
0 25 13 21 27 16 4 3 8 14 12 1 15 18 31 5 10 30 22 7 2 17 26 19 28 20 29 11 24 6 23 9 
0 25 13 21 27 16 4 3 8 14 12 1 15 18 31 5 10 30 22 7 2 17 26 19 28 20 29 11 24 6 23 9 
0 25 13 21 27 16 4 3 8 14 12 1 15 18 31 5 10 30 22 7 2 17 26 19 28 20 29 11 24 6 23 9 
0 25 13 21 27 16 4 3 8 14 12 1 15 18 31 5 10 30 22 7 2 17 26 19 28 20 29 11 24 6 23 9 
0 25 13 21 27 16 4 3 8 14 12 1 15 18 31 5 10 30 22 7 2 17 26 19 28 20 29 11 24 6 23 9 
0 25 13 21 27 16 4 3 8 14 12 1 15 18 31 5 10 30 22 7 2 17 26 19 28 20 29 11 24 6 23 9 
0 25 13 21 27 16 4 3 8 14 12 1 15 18 31 5 10 30 22 7 2 17 26 19 28 20 29 11 24 6 23 9 
0 25 13 21 27 16 4 3 8 14 12 1 15 18 31 5 10 30 22 7 2 17 26 19 28 20 29 11 24 6 23 9 
0 25 13 21 27 16 4 3 8 14 12 1 15 18 31 5 10 30 22 7 2 17 26 19 28 20 29 11 24 6 23 9 
0 25 13 21 27 16 4 3 8 14 12 1 15 18 31 5 10 30 22 7 2 17 26 19 28 20 29 11 24 6 23 9 
0 25 13 21 27 16 4 3 8 14 12 1 15 18 31 5 10 30 22 7 2 17 26 19 28 20 29 11 24 6 23 9 
0 25 13 21 27 16 4 3 8 14 12 1 15 18 31 5 10 30 22 7 2 17 26 19 28 20 29 11 24 6 23 9 
0 25 13 21 27 16 4 3 8 14 12 1 15 18 31 5 10 30 22 7 2 17 26 19 28 20 29 11 24 6 23 9 
0 25 13 21 27 16 4 3 8 14 12 1 15 18 31 5 10 30 22 7 2 17 26 19 28 20 29 11 24 6 23 9 
0 25 13 21 27 16 4 3 8 14 12 1 15 18 31 5 10 30 22 7 2 17 26 19 28 20 29 11 24 6 23 9 
0 25 13 21 27 16 4 3 8 14 12 1 15 18 31 5 10 30 22 7 2 17 26 19 28 20 29 11 24 6 23 9 
0 25 13 21 27 16 4 3 8 14 12 1 15 18 31 5 10 30 22 7 2 17 26 19 28 20 29 11 24 6 23 9 
0 25 13 21 27 16 4 3 8 14 12 1 15 18 31 5 10 30 22 7 2 17 26 19 28 20 29 11 24 6 23 9 
0 25 13 21 27 16 4 3 8 14 12 1 15 18 31 5 10 30 22 7 2 17 26 19 28 20 29 11 24 6 23 9 
0 25 13 21 27 16 4 3 8 14 12 1 15 18 31 5 10 30 22 7 2 17 26 19 28 20 29 11 24 6 23 9 
0 25 13 21 27 16 4 3 8 14 12 1 15 18 31 5 10 30 22 7 2 17 26 19 28 20 29 11 24 6 23 9 
0 25 13 21 27 16 4 3 8 14 12 1 15 18 31 5 10 30 22 7 2 17 26 19 28 20 29 11 24 6 23 9 
0 25 13 21 27 16 4 3 8 14 12 1 15 18 31 5 10 30 22 7 2 17 26 19 28 20 29 11 6 24 23 9 
0 25 13 21 27 16 4 3 8 14 12 1 15 18 31 5 10 7 22 30 2 17 26 19 28 20 29 11 24 6 23 9 
0 25 13 21 27 16 4 3 8 14 12 1 15 18 31 5 10 30 22 7 2 17 26 19 28 20 29 23 6 24 11 9 
0 25 13 21 27 16 4 3 8 14 12 1 15 18 31 5 10 30 22 7 2 17 26 19 28 20 29 23 6 24 11 9 
0 25 13 21 27 16 4 3 14 8 12 1 15 18 31 5 10 30 22 7 2 17 26 19 28 20 29 11 24 6 23 9 
0 25 13 21 27 16 4 3 8 14 12 1 15 18 31 5 10 30 22 7 2 17 19 26 28 20 29 11 24 6 23 9 
0 25 13 21 27 16 4 3 8 1 12 14 15 18 31 5 10 30 22 7 2 17 26 19 28 20 29 11 24 6 23 9 
0 25 13 21 27 16 4 3 8 14 12 1 15 18 31 5 10 30 22 7 2 17 26 19 28 11 20 29 24 6 23 9 
0 25 13 21 27 16 4 3 8 14 1 15 18 31 5 10 12 30 22 7 2 17 26 19 28 20 29 11 24 6 23 9 
0 23 6 24 11 29 20 28 19 26 17 2 7 22 30 10 5 31 18 15 1 12 14 8 3 4 16 27 21 13 25 9 
0 25 13 21 27 16 4 3 8 14 12 1 15 18 31 5 10 30 22 7 2 19 26 17 28 20 29 11 24 6 23 9 
0 25 13 21 27 16 4 3 8 14 12 1 15 18 31 5 10 30 22 7 2 19 26 17 28 20 29 11 24 6 23 9 
0 25 13 21 27 16 4 3 8 14 12 1 15 18 31 5 10 30 22 7 2 19 26 17 28 20 29 11 24 6 23 9 
0 13 21 27 16 4 3 8 14 12 1 15 18 31 5 10 30 22 7 2 17 26 19 28 20 29 11 24 6 23 9 25 
0 25 13 21 27 16 4 3 8 14 12 1 15 18 31 5 10 30 22 7 2 17 26 19 28 23 6 24 20 29 11 9 
0 25 13 21 27 16 3 8 14 12 1 15 18 31 5 10 30 22 7 2 17 26 19 28 4 20 29 11 24 6 23 9 
0 25 13 21 27 16 3 8 14 12 1 15 18 31 5 10 30 22 7 2 17 26 19 28 4 20 29 11 24 6 23 9 
0 25 13 21 29 20 28 19 26 17 2 7 22 30 10 5 31 18 15 1 12 14 8 3 4 16 27 11 24 6 23 9 
0 25 13 21 29 11 27 16 4 3 8 14 12 1 15 18 31 5 10 30 22 7 2 17 26 19 28 20 24 6 23 9 
0 25 13 21 20 29 27 16 4 3 8 14 12 1 15 18 31 5 10 30 22 7 2 17 26 19 28 11 24 6 23 9 
0 25 13 21 27 16 4 3 8 14 26 19 28 20 12 1 15 18 31 5 10 30 22 7 2 17 29 11 24 6 23 9 
0 25 13 21 27 16 4 3 8 14 12 1 15 18 31 10 30 22 7 2 17 26 5 19 28 20 29 11 24 6 23 9 
0 25 13 21 27 16 4 3 8 14 12 1 15 18 5 10 30 31 22 7 2 17 26 19 28 20 29 11 24 6 23 9 
0 25 13 21 27 16 4 3 8 14 30 22 7 2 31 5 10 12 1 15 18 17 26 19 28 20 29 11 24 6 23 9 
0 25 13 21 27 23 6 24 20 28 19 26 17 2 7 22 30 10 5 31 18 15 1 12 14 8 3 16 4 29 11 9 
0 25 13 21 16 4 3 8 14 12 1 15 18 31 5 10 30 22 7 2 17 26 19 28 20 29 11 24 27 6 23 9 
0 14 8 3 4 16 27 21 13 25 12 1 15 18 31 5 10 30 22 7 2 17 26 19 28 20 29 11 24 6 23 9 
0 25 8 3 4 16 27 21 13 14 12 1 15 18 31 5 10 30 22 7 2 17 26 19 28 20 29 11 24 6 23 9 
0 25 13 21 27 24 6 16 4 3 8 14 12 1 15 18 31 5 10 30 22 7 2 17 26 19 28 20 29 11 23 9 
0 25 13 21 27 16 23 6 24 11 29 20 28 19 26 17 2 7 22 30 10 5 31 18 15 1 12 14 8 3 4 9 
0 25 13 21 27 16 4 3 8 14 12 1 15 18 31 5 10 30 22 7 11 6 24 2 17 26 19 28 20 29 23 9 
0 25 13 21 27 16 4 3 8 14 12 1 15 18 31 5 10 6 24 11 29 20 28 19 26 17 2 7 22 30 23 9 
0 25 13 21 27 4 3 8 14 12 1 15 18 31 26 17 2 7 22 30 10 5 19 28 16 20 29 11 24 6 23 9 
0 25 13 21 27 16 3 8 14 12 1 15 18 31 5 10 30 22 7 2 17 26 19 28 20 29 11 24 6 23 4 9 
0 25 13 21 27 4 3 8 14 12 1 15 18 31 5 10 30 22 7 2 17 26 19 28 20 29 11 24 16 6 23 9 
0 25 13 21 27 16 4 3 8 14 12 1 15 31 5 10 30 22 7 2 17 26 19 28 20 29 11 18 24 6 23 9 
0 25 13 21 27 16 4 3 26 20 29 11 24 6 19 28 8 14 12 1 15 18 31 5 10 30 22 7 2 17 23 9 
0 25 13 21 16 4 3 8 14 12 1 15 18 31 5 10 30 22 7 2 19 17 26 28 20 29 11 24 27 6 23 9 
0 25 13 21 27 16 4 3 8 14 12 1 10 30 22 7 2 17 26 5 15 18 31 19 28 20 11 6 24 29 23 9 
0 25 13 21 22 30 10 5 31 18 15 1 12 14 8 3 4 16 27 7 2 17 26 19 28 20 29 11 24 6 23 9 
0 25 21 27 16 4 3 8 14 12 1 15 18 31 13 5 10 30 22 7 2 17 26 19 28 20 29 11 24 6 23 9 
0 23 6 24 11 27 16 4 3 8 14 12 1 25 13 21 15 18 31 5 10 30 22 7 2 17 26 19 28 20 29 9 
0 20 29 11 24 6 4 3 8 14 12 1 15 18 31 5 10 30 22 7 2 17 26 19 28 25 13 21 27 16 23 9 
0 25 13 26 20 29 11 24 6 19 28 21 27 16 4 3 8 14 12 1 15 18 31 5 10 30 22 7 2 17 23 9 
0 25 13 21 27 16 4 28 19 26 17 2 7 22 30 10 5 3 18 15 1 12 14 8 20 29 11 31 24 6 23 9 
0 5 10 30 22 7 2 17 26 19 28 20 29 11 24 25 13 21 27 16 4 3 8 14 12 1 15 18 31 6 23 9 
0 25 13 26 20 29 11 24 21 27 16 4 3 8 14 12 1 15 18 31 5 10 30 22 7 2 17 19 28 6 23 9 
0 25 13 21 27 16 10 30 22 7 2 17 26 19 28 20 29 11 14 12 1 15 18 31 4 5 3 8 24 6 23 9 
0 25 13 21 27 16 4 3 8 14 12 1 15 18 31 5 10 30 22 20 2 17 26 19 28 7 29 11 24 6 23 9 
0 25 13 17 2 7 22 30 10 5 31 18 15 1 12 21 27 14 4 3 8 16 26 19 28 20 29 11 24 6 23 9 
0 25 13 21 16 4 27 3 1 31 18 14 2 22 7 17 26 19 28 10 5 12 8 15 30 20 29 11 24 6 23 9 
0 18 31 5 10 30 22 7 2 17 26 19 28 20 24 6 23 1 12 14 8 3 4 16 27 21 13 25 15 11 29 9 
0 25 18 21 27 16 4 3 8 14 12 1 15 13 31 5 10 30 22 7 2 17 26 19 28 20 29 11 24 6 23 9 
0 25 13 21 27 16 4 3 8 28 14 12 1 15 18 31 24 6 5 30 17 26 19 10 22 7 2 20 29 11 23 9 
0 25 13 21 27 16 4 3 8 14 12 1 15 23 6 24 11 18 5 10 30 22 7 2 17 26 19 28 20 29 31 9 
0 5 13 21 27 16 4 3 8 14 12 1 15 18 31 25 10 30 22 7 2 17 26 19 28 20 29 11 24 6 23 9 
0 25 13 21 27 16 4 3 8 14 12 1 15 18 23 17 31 6 24 11 29 20 28 26 19 2 7 22 30 10 5 9 
0 25 13 10 30 22 7 2 17 26 19 28 20 27 31 5 21 18 16 4 3 8 14 12 1 15 29 11 24 6 23 9 
0 25 13 21 27 16 4 3 28 19 26 17 2 7 8 14 23 6 24 11 12 1 15 18 5 10 30 22 20 29 31 9 
0 30 13 21 27 16 4 3 28 19 26 17 2 7 22 25 10 5 31 18 15 1 12 14 8 20 29 11 24 6 23 9 
0 5 3 23 6 24 11 29 20 2 17 26 14 12 1 15 18 31 8 10 30 22 7 28 19 4 16 27 21 13 25 9 
0 6 23 18 31 5 7 2 17 26 19 28 20 1 10 30 22 15 25 13 21 27 16 4 3 8 14 12 29 11 24 9 
0 23 6 24 11 27 16 4 3 8 14 12 1 15 18 21 25 13 28 19 26 17 2 7 31 5 10 30 9 20 29 22 
0 6 25 23 4 16 27 21 19 17 26 13 28 20 29 11 24 2 7 22 30 10 5 31 18 15 1 12 14 3 8 9 
0 25 13 21 2 17 26 5 15 18 31 19 28 20 22 8 27 16 4 3 7 14 12 1 10 30 29 11 24 6 23 9 
0 25 13 5 10 30 22 7 29 17 26 19 28 20 2 11 24 16 4 3 8 14 12 1 15 18 31 21 27 6 23 9 
