16.1724
15.3705
14.7706
13.9516
13.4722
13.125
12.8438
12.404
12.2524
12.3071
11.9569
11.7742
11.6384
11.3124
11.1329
10.958
10.6425
10.3473
10.1627
10.3202
10.319
10.3712
10.3408
10.0395
9.84188
9.56013
9.50965
9.56593
9.4819
9.5592
9.53426
9.52246
9.38863
9.38897
9.25462
9.28734
9.37707
9.35537
9.35197
9.4068
9.37183
9.28896
9.13405
9.08334
9.00721
8.90424
8.6019
8.54226
8.58038
8.43408
8.36695
8.33393
8.33674
8.05518
8.0133
8.08427
8.09144
8.14427
8.05925
8.11661
7.89651
7.86123
7.85987
7.62144
7.50697
7.41449
7.47456
7.5244
7.50118
7.41853
7.30589
7.46604
7.4504
7.24622
7.32485
7.21417
7.206
7.12237
7.11977
7.07028
7.12763
7.19855
7.20545
7.33303
7.22574
7.12438
7.24398
7.25399
7.20976
7.02369
7.06994
7.0262
6.94422
7.09769
6.81968
6.67098
6.54584
6.62193
6.51105
6.43668
6.45145
6.6103
6.68585
6.48326
6.74711
6.7727
6.82361
6.73569
6.83093
6.87624
6.80287
6.51296
6.14967
6.43571
6.20394
6.40713
6.06416
6.24732
6.31219
6.2942
6.06003
6.08372
6.10377
5.98306
6.05633
6.06111
6.00968
6.04267
6.0045
6.03684
6.19841
6.1942
6.10401
6.02966
5.93275
6.06657
5.99443
5.92269
6.07834
5.99379
6.27346
6.26572
6.17067
6.29933
6.02552
6.01502
6.01626
6.06227
5.97063
5.93881
5.90364
6.02583
6.0094
5.95183
5.99996
6.16809
6.21342
6.21111
6.10294
5.94592
5.68641
5.65623
5.84932
5.78467
5.7044
5.73795
5.81004
5.66789
5.72828
5.74953
5.86657
5.97987
6.07121
5.93989
5.96651
5.80435
6.0336
6.05933
5.93923
5.85855
6.0026
5.72001
5.74467
5.80599
5.77774
5.96581
5.8976
5.72248
5.80018
5.8588
5.7699
5.97612
5.86539
5.72862
5.92463
5.88181
5.82407
5.77585
5.80475
5.69577
5.88912
5.97866
6.17612
5.91301
6.01275
5.71429
5.78294
5.82663
5.96574
5.99019
5.75407
5.79234
5.69294
5.70854
5.67943
5.73892
5.78476
6.05716
5.97932
5.69042
5.64937
5.83471
5.81425
5.84009
5.92377
6.2666
6.0836
6.09818
6.01648
5.84354
5.73223
5.71473
5.87984
6.13484
5.92749
5.7805
5.68421
5.65447
5.89263
5.91484
5.77834
5.78172
5.87741
5.76488
5.67578
5.6903
5.57349
5.50085
5.5646
5.73315
5.66409
5.90668
5.71362
5.56988
5.67418
5.61835
5.67673
5.99116
5.83512
5.75882
5.81486
5.749
5.72132
5.5675
5.69198
5.82987
5.80863
5.57564
5.73536
5.58185
5.47979
5.63151
5.7734
5.96014
6.19999
6.12952
5.71993
5.5516
5.64481
5.67774
5.60022
5.51259
5.58076
5.71952
5.70283
5.70798
5.78655
5.70968
5.58464
5.57687
5.65261
5.71932
5.80766
5.72838
5.73044
5.54932
5.5124
5.77011
5.69008
5.6423
5.58009
5.83394
5.7379
5.60726
5.65357
5.58948
5.88558
5.86511
6.00705
5.81706
5.64626
5.64683
5.79782
5.63881
5.48126
5.4715
5.53462
5.52619
5.43632
5.57095
5.54353
5.48685
5.33513
5.32023
5.389
5.62007
5.44054
5.5705
5.51118
5.4378
5.42478
5.46669
5.38169
5.36966
5.47333
5.77383
5.63969
5.52516
5.42032
5.52165
5.50161
5.46197
5.37502
5.7215
5.80225
5.81906
5.90282
6.0376
5.87994
5.7082
5.53647
5.39916
5.37861
5.54489
5.27033
5.43771
5.31069
5.26664
5.51223
5.27259
5.23575
5.37123
5.56077
5.63064
5.77274
5.63478
5.65219
5.50658
5.61525
5.51996
5.50934
5.49776
5.59202
5.42884
5.43972
5.45514
5.60858
5.32231
5.37081
5.32061
5.25477
5.32902
5.41011
5.45689
5.54649
5.52506
5.4576
5.39488
5.346
5.33467
5.438
5.4086
5.24581
5.3419
5.37584
5.31508
5.38524
5.3876
5.40498
5.4084
5.26396
5.23876
5.26778
5.49319
5.49625
5.45335
5.38141
5.41773
5.38512
5.40189
5.28906
5.30031
5.31338
5.33381
5.36153
5.43401
5.50267
5.4722
5.51359
5.6199
5.52486
5.58377
5.60196
5.43951
5.35753
5.24884
5.27427
5.26347
5.25995
5.23852
5.28998
5.39612
5.41801
5.53727
5.3924
5.33905
5.31684
5.38062
5.36619
5.27386
5.33915
5.3318
5.29475
5.67232
5.59086
5.54668
5.69971
5.7268
5.68901
5.4309
5.40974
5.42866
5.51482
5.54059
5.53198
5.71798
5.91218
5.78102
5.54855
5.48087
5.49017
5.39942
5.32477
5.4358
5.27832
5.26443
5.25315
5.24458
5.53776
5.59485
5.57756
5.702
5.44387
5.60838
5.59285
5.50061
5.45655
5.30231
5.32187
5.28604
5.28831
5.36665
5.47659
5.47768
5.54405
5.72641
5.77311
5.9053
5.82597
6.02387
6.06169
5.9719
5.80289
5.48434
5.42248
5.29356
5.34711
5.3797
5.58324
5.55101
5.49819
5.39787
5.33087
5.4549
5.40807
5.67755
5.47936
5.62753
5.63685
5.67612
5.6647
5.36388
5.32676
5.44971
5.3553
5.31833
5.39337
5.53468
5.66409
5.67517
5.59582
5.55066
5.65581
5.50322
5.24537
5.37611
5.33333
5.24602
5.33388
5.2206
5.2906
5.33249
5.36002
5.36734
5.58244
5.69285
5.39788
5.6728
5.62713
5.53825
5.52354
5.45076
5.48822
5.65231
5.48585
5.45904
5.52814
5.59813
5.54739
5.50163
5.34209
5.37996
5.34937
5.4593
5.46802
5.55718
5.38652
5.28466
5.24897
5.47039
5.4052
5.27281
5.38095
5.51074
5.69071
5.67972
5.51274
5.69502
5.60466
5.6715
5.6837
5.77093
5.69496
5.74907
5.64434
5.65186
5.56186
5.55978
5.67435
5.61919
5.52249
5.43296
5.54586
5.47183
5.34291
5.40888
5.47269
5.4635
5.58805
5.36686
5.25749
5.19911
5.18054
5.24537
5.4878
5.37608
5.37067
5.32587
5.26956
5.34626
5.24277
5.28397
5.31819
5.43028
5.3392
5.34428
5.48469
5.2845
5.27353
5.42276
5.34121
5.52626
5.43873
5.34971
5.44053
5.427
5.48385
5.70955
5.53091
5.6522
5.45142
5.31164
5.2867
5.23005
5.20765
5.27195
5.16689
5.35819
5.53149
5.43955
5.58896
5.2843
5.21737
5.24443
5.34429
5.26917
5.36891
5.38117
5.36066
5.28205
5.55455
5.56747
5.58345
5.6785
5.55133
5.58349
5.72361
5.57182
5.60105
5.67175
5.67671
5.50262
5.54939
5.60464
5.42004
5.49381
5.53776
5.28901
5.36537
5.47067
5.34054
5.34267
5.4107
5.40913
5.31076
5.34007
5.40507
5.54193
5.35597
5.38795
5.40914
5.50259
5.48089
5.52029
5.29004
5.39922
5.42141
5.37521
5.78444
5.46866
5.35888
5.40661
5.28878
5.41168
5.41793
5.42307
5.46691
5.56196
5.63302
5.57951
5.50691
5.70398
5.32534
5.45449
5.4622
5.44227
5.30509
5.36341
5.36163
5.30532
5.39351
5.48919
5.43126
5.39466
5.34458
5.45407
5.4373
5.34799
5.37013
5.47854
5.37889
5.37104
5.28441
5.30976
5.54703
5.55345
5.60291
5.45139
5.42031
5.5365
5.57342
5.48528
5.41141
5.63326
5.74548
5.75599
5.95872
5.82207
5.81607
5.7006
5.72353
5.43501
5.49731
5.31046
5.23702
5.26215
5.28138
5.43342
5.47286
5.40001
5.70185
5.69249
5.60876
5.45708
5.45863
5.41323
5.4153
5.36783
5.36388
5.50039
5.59691
5.58871
5.36519
5.46181
5.47236
5.45493
5.31987
5.3993
5.22547
5.42242
5.31289
5.46687
5.47912
5.46283
5.42326
5.59686
5.67342
5.65371
5.51396
5.65545
5.61008
5.54505
5.60299
5.65765
5.78329
5.63563
5.64947
5.79328
5.43865
5.67269
5.51132
5.72004
5.85967
5.70196
5.72412
5.77592
5.64231
5.54245
5.47256
5.25656
5.34509
5.41298
5.35791
5.40366
5.35591
5.33539
5.40106
5.26352
5.38255
5.29264
5.20993
5.46701
5.43487
5.39724
5.49556
5.68976
5.43478
5.38247
5.57973
5.38729
5.38279
5.59327
5.52525
5.60641
5.45511
5.42603
5.24933
5.3562
5.38303
5.30266
5.59687
5.45656
5.37495
5.46152
5.48846
5.57498
5.53499
5.52994
5.35706
5.38819
5.38625
5.50257
5.70137
5.46846
5.46958
5.47549
5.7882
5.46656
5.44325
5.55813
5.47922
5.48919
5.56295
5.4681
5.47533
5.52465
5.71479
5.67698
5.37475
5.46768
5.41845
5.49808
5.71489
5.36522
5.48146
5.50438
5.53457
5.6047
5.33188
5.3899
5.5083
5.43124
5.42539
5.59292
5.57112
5.70067
5.68326
5.58011
5.70572
5.71792
5.52807
5.32785
5.32899
5.53534
5.41849
5.58207
5.57368
5.55581
5.39411
5.44627
5.67684
5.6297
5.53488
5.42519
5.4729
5.49124
5.50691
5.52769
5.41119
5.42373
5.43412
5.43535
5.27143
5.27612
5.30417
5.28541
5.32797
5.42649
5.39542
5.54974
5.67573
5.63394
5.38564
5.32818
5.35018
5.49791
5.6817
5.39097
5.33139
5.36726
5.40074
5.78172
5.63223
5.62576
5.3855
5.41887
5.4508
5.34506
5.47941
5.50213
5.44843
5.6158
5.6581
5.58907
5.52121
5.33637
5.27889
5.3175
5.37377
5.32715
5.28661
5.58881
5.53375
5.40311
5.31833
5.55621
5.84136
6.13927
5.93434
6.00738
5.86527
5.69819
5.5925
5.50283
5.38614
5.60375
5.38629
5.33826
5.34564
5.71344
5.85233
6.05997
5.94514
5.53859
5.30726
5.39669
5.68738
5.77908
5.52876
5.43835
5.67216
5.61565
5.63796
5.40642
5.27536
5.24655
5.37853
5.34206
5.25891
5.2377
5.19376
5.31494
5.22147
5.29981
5.32956
5.21818
5.27724
5.36323
5.4688
5.47961
5.3402
5.27954
5.25365
5.28601
5.4387
5.35998
5.23675
5.35272
5.36229
5.31159
5.2895
5.3141
5.24777
5.439
5.45004
5.40485
5.36487
5.26126
5.32025
5.42186
5.25577
5.40045
5.5848
5.56429
5.52172
5.76047
5.50488
5.34877
5.37117
5.26259
5.28471
5.35298
5.33724
5.29459
5.23954
5.48397
5.29962
5.35156
5.38592
5.51178
5.44305
5.49902
5.38171
5.38641
5.38847
5.30697
5.36173
5.23169
5.25149
5.18634
5.28064
5.26401
5.34452
5.46819
5.37722
5.31599
5.64526
5.8322
5.80622
5.6085
5.73071
5.49338
5.47783
5.62991
5.56048
5.65168
5.6385
5.61598
5.5799
5.63209
5.42068
5.5954
5.55037
5.52158
5.26004
5.27761
5.38897
5.43793
5.34024
5.34276
5.18788
5.20572
5.25777
5.20079
5.45777
5.56821
5.45371
5.51924
5.3113
5.3114
5.32963
5.19573
5.39974
5.36854
5.43939
5.54111
5.67638
5.73566
5.70778
5.70265
5.41473
5.26447
5.23573
5.2996
5.27449
5.25271
5.40524
5.46896
5.40065
5.25509
5.37544
5.39676
5.53591
5.39811
5.37429
5.31105
5.42524
5.52243
5.4988
5.49343
5.55105
5.54994
5.45539
5.69959
5.7927
5.58782
5.73516
5.78099
5.64793
5.95381
5.41303
5.46348
5.60996
5.64583
5.80687
5.53514
5.4253
5.20715
5.19628
5.31941
5.47767
5.4549
5.32594
5.38982
5.63126
5.4042
5.41865
5.48641
5.38739
5.36436
5.17703
5.20461
5.22282
5.24569
5.33658
5.23146
5.3514
5.30205
5.1876
5.25022
5.24458
5.22486
5.29992
5.3606
5.41956
5.34028
5.17284
5.16944
5.3036
5.303
5.35243
5.41832
5.49074
5.60258
5.58699
5.49743
5.55024
5.39692
5.51471
5.34197
5.68339
5.60072
5.45211
5.62525
5.65435
5.49775
5.41579
5.51675
5.73611
5.48737
5.56449
5.51607
5.40859
5.45995
5.40628
5.54478
5.51352
5.63124
5.6288
5.50586
5.45857
5.53471
5.38311
5.44029
5.46478
5.49495
5.34392
5.42708
5.42275
5.52629
5.64215
5.46515
5.31137
5.27014
5.28428
5.28605
5.3828
5.36661
5.54418
5.46117
5.4695
5.54921
5.30105
5.36599
5.33107
5.40923
5.5177
5.35715
5.48794
5.37036
5.53333
5.30842
5.46809
5.60028
5.35574
5.44176
5.27525
5.20666
5.22582
5.44344
5.29006
5.20693
5.12105
5.12067
5.19223
5.31482
5.3943
5.44347
5.6447
5.52544
5.78828
5.68803
5.5002
5.57155
5.6973
5.6558
5.56787
5.47004
5.4802
5.42131
5.40211
5.40811
5.40566
5.29611
5.34518
5.32133
5.30493
5.39546
5.3768
5.58099
5.19125
5.2515
5.30739
5.33041
5.29849
5.36331
5.27077
5.346
5.25152
5.15318
5.17258
5.25528
5.27123
5.09085
5.10609
5.19869
5.21556
5.47973
5.71832
5.58996
5.49662
5.36877
5.1787
5.22431
5.61766
5.61378
5.34348
5.23693
5.34907
5.33042
5.43719
5.34616
5.6152
5.63479
5.35731
5.39037
5.39615
5.24937
5.18595
5.27099
5.21448
5.16889
5.17692
5.15293
5.09776
5.24128
5.3345
5.35638
5.34956
5.22905
5.18076
5.22308
5.29926
5.18489
5.19575
5.19439
5.18956
5.13009
5.15908
5.13666
5.2718
5.20899
5.1572
5.31826
5.22099
5.2419
5.25258
5.17978
5.21498
5.44631
5.37727
5.32983
5.25726
5.31322
5.43643
5.33718
5.60826
5.56126
5.5196
5.43006
5.26174
5.28694
5.35468
5.37676
5.29529
5.43986
5.28444
5.35691
5.55242
5.65212
5.71201
5.60719
5.57362
5.45275
5.50551
5.58439
5.43944
5.31229
5.41001
5.52634
5.66649
5.46921
5.43436
5.37722
5.46687
5.40774
5.42216
5.41688
5.34502
5.36659
5.32789
5.36002
5.49164
5.44724
5.47807
5.47232
5.52995
5.71776
5.48198
5.39667
5.40468
5.33231
5.39152
5.31778
5.36058
5.24035
5.26485
5.20002
5.41138
5.41876
5.26722
5.33427
5.3617
5.1706
5.19185
5.22264
5.16836
5.19074
5.25189
5.10531
5.30283
5.23962
5.3075
5.15753
5.14065
5.21744
5.36428
5.39366
5.40623
5.60584
5.50085
5.45221
5.3857
5.23702
5.46015
5.50001
5.41622
5.26734
5.2332
5.35294
5.1887
5.30533
5.24337
5.26252
5.31993
5.2636
5.35083
5.32774
5.38684
5.35816
5.31372
5.37896
5.3596
5.39663
5.20354
5.37058
5.25626
5.23412
5.30661
5.50775
5.34072
5.34047
5.39085
5.36922
5.53099
5.50312
5.52558
5.51041
5.55549
5.57135
5.42228
5.50322
5.26761
5.37899
5.39629
5.36939
5.40446
5.32846
5.36381
5.2469
5.29789
5.25458
5.25479
5.22852
5.30208
5.28384
5.23662
5.37177
5.24916
5.22756
5.32517
5.27858
5.33431
5.24684
5.31971
5.3513
5.48972
5.57406
5.66051
5.58678
5.49116
5.51675
5.24172
5.36731
5.19706
5.28523
5.30515
5.57869
5.4654
5.60876
5.41134
5.52702
5.35544
5.70317
5.52774
5.52361
5.40189
5.34343
5.36294
5.28817
5.48513
5.53053
5.39193
5.56526
5.6097
5.40924
5.40361
5.32054
5.55893
5.4325
5.37382
5.2678
5.20242
5.2109
5.14861
5.33379
5.43676
5.37701
5.39143
5.38434
5.18249
5.37878
5.58
5.61302
5.75921
5.7656
5.67609
5.43682
5.59103
5.5193
5.43667
5.43419
5.41267
5.51363
5.70085
5.45524
5.70161
5.80339
5.64863
5.54957
5.4473
5.46474
5.55878
5.72348
5.47689
5.4676
5.26213
5.33233
5.58956
5.38167
5.51456
5.73973
5.8557
5.63983
5.47857
5.47938
5.35015
5.33021
5.45214
5.20169
5.14015
5.23944
5.37612
5.21998
5.38794
5.53623
5.59704
5.60524
5.38434
5.37241
5.30913
5.2479
5.21146
5.344
5.31976
5.45015
5.44422
5.30385
5.37323
5.36324
5.45953
5.68947
5.66196
5.91642
5.852
5.86001
5.80813
5.57821
5.55758
5.44847
5.29348
5.30323
5.1597
5.29256
5.26976
5.42504
5.6692
5.56349
5.49972
5.69319
5.55076
5.50024
5.42195
5.48032
5.39601
5.35987
5.20379
5.16153
5.31086
5.54873
5.40308
5.40213
5.39645
5.2759
5.3859
5.48918
5.53345
5.309
5.43875
5.39762
5.24157
5.29544
5.24997
5.29027
5.31434
5.29109
5.22549
5.36751
5.19162
5.28035
5.38132
5.42554
5.31271
5.38892
5.42292
5.28025
5.31937
5.39492
5.31923
5.34965
5.41361
5.33637
5.22247
5.23098
5.20871
5.48552
5.25932
5.29466
5.14435
5.08796
5.12269
5.10616
5.21195
5.31036
5.23337
5.1441
5.16873
5.21726
5.0992
5.16365
5.21655
5.35175
5.4576
5.50515
5.29424
5.41042
5.38188
5.58362
5.50024
5.32827
5.11995
5.08917
5.14354
5.24008
5.27545
5.46308
5.39269
5.23393
5.29803
5.36613
5.47351
5.73233
5.82115
5.49778
5.45643
5.64327
5.74412
5.65651
5.78082
5.83725
5.72735
5.74192
5.5071
5.38737
5.29889
5.48131
5.42328
5.4786
5.50305
5.65254
5.60063
5.46373
5.33924
5.49135
5.48317
5.36381
5.44343
5.45598
5.26317
5.30339
5.34094
5.37151
5.34592
5.47036
5.46658
5.40717
5.64714
5.49764
5.52314
5.51689
5.48937
5.38652
5.4071
5.33432
5.27855
5.37601
5.15509
5.18884
5.14617
5.12789
5.29806
5.34995
5.3768
5.44275
5.39838
5.53583
5.46804
5.43715
5.4537
5.53399
5.43472
5.53976
5.37038
5.30343
5.38092
5.35937
5.24556
5.33401
5.17977
5.17287
5.23438
5.16079
5.20965
5.1335
5.09918
5.1697
5.22838
5.30607
5.44937
5.40413
5.27109
5.17736
5.39655
5.24183
5.21317
5.35884
5.33075
5.38833
5.25588
5.18508
5.23626
5.39414
5.55218
5.39064
5.44516
5.23241
5.32882
5.27396
5.28909
5.46264
5.25626
5.31696
5.27748
5.17507
5.21285
5.32342
5.7029
5.25632
5.25521
5.20929
5.23387
5.30106
5.34149
5.61122
5.73775
5.37549
5.36213
5.47225
5.30765
5.09885
5.08796
5.08796
5.30004
5.20092
5.28185
5.40095
5.47345
5.44889
5.4009
5.34763
5.21346
5.36818
5.42832
5.38894
5.30592
5.49022
5.32058
5.34606
5.10332
5.3132
5.48466
5.43541
5.28806
5.20388
5.29386
5.16621
5.28401
5.27247
5.3358
5.22736
5.24807
5.24945
5.52874
5.51886
5.49587
5.23618
5.2642
5.39383
5.34871
5.2829
5.35177
5.28214
5.36479
5.20198
5.41109
5.39687
5.17667
5.33781
5.56303
5.49986
5.19247
5.32261
5.35058
5.67796
5.52046
5.42379
5.34983
5.32902
5.51039
5.51262
5.58246
5.59864
5.35513
5.2412
5.38783
5.36656
5.38293
5.44912
5.53477
5.40048
5.18469
5.20053
5.24899
5.11178
5.26195
5.24859
5.37727
5.24663
5.25862
5.19986
5.26019
5.37519
5.4447
5.39018
5.53923
5.65167
5.44099
5.22867
5.15667
5.14741
5.33427
5.37263
5.46746
5.27159
5.34573
5.41235
5.49772
5.46823
5.49867
5.3345
5.28414
5.20993
5.32971
5.36667
5.58727
5.36476
5.38072
5.48854
5.558
5.5006
5.47176
5.2372
5.32428
5.47816
5.34681
5.35899
5.32655
5.28966
5.14729
5.26191
5.44865
5.7025
5.68687
5.30569
5.21667
5.42935
5.56837
5.36317
5.28144
5.36089
5.51547
5.51166
5.42126
5.28247
5.25503
5.22428
5.32386
5.42949
5.40833
5.39
5.31639
5.40156
5.49046
5.43072
5.38207
5.48863
5.22044
5.25515
5.22657
5.2262
5.43968
5.11593
5.10906
5.17608
5.15395
5.08796
5.11235
5.34183
5.14514
5.13361
5.35428
5.33356
5.40106
5.30666
5.26918
5.28192
5.29544
5.27647
5.32342
5.2211
5.34408
5.2654
5.45617
5.42977
5.35633
5.42569
5.30773
5.37222
5.25557
5.26418
5.22423
5.30602
5.46484
5.60849
5.5179
5.29307
5.28633
5.20506
5.35962
5.41131
5.42737
5.52959
5.4552
5.28378
5.45418
5.3617
5.36184
5.43384
5.38606
5.45709
5.34186
5.43472
5.37947
5.51524
5.36445
5.58543
5.57409
5.33672
5.30462
5.20055
