35.4912
33.7218
32.4021
30.8206
29.2387
28.5234
27.4744
26.5659
25.6071
25.2849
24.4408
23.7316
22.8777
21.4531
20.7698
20.8124
20.2745
19.7924
19.4896
19.2684
18.8453
18.6976
17.6018
16.764
16.1505
15.58
14.9993
14.9501
14.8269
14.5957
14.1495
14.2342
13.6305
13.6989
13.5903
13.6172
13.4879
13.4722
13.5552
13.1623
13.0426
13.0038
13.1193
12.8419
12.8142
12.653
12.3845
12.318
11.9865
12.1646
12.0822
11.8033
11.7734
11.704
11.5308
11.5843
11.5335
11.6296
11.5884
11.4036
11.4951
11.3223
11.2805
11.2307
11.196
11.5386
11.3982
11.1286
11.0342
10.7936
10.62
10.6221
10.3528
10.3511
10.3759
10.5639
10.5398
10.8155
10.5414
10.5614
10.1469
10.0047
9.99453
10.0002
9.99373
9.99936
10.3347
10.0573
10.044
10.1325
10.1243
10.0923
10.027
10.2058
10.0254
10.085
10.2272
10.1006
10.1433
10.0903
10.0694
9.81323
9.77814
9.84887
9.7033
9.55723
9.64623
9.20842
9.0068
9.25555
9.27806
9.22989
9.03596
8.91689
8.91535
8.96213
8.97253
8.91535
8.91407
8.89618
8.70642
8.41111
8.17638
8.17683
8.08275
8.06202
8.02803
7.87389
7.89186
7.8492
7.94453
7.81446
7.842
7.90993
7.78142
7.71084
7.66973
7.99799
7.99933
7.49905
7.47916
7.41016
7.35833
7.29772
7.19278
7.09208
6.87659
6.76502
6.74621
6.80132
6.74616
6.85995
6.71969
6.65936
6.58998
6.57905
6.50952
6.51325
6.42191
6.50976
6.80446
7.11955
7.9338
8.3044
8.09403
7.84623
8.21172
7.69221
7.80424
6.92195
7.27501
6.93179
6.44705
6.44401
6.3543
6.3516
6.3516
6.3516
6.3516
6.3516
6.3516
6.3516
6.43705
6.59833
6.3516
6.3516
6.3516
6.3516
6.4091
6.36561
6.40669
6.60374
6.47082
6.41766
6.36335
6.37902
6.3516
6.3516
6.3516
6.35776
6.43619
6.44604
6.47898
6.35117
6.34729
6.40472
6.42383
6.33134
6.33329
6.433
6.35568
6.34013
6.33004
6.33004
6.33004
6.33004
6.33004
6.33004
6.62547
6.33004
6.32876
6.32618
6.32002
6.35782
6.43687
6.29859
6.26571
6.26571
6.2652
6.26317
6.2591
6.25335
6.2464
6.2403
6.2403
6.2407
6.2403
6.2403
6.2403
6.2403
6.24947
6.81301
7.28911
7.50679
7.49016
7.24495
6.82833
6.82207
6.48014
6.67246
6.55255
6.42231
6.4381
6.54758
6.60392
6.34358
6.2403
6.2403
6.2403
6.2403
6.2403
6.2403
6.2403
6.2403
6.24065
6.2403
6.2403
6.24065
6.2403
6.32913
6.2403
6.24711
6.2403
6.26846
6.25542
6.2403
6.2403
6.2403
6.2403
6.2403
6.2403
6.2403
6.2411
6.2403
6.2403
6.2403
6.2403
6.2403
6.24497
6.2403
6.2403
6.2403
6.2403
6.2403
6.2403
6.2403
6.2403
6.2403
6.2403
6.28024
6.2403
6.24123
6.2403
6.32946
6.3063
6.3723
6.2403
6.2403
6.28488
6.53779
6.52107
6.47024
6.36736
6.4448
6.4073
6.35778
6.58678
6.58526
6.39828
6.30645
6.2403
6.2403
6.4397
6.33082
6.49189
6.25935
6.2403
6.27805
6.2403
6.2403
6.2403
6.2403
6.26539
6.31482
6.24738
6.2403
6.2403
6.2403
6.2403
6.27976
6.67163
6.46532
6.59642
6.33185
6.2826
6.75707
6.27357
6.29438
6.2403
6.31557
6.27927
6.34623
6.2403
6.29251
6.2403
6.28521
6.42059
6.2403
6.2403
6.2851
6.25208
6.2889
6.2403
6.2403
6.2403
6.2403
6.29077
6.2403
6.2403
6.2403
6.30969
6.29338
6.24362
6.25985
6.3536
6.36986
6.2403
6.2608
6.2403
6.30317
6.4742
6.24354
6.2403
6.27651
6.24309
6.34133
6.28063
6.3134
6.29185
6.36466
6.5072
6.26674
6.24648
6.2874
6.42248
6.29507
6.25397
6.35423
6.29666
6.4484
6.30034
6.2403
6.2403
6.35998
6.39381
6.24689
6.27402
6.2407
6.2407
6.32658
6.26774
6.52852
6.51081
6.2403
6.2403
6.2403
6.2403
6.26442
6.24314
6.2403
6.2403
6.2403
6.2403
6.24091
6.2403
6.2403
6.2403
6.25652
6.28317
6.2403
6.2403
6.24183
6.40577
6.42968
6.50917
6.35952
6.7357
6.39765
6.29094
6.2914
6.2403
6.2403
6.2403
6.2403
6.2403
6.30666
6.57414
6.86062
6.88911
6.35767
6.31164
6.25209
6.26093
6.2403
6.2403
6.2403
6.2629
6.2403
6.2403
6.2403
6.35934
6.2403
6.2403
6.2403
6.25294
6.41407
6.2403
6.2403
6.25447
6.2407
6.32883
6.27773
6.2416
6.2403
6.33239
6.2403
6.2403
6.2403
6.25583
6.25641
6.24123
6.27279
6.2403
6.2403
6.2403
6.2403
6.2403
6.2403
6.2403
6.2403
6.28134
6.2403
6.2403
6.2403
6.33018
6.28381
6.2403
6.34964
6.2403
6.2403
6.2403
6.2403
6.2403
6.29032
6.2403
6.2403
6.2403
6.2403
6.25197
6.2403
6.2403
6.2403
6.2403
6.24123
6.2403
6.2403
6.2403
6.2456
6.2403
6.2403
6.2403
6.2403
6.2403
6.2403
6.2403
6.2403
6.2403
6.24091
6.24065
6.2403
6.2403
6.2403
6.2403
6.2403
6.2403
6.2403
6.2403
6.24065
6.2403
6.2403
6.2403
6.2403
6.2403
6.2403
6.2403
6.2403
6.29737
6.2403
6.2403
6.2403
6.27956
6.2403
6.33202
6.50817
6.35597
6.28314
6.29538
6.31488
6.2403
6.24994
6.26648
6.2403
6.2403
6.2403
6.2403
6.35702
6.30152
6.4205
6.2819
6.38417
6.36706
6.54994
6.38779
6.41289
6.254
6.2497
6.2403
6.2403
6.2403
6.2403
6.2403
6.2403
6.2932
6.31103
6.2403
6.26475
6.2403
6.24603
6.2403
6.28823
6.30078
6.41025
6.41815
6.40437
6.65054
6.75386
6.31066
6.2403
6.2403
6.2403
6.88074
7.08809
6.67063
6.56724
6.34434
6.2403
6.25025
6.2403
6.29681
6.31995
6.2403
6.2403
6.2403
6.2403
6.2403
6.2403
6.2403
6.2403
6.2403
6.2403
6.2403
6.2403
6.2403
6.2403
6.2403
6.2403
6.34526
6.24056
6.24523
6.41544
6.2403
6.26186
6.37498
6.37442
6.2403
6.2403
6.2403
6.2403
6.28163
6.29856
6.2403
6.32871
6.2403
6.2403
6.2403
6.30719
6.2403
6.2403
6.25974
6.26106
6.2403
6.25116
6.2403
6.59165
6.5345
6.70797
6.73885
6.49827
6.5349
6.56269
6.84708
6.4684
6.42969
6.29376
6.2403
6.24073
6.24771
6.2403
6.28061
6.27224
6.28463
6.2509
6.2403
6.2403
6.31471
6.37855
6.46478
6.40171
6.37738
6.53802
6.34822
6.36714
6.28361
6.27312
6.29738
6.2705
6.24595
6.25523
6.2403
6.25116
6.55346
6.40746
6.2403
6.24045
6.2403
6.24676
6.2403
6.2403
6.2403
6.34991
6.25844
6.38136
6.39528
6.34968
6.2403
6.26558
6.2403
6.2403
6.2403
6.2403
6.2403
6.2403
6.2403
6.2403
6.2403
6.2403
6.25265
6.26346
6.34411
6.57141
6.37658
6.27692
6.36217
6.31402
6.2403
6.2403
6.2403
6.2403
6.2403
6.2403
6.2403
6.56723
6.51853
6.34873
6.30107
6.26308
6.25556
6.2403
6.2403
6.24457
6.2403
6.2403
6.2403
6.2403
6.2403
6.2403
6.25643
6.3092
6.7151
6.4455
6.45614
6.33746
6.49066
6.29187
6.2403
6.2403
6.2403
6.2403
6.2403
6.61367
6.58171
6.2403
6.48651
6.48882
6.6974
6.60819
6.2403
6.76572
6.83722
6.44295
6.27917
6.2403
6.2403
6.39009
6.26025
6.2403
6.27482
6.2403
6.36287
6.33208
6.78948
7.22222
7.22155
6.51557
6.64509
6.96541
6.41321
6.65101
6.57811
6.37994
6.28927
6.25883
6.25707
6.2403
6.2403
6.2403
6.2403
6.2403
6.30799
6.2403
6.2403
6.2403
6.2403
6.2403
6.2403
6.2403
6.46599
6.45191
6.2403
6.24088
6.2403
6.2403
6.2403
6.27519
6.24351
6.2403
6.29379
6.2403
6.2403
6.38975
6.50843
6.64197
6.52788
6.37604
6.36606
6.26116
6.25542
6.2403
6.2403
6.2403
6.2403
6.2403
6.2403
6.2403
6.2403
6.2403
6.2556
6.2403
6.2403
6.2403
6.30498
6.2698
6.2403
6.2403
6.2403
6.2403
6.24339
6.243
6.27718
6.32021
6.2403
6.36179
6.30842
6.2403
6.2403
6.2403
6.32958
6.2459
6.2403
6.25977
6.31267
6.24256
6.2403
6.2403
6.24984
6.40552
6.2403
6.2403
6.2403
6.2403
6.36636
6.25244
6.37484
6.2403
6.2403
6.2684
6.2403
6.2403
6.2403
6.2403
6.2403
6.26595
6.24397
6.2403
6.2403
6.2403
6.2403
6.46084
6.30594
6.28039
6.39368
6.67176
6.2403
6.25314
6.2403
6.2403
6.2403
6.27928
6.5598
6.39191
6.30596
6.24963
6.2403
6.2403
6.27055
6.2403
6.2403
6.25165
6.2403
6.2403
6.2403
6.2403
6.2403
6.2403
6.2403
6.2403
6.2403
6.2403
6.2403
6.2403
6.2403
6.2403
6.24693
6.26213
6.2403
6.2403
6.2403
6.2403
6.2403
6.2403
6.2403
6.2403
6.2403
6.2403
6.2403
6.2403
6.2403
6.2403
6.2403
6.2403
6.28054
6.49017
6.61773
7.0101
6.85202
6.36262
6.55061
6.31623
6.3675
6.41646
6.34328
6.52294
6.44225
6.33417
6.72637
7.0627
7.18379
6.69678
6.2615
6.31799
6.2403
6.2403
6.25313
6.25468
6.42835
6.25091
6.2555
6.39951
6.40053
6.70644
6.40088
6.30449
6.24739
6.2403
6.2403
6.2403
6.2403
6.24641
6.38762
6.25264
6.44575
6.88288
6.35362
6.2403
6.2403
6.2403
6.2403
6.2403
6.2403
6.26281
6.2403
6.24065
6.38823
6.2403
6.2403
6.24145
6.27105
6.2407
6.30454
6.46583
