1 17.7829 0
2 17.0346 0.529111
3 17.0179 0.353004
4 16.7701 0.340814
5 15.9543 0.778982
6 15.2202 0.932949
7 15.2291 0.799712
8 15.5415 0.758328
9 15.5758 0.674845
10 15.4286 0.623214
11 15.1585 0.622326
12 15.3337 0.594624
13 15.3925 0.551779
14 15.3563 0.513552
15 15.4644 0.49057
16 15.5789 0.473078
17 15.5849 0.445287
18 15.6494 0.425191
19 15.5615 0.411787
20 15.5376 0.391893
21 15.5176 0.37374
22 15.4034 0.373782
23 15.2857 0.375624
24 15.1457 0.385182
25 15.2508 0.383843
26 15.2957 0.371698
27 15.246 0.361233
28 15.0776 0.385594
29 15.0342 0.374737
30 15.0174 0.36262
31 14.9009 0.369168
32 14.925 0.358419
33 15.0457 0.367322
34 15.0019 0.35912
35 14.9622 0.351054
36 14.9756 0.341561
37 14.9691 0.332392
38 15.1016 0.349042
39 15.109 0.340171
40 15.1455 0.33362
41 15.1609 0.32584
42 15.0869 0.326373
43 15.0831 0.318805
44 15.0414 0.314284
45 15.0561 0.307645
46 15.0047 0.305217
47 15.0275 0.299569
48 15.026 0.293332
49 15.017 0.287482
50 15.0169 0.281733
51 15.0578 0.279163
52 15.0574 0.273795
53 15.091 0.270688
54 15.035 0.271419
55 14.972 0.273697
56 15.0401 0.277158
57 15.0546 0.272672
58 15.0575 0.267987
59 15.0356 0.264343
60 15.0332 0.259948
61 15.0009 0.257693
62 15.0151 0.253928
63 15.0443 0.251574
64 15.0462 0.24765
65 15.0791 0.246016
66 15.072 0.242392
67 15.0914 0.239554
68 15.0655 0.237427
69 15.0632 0.233998
70 15.0982 0.233262
71 15.1485 0.235348
72 15.126 0.233154
73 15.1262 0.22996
74 15.1042 0.227902
75 15.1106 0.224954
76 15.1533 0.226003
77 15.1526 0.223069
78 15.0972 0.226981
79 15.0944 0.224125
80 15.0713 0.222505
81 15.0811 0.21997
82 15.0434 0.220485
83 15.0218 0.218888
84 15.0065 0.216815
85 15.0251 0.215058
86 15.063 0.215878
87 15.0748 0.213719
88 15.075 0.211291
89 15.0544 0.20991
90 15.0533 0.20758
91 15.0395 0.205758
92 15.0672 0.205374
93 15.056 0.20347
94 15.0843 0.203264
95 15.0894 0.201187
96 15.0834 0.199181
97 15.087 0.197161
98 15.0657 0.196292
99 15.0583 0.194448
100 15.0541 0.192549
101 15.044 0.190909
102 15.0503 0.189143
103 15.0603 0.187571
104 15.0403 0.186837
105 15.0333 0.185187
106 15.0539 0.184586
107 15.0761 0.184187
108 15.0769 0.182483
109 15.0832 0.180919
110 15.0678 0.179934
111 15.0635 0.178364
112 15.0559 0.176934
113 15.0659 0.175654
114 15.0611 0.17418
115 15.0239 0.176598
116 15.0295 0.175166
117 14.9934 0.177362
118 14.9957 0.175875
119 14.9808 0.175022
120 15.0031 0.174977
121 14.975 0.175772
122 14.9771 0.174343
123 14.9717 0.173009
124 14.9552 0.172403
125 14.9537 0.17103
126 14.9693 0.170381
127 14.9719 0.169059
128 14.9634 0.167954
129 14.9695 0.166765
130 14.9798 0.1658
131 14.9844 0.164596
132 14.9737 0.163696
133 14.9872 0.163024
134 14.9965 0.162071
135 15.0319 0.164706
136 15.0341 0.163509
137 15.0525 0.16335
138 15.0516 0.162169
139 15.079 0.163302
140 15.0784 0.162137
141 15.0853 0.161133
142 15.078 0.160162
143 15.0656 0.159521
144 15.0406 0.160361
145 15.0356 0.159332
146 15.0527 0.15916
147 15.0478 0.158153
148 15.0687 0.158461
149 15.0549 0.157996
150 15.0546 0.156943
151 15.065 0.156252
152 15.0571 0.155427
153 15.0438 0.154976
154 15.0382 0.154071
155 15.0436 0.153172
156 15.0365 0.152353
157 15.0476 0.151782
158 15.0661 0.151947
159 15.0555 0.15136
160 15.0579 0.150433
161 15.0662 0.149728
162 15.0541 0.14929
163 15.0548 0.148376
164 15.0362 0.148641
165 15.0281 0.14796
166 15.0545 0.149417
167 15.0413 0.149108
168 15.0317 0.148528
169 15.0372 0.14775
170 15.0435 0.147016
171 15.0443 0.146158
172 15.0423 0.145323
173 15.0484 0.144613
174 15.0518 0.143821
175 15.0381 0.143647
176 15.0501 0.143327
177 15.0446 0.142624
178 15.0293 0.142633
179 15.028 0.141842
180 15.0186 0.141368
181 15.0284 0.140926
182 15.0223 0.140284
183 15.0221 0.139518
184 15.0493 0.141376
185 15.046 0.140649
186 15.0547 0.140162
187 15.0479 0.139582
188 15.0458 0.138854
189 15.0407 0.138214
190 15.0359 0.13757
191 15.0561 0.138321
192 15.0773 0.139225
193 15.0724 0.138589
194 15.0773 0.137961
195 15.0664 0.137684
196 15.0563 0.137355
197 15.0667 0.13705
198 15.0788 0.136897
199 15.0915 0.136788
200 15.0878 0.136154
201 15.0982 0.135878
202 15.0965 0.135217
203 15.1012 0.134634
204 15.1036 0.133996
205 15.0833 0.134876
206 15.0764 0.134397
207 15.0752 0.133753
208 15.0758 0.133112
209 15.0919 0.133439
210 15.0796 0.133372
211 15.0762 0.132783
212 15.0721 0.132219
213 15.0742 0.131615
214 15.0771 0.131033
215 15.0798 0.13045
216 15.0751 0.129932
217 15.0957 0.130959
218 15.1025 0.130537
219 15.1147 0.130512
220 15.1156 0.129921
221 15.104 0.129854
222 15.0932 0.129721
223 15.09 0.129177
224 15.081 0.128918
225 15.086 0.128445
226 15.0921 0.128019
227 15.0837 0.127726
228 15.083 0.127168
229 15.0788 0.126683
230 15.0674 0.126643
231 15.0595 0.126339
232 15.0722 0.12643
233 15.0643 0.126136
234 15.0558 0.125881
235 15.0561 0.125346
236 15.0569 0.124817
237 15.0516 0.124405
238 15.0563 0.123971
239 15.0562 0.123453
240 15.0518 0.123017
241 15.0382 0.123256
242 15.0483 0.123161
243 15.0435 0.122747
244 15.0186 0.124756
245 15.0096 0.124568
246 15.0125 0.124095
247 15.0038 0.1239
248 15.0095 0.123529
249 15.0247 0.123967
250 15.0132 0.123997
251 15.0066 0.123683
252 15.0175 0.123674
253 15.0174 0.123185
254 15.02 0.122729
255 15.0079 0.122843
256 15.0011 0.122552
257 15.0058 0.122165
258 15.0135 0.121935
259 15.0056 0.12172
260 14.9963 0.121608
261 14.991 0.12126
262 14.9924 0.120805
263 15.0085 0.121416
264 15.0043 0.121028
265 14.9963 0.120833
266 14.9791 0.121606
267 14.9805 0.121159
268 14.9872 0.120896
269 14.9948 0.12068
270 14.9894 0.120351
271 15.0042 0.120809
272 15.0075 0.12041
273 15.0058 0.119981
274 15.0161 0.119978
275 15.0214 0.119661
276 15.0162 0.119343
277 15.015 0.118918
278 15.0001 0.119422
279 14.9954 0.119086
280 14.9837 0.119233
281 14.9861 0.118832
282 14.9804 0.118545
283 14.9751 0.118248
284 14.9874 0.118476
285 14.9811 0.118227
286 14.9832 0.117832
287 14.9836 0.117423
288 14.9728 0.117516
289 14.9765 0.11717
290 14.97 0.116945
291 14.9818 0.117136
292 14.9923 0.117201
293 14.9946 0.116824
294 14.9906 0.116495
295 15.0002 0.11649
296 15.0006 0.116097
297 14.9881 0.116376
298 14.9839 0.11606
299 14.9849 0.115676
300 14.9845 0.11529
301 14.9683 0.116049
302 14.97 0.115678
303 14.9603 0.1157
304 14.9589 0.115328
305 14.9663 0.115186
306 14.9605 0.114954
307 14.9657 0.114699
308 14.9554 0.114789
309 14.9606 0.114537
310 14.9634 0.1142
311 14.9597 0.113893
312 14.9563 0.113579
313 14.9601 0.113279
314 14.962 0.112935
315 14.9621 0.112576
316 14.9727 0.112717
317 14.982 0.112749
318 14.9761 0.112549
319 14.9798 0.112256
320 14.9799 0.111906
321 14.9863 0.111739
322 14.9815 0.111497
323 14.9978 0.112346
324 14.9963 0.11201
325 14.9957 0.111667
326 14.9895 0.111495
327 14.9761 0.111964
328 14.9696 0.111811
329 14.9817 0.112126
330 14.9821 0.111787
331 14.9881 0.111609
332 14.9939 0.111422
333 14.9979 0.111159
334 15.005 0.111054
335 14.9975 0.110973
336 14.9998 0.110666
337 15.0084 0.110673
338 15.0064 0.110364
339 14.9953 0.110594
340 14.9925 0.110304
341 14.9822 0.110463
342 14.9727 0.110551
343 14.9814 0.110577
344 14.9817 0.110256
345 14.9945 0.110671
346 15.0001 0.110494
347 15.0011 0.11018
348 14.997 0.10994
349 14.9963 0.109627
350 14.9923 0.109386
351 14.9924 0.109075
352 14.9899 0.108794
353 15.0096 0.110266
354 15.0035 0.110124
355 15.0012 0.109839
356 15.0026 0.10954
357 15.0147 0.1099
358 15.0211 0.109776
359 15.0229 0.109485
360 15.0221 0.109184
361 15.022 0.108881
362 15.0273 0.108711
363 15.0324 0.108531
364 15.0306 0.108247
365 15.0183 0.108648
366 15.0164 0.108369
367 15.014 0.108098
368 15.0152 0.10781
369 15.0223 0.107755
370 15.0214 0.107467
371 15.0265 0.107297
372 15.0246 0.107026
373 15.0243 0.106739
374 15.0209 0.10651
375 15.0198 0.106231
376 15.0224 0.10598
377 15.0222 0.105699
378 15.0216 0.105421
379 15.0197 0.10516
380 15.0218 0.104903
381 15.0154 0.104818
382 15.0197 0.104632
383 15.0154 0.104449
384 15.0233 0.104477
385 15.0195 0.104275
386 15.0338 0.104984
387 15.0387 0.104824
388 15.0366 0.104574
389 15.0343 0.104331
390 15.0277 0.104267
391 15.0272 0.104002
392 15.0322 0.103856
393 15.0316 0.103594
394 15.0352 0.103395
395 15.0257 0.103577
396 15.0306 0.103435
397 15.0325 0.103191
398 15.026 0.103133
399 15.0284 0.102901
400 15.0358 0.102915
