1 5.39725 0
2 5.36553 0.0224284
3 5.38982 0.0248367
4 5.42841 0.0382632
5 5.58924 0.147069
6 5.76298 0.200437
7 5.8159 0.178652
8 5.73786 0.172524
9 5.59425 0.204573
10 5.57217 0.185305
11 5.71758 0.218178
12 5.68058 0.20311
13 5.64784 0.190107
14 5.55258 0.198967
15 5.59726 0.190654
16 5.71474 0.21186
17 5.63809 0.212811
18 5.62512 0.201383
19 5.63944 0.191293
20 5.67181 0.184446
21 5.7109 0.179758
22 5.7427 0.174377
23 5.67785 0.178445
24 5.69114 0.171504
25 5.69939 0.164843
26 5.67706 0.160009
27 5.65879 0.155122
28 5.62332 0.153584
29 5.59284 0.151281
30 5.61619 0.148029
31 5.58796 0.14592
32 5.55718 0.14457
33 5.53288 0.142216
34 5.58838 0.148468
35 5.5979 0.144531
36 5.5715 0.142906
37 5.55713 0.139765
38 5.55362 0.136131
39 5.5853 0.136277
40 5.6063 0.134477
41 5.60802 0.131209
42 5.56356 0.135407
43 5.58817 0.134476
44 5.5623 0.133885
45 5.56769 0.131017
46 5.61278 0.135707
47 5.58704 0.135239
48 5.61912 0.136175
49 5.62213 0.133429
50 5.62141 0.130762
51 5.64316 0.129995
52 5.67373 0.131039
53 5.66157 0.12913
54 5.67541 0.127478
55 5.66439 0.125636
56 5.6277 0.128638
57 5.59799 0.129767
58 5.58235 0.128468
59 5.611 0.129446
60 5.5754 0.132094
61 5.56692 0.1302
62 5.58836 0.129853
63 5.57499 0.128478
64 5.55818 0.127565
65 5.54664 0.126124
66 5.55874 0.124792
67 5.52412 0.127643
68 5.50287 0.127522
69 5.49564 0.125879
70 5.49815 0.124105
71 5.49378 0.122434
72 5.49838 0.12082
73 5.50962 0.119687
74 5.52431 0.118967
75 5.53226 0.117646
76 5.50569 0.119061
77 5.50441 0.117522
78 5.5063 0.11603
79 5.50907 0.114594
80 5.50593 0.113205
81 5.50868 0.11184
82 5.51765 0.110836
83 5.53825 0.111399
84 5.55007 0.110698
85 5.55514 0.109511
86 5.55698 0.108254
87 5.54126 0.108145
88 5.53435 0.107137
89 5.53113 0.105981
90 5.54648 0.105911
91 5.5473 0.10475
92 5.5457 0.103624
93 5.55312 0.102775
94 5.56242 0.102102
95 5.57483 0.101778
96 5.56649 0.101058
97 5.55786 0.100385
98 5.55808 0.0993607
99 5.5567 0.0983666
100 5.55683 0.0973831
101 5.56556 0.0968099
102 5.56282 0.0958998
103 5.56276 0.0949687
104 5.5643 0.0940681
105 5.5596 0.0932898
106 5.55171 0.0927425
107 5.55437 0.091914
108 5.54279 0.0917903
109 5.53157 0.0916317
110 5.51591 0.0921264
111 5.51275 0.0913507
112 5.51581 0.0905866
113 5.51781 0.0898069
114 5.52851 0.0896548
115 5.52197 0.0891135
116 5.5263 0.0884505
117 5.52254 0.0877748
118 5.51699 0.0872056
119 5.51773 0.0864759
120 5.51715 0.0857572
121 5.50351 0.0861255
122 5.50127 0.0854486
123 5.49625 0.0849015
124 5.49451 0.0842346
125 5.49595 0.083573
126 5.49968 0.082993
127 5.50966 0.0829377
128 5.50428 0.0824641
129 5.50287 0.081837
130 5.50436 0.0812209
131 5.51246 0.0810047
132 5.51838 0.0806068
133 5.51246 0.0802179
134 5.51395 0.0796331
135 5.5138 0.0790434
136 5.5084 0.078646
137 5.50675 0.0780893
138 5.51316 0.0777863
139 5.50979 0.0772997
140 5.51155 0.0767676
141 5.49863 0.0773035
142 5.5085 0.0773871
143 5.50476 0.0769364
144 5.50636 0.0764187
145 5.49409 0.0768702
146 5.49363 0.0763451
147 5.49708 0.0759039
148 5.49044 0.0756805
149 5.49756 0.0755065
150 5.49852 0.0750092
151 5.50377 0.0746959
152 5.50454 0.0742084
153 5.50331 0.0737336
154 5.51646 0.074419
155 5.5159 0.073941
156 5.51107 0.0736247
157 5.51649 0.0733548
158 5.51447 0.0729183
159 5.51047 0.0725695
160 5.50157 0.0726587
161 5.50139 0.0722077
162 5.5011 0.0717625
163 5.49686 0.0714472
164 5.49886 0.0710395
165 5.50015 0.0706206
166 5.50097 0.0702
167 5.49923 0.0698012
168 5.49719 0.0694156
169 5.48722 0.0697166
170 5.49188 0.0694619
171 5.4875 0.0691935
172 5.49053 0.0688574
173 5.48737 0.0685317
174 5.48384 0.0682288
175 5.47883 0.0680227
176 5.49241 0.0689792
177 5.49791 0.068808
178 5.49856 0.0684245
179 5.50695 0.0685537
180 5.50321 0.0682745
181 5.49997 0.0679742
182 5.50608 0.0678748
183 5.50343 0.0675554
184 5.51342 0.067922
185 5.50994 0.067644
186 5.50583 0.0674047
187 5.50517 0.0670475
188 5.49849 0.0670232
189 5.49036 0.0671598
190 5.48927 0.0668151
191 5.48544 0.0665753
192 5.49024 0.0664018
193 5.48313 0.0664369
194 5.49159 0.0666302
195 5.49103 0.0662908
196 5.49204 0.0659603
197 5.4964 0.0657693
198 5.50281 0.0657488
199 5.5054 0.0654696
200 5.50371 0.0651642
201 5.50828 0.0650005
202 5.51305 0.0648531
203 5.51518 0.0645687
204 5.51629 0.0642616
205 5.51268 0.0640492
206 5.51134 0.0637523
207 5.51557 0.0635843
208 5.50791 0.0637383
209 5.50227 0.0636821
210 5.50708 0.0635598
211 5.49969 0.063686
212 5.49737 0.063428
213 5.49852 0.0631408
214 5.494 0.0630075
215 5.49052 0.0628104
216 5.48546 0.0627235
217 5.48884 0.0625258
218 5.47961 0.0629175
219 5.47798 0.0626513
220 5.47603 0.0623967
221 5.47227 0.0622276
222 5.46509 0.0623603
223 5.46308 0.0621129
224 5.47065 0.062295
225 5.47094 0.0620188
226 5.4725 0.0617639
227 5.47139 0.0615017
228 5.47134 0.061232
229 5.47471 0.0610574
230 5.47629 0.0608123
231 5.48167 0.0607865
232 5.48425 0.0605793
233 5.48466 0.0603207
234 5.48698 0.0601073
235 5.48753 0.0598541
236 5.48314 0.0597613
237 5.48495 0.0595365
238 5.48965 0.0594718
239 5.49125 0.0592445
240 5.48465 0.0593642
241 5.47841 0.0594449
242 5.47623 0.0592392
243 5.47591 0.0589963
244 5.46845 0.0592245
245 5.46769 0.0589876
246 5.46532 0.0587956
247 5.4622 0.0586401
248 5.46332 0.0584145
249 5.46246 0.0581863
250 5.45985 0.0580122
251 5.4585 0.0577967
252 5.45626 0.0576106
253 5.4558 0.0573848
254 5.4532 0.0572177
255 5.45205 0.0570048
256 5.44981 0.056826
257 5.44888 0.0566124
258 5.4474 0.0564124
259 5.44763 0.056195
260 5.45296 0.0562314
261 5.45453 0.0560378
262 5.45965 0.0560575
263 5.45658 0.0559283
264 5.45145 0.0559512
265 5.44845 0.0558205
266 5.45262 0.0557663
267 5.45347 0.055564
268 5.45626 0.0554263
269 5.4587 0.0552739
270 5.4528 0.0553832
271 5.44984 0.0552577
272 5.44537 0.0552348
273 5.44754 0.055075
274 5.45401 0.055252
275 5.45634 0.0551005
276 5.45478 0.0549229
277 5.46134 0.0551144
278 5.46117 0.0549164
279 5.46612 0.0549426
280 5.46685 0.0547511
281 5.46486 0.0545923
282 5.46821 0.0545011
283 5.46878 0.0543115
284 5.46536 0.0542277
285 5.4665 0.0540493
286 5.46176 0.0540671
287 5.45459 0.0543529
288 5.45347 0.0541756
289 5.45467 0.0540012
290 5.45772 0.0539015
291 5.45573 0.0537531
292 5.4545 0.053583
293 5.44859 0.0537252
294 5.45179 0.0536375
295 5.45208 0.0534565
296 5.45687 0.05349
297 5.46008 0.053406
298 5.45651 0.0533461
299 5.45044 0.0535115
300 5.44785 0.0533956
301 5.44612 0.0532463
302 5.44621 0.0530701
303 5.44811 0.052929
304 5.4484 0.0527556
305 5.45101 0.0526472
306 5.45025 0.0524806
307 5.44556 0.0525189
308 5.45136 0.0526679
309 5.44871 0.052564
310 5.45073 0.0524332
311 5.45011 0.0522682
312 5.45525 0.052352
313 5.45735 0.0522271
314 5.45416 0.052158
315 5.44976 0.0521776
316 5.4501 0.0520136
317 5.45179 0.0518769
318 5.45047 0.0517307
319 5.45076 0.0515694
320 5.44583 0.0516436
321 5.45169 0.0518138
322 5.44941 0.0517029
323 5.44778 0.0515685
324 5.44945 0.0514361
325 5.44694 0.0513389
326 5.44837 0.0512012
327 5.44821 0.0510449
328 5.45205 0.0510337
329 5.4528 0.0508841
330 5.45226 0.0507328
331 5.45277 0.0505821
332 5.44736 0.0507181
333 5.4463 0.0505769
334 5.44832 0.0504658
335 5.45011 0.0503469
336 5.45452 0.0503906
337 5.45612 0.0502662
338 5.45849 0.0501733
339 5.46161 0.0501224
340 5.45951 0.0500189
341 5.45755 0.0499107
342 5.45623 0.0497821
343 5.45538 0.0496442
344 5.45714 0.0495312
345 5.45818 0.0493984
346 5.4559 0.0493082
347 5.45261 0.0492757
348 5.45193 0.0491388
349 5.45135 0.0490013
350 5.45121 0.0488615
351 5.45057 0.0487266
352 5.4482 0.0486458
353 5.44554 0.0485804
354 5.44761 0.048487
355 5.44986 0.0484028
356 5.44692 0.048356
357 5.44806 0.0482341
358 5.44958 0.0481233
359 5.45132 0.0480205
360 5.44953 0.0479204
361 5.45084 0.0478054
362 5.44957 0.0476901
363 5.44618 0.0476794
364 5.44025 0.0479156
365 5.43961 0.0477886
366 5.43807 0.0476828
367 5.43546 0.0476244
368 5.43745 0.0475367
369 5.43817 0.0474132
370 5.43705 0.0472981
371 5.43801 0.0471803
372 5.43808 0.0470535
373 5.4342 0.0470867
374 5.43356 0.0469651
375 5.43536 0.0468744
376 5.4346 0.046756
377 5.43125 0.0467515
378 5.43265 0.0466487
379 5.42856 0.0467049
380 5.42861 0.046582
381 5.42911 0.0464624
382 5.42525 0.0465008
383 5.42252 0.0464591
384 5.42025 0.0463938
385 5.41984 0.046275
386 5.41668 0.0462631
387 5.4165 0.0461439
388 5.41679 0.0460259
389 5.41266 0.0460925
390 5.41433 0.0460046
391 5.41593 0.0459149
392 5.41629 0.0457992
393 5.41958 0.0458005
394 5.42017 0.0456881
395 5.42003 0.0455727
396 5.41941 0.0454618
397 5.41997 0.0453508
398 5.42288 0.04533
399 5.42483 0.0452581
400 5.42435 0.0451475
