1 13.1132 0
2 13.2075 0.0667041
3 12.9144 0.243444
4 13.8439 0.825424
5 13.285 0.828206
6 14.1647 1.05891
7 14.1349 0.908054
8 15.0447 1.16427
9 15.1961 1.0447
10 15.0961 0.944997
11 15.0504 0.860192
12 14.82 0.818778
13 15.0572 0.789407
14 14.9045 0.747654
15 14.9039 0.697811
16 14.7228 0.677285
17 14.8869 0.657025
18 14.7409 0.636542
19 14.6345 0.611862
20 14.6899 0.583772
21 14.6299 0.559049
22 14.6005 0.534414
23 14.5315 0.51561
24 14.4728 0.497459
25 14.2712 0.516805
26 14.4279 0.520163
27 14.3307 0.509908
28 14.3925 0.495429
29 14.3718 0.478779
30 14.5764 0.504647
31 14.6091 0.489432
32 14.66 0.476774
33 14.607 0.465263
34 14.6807 0.457373
35 14.7633 0.451699
36 14.7726 0.439247
37 14.7414 0.428482
38 14.7462 0.417233
39 14.7943 0.4093
40 14.9009 0.412697
41 14.9377 0.404276
42 15.0029 0.399868
43 15.0327 0.39168
44 15.0076 0.383585
45 15.0298 0.375707
46 15.0715 0.36984
47 15.0334 0.363925
48 15.0133 0.3569
49 15.0299 0.350004
50 15.0224 0.343084
51 15.0906 0.343079
52 15.1037 0.33673
53 15.0552 0.333847
54 15.126 0.335079
55 15.1113 0.329308
56 15.0888 0.324194
57 15.0953 0.318571
58 15.1157 0.31373
59 15.1017 0.308723
60 15.1711 0.311268
61 15.2033 0.307829
62 15.2339 0.304378
63 15.1955 0.301954
64 15.2878 0.311012
65 15.2755 0.306471
66 15.2944 0.302412
67 15.3015 0.297982
68 15.3078 0.293665
69 15.2901 0.28994
70 15.2703 0.286475
71 15.2647 0.282495
72 15.2951 0.280204
73 15.26 0.278553
74 15.2776 0.275342
75 15.2658 0.27192
76 15.2831 0.268891
77 15.256 0.266758
78 15.2436 0.263627
79 15.2607 0.260841
80 15.2174 0.261142
81 15.182 0.260301
82 15.1924 0.257332
83 15.1866 0.254296
84 15.207 0.25208
85 15.1854 0.250035
86 15.1459 0.250223
87 15.1458 0.247347
88 15.134 0.244817
89 15.1764 0.245705
90 15.1899 0.243346
91 15.2339 0.244612
92 15.2186 0.242427
93 15.2346 0.240345
94 15.2092 0.239127
95 15.1887 0.237486
96 15.1986 0.235221
97 15.1873 0.23307
98 15.1757 0.230978
99 15.1844 0.228807
100 15.1912 0.226622
101 15.2219 0.22644
102 15.2303 0.224377
103 15.2275 0.222216
104 15.2476 0.220988
105 15.2401 0.219009
106 15.2295 0.217201
107 15.2347 0.215234
108 15.2314 0.213267
109 15.2483 0.211975
110 15.2682 0.210987
111 15.2541 0.209557
112 15.2168 0.210984
113 15.1933 0.210423
114 15.1914 0.208586
115 15.1654 0.208387
116 15.1654 0.20659
117 15.1436 0.205968
118 15.1357 0.204376
119 15.116 0.203599
120 15.0987 0.202638
121 15.0827 0.201595
122 15.0815 0.199946
123 15.1023 0.199394
124 15.0961 0.197882
125 15.0998 0.196333
126 15.1037 0.194815
127 15.0993 0.193331
128 15.14 0.196061
129 15.134 0.194636
130 15.1757 0.197574
131 15.172 0.196101
132 15.1662 0.1947
133 15.1631 0.193262
134 15.1559 0.191953
135 15.1341 0.191769
136 15.1171 0.191111
137 15.1195 0.189732
138 15.1031 0.189068
139 15.0894 0.188199
140 15.0954 0.186951
141 15.0996 0.185671
142 15.099 0.184364
143 15.0969 0.183087
144 15.0974 0.181816
145 15.1106 0.181045
146 15.0922 0.180738
147 15.0636 0.181764
148 15.0596 0.18058
149 15.0568 0.179389
150 15.047 0.178461
151 15.0499 0.177302
152 15.0346 0.176787
153 15.0121 0.177064
154 15.0209 0.17613
155 15.0235 0.175014
156 15.046 0.175323
157 15.0353 0.174531
158 15.0604 0.17522
159 15.0617 0.174123
160 15.0793 0.173926
161 15.0729 0.172965
162 15.0849 0.172316
163 15.087 0.171272
164 15.0929 0.170327
165 15.0913 0.169302
166 15.0741 0.169149
167 15.0747 0.168137
168 15.0679 0.167273
169 15.0682 0.166283
170 15.0774 0.165557
171 15.0852 0.164773
172 15.107 0.165247
173 15.0887 0.165301
174 15.0977 0.1646
175 15.0989 0.163664
176 15.0959 0.162762
177 15.0982 0.161859
178 15.102 0.160995
179 15.0837 0.161136
180 15.0725 0.160627
181 15.0779 0.159829
182 15.0898 0.159396
183 15.0797 0.158845
184 15.0905 0.158344
185 15.0869 0.157528
186 15.0837 0.156715
187 15.091 0.156048
188 15.0759 0.155946
189 15.0868 0.155498
190 15.0784 0.154905
191 15.0808 0.154111
192 15.077 0.153354
193 15.0823 0.15265
194 15.0812 0.151868
195 15.0864 0.151177
196 15.0849 0.150412
197 15.0749 0.149981
198 15.0744 0.149224
199 15.0602 0.149148
200 15.0436 0.149319
201 15.0541 0.148947
202 15.0473 0.148366
203 15.0469 0.147635
204 15.034 0.147477
205 15.029 0.146842
206 15.0241 0.146211
207 15.0231 0.145508
208 15.0406 0.145858
209 15.0538 0.145757
210 15.0488 0.145151
211 15.0422 0.144611
212 15.0474 0.144021
213 15.0493 0.143358
214 15.0572 0.142904
215 15.0478 0.142549
216 15.0567 0.142167
217 15.072 0.142337
218 15.0554 0.142647
219 15.042 0.142626
220 15.0461 0.142036
221 15.0544 0.141639
222 15.0438 0.141402
223 15.0483 0.140843
224 15.053 0.140291
225 15.0643 0.140122
226 15.0751 0.139917
227 15.0846 0.139626
228 15.0802 0.139084
229 15.0788 0.138484
230 15.0669 0.138394
231 15.0802 0.13844
232 15.0777 0.137867
233 15.077 0.137277
234 15.0838 0.136854
235 15.0913 0.136478
236 15.0676 0.137939
237 15.0708 0.137395
238 15.0716 0.13682
239 15.0774 0.13637
240 15.0787 0.135808
241 15.0608 0.136427
242 15.0564 0.135934
243 15.0606 0.135439
244 15.062 0.134891
245 15.0534 0.134616
246 15.0474 0.134198
247 15.0387 0.133937
248 15.0335 0.1335
249 15.0409 0.133168
250 15.0282 0.133242
251 15.0249 0.132752
252 15.0337 0.13252
253 15.0332 0.131997
254 15.0384 0.131579
255 15.0376 0.131066
256 15.0358 0.130567
257 15.0446 0.130353
258 15.0508 0.129997
259 15.0464 0.12957
260 15.0528 0.129229
261 15.0556 0.128765
262 15.0611 0.128393
263 15.0584 0.127934
264 15.0579 0.12745
265 15.0476 0.127385
266 15.0362 0.12742
267 15.0275 0.127235
268 15.0238 0.126817
269 15.0204 0.12639
270 15.0272 0.126108
271 15.0256 0.125653
272 15.0173 0.125469
273 15.019 0.125022
274 15.006 0.125241
275 15.0087 0.124814
276 15.0122 0.124412
277 15.0106 0.123973
278 15.0085 0.123545
279 15.0166 0.123362
280 15.014 0.122947
281 15.0095 0.122593
282 15.0048 0.122249
283 14.9985 0.12198
284 15.008 0.121924
285 15.0098 0.121509
286 14.9976 0.12169
287 15.0028 0.121377
288 14.9968 0.121105
289 15.0096 0.121365
290 15.0182 0.121245
291 15.0229 0.120919
292 15.0279 0.12061
293 15.0211 0.120388
294 15.0342 0.120685
295 15.0422 0.120543
296 15.058 0.121163
297 15.0507 0.120975
298 15.0467 0.120635
299 15.043 0.120287
300 15.0408 0.119908
301 15.054 0.120236
302 15.0529 0.119843
303 15.0547 0.119462
304 15.0648 0.119493
305 15.0656 0.119104
306 15.067 0.118723
307 15.078 0.118841
308 15.0777 0.118456
309 15.0757 0.118089
310 15.0718 0.117773
311 15.0806 0.117722
312 15.0796 0.117349
313 15.0802 0.116976
314 15.0736 0.116785
315 15.0714 0.116435
316 15.068 0.116116
317 15.0652 0.115786
318 15.0731 0.115695
319 15.0772 0.115403
320 15.0809 0.115103
321 15.0824 0.114755
322 15.0914 0.114745
323 15.0935 0.11441
324 15.0897 0.114122
325 15.0801 0.114174
326 15.0901 0.114264
327 15.0821 0.114195
328 15.0694 0.11455
329 15.0764 0.114417
330 15.0872 0.114577
331 15.1018 0.115156
332 15.0959 0.114963
333 15.0967 0.114621
334 15.099 0.114302
335 15.0975 0.113971
336 15.0941 0.11368
337 15.0943 0.113343
338 15.0919 0.113032
339 15.0859 0.11286
340 15.087 0.112533
341 15.0843 0.112234
342 15.0865 0.111928
343 15.0807 0.111751
344 15.0746 0.111592
345 15.0689 0.111415
346 15.0657 0.111141
347 15.0649 0.110823
348 15.0596 0.110634
349 15.0521 0.110569
350 15.0502 0.110268
351 15.049 0.109961
352 15.0527 0.109713
353 15.0475 0.109528
354 15.055 0.109474
355 15.0557 0.109168
356 15.0553 0.108862
357 15.0458 0.108973
358 15.043 0.108703
359 15.0322 0.108941
360 15.0344 0.108662
361 15.043 0.1087
362 15.0443 0.108407
363 15.0467 0.108136
364 15.0474 0.107841
365 15.0414 0.107711
366 15.0419 0.107418
367 15.041 0.107128
368 15.0407 0.106838
369 15.0359 0.106657
370 15.0406 0.106476
371 15.0346 0.106358
372 15.0402 0.106217
373 15.0361 0.106013
374 15.0434 0.105986
375 15.0353 0.106013
376 15.0325 0.105769
377 15.0271 0.105626
378 15.0343 0.10559
379 15.0353 0.105317
380 15.0424 0.10528
381 15.0381 0.105095
382 15.0432 0.104943
383 15.0372 0.104835
384 15.0397 0.104591
385 15.036 0.104386
386 15.0364 0.104116
387 15.0343 0.103868
388 15.045 0.104143
389 15.0512 0.104063
390 15.0541 0.103837
391 15.0549 0.103575
392 15.0607 0.103471
393 15.0535 0.103456
394 15.0528 0.103196
395 15.0558 0.10298
396 15.0576 0.102735
397 15.0581 0.102477
398 15.0575 0.102222
399 15.0541 0.102022
400 15.0505 0.101831
