1 5.75597 0
2 5.80761 0.0365163
3 5.38669 0.344536
4 4.83815 0.540787
5 4.94264 0.44261
6 5.18032 0.427926
7 5.23841 0.370716
8 5.22919 0.324491
9 5.35497 0.311863
10 5.25197 0.297197
11 5.23761 0.270526
12 5.36928 0.278186
13 5.42808 0.262927
14 5.46094 0.246192
15 5.56188 0.249615
16 5.48412 0.245828
17 5.55297 0.240818
18 5.44791 0.249305
19 5.48532 0.238974
20 5.55809 0.237846
21 5.48814 0.236583
22 5.48046 0.225954
23 5.49954 0.216934
24 5.42913 0.219022
25 5.3851 0.214642
26 5.38773 0.206402
27 5.40444 0.199433
28 5.39274 0.192653
29 5.34809 0.191115
30 5.3699 0.185985
31 5.39619 0.181834
32 5.44156 0.181722
33 5.40805 0.179278
34 5.45019 0.178889
35 5.43037 0.174872
36 5.47061 0.174583
37 5.4573 0.170371
38 5.46978 0.166344
39 5.46074 0.162324
40 5.44252 0.159285
41 5.42271 0.156627
42 5.41264 0.153221
43 5.43023 0.150664
44 5.42043 0.147557
45 5.40303 0.145301
46 5.39134 0.142612
47 5.36116 0.142735
48 5.36363 0.139782
49 5.34541 0.138112
50 5.31631 0.138381
51 5.31804 0.135678
52 5.34194 0.135158
53 5.34012 0.13262
54 5.35771 0.131326
55 5.37244 0.129762
56 5.37937 0.127629
57 5.38845 0.125713
58 5.37729 0.124039
59 5.36496 0.122549
60 5.36632 0.120514
61 5.36416 0.118558
62 5.38091 0.117824
63 5.36224 0.117424
64 5.37765 0.116597
65 5.40291 0.117506
66 5.41477 0.116323
67 5.38823 0.117574
68 5.38175 0.116023
69 5.38886 0.11456
70 5.39044 0.112934
71 5.38804 0.111369
72 5.37896 0.110191
73 5.38888 0.109127
74 5.38702 0.107668
75 5.37698 0.106699
76 5.38842 0.105906
77 5.37069 0.106004
78 5.35732 0.105484
79 5.36485 0.104417
80 5.36403 0.103115
81 5.35548 0.102197
82 5.37701 0.103195
83 5.37452 0.101981
84 5.3586 0.102002
85 5.36103 0.10083
86 5.34275 0.101301
87 5.34585 0.100185
88 5.36887 0.101656
89 5.37134 0.100544
90 5.37593 0.0995314
91 5.37 0.0986146
92 5.37201 0.0975633
93 5.38664 0.0976053
94 5.39883 0.0973252
95 5.41044 0.0969903
96 5.39214 0.0976907
97 5.39314 0.0966886
98 5.40106 0.0960257
99 5.39695 0.0951434
100 5.38839 0.0945758
101 5.40766 0.0955812
102 5.40947 0.0946613
103 5.40372 0.0939168
104 5.42284 0.09494
105 5.43936 0.0954618
106 5.43734 0.0945824
107 5.42124 0.0950594
108 5.41537 0.0943606
109 5.41644 0.093501
110 5.40192 0.0937719
111 5.40266 0.0929301
112 5.40013 0.0921348
113 5.40433 0.091415
114 5.41819 0.0916574
115 5.39996 0.0926547
116 5.39976 0.0918562
117 5.3965 0.091129
118 5.39426 0.0903843
119 5.39312 0.0896319
120 5.39349 0.0888857
121 5.40332 0.0886929
122 5.40558 0.0879947
123 5.41628 0.0879285
124 5.40895 0.0875247
125 5.41602 0.08711
126 5.4101 0.0866195
127 5.40935 0.0859408
128 5.42588 0.0868451
129 5.42667 0.0861755
130 5.4155 0.0862343
131 5.41038 0.0857279
132 5.40956 0.0850823
133 5.39605 0.0855085
134 5.37899 0.086556
135 5.3777 0.0859243
136 5.37756 0.0852927
137 5.36999 0.0850054
138 5.37174 0.0844075
139 5.36798 0.0838843
140 5.36853 0.083287
141 5.37351 0.0828448
142 5.36851 0.0824118
143 5.37696 0.0822675
144 5.36605 0.0824171
145 5.36819 0.0818764
146 5.367 0.0813242
147 5.36657 0.0807721
148 5.36318 0.0802973
149 5.37316 0.0803759
150 5.37762 0.0799636
151 5.37509 0.0794741
152 5.37611 0.0789578
153 5.37585 0.0784422
154 5.38277 0.0782369
155 5.37826 0.0778617
156 5.38677 0.077826
157 5.39154 0.0774763
158 5.38412 0.0773401
159 5.38538 0.076864
160 5.3904 0.0765472
161 5.38879 0.0760887
162 5.38435 0.0757484
163 5.37502 0.0758562
164 5.3747 0.0753943
165 5.37026 0.0750676
166 5.36134 0.0751441
167 5.361 0.0746948
168 5.35948 0.0742658
169 5.35386 0.0740389
170 5.35372 0.0736035
171 5.36641 0.0742589
172 5.3615 0.0739892
173 5.36195 0.0735629
174 5.357 0.0733065
175 5.35423 0.07294
176 5.35639 0.0725576
177 5.35306 0.0722243
178 5.35945 0.0721008
179 5.35937 0.071698
180 5.35511 0.0714266
181 5.34991 0.0712205
182 5.35737 0.0712186
183 5.35942 0.070859
184 5.36041 0.0704808
185 5.35605 0.0702346
186 5.36214 0.0701205
187 5.34946 0.0708816
188 5.35526 0.0707415
189 5.35541 0.0703674
190 5.36034 0.0701696
191 5.35133 0.070378
192 5.3641 0.0711597
193 5.3678 0.0708869
194 5.37064 0.0705786
195 5.37769 0.0705677
196 5.37464 0.0702736
197 5.37468 0.0699169
198 5.37528 0.0695663
199 5.37798 0.0692693
200 5.3773 0.0689264
201 5.38116 0.0686915
202 5.38202 0.0683568
203 5.3818 0.0680204
204 5.37829 0.0677774
205 5.38177 0.0675358
206 5.38612 0.0673482
207 5.38864 0.0670698
208 5.39088 0.0667848
209 5.39124 0.0664662
210 5.38648 0.0663198
211 5.38121 0.0662146
212 5.38749 0.0661989
213 5.39068 0.0659651
214 5.39249 0.0656815
215 5.39633 0.0654882
216 5.39666 0.0651859
217 5.39726 0.0648882
218 5.39204 0.0648004
219 5.38923 0.0645654
220 5.38987 0.0642751
221 5.38531 0.0641456
222 5.3808 0.0640152
223 5.37903 0.0637524
224 5.37955 0.0634699
225 5.38417 0.0633558
226 5.38189 0.0631167
227 5.38145 0.0628401
228 5.38747 0.0628523
229 5.3876 0.0625779
230 5.39197 0.0624577
231 5.39007 0.0622161
232 5.38608 0.0620757
233 5.39215 0.062105
234 5.39141 0.061844
235 5.39442 0.0616539
236 5.39246 0.0614237
237 5.39195 0.0611667
238 5.39476 0.0609742
239 5.39425 0.0607212
240 5.39161 0.0605254
241 5.38926 0.0603201
242 5.38678 0.0601219
243 5.39075 0.060006
244 5.38625 0.059929
245 5.38726 0.059693
246 5.38675 0.0594525
247 5.38903 0.0592556
248 5.38505 0.0591502
249 5.38106 0.0590472
250 5.3851 0.0589487
251 5.38122 0.0588412
252 5.38018 0.0586168
253 5.3771 0.0584659
254 5.38474 0.0587324
255 5.38963 0.0587054
256 5.38637 0.0585666
257 5.38467 0.0583635
258 5.385 0.0581382
259 5.39055 0.0581787
260 5.38912 0.0579726
261 5.3902 0.0577606
262 5.3907 0.0575422
263 5.39577 0.0575467
264 5.39826 0.0573826
265 5.39297 0.0574099
266 5.39241 0.0571967
267 5.39042 0.0570173
268 5.39119 0.0568097
269 5.39344 0.0566431
270 5.39062 0.0565032
271 5.38819 0.0563472
272 5.38385 0.0563066
273 5.38464 0.0561059
274 5.38477 0.0559012
275 5.39323 0.0563349
276 5.3976 0.0562999
277 5.39772 0.0560968
278 5.399 0.0559096
279 5.39772 0.0557236
280 5.39502 0.0555901
281 5.38891 0.0557277
282 5.39445 0.0558056
283 5.3971 0.0556712
284 5.39372 0.055578
285 5.38922 0.0555644
286 5.38643 0.0554401
287 5.38727 0.0552533
288 5.38808 0.0550673
289 5.38981 0.054904
290 5.39142 0.0547382
291 5.39233 0.0545577
292 5.39319 0.0543776
293 5.3962 0.0542753
294 5.39358 0.0541537
295 5.39913 0.0542539
296 5.39801 0.0540822
297 5.39766 0.0539013
298 5.39616 0.0537411
299 5.39037 0.0538725
300 5.38914 0.053707
301 5.38866 0.0535308
302 5.38906 0.053355
303 5.3915 0.0532347
304 5.39547 0.0532079
305 5.39385 0.0530583
306 5.39069 0.0529786
307 5.39132 0.0528097
308 5.39159 0.052639
309 5.3897 0.0525024
310 5.39028 0.0523362
311 5.38478 0.052456
312 5.3883 0.0524059
313 5.38815 0.0522386
314 5.3837 0.0522613
315 5.38496 0.0521106
316 5.38191 0.0520348
317 5.38735 0.0521538
318 5.38528 0.0520307
319 5.38584 0.0518705
320 5.38277 0.051799
321 5.38414 0.0516557
322 5.38841 0.051672
323 5.38695 0.0515328
324 5.38664 0.0513747
325 5.38848 0.0512498
326 5.38739 0.0511043
327 5.39238 0.051191
328 5.38924 0.0511312
329 5.38597 0.0510801
330 5.38616 0.0509256
331 5.39221 0.0511297
332 5.39021 0.0510147
333 5.38373 0.0512715
334 5.3819 0.0511506
335 5.3875 0.0513036
336 5.38973 0.0511996
337 5.39492 0.0513098
338 5.39608 0.051171
339 5.39281 0.0511243
340 5.39402 0.0509882
341 5.39644 0.050896
342 5.39512 0.0507641
343 5.39733 0.0506639
344 5.40015 0.0505953
345 5.40278 0.0505172
346 5.40136 0.0503912
347 5.4038 0.0503051
348 5.40381 0.0501605
349 5.40853 0.0502387
350 5.41172 0.0501957
351 5.41363 0.0500893
352 5.4072 0.0503585
353 5.40956 0.0502714
354 5.4083 0.0501453
355 5.40471 0.0501323
356 5.406 0.0500082
357 5.40771 0.0498971
358 5.4092 0.04978
359 5.4095 0.0496422
360 5.41172 0.0495541
361 5.41441 0.0494898
362 5.41721 0.0494318
363 5.41936 0.0493426
364 5.42125 0.0492433
365 5.42066 0.049112
366 5.4238 0.0490775
367 5.42471 0.0489523
368 5.42476 0.0488193
369 5.42578 0.0486976
370 5.42973 0.0487257
371 5.42635 0.0487112
372 5.4293 0.0486696
373 5.42564 0.0486767
374 5.42458 0.048558
375 5.42283 0.0484601
376 5.4247 0.0483674
377 5.4253 0.0482427
378 5.4251 0.0481155
379 5.42858 0.0481139
380 5.43119 0.0480583
381 5.43396 0.0480118
382 5.43403 0.0478862
383 5.43258 0.0477831
384 5.43009 0.0477237
385 5.42827 0.0476342
386 5.42742 0.0475184
387 5.42826 0.047403
388 5.42573 0.0473483
389 5.43005 0.0474232
390 5.43606 0.0476813
391 5.44197 0.0479236
392 5.44157 0.047803
393 5.44286 0.0476989
394 5.44238 0.0475802
395 5.44249 0.0474599
396 5.44429 0.047374
397 5.43795 0.0476771
398 5.43652 0.0475786
399 5.43497 0.0474845
400 5.43498 0.0473658
