1 0.502191 0
2 0.501214 0.000976588
3 0.500069 0.00127691
4 0.502239 0.00235112
5 0.501469 0.00197732
6 0.500143 0.00208921
7 0.500207 0.00176684
8 0.500522 0.00156224
9 0.501008 0.00146121
10 0.501583 0.00142773
11 0.501337 0.00131464
12 0.501892 0.00132207
13 0.502368 0.00130591
14 0.502078 0.00124335
15 0.501622 0.00124391
16 0.501896 0.00119533
17 0.501241 0.00129957
18 0.501367 0.00123163
19 0.501288 0.00116766
20 0.501438 0.00111779
21 0.501361 0.001066
22 0.501204 0.00102835
23 0.501258 0.000984068
24 0.501002 0.000976284
25 0.50104 0.000937182
26 0.501198 0.000914163
27 0.501396 0.000901817
28 0.501178 0.00089596
29 0.501188 0.000864569
30 0.50097 0.000863345
31 0.500675 0.000885409
32 0.500629 0.000858555
33 0.500641 0.000832222
34 0.500749 0.000814512
35 0.500565 0.000811934
36 0.500627 0.000791466
37 0.500681 0.000771703
38 0.500728 0.000752612
39 0.50079 0.000735606
40 0.500841 0.000718813
41 0.500859 0.000701298
42 0.500899 0.00068558
43 0.50079 0.000678295
44 0.500856 0.000665992
45 0.500764 0.000657534
46 0.500542 0.000680418
47 0.500566 0.000666231
48 0.500632 0.000655545
49 0.500689 0.000644523
50 0.500811 0.000643171
51 0.500827 0.000630638
52 0.500758 0.000622237
53 0.500898 0.000626236
54 0.50103 0.000628555
55 0.501119 0.000623435
56 0.501211 0.000619022
57 0.501169 0.000609488
58 0.501216 0.000600716
59 0.501231 0.000590629
60 0.501149 0.000586363
61 0.501155 0.000576697
62 0.501156 0.00056732
63 0.501096 0.000561368
64 0.501044 0.00055499
65 0.500894 0.00056679
66 0.500895 0.000558139
67 0.50084 0.000552508
68 0.500811 0.000545091
69 0.500719 0.000545035
70 0.500698 0.0005376
71 0.500759 0.000533496
72 0.500753 0.000526068
73 0.500761 0.000518873
74 0.500844 0.000518444
75 0.500828 0.000511724
76 0.500838 0.000505038
77 0.500958 0.000512678
78 0.500927 0.00050698
79 0.500989 0.000504391
80 0.50089 0.000507827
81 0.500917 0.000502209
82 0.500921 0.000496069
83 0.500921 0.000490056
84 0.500949 0.000484963
85 0.50096 0.000479345
86 0.500905 0.000476819
87 0.500817 0.000479505
88 0.500779 0.000475527
89 0.500858 0.000476608
90 0.500906 0.000473808
91 0.500919 0.000468736
92 0.50087 0.000466193
93 0.500816 0.000464239
94 0.500767 0.000461933
95 0.500674 0.000466476
96 0.50061 0.00046591
97 0.500537 0.000466838
98 0.50058 0.000464042
99 0.500613 0.00046048
100 0.5006 0.000456041
101 0.500562 0.000453044
102 0.500519 0.000450625
103 0.500531 0.000446378
104 0.50053 0.000442067
105 0.500548 0.000438245
106 0.500524 0.000434779
107 0.500491 0.000431926
108 0.500427 0.000432658
109 0.500434 0.000428722
110 0.500456 0.000425357
111 0.500479 0.000422154
112 0.500468 0.000418507
113 0.500468 0.000414786
114 0.500461 0.000411188
115 0.500453 0.000407681
116 0.500454 0.000404153
117 0.500469 0.000400937
118 0.500478 0.000397633
119 0.500482 0.000394299
120 0.500454 0.000392013
121 0.500443 0.000388907
122 0.50039 0.00038939
123 0.50038 0.000386344
124 0.500353 0.000384107
125 0.500322 0.00038233
126 0.500303 0.000379752
127 0.500278 0.000377582
128 0.500273 0.000374648
129 0.500255 0.000372209
130 0.500216 0.000371356
131 0.500214 0.000368513
132 0.500221 0.000365767
133 0.500191 0.000364254
134 0.500193 0.000361535
135 0.500232 0.000360874
136 0.500247 0.000358545
137 0.500222 0.000356813
138 0.500218 0.000354237
139 0.500284 0.000357826
140 0.500281 0.000355272
141 0.500264 0.000353186
142 0.500292 0.000351858
143 0.50028 0.000349617
144 0.500306 0.000348155
145 0.500351 0.000348674
146 0.50032 0.00034761
147 0.500336 0.000345592
148 0.500335 0.000343251
149 0.500337 0.000340947
150 0.500334 0.000338678
151 0.500349 0.000336759
152 0.500324 0.000335526
153 0.500291 0.00033492
154 0.500308 0.00033316
155 0.500321 0.00033129
156 0.500291 0.000330611
157 0.5003 0.000328641
158 0.500246 0.000331065
159 0.500274 0.000330143
160 0.500256 0.000328517
161 0.500233 0.000327294
162 0.500268 0.000327106
163 0.500207 0.000330822
164 0.50023 0.000329635
165 0.500207 0.000328418
166 0.500198 0.00032656
167 0.500191 0.00032469
168 0.500161 0.00032413
169 0.500155 0.000322264
170 0.500109 0.000323614
171 0.500097 0.000321926
172 0.500071 0.000321151
173 0.500069 0.000319295
174 0.500102 0.000319233
175 0.500097 0.000317457
176 0.500101 0.000315678
177 0.500104 0.000313905
178 0.5001 0.00031216
179 0.500081 0.000311013
180 0.500059 0.000310058
181 0.500081 0.000309167
182 0.500129 0.000311163
183 0.500125 0.000309487
184 0.500126 0.000307803
185 0.500118 0.00030625
186 0.500098 0.000305258
187 0.500104 0.000303685
188 0.500107 0.000302076
189 0.500139 0.000302217
190 0.500127 0.000300862
191 0.500171 0.000302538
192 0.500184 0.000301208
193 0.500182 0.000299646
194 0.500144 0.000300571
195 0.500134 0.00029918
196 0.500144 0.000297817
197 0.50013 0.000296624
198 0.500119 0.000295332
199 0.500115 0.000293878
200 0.500114 0.000292406
