1 0.083122 0
2 0.0830512 7.0819e-05
3 0.0831788 0.000134004
4 0.0829783 0.000221744
5 0.0827301 0.000301833
6 0.0831849 0.000517202
7 0.0831682 0.000437432
8 0.0832388 0.000385348
9 0.0833417 0.000355101
10 0.0834574 0.000338003
11 0.0833798 0.000315429
12 0.0834064 0.000289178
13 0.083369 0.000268631
14 0.0834123 0.00025245
15 0.0833793 0.000237327
16 0.0833257 0.000228375
17 0.0833169 0.000214702
18 0.0832908 0.000204098
19 0.0833118 0.000194198
20 0.0833134 0.000184239
21 0.083337 0.000176834
22 0.0833246 0.000169061
23 0.0833073 0.000162467
24 0.0833429 0.000159578
25 0.0833331 0.000153379
26 0.0833376 0.000147432
27 0.083343 0.000141969
28 0.083315 0.000139639
29 0.0833365 0.000136443
30 0.0833897 0.000142149
31 0.0833905 0.000137489
32 0.0833285 0.000146853
33 0.0833393 0.000142742
34 0.0833413 0.000138496
35 0.0833708 0.000137674
36 0.0834126 0.000140181
37 0.0834275 0.000137149
38 0.0834045 0.00013546
39 0.0834288 0.000134159
40 0.0834623 0.000134989
41 0.0834312 0.000135281
42 0.0834438 0.000132622
43 0.0834332 0.000129937
44 0.0834197 0.000127668
45 0.0834126 0.000125
46 0.0834188 0.000122413
47 0.0833997 0.000121306
48 0.0834071 0.000118988
49 0.0833891 0.000117918
50 0.0833686 0.000117352
51 0.0834074 0.00012142
52 0.0834554 0.000128358
53 0.0834585 0.000125951
54 0.083432 0.000126401
55 0.0834304 0.000124092
56 0.083446 0.000122849
57 0.0834436 0.000120699
58 0.0834668 0.000120863
59 0.0834473 0.000120389
60 0.0834354 0.000118964
61 0.083436 0.000116999
62 0.0834354 0.000115098
63 0.0834443 0.000113599
64 0.0834386 0.000111952
65 0.0834328 0.000110371
66 0.0834402 0.000108934
67 0.0834266 0.000108146
68 0.083446 0.000108289
69 0.0834403 0.000106859
70 0.0834556 0.00010643
71 0.0834523 0.000104975
72 0.0834296 0.000105949
73 0.083414 0.000105658
74 0.0834279 0.000105156
75 0.0834159 0.000104441
76 0.0834275 0.000103707
77 0.083441 0.000103243
78 0.0834462 0.000102044
79 0.0834341 0.000101469
80 0.0834564 0.000102646
81 0.0834341 0.000103806
82 0.0834378 0.000102598
83 0.0834289 0.000101744
84 0.0834239 0.000100647
85 0.0834248 9.94596e-05
86 0.0834423 9.98459e-05
87 0.0834447 9.87197e-05
88 0.08346 9.87885e-05
89 0.0834578 9.76965e-05
90 0.0834446 9.75025e-05
91 0.0834408 9.64999e-05
92 0.0834385 9.54743e-05
93 0.0834317 9.46831e-05
94 0.0834086 9.64729e-05
95 0.0834035 9.55879e-05
96 0.08339 9.5545e-05
97 0.0833858 9.46495e-05
98 0.0833845 9.36876e-05
99 0.0833829 9.27515e-05
100 0.0833725 9.23973e-05
101 0.0833668 9.16559e-05
102 0.0833557 9.14359e-05
103 0.083353 9.05834e-05
104 0.0833578 8.98365e-05
105 0.0833537 8.90726e-05
106 0.0833529 8.82315e-05
107 0.0833444 8.78168e-05
108 0.083341 8.70651e-05
109 0.08334 8.62688e-05
110 0.0833552 8.68297e-05
111 0.0833624 8.63438e-05
112 0.0833563 8.57903e-05
113 0.0833674 8.57503e-05
114 0.0833544 8.59825e-05
115 0.0833585 8.5332e-05
116 0.0833487 8.5157e-05
117 0.0833399 8.48886e-05
118 0.0833375 8.41996e-05
119 0.0833455 8.38669e-05
120 0.0833557 8.37887e-05
121 0.0833613 8.32858e-05
122 0.0833581 8.26648e-05
123 0.0833667 8.24385e-05
124 0.0833626 8.18697e-05
125 0.0833707 8.16104e-05
126 0.0833689 8.09805e-05
127 0.0833782 8.0881e-05
128 0.0833795 8.02568e-05
129 0.0833595 8.20916e-05
130 0.0833583 8.14668e-05
131 0.0833573 8.08496e-05
132 0.0833558 8.02484e-05
133 0.0833485 7.99703e-05
134 0.0833626 8.06021e-05
135 0.0833658 8.00661e-05
136 0.0833699 7.95807e-05
137 0.0833697 7.89979e-05
138 0.083359 7.91457e-05
139 0.083363 7.86767e-05
140 0.0833621 7.81183e-05
141 0.0833543 7.79527e-05
142 0.0833557 7.74156e-05
143 0.0833438 7.77912e-05
144 0.0833454 7.72646e-05
145 0.0833415 7.68277e-05
146 0.0833397 7.63203e-05
147 0.0833512 7.66663e-05
148 0.0833447 7.64211e-05
149 0.083352 7.62485e-05
150 0.0833549 7.57941e-05
151 0.083348 7.56036e-05
152 0.0833441 7.52036e-05
153 0.0833479 7.48045e-05
154 0.0833479 7.43172e-05
155 0.0833489 7.38428e-05
156 0.0833448 7.34857e-05
157 0.0833441 7.30188e-05
158 0.0833439 7.25556e-05
159 0.0833457 7.21203e-05
160 0.083348 7.17057e-05
161 0.0833484 7.12602e-05
162 0.0833564 7.12706e-05
163 0.0833634 7.11737e-05
164 0.083354 7.13589e-05
165 0.083346 7.13792e-05
166 0.0833627 7.28906e-05
167 0.0833586 7.25713e-05
168 0.0833544 7.2255e-05
169 0.083347 7.22129e-05
170 0.0833374 7.24299e-05
171 0.0833301 7.23697e-05
172 0.0833283 7.19693e-05
173 0.0833325 7.16736e-05
174 0.0833383 7.14929e-05
175 0.0833357 7.11297e-05
176 0.0833353 7.07255e-05
177 0.0833301 7.052e-05
178 0.0833318 7.01454e-05
179 0.0833316 6.97528e-05
180 0.0833364 6.95312e-05
181 0.0833362 6.91464e-05
182 0.083341 6.89332e-05
183 0.0833344 6.88745e-05
184 0.0833283 6.87652e-05
185 0.0833281 6.83928e-05
186 0.0833305 6.80675e-05
187 0.0833333 6.7759e-05
188 0.0833301 6.7473e-05
189 0.0833345 6.72558e-05
190 0.0833363 6.69251e-05
191 0.0833362 6.65738e-05
192 0.0833385 6.62665e-05
193 0.0833278 6.67777e-05
194 0.0833236 6.65657e-05
195 0.083315 6.67859e-05
196 0.0833184 6.65325e-05
197 0.0833139 6.63494e-05
198 0.0833044 6.66853e-05
199 0.0832942 6.71301e-05
200 0.0832994 6.69921e-05
