1 1.17052 0
2 1.18195 0.00807984
3 1.17845 0.00609836
4 1.17894 0.00459332
5 1.1779 0.00379006
6 1.1786 0.00322232
7 1.17877 0.00276667
8 1.17919 0.00245123
9 1.17984 0.00226474
10 1.17954 0.00205816
11 1.17959 0.00187162
12 1.17999 0.00175826
13 1.17966 0.00165387
14 1.18031 0.00166028
15 1.18035 0.00154992
16 1.18034 0.00145306
17 1.18024 0.00137081
18 1.17994 0.00132859
19 1.18035 0.00132197
20 1.18011 0.00127789
21 1.18051 0.00127808
22 1.18056 0.0012211
23 1.18007 0.00126326
24 1.18016 0.00121335
25 1.1801 0.00116591
26 1.18047 0.00117698
27 1.18066 0.00114891
28 1.18013 0.00122251
29 1.18044 0.00121721
30 1.18036 0.00117919
31 1.18056 0.00115907
32 1.18057 0.00112287
33 1.18034 0.00111198
34 1.18011 0.00110258
35 1.18036 0.00109772
36 1.18032 0.00106799
37 1.18032 0.00103913
38 1.18043 0.00101724
39 1.18037 0.000992606
40 1.18039 0.000968004
41 1.18025 0.000955268
42 1.17982 0.00102325
43 1.18031 0.00110984
44 1.17998 0.00113165
45 1.1798 0.00112103
46 1.17994 0.00110475
47 1.17994 0.00108125
48 1.17994 0.00105874
49 1.1801 0.00104848
50 1.18009 0.00102759
51 1.18016 0.00101035
52 1.18009 0.00099376
53 1.18012 0.000975534
54 1.18007 0.000958552
55 1.18009 0.000941308
56 1.18021 0.000932356
57 1.18026 0.000916969
58 1.18022 0.000901884
59 1.18025 0.000886982
60 1.18023 0.000872419
61 1.18046 0.000887839
62 1.18037 0.00087762
63 1.18043 0.000865991
64 1.18048 0.000853687
65 1.18047 0.000840602
66 1.18043 0.000828766
67 1.18049 0.000818288
68 1.18049 0.000806255
69 1.18045 0.000795652
70 1.1806 0.000798052
71 1.18048 0.000795338
72 1.1806 0.00079278
73 1.18057 0.000782484
74 1.18059 0.000772325
75 1.18058 0.000762099
76 1.18061 0.000752787
77 1.18067 0.000745386
78 1.18052 0.000751695
79 1.18071 0.000766355
80 1.18052 0.000780595
81 1.18056 0.000772219
82 1.18061 0.00076433
83 1.1804 0.000783754
84 1.18043 0.000774919
85 1.1803 0.000776344
86 1.18032 0.0007675
87 1.18029 0.000759318
88 1.18019 0.00075708
89 1.18028 0.00075358
90 1.18022 0.000746923
91 1.18029 0.000741772
92 1.18022 0.000737079
93 1.18034 0.000738027
94 1.18029 0.000731879
95 1.18036 0.000728078
96 1.18045 0.000725439
97 1.18043 0.000718165
98 1.18033 0.000717738
99 1.18042 0.000715764
100 1.18027 0.000722732
