1 0.78035 0
2 0.787967 0.00538656
3 0.785633 0.00406558
4 0.785959 0.00306221
5 0.785267 0.00252671
6 0.785733 0.00214821
7 0.785849 0.00184445
8 0.786123 0.00163415
9 0.78656 0.00150983
10 0.78636 0.00137211
11 0.786392 0.00124775
12 0.78666 0.00117217
13 0.786439 0.00110258
14 0.786876 0.00110685
15 0.786898 0.00103328
16 0.786894 0.000968706
17 0.78683 0.000913876
18 0.786625 0.000885729
19 0.786902 0.00088131
20 0.78674 0.000851925
21 0.787007 0.000852053
22 0.787043 0.000814068
23 0.786715 0.000842171
24 0.78677 0.0008089
25 0.786736 0.000777272
26 0.786979 0.000784653
27 0.787107 0.00076594
28 0.786756 0.000815006
29 0.786958 0.000811472
30 0.786905 0.00078613
31 0.787043 0.000772717
32 0.787047 0.000748581
33 0.786895 0.000741321
34 0.786742 0.000735054
35 0.786905 0.000731816
36 0.786877 0.000711991
37 0.78688 0.000692753
38 0.786951 0.000678158
39 0.786915 0.000661737
40 0.786929 0.000645336
41 0.786832 0.000636846
42 0.786547 0.000682168
43 0.786873 0.000739896
44 0.786655 0.000754434
45 0.786534 0.000747352
46 0.786624 0.000736502
47 0.786625 0.000720834
48 0.786629 0.000705825
49 0.786733 0.000698988
50 0.786724 0.000685063
51 0.786775 0.00067357
52 0.786725 0.000662507
53 0.786746 0.000650356
54 0.786716 0.000639035
55 0.786728 0.000627538
56 0.78681 0.00062157
57 0.786838 0.000611313
58 0.786814 0.000601256
59 0.786831 0.000591321
60 0.786818 0.000581613
61 0.786971 0.000591893
62 0.786914 0.00058508
63 0.786957 0.000577327
64 0.786987 0.000569125
65 0.786981 0.000560401
66 0.786955 0.00055251
67 0.786993 0.000545525
68 0.786994 0.000537504
69 0.786966 0.000530435
70 0.787065 0.000532035
71 0.786987 0.000530226
72 0.787065 0.00052852
73 0.787045 0.000521656
74 0.787062 0.000514884
75 0.787055 0.000508066
76 0.787077 0.000501858
77 0.787117 0.000496924
78 0.787013 0.00050113
79 0.787142 0.000510903
80 0.787013 0.000520397
81 0.787043 0.000514812
82 0.787075 0.000509553
83 0.786934 0.000522503
84 0.786953 0.000516612
85 0.786867 0.000517563
86 0.786879 0.000511667
87 0.786858 0.000506212
88 0.786792 0.00050472
89 0.78685 0.000502386
90 0.786816 0.000497949
91 0.786861 0.000494515
92 0.786814 0.000491386
93 0.786891 0.000492018
94 0.786857 0.00048792
95 0.786908 0.000485385
96 0.786964 0.000483626
97 0.786953 0.000478776
98 0.786886 0.000478492
99 0.786944 0.000477176
100 0.786849 0.000481821
