1 -5.50825 0
2 -5.50811 9.706e-05
3 -5.50821 0.000103051
4 -5.50782 0.000347575
5 -5.5077 0.000298563
6 -5.50782 0.00027261
7 -5.50789 0.00024364
8 -5.50787 0.000214726
9 -5.50787 0.000190898
10 -5.50785 0.000173375
11 -5.50785 0.000157818
12 -5.50784 0.000145322
13 -5.50774 0.000165278
14 -5.5077 0.000158315
15 -5.50768 0.000148872
16 -5.5077 0.000140471
17 -5.5077 0.000132209
18 -5.50768 0.000126568
19 -5.50771 0.000125116
20 -5.50768 0.000122657
21 -5.50772 0.000123277
22 -5.50772 0.000117741
23 -5.50766 0.000125868
24 -5.50764 0.000121942
25 -5.50762 0.0001189
26 -5.50762 0.000114329
27 -5.50762 0.000110158
28 -5.5076 0.000109721
29 -5.50758 0.00010694
30 -5.50755 0.000107209
31 -5.50751 0.000110189
32 -5.50753 0.000107447
33 -5.50751 0.000105318
34 -5.50748 0.00010797
35 -5.50749 0.00010633
36 -5.50748 0.000104866
37 -5.50746 0.000103308
38 -5.50749 0.000104417
39 -5.50745 0.00010978
40 -5.50742 0.000109166
41 -5.50744 0.000108244
42 -5.50741 0.000109974
43 -5.50742 0.000107458
44 -5.50737 0.000114427
45 -5.50736 0.000112677
46 -5.50733 0.000114045
47 -5.50732 0.000112004
48 -5.50731 0.000109718
49 -5.50733 0.000108284
50 -5.50734 0.000106611
51 -5.50733 0.000104557
52 -5.5073 0.000108447
53 -5.50728 0.000108787
54 -5.50726 0.000107451
55 -5.50726 0.000105667
56 -5.50728 0.000105189
57 -5.50727 0.00010339
58 -5.50729 0.00010391
59 -5.5073 0.000102199
60 -5.50729 0.000100587
61 -5.5073 9.89931e-05
62 -5.5073 9.73984e-05
63 -5.5073 9.62214e-05
64 -5.50732 9.55314e-05
65 -5.50734 9.61162e-05
66 -5.50735 9.60433e-05
67 -5.50738 9.71378e-05
68 -5.50738 9.60755e-05
69 -5.50736 9.67482e-05
70 -5.50736 9.54635e-05
71 -5.50736 9.41395e-05
72 -5.50738 9.55497e-05
73 -5.50737 9.47349e-05
74 -5.50738 9.3594e-05
75 -5.50738 9.24009e-05
76 -5.50739 9.18581e-05
77 -5.50737 9.27629e-05
78 -5.50737 9.15775e-05
79 -5.50737 9.04321e-05
80 -5.50736 8.99355e-05
81 -5.50736 8.91286e-05
82 -5.50736 8.83467e-05
83 -5.50735 8.73274e-05
84 -5.50734 8.76569e-05
85 -5.50735 8.69408e-05
86 -5.50735 8.59338e-05
87 -5.50734 8.50757e-05
88 -5.50732 8.58377e-05
89 -5.50732 8.51438e-05
90 -5.50733 8.49092e-05
91 -5.50733 8.40967e-05
92 -5.50733 8.34206e-05
93 -5.50733 8.2543e-05
94 -5.50732 8.16768e-05
95 -5.50732 8.08221e-05
96 -5.50732 7.9983e-05
97 -5.50733 8.0043e-05
98 -5.50733 7.93291e-05
99 -5.50733 7.85474e-05
100 -5.50734 7.78463e-05
