1 -6.67877 0
2 -6.69006 0.00798278
3 -6.68666 0.00600374
4 -6.68676 0.0045036
5 -6.6856 0.00374912
6 -6.68642 0.00321305
7 -6.68667 0.00276362
8 -6.68705 0.0024447
9 -6.68771 0.00226007
10 -6.68738 0.00205736
11 -6.68744 0.00187111
12 -6.68783 0.00175483
13 -6.6874 0.00167205
14 -6.68801 0.00166167
15 -6.68803 0.00155096
16 -6.68804 0.00145407
17 -6.68794 0.00137171
18 -6.68761 0.00133422
19 -6.68807 0.00133835
20 -6.68779 0.00129906
21 -6.68823 0.00130969
22 -6.68828 0.00125108
23 -6.68773 0.00131183
24 -6.6878 0.00125877
25 -6.68772 0.00121052
26 -6.68809 0.00121768
27 -6.68828 0.00118819
28 -6.68773 0.00126848
29 -6.68802 0.00125693
30 -6.68791 0.00121966
31 -6.68808 0.00119192
32 -6.6881 0.00115482
33 -6.68785 0.00114547
34 -6.68759 0.00114183
35 -6.68785 0.00113879
36 -6.68779 0.00110866
37 -6.68778 0.00107877
38 -6.68791 0.00105879
39 -6.68782 0.001036
40 -6.68782 0.0010101
41 -6.68769 0.000993281
42 -6.68723 0.00106969
43 -6.68773 0.00115211
44 -6.68735 0.00118463
45 -6.68716 0.00117431
46 -6.68726 0.0011535
47 -6.68726 0.00112898
48 -6.68726 0.00110546
49 -6.68743 0.00109571
50 -6.68742 0.0010738
51 -6.6875 0.00105533
52 -6.68739 0.0010409
53 -6.6874 0.0010213
54 -6.68734 0.00100404
55 -6.68735 0.000985869
56 -6.68749 0.000978042
57 -6.68753 0.000961678
58 -6.68751 0.000945207
59 -6.68754 0.000929648
60 -6.68752 0.000914466
61 -6.68775 0.000928687
62 -6.68767 0.000917686
63 -6.68774 0.000905946
64 -6.6878 0.000893688
65 -6.68781 0.000880005
66 -6.68779 0.000866961
67 -6.68786 0.000857542
68 -6.68787 0.000844987
69 -6.68781 0.000834998
70 -6.68796 0.000835447
71 -6.68784 0.000832106
72 -6.68798 0.000832126
73 -6.68794 0.000821671
74 -6.68797 0.000811138
75 -6.68796 0.000800356
76 -6.688 0.000791045
77 -6.68805 0.000781788
78 -6.68789 0.000787071
79 -6.68808 0.000799852
80 -6.68788 0.00081528
81 -6.68793 0.000806857
82 -6.68797 0.00079807
83 -6.68776 0.000816646
84 -6.68777 0.000807017
85 -6.68765 0.000806516
86 -6.68767 0.000797332
87 -6.68763 0.000788983
88 -6.68751 0.000788493
89 -6.68759 0.000783721
90 -6.68755 0.000776026
91 -6.68763 0.000770847
92 -6.68755 0.000766316
93 -6.68766 0.00076635
94 -6.68761 0.000759931
95 -6.68768 0.000755602
96 -6.68777 0.000752422
97 -6.68776 0.000744683
98 -6.68766 0.000744292
99 -6.68775 0.000742071
100 -6.68761 0.000747604
