1 3.12556 0
2 3.12055 0.00500802
3 3.14543 0.025044
4 3.13671 0.019738
5 3.12459 0.0195099
6 3.12841 0.0163803
7 3.12832 0.0138442
8 3.1322 0.0126038
9 3.13359 0.0112013
10 3.1286 0.0111921
11 3.13508 0.0120186
12 3.13782 0.0113092
13 3.13594 0.0105722
14 3.13567 0.00979145
15 3.13608 0.00912458
16 3.13623 0.00853655
17 3.13597 0.0080231
18 3.13614 0.00756614
19 3.13549 0.00718584
20 3.13743 0.00708809
21 3.13642 0.00681824
22 3.13646 0.00650107
23 3.13883 0.00665081
24 3.13847 0.00637822
25 3.13858 0.0061188
26 3.13765 0.00595165
27 3.13739 0.00573294
28 3.13574 0.00576414
29 3.13682 0.0056643
30 3.13659 0.0054769
31 3.13665 0.00529762
32 3.13437 0.00561285
33 3.13387 0.00546334
34 3.13325 0.00533641
35 3.13385 0.00521646
36 3.13504 0.00520685
37 3.13557 0.00509243
38 3.13554 0.00495668
39 3.13549 0.00482823
40 3.13586 0.00472055
41 3.13532 0.00463509
42 3.13667 0.00471823
43 3.13729 0.004649
44 3.1374 0.00454359
45 3.13852 0.00457948
46 3.13794 0.00451671
47 3.13887 0.00451711
48 3.13815 0.00447964
49 3.13818 0.00438736
50 3.1384 0.00430435
51 3.1384 0.0042191
52 3.13955 0.00429349
53 3.14011 0.00424855
54 3.14039 0.00417877
55 3.14064 0.00410924
56 3.14162 0.00415354
57 3.14184 0.00408607
58 3.14161 0.00402173
59 3.14086 0.00402355
60 3.14175 0.00405604
61 3.14267 0.00409239
62 3.14294 0.00403489
63 3.14307 0.00397262
64 3.14356 0.00394041
65 3.14408 0.00391368
66 3.1436 0.00388404
67 3.14328 0.00383892
68 3.14431 0.00391998
69 3.14428 0.00386285
70 3.14456 0.00381766
71 3.14458 0.00376355
72 3.14506 0.00374145
73 3.14477 0.00370063
74 3.14513 0.00366727
75 3.14531 0.00362266
76 3.14538 0.00357528
77 3.14519 0.00353338
78 3.14481 0.00350843
79 3.14476 0.00346413
80 3.14497 0.0034271
81 3.14516 0.00338999
82 3.14494 0.00335553
83 3.1454 0.00334542
84 3.14481 0.00335674
85 3.14522 0.00334203
86 3.14537 0.00330643
87 3.14534 0.00326838
88 3.14516 0.00323606
89 3.14487 0.00321252
90 3.1448 0.00317742
91 3.14402 0.00323732
92 3.14362 0.00322605
93 3.14363 0.00319119
94 3.14337 0.00316803
95 3.14392 0.00318159
96 3.14355 0.00316934
97 3.1435 0.00313693
98 3.14304 0.0031378
99 3.14311 0.00310656
100 3.14337 0.00308683
101 3.14345 0.00305702
102 3.14324 0.00303368
103 3.14351 0.00301554
104 3.14357 0.00298712
105 3.14367 0.00296011
106 3.14379 0.00293458
107 3.14389 0.00290886
108 3.14396 0.00288253
109 3.14348 0.00289566
110 3.14343 0.00286976
111 3.14399 0.00289863
112 3.14362 0.00289603
113 3.1436 0.00287033
114 3.14345 0.00284918
115 3.14363 0.00282993
116 3.14369 0.00280602
117 3.14382 0.00278495
118 3.14348 0.00278185
119 3.14365 0.00276375
120 3.14376 0.00274293
121 3.14337 0.00274772
122 3.14321 0.00273005
123 3.14291 0.00272449
124 3.14304 0.0027057
125 3.14322 0.00269008
126 3.14335 0.00267174
127 3.14355 0.00265805
128 3.14336 0.00264424
129 3.14321 0.00262751
130 3.14334 0.00261041
131 3.14309 0.0026033
132 3.14344 0.00260837
133 3.14353 0.00258997
134 3.14374 0.00257935
135 3.14431 0.00262249
136 3.14428 0.00260327
137 3.14437 0.0025859
138 3.14432 0.0025676
139 3.14413 0.00255652
140 3.14413 0.00253819
141 3.14414 0.00252015
142 3.14407 0.00250326
143 3.14404 0.00248585
144 3.14421 0.00247412
145 3.14394 0.00247139
146 3.14417 0.00246459
147 3.1442 0.00244795
148 3.14419 0.00243137
149 3.14428 0.00241685
150 3.14397 0.00242147
151 3.14411 0.00240945
152 3.14412 0.00239358
153 3.14426 0.00238184
154 3.14395 0.00238631
155 3.14359 0.0023976
156 3.14334 0.00239497
157 3.14334 0.00237967
158 3.14298 0.00239185
159 3.14311 0.00238004
160 3.14305 0.00236572
161 3.14287 0.00235769
162 3.14266 0.00235308
163 3.14275 0.00234028
164 3.14296 0.00233576
165 3.14308 0.00232486
166 3.14326 0.00231764
167 3.1432 0.00230448
168 3.14304 0.0022964
169 3.14289 0.0022881
170 3.1429 0.00227464
171 3.14291 0.00226133
172 3.1428 0.00225086
173 3.14293 0.00224153
174 3.14289 0.00222889
175 3.14258 0.00223817
176 3.14245 0.00222911
177 3.14244 0.00221652
178 3.14205 0.00223842
179 3.14228 0.00223826
180 3.14228 0.00222579
181 3.14214 0.00221779
182 3.14223 0.00220748
183 3.14229 0.00219619
184 3.14213 0.00219056
185 3.14211 0.00217873
186 3.14208 0.00216718
187 3.14199 0.00215775
188 3.14236 0.00217903
189 3.14226 0.00216994
190 3.14213 0.00216234
191 3.14214 0.00215101
192 3.1418 0.00216724
193 3.14207 0.00217327
194 3.14198 0.00216395
195 3.14195 0.00215302
196 3.14193 0.00214209
197 3.14175 0.00213868
198 3.14185 0.00213023
199 3.14186 0.00211952
200 3.14204 0.00211677
