1 -0.427498 0
2 -0.436593 0.00643114
3 -0.443578 0.00713537
4 -0.448951 0.0070914
5 -0.45083 0.00591689
6 -0.448672 0.00530955
7 -0.445142 0.00560294
8 -0.446946 0.00518476
9 -0.445261 0.00487474
10 -0.445395 0.00438909
11 -0.443971 0.00421455
12 -0.446147 0.004389
13 -0.444068 0.00451696
14 -0.444616 0.00422737
15 -0.443713 0.00404073
16 -0.442644 0.00392695
17 -0.442551 0.00369705
18 -0.443443 0.00359744
19 -0.443812 0.00342707
20 -0.443658 0.00325919
21 -0.442624 0.00326399
22 -0.441629 0.00326359
23 -0.441082 0.00316727
24 -0.440596 0.00307242
25 -0.440729 0.00295244
26 -0.441134 0.0028664
27 -0.442076 0.00291102
28 -0.442349 0.00281986
29 -0.44215 0.00272969
30 -0.442059 0.00264021
31 -0.442106 0.00255547
32 -0.442424 0.00249528
33 -0.442403 0.00241975
34 -0.442636 0.00235977
35 -0.442129 0.00234619
36 -0.442533 0.00231553
37 -0.442961 0.00229202
38 -0.442593 0.00226095
39 -0.442139 0.00224805
40 -0.441292 0.002346
41 -0.44137 0.00229007
42 -0.441749 0.00226662
43 -0.441693 0.0022146
44 -0.441917 0.00217563
45 -0.442303 0.00216117
46 -0.442472 0.0021208
47 -0.442581 0.00207846
48 -0.44227 0.0020582
49 -0.441892 0.00205072
50 -0.442066 0.00201711
51 -0.441965 0.00198008
52 -0.441782 0.0019504
53 -0.441805 0.00191373
54 -0.441646 0.00188487
55 -0.441859 0.0018626
56 -0.441615 0.00184528
57 -0.441801 0.0018223
58 -0.441647 0.00179737
59 -0.44189 0.00178315
60 -0.442224 0.00178459
61 -0.442355 0.00176011
62 -0.442301 0.00173255
63 -0.442693 0.00174868
64 -0.442663 0.00172161
65 -0.442694 0.0016954
66 -0.442579 0.00167361
67 -0.442822 0.00166616
68 -0.44259 0.00165769
69 -0.442626 0.00163406
70 -0.442563 0.00161196
71 -0.442234 0.00162235
72 -0.442264 0.00160009
73 -0.442152 0.00158208
74 -0.442283 0.00156606
75 -0.442304 0.00154532
76 -0.442468 0.00153364
77 -0.442283 0.00152485
78 -0.442321 0.0015058
79 -0.442061 0.00150902
80 -0.442062 0.00149015
81 -0.442191 0.00147736
82 -0.441918 0.00148448
83 -0.441926 0.00146662
84 -0.441863 0.0014505
85 -0.44179 0.00143526
86 -0.441826 0.00141902
87 -0.441838 0.00140276
88 -0.441617 0.00140414
89 -0.441603 0.00138844
90 -0.441553 0.00137391
91 -0.441503 0.00135971
92 -0.44169 0.00135769
93 -0.441671 0.00134321
94 -0.441633 0.00132946
95 -0.441739 0.00131963
96 -0.441838 0.0013096
97 -0.441842 0.00129611
98 -0.441892 0.00128382
99 -0.441964 0.0012729
100 -0.441943 0.00126035
