1 1.39671307522 0
2 1.39675950887 3.28335497473e-05
3 1.39674211119 2.60943670216e-05
4 1.39674174942 1.9573283574e-05
5 1.39673911548 1.58348576084e-05
6 1.39674151849 1.33768059619e-05
7 1.39675496059 1.69216606875e-05
8 1.39675972621 1.54629634032e-05
9 1.39676089498 1.37889562658e-05
10 1.3967536019 1.42084373082e-05
11 1.39674639377 1.46313558719e-05
12 1.39674230528 1.39716326038e-05
13 1.39674726062 1.37475952118e-05
14 1.39675229021 1.36547089607e-05
15 1.39675267476 1.27498077245e-05
16 1.39675314534 1.19616252249e-05
17 1.39675471752 1.13608511364e-05
18 1.3967589466 1.1489902238e-05
19 1.39676153703 1.1173365128e-05
20 1.39676531178 1.12342348611e-05
21 1.39676432741 1.07423100945e-05
22 1.39676724994 1.06441503507e-05
23 1.39676950259 1.04170016072e-05
24 1.39676981735 9.987715189e-06
25 1.39676873517 9.64665636893e-06
26 1.39677041187 9.42022045215e-06
27 1.39676973823 9.09537660202e-06
28 1.3967702842 8.78691354372e-06
29 1.39677373147 9.13513601124e-06
30 1.39676899758 9.98211945925e-06
31 1.39676934428 9.66613451537e-06
32 1.39676947933 9.36501045993e-06
33 1.39676688987 9.43242861556e-06
34 1.39676809757 9.23199641962e-06
35 1.39676805887 8.96830567606e-06
36 1.39676733569 8.74829556308e-06
37 1.39676972137 8.83115760883e-06
38 1.39677128636 8.73632533531e-06
39 1.39677350556 8.78965919376e-06
40 1.39677366599 8.57138152334e-06
41 1.39677216479 8.49276693477e-06
42 1.39677220828 8.29067025567e-06
43 1.39677254008 8.1044997668e-06
44 1.39677016061 8.26223183413e-06
45 1.39677049969 8.08558176649e-06
46 1.39677123196 7.94289839829e-06
47 1.39676992343 7.88094874502e-06
48 1.39676824261 7.89396720289e-06
49 1.39676595471 8.05759664362e-06
50 1.39676548675 7.91002229081e-06
51 1.39676486962 7.77895969754e-06
52 1.39676620996 7.74397530824e-06
53 1.39676571818 7.61346111834e-06
54 1.39676591222 7.47494362302e-06
55 1.39676579702 7.33992347351e-06
56 1.3967623298 7.98589266941e-06
57 1.39676091111 7.97080863618e-06
58 1.3967598525 7.90336487793e-06
59 1.39676098219 7.84973175503e-06
60 1.39675882628 8.00948988476e-06
61 1.39675735082 8.01293502874e-06
62 1.39675433314 8.43280299395e-06
63 1.39675082031 9.00092378768e-06
64 1.39675190112 8.92493959909e-06
65 1.39675215505 8.79124408111e-06
66 1.39675261954 8.67030585172e-06
67 1.39675291251 8.54584624178e-06
68 1.3967535593 8.44461303988e-06
69 1.39675171006 8.52230107936e-06
70 1.39675311671 8.51585149775e-06
71 1.3967548585 8.57218759322e-06
72 1.39675538127 8.46905511507e-06
73 1.39675544442 8.35327612689e-06
74 1.39675407201 8.35237577082e-06
75 1.39675385967 8.2437093482e-06
76 1.39675385454 8.13524090362e-06
77 1.39675437587 8.04627529361e-06
78 1.3967537847 7.96480567205e-06
79 1.39675198256 8.06528739802e-06
80 1.39675320279 8.05624944205e-06
81 1.3967530929 7.95753890926e-06
82 1.39675337857 7.86562165025e-06
83 1.39675441615 7.83899115602e-06
84 1.39675395969 7.75894773117e-06
85 1.3967551754 7.76232299456e-06
86 1.39675646305 7.77813146332e-06
87 1.39675647621 7.68873910169e-06
88 1.39675541977 7.67360134819e-06
89 1.39675376044 7.76471320315e-06
90 1.39675265117 7.75726934969e-06
91 1.39675270275 7.67219638279e-06
92 1.39675290935 7.59158385535e-06
93 1.39675306278 7.51150398296e-06
94 1.39675347663 7.44298601132e-06
95 1.39675272855 7.40213691318e-06
96 1.39675329804 7.34690544469e-06
97 1.39675366463 7.28030441422e-06
98 1.39675393773 7.21113590349e-06
99 1.39675430715 7.14775270614e-06
100 1.39675317051 7.16607965695e-06
