1 -0.452621 0
2 -0.441715 0.00771136
3 -0.434006 0.00812686
4 -0.439996 0.00800376
5 -0.436599 0.00708742
6 -0.429255 0.00893473
7 -0.424013 0.00906669
8 -0.418283 0.00957407
9 -0.414878 0.00909572
10 -0.417363 0.00851878
11 -0.417324 0.00774444
12 -0.417317 0.00709907
13 -0.415924 0.00668841
14 -0.412265 0.00714152
15 -0.410753 0.00682368
16 -0.409431 0.00652395
17 -0.4083 0.0062374
18 -0.405146 0.00664089
19 -0.404003 0.00638896
20 -0.402194 0.00632038
21 -0.40184 0.00602931
22 -0.403139 0.00589346
23 -0.403201 0.00563754
24 -0.402327 0.0054699
25 -0.403674 0.00541437
26 -0.403328 0.00521714
27 -0.403326 0.00502392
28 -0.402609 0.00489534
29 -0.401868 0.0047824
30 -0.403037 0.00476376
31 -0.402789 0.00461655
32 -0.403876 0.00459847
33 -0.405754 0.00482746
34 -0.405655 0.00468648
35 -0.405193 0.00457528
36 -0.404221 0.0045504
37 -0.402516 0.00473609
38 -0.400934 0.0048685
39 -0.400362 0.00477707
40 -0.400926 0.00469074
41 -0.400691 0.00458219
42 -0.400159 0.00450391
43 -0.399641 0.00442886
44 -0.400326 0.00438093
45 -0.400791 0.00430818
46 -0.401869 0.00434728
47 -0.402958 0.00438898
48 -0.404887 0.00470264
49 -0.405871 0.00470843
50 -0.406481 0.00465358
51 -0.406439 0.00456252
52 -0.405704 0.0045336
53 -0.405438 0.00445583
54 -0.4054 0.00437347
55 -0.405091 0.00430489
56 -0.406093 0.00434299
57 -0.40732 0.00443679
58 -0.408201 0.00444699
59 -0.408844 0.00441775
60 -0.409705 0.00442728
61 -0.409354 0.00436859
62 -0.410511 0.00444879
63 -0.410386 0.00437994
64 -0.410257 0.0043134
65 -0.40964 0.00429092
66 -0.409804 0.00422903
67 -0.409906 0.00416714
68 -0.410144 0.00411264
69 -0.410449 0.00406438
70 -0.40981 0.00405621
71 -0.40964 0.00400265
72 -0.409435 0.00395229
73 -0.409762 0.00391165
74 -0.410296 0.00389507
75 -0.410345 0.00384344
76 -0.410032 0.00380558
77 -0.409879 0.0037592
78 -0.409744 0.00371346
79 -0.409654 0.00366754
80 -0.409178 0.00365237
81 -0.409345 0.00361106
82 -0.409361 0.00356707
83 -0.408834 0.00356292
84 -0.40923 0.00354251
85 -0.408924 0.00351402
86 -0.408507 0.00349782
87 -0.408216 0.00346971
88 -0.408354 0.00343302
89 -0.408815 0.00342524
90 -0.408758 0.00338766
91 -0.408459 0.00336358
92 -0.408805 0.00334472
93 -0.408377 0.00333597
94 -0.408277 0.00330199
95 -0.408262 0.00326726
96 -0.408145 0.00323532
97 -0.407635 0.00324198
98 -0.407652 0.00320895
99 -0.407761 0.00317838
100 -0.4081 0.00316459
