1 1.23289 0
2 1.22565 0.00511902
3 1.2205 0.00541603
4 1.22449 0.00533464
5 1.22223 0.00472475
6 1.21733 0.00595528
7 1.21385 0.00603915
8 1.21003 0.0063772
9 1.20776 0.00605897
10 1.20941 0.00567372
11 1.20938 0.00515801
12 1.20937 0.00472818
13 1.20845 0.00445421
14 1.20601 0.0047556
15 1.205 0.00454413
16 1.20412 0.00434465
17 1.20337 0.00415378
18 1.20127 0.00442224
19 1.20051 0.00425433
20 1.19931 0.00420836
21 1.19907 0.00401461
22 1.19994 0.00392479
23 1.19998 0.00375437
24 1.1994 0.0036428
25 1.20029 0.00360586
26 1.20007 0.00347446
27 1.20006 0.00334578
28 1.19959 0.00326017
29 1.19909 0.00318468
30 1.19987 0.00317173
31 1.19971 0.00307372
32 1.20043 0.00306192
33 1.20168 0.00321431
34 1.20162 0.00312043
35 1.20131 0.00304643
36 1.20066 0.00303013
37 1.19952 0.00315368
38 1.19847 0.00324191
39 1.19809 0.00318091
40 1.19847 0.00312349
41 1.19831 0.00305127
42 1.19795 0.00299918
43 1.19761 0.00294923
44 1.19806 0.00291715
45 1.19837 0.00286877
46 1.19909 0.00289512
47 1.19982 0.00292287
48 1.2011 0.00313186
49 1.20176 0.00313554
50 1.20216 0.00309903
51 1.20214 0.00303839
52 1.20165 0.00301907
53 1.20147 0.00296731
54 1.20144 0.00291247
55 1.20124 0.00286682
56 1.2019 0.00289183
57 1.20272 0.0029543
58 1.20331 0.00296109
59 1.20374 0.0029418
60 1.20431 0.002948
61 1.20407 0.00290902
62 1.20484 0.00296214
63 1.20476 0.00291636
64 1.20467 0.00287204
65 1.20426 0.00285712
66 1.20437 0.00281593
67 1.20444 0.00277473
68 1.2046 0.00273847
69 1.2048 0.00270627
70 1.20438 0.00270076
71 1.20426 0.00266506
72 1.20413 0.00263152
73 1.20435 0.00260448
74 1.2047 0.00259338
75 1.20473 0.002559
76 1.20452 0.00253382
77 1.20442 0.00250293
78 1.20433 0.00247249
79 1.20427 0.00244195
80 1.20395 0.0024318
81 1.20407 0.0024043
82 1.20408 0.002375
83 1.20373 0.00237221
84 1.20399 0.00235862
85 1.20379 0.00233961
86 1.20351 0.00232876
87 1.20331 0.00231007
88 1.20341 0.00228562
89 1.20371 0.00228035
90 1.20367 0.00225534
91 1.20347 0.00223933
92 1.20371 0.00222682
93 1.20342 0.00222103
94 1.20335 0.0021984
95 1.20334 0.00217528
96 1.20327 0.00215401
97 1.20293 0.00215847
98 1.20294 0.00213648
99 1.20301 0.00211614
100 1.20324 0.00210691
