1 1.84933 0
2 1.83847 0.00767852
3 1.83075 0.00812405
4 1.83674 0.00800196
5 1.83334 0.00708713
6 1.826 0.00893292
7 1.82077 0.00905872
8 1.81504 0.0095658
9 1.81164 0.00908846
10 1.81412 0.00851058
11 1.81407 0.00773702
12 1.81406 0.00709227
13 1.81267 0.00668131
14 1.80902 0.0071334
15 1.80751 0.0068162
16 1.80618 0.00651698
17 1.80505 0.00623068
18 1.8019 0.00663336
19 1.80076 0.00638149
20 1.79896 0.00631255
21 1.7986 0.00602191
22 1.79991 0.00588718
23 1.79997 0.00563156
24 1.7991 0.00546419
25 1.80044 0.00540879
26 1.8001 0.00521169
27 1.8001 0.00501866
28 1.79938 0.00489025
29 1.79864 0.00477702
30 1.79981 0.0047576
31 1.79956 0.00461058
32 1.80065 0.00459287
33 1.80252 0.00482147
34 1.80242 0.00468065
35 1.80196 0.00456964
36 1.80099 0.00454519
37 1.79929 0.00473052
38 1.7977 0.00486287
39 1.79714 0.00477136
40 1.7977 0.00468523
41 1.79746 0.0045769
42 1.79693 0.00449877
43 1.79641 0.00442384
44 1.7971 0.00437572
45 1.79756 0.00430315
46 1.79864 0.00434269
47 1.79973 0.00438431
48 1.80166 0.00469778
49 1.80264 0.0047033
50 1.80325 0.00464854
51 1.8032 0.00455759
52 1.80247 0.0045286
53 1.8022 0.00445097
54 1.80217 0.0043687
55 1.80186 0.00430023
56 1.80286 0.00433775
57 1.80408 0.00443145
58 1.80496 0.00444164
59 1.8056 0.0044127
60 1.80646 0.004422
61 1.80611 0.00436353
62 1.80727 0.00444321
63 1.80714 0.00437455
64 1.80701 0.00430807
65 1.80639 0.00428569
66 1.80656 0.0042239
67 1.80666 0.00416209
68 1.8069 0.00410771
69 1.8072 0.0040594
70 1.80656 0.00405114
71 1.80639 0.00399759
72 1.80619 0.00394728
73 1.80652 0.00390672
74 1.80705 0.00389007
75 1.8071 0.0038385
76 1.80679 0.00380073
77 1.80663 0.0037544
78 1.8065 0.00370874
79 1.80641 0.00366293
80 1.80593 0.0036477
81 1.8061 0.00360645
82 1.80611 0.00356251
83 1.80559 0.00355832
84 1.80598 0.00353793
85 1.80568 0.00350941
86 1.80526 0.00349315
87 1.80497 0.0034651
88 1.80511 0.00342843
89 1.80557 0.00342052
90 1.80551 0.00338301
91 1.80521 0.003359
92 1.80556 0.00334023
93 1.80513 0.00333154
94 1.80503 0.0032976
95 1.80501 0.00326292
96 1.8049 0.00323101
97 1.80439 0.00323771
98 1.80441 0.00320472
99 1.80452 0.00317421
100 1.80485 0.00316036
