0 0 nan
1 1 0
2 1.41513 0.0044295
3 1.74026 0.0061361
4 2.00661 0.00736129
5 2.24577 0.00842686
6 2.45473 0.00879872
7 2.65537 0.00986034
8 2.84495 0.01028
9 3.01578 0.0109057
10 3.17084 0.0115816
11 3.32074 0.0129824
12 3.47197 0.0131229
13 3.61456 0.0141338
14 3.74829 0.0145693
15 3.87431 0.014992
16 4.00169 0.0154283
17 4.13533 0.0158175
18 4.2601 0.0160286
19 4.37534 0.0160131
20 4.48024 0.0165309
21 4.59051 0.0176539
22 4.69209 0.0182916
23 4.79023 0.0188175
24 4.89626 0.0186564
25 5.00081 0.0189558
26 5.10649 0.0190616
27 5.19601 0.0200463
28 5.29123 0.020715
29 5.39035 0.0203773
30 5.47638 0.0215105
31 5.55639 0.0213864
32 5.64586 0.0209507
33 5.73248 0.0214674
34 5.81856 0.0214987
35 5.90151 0.0229119
36 5.98662 0.0229629
37 6.06707 0.0242202
38 6.15205 0.0240294
39 6.23643 0.0241977
40 6.31811 0.0251119
41 6.39359 0.0246775
42 6.4746 0.0247687
43 6.5543 0.0250403
44 6.62733 0.0254727
45 6.71346 0.0257805
46 6.78259 0.0263348
47 6.85537 0.0260331
48 6.91692 0.0254886
49 6.98672 0.0254168
50 7.05944 0.0251361
51 7.13421 0.0257391
52 7.21244 0.02677
53 7.2884 0.0271984
54 7.35091 0.0278038
55 7.41981 0.0289285
56 7.48333 0.0290598
57 7.54938 0.0288862
58 7.61168 0.0285699
59 7.67394 0.0278489
60 7.7342 0.0286059
61 7.79705 0.029319
62 7.86151 0.0294868
63 7.92099 0.0296266
64 7.9789 0.0300058
65 8.04443 0.0298113
66 8.11118 0.030577
67 8.17117 0.0314849
68 8.22855 0.03128
69 8.28889 0.0329477
70 8.3553 0.0335282
71 8.41335 0.0336366
72 8.4601 0.0330385
73 8.52079 0.0335534
74 8.58804 0.033811
75 8.64718 0.0343563
76 8.70699 0.0349687
77 8.77073 0.0346595
78 8.83119 0.0340564
79 8.87855 0.0349721
80 8.93212 0.0353683
81 8.977 0.0352093
82 9.03033 0.0355579
83 9.0929 0.0353213
84 9.14937 0.0362009
85 9.20317 0.0363888
86 9.26192 0.0365276
87 9.31584 0.0367792
88 9.36815 0.0363349
89 9.41139 0.0359641
90 9.46435 0.0363858
91 9.51549 0.0374414
92 9.56509 0.0375566
93 9.60974 0.0385001
94 9.65891 0.0389385
95 9.70595 0.0390393
96 9.75117 0.0391495
97 9.80216 0.039802
98 9.85665 0.0402974
99 9.92139 0.0411041
100 9.98194 0.0417052
