0 0 nan
1 1 0
2 1.41662 0.00368457
3 1.73043 0.00565097
4 2.00564 0.00739522
5 2.24691 0.00812571
6 2.45573 0.00936133
7 2.65055 0.00997004
8 2.8387 0.0103582
9 3.00978 0.0120203
10 3.17534 0.0125179
11 3.33329 0.0132117
12 3.4831 0.0138204
13 3.62273 0.0143798
14 3.76611 0.0150191
15 3.91244 0.0148273
16 4.0396 0.0156535
17 4.16055 0.0154566
18 4.28434 0.0166487
19 4.4037 0.0171138
20 4.51648 0.0173318
21 4.61736 0.0176303
22 4.71699 0.018163
23 4.81552 0.0175939
24 4.91665 0.0176151
25 5.01739 0.0184695
26 5.11812 0.0190368
27 5.21849 0.021406
28 5.30954 0.0209796
29 5.40163 0.0215231
30 5.48529 0.0210074
31 5.56424 0.0223828
32 5.64556 0.0231242
33 5.72606 0.0241178
34 5.8113 0.0249793
35 5.89819 0.0256104
36 5.98384 0.0250454
37 6.07541 0.0255048
38 6.14957 0.026084
39 6.23328 0.0254609
40 6.31383 0.024941
41 6.39422 0.0254474
42 6.45932 0.0264777
43 6.53856 0.025665
44 6.61377 0.0259045
45 6.67844 0.0262746
46 6.74784 0.0267154
47 6.82715 0.0271953
48 6.91305 0.0281939
49 6.99528 0.0294955
50 7.06706 0.0297624
51 7.13836 0.02976
52 7.21218 0.0300951
53 7.28306 0.0300671
54 7.35299 0.0291969
55 7.42855 0.029368
56 7.48879 0.0294391
57 7.55582 0.0293023
58 7.62147 0.0298348
59 7.69075 0.0296382
60 7.75608 0.0301526
61 7.8144 0.0304202
62 7.87966 0.0311591
63 7.93775 0.0315887
64 7.98802 0.0313573
65 8.05985 0.0311291
66 8.12206 0.0317027
67 8.18196 0.0312778
68 8.25261 0.0313499
69 8.30488 0.0313815
70 8.37093 0.031024
71 8.43292 0.0314055
72 8.49175 0.0310962
73 8.55938 0.0313615
74 8.61207 0.0325855
75 8.67728 0.032687
76 8.73296 0.0319589
77 8.79253 0.0320333
78 8.8482 0.0310495
79 8.90345 0.0319525
80 8.95209 0.032481
81 9.00704 0.0328797
82 9.0628 0.0327344
83 9.12306 0.0327174
84 9.17497 0.0329408
85 9.22168 0.0326964
86 9.27941 0.0343074
87 9.32737 0.0350856
88 9.37202 0.0350473
89 9.42962 0.0358805
90 9.47833 0.0367702
91 9.5349 0.0373091
92 9.59157 0.0373964
93 9.64454 0.0379813
94 9.70216 0.0372282
95 9.75518 0.037598
96 9.79903 0.0382037
97 9.85414 0.0385145
98 9.90789 0.0386755
99 9.96603 0.0396419
100 10.0143 0.0402576
