0.0128248 0 0
0.0384745 0 0
0.0641241 0 0
0.0897737 0 0
0.115423 0 0
0.141073 0 0
0.166723 0 0
0.192372 0 0
0.218022 0 0
0.243672 0 0
0.269321 0 0
0.294971 0 0
0.32062 0 0
0.34627 0 0
0.37192 0 0
0.397569 0 0
0.423219 0 0
0.448869 0 0
0.474518 0 0
0.500168 0 0
0.525818 0 0
0.551467 0 0
0.577117 0 0
0.602767 0 0
0.628416 0 0
0.654066 0 0
0.679715 0 0
0.705365 0 0
0.731015 0 0
0.756664 0 0
0.782314 0 0
0.807964 0 0
0.833613 0 0
0.859263 1.94523e-05 1.93548e-05
0.884913 0.00159567 0.000278947
0.910562 0.0313708 0.00141427
0.936212 0.193751 0.00387729
0.961861 0.608107 0.00618636
0.987511 1.23788 0.00861387
1.01316 1.89142 0.0114343
1.03881 2.36713 0.0146851
1.06446 2.54506 0.0136667
1.09011 2.53075 0.0119011
1.11576 2.37459 0.011376
1.14141 2.16352 0.0090313
1.16706 1.92786 0.0103508
1.19271 1.72784 0.0105767
1.21836 1.52313 0.00961268
1.24401 1.36711 0.0101122
1.26966 1.23865 0.00829636
1.29531 1.1117 0.00771872
1.32096 1.02626 0.00787209
1.34661 0.938985 0.0067843
1.37226 0.869332 0.00640411
1.39791 0.835129 0.00665793
1.42355 0.790146 0.006633
1.4492 0.748302 0.00639269
1.47485 0.715879 0.00527857
1.5005 0.702325 0.00597832
1.52615 0.692125 0.00598659
1.5518 0.675965 0.00555286
1.57745 0.679663 0.00578479
1.6031 0.684602 0.00521755
1.62875 0.69537 0.00490464
1.6544 0.707981 0.0048533
1.68005 0.725935 0.00514247
1.7057 0.755989 0.00472528
1.73135 0.791125 0.00495151
1.757 0.822851 0.00496025
1.78265 0.85692 0.00560239
1.8083 0.884438 0.00532144
1.83395 0.932525 0.00549727
1.8596 0.975564 0.00523901
1.88525 1.01282 0.00578908
1.9109 1.05735 0.00558193
1.93655 1.09762 0.00528239
1.9622 1.1307 0.00548918
1.98785 1.16029 0.00540619
2.0135 1.19303 0.00578095
2.03915 1.20562 0.00532501
2.0648 1.21668 0.00504441
2.09045 1.21364 0.00504453
2.1161 1.19702 0.00501418
2.14174 1.18515 0.00462678
2.16739 1.15716 0.00560849
2.19304 1.13713 0.0050982
2.21869 1.11937 0.00476512
2.24434 1.08111 0.00461166
2.26999 1.056 0.00466489
2.29564 1.03245 0.00467202
2.32129 1.00805 0.00468311
2.34694 0.991846 0.00431958
2.37259 0.973949 0.00417793
2.39824 0.953442 0.00419416
2.42389 0.939485 0.00464406
2.44954 0.923817 0.00453703
2.47519 0.916647 0.00391212
2.50084 0.905542 0.00368291
2.52649 0.900066 0.00387693
2.55214 0.893137 0.00378652
