0.0115332 0 0
0.0345996 0 0
0.0576661 0 0
0.0807325 0 0
0.103799 0 0
0.126865 0 0
0.149932 0 0
0.172998 0 0
0.196065 0 0
0.219131 0 0
0.242198 0 0
0.265264 0 0
0.28833 0 0
0.311397 0 0
0.334463 0 0
0.35753 0 0
0.380596 0 0
0.403663 0 0
0.426729 0 0
0.449795 0 0
0.472862 0 0
0.495928 0 0
0.518995 0 0
0.542061 0 0
0.565128 0 0
0.588194 0 0
0.61126 0 0
0.634327 0 0
0.657393 0 0
0.68046 0 0
0.703526 0 0
0.726593 0 0
0.749659 0 0
0.772725 0 0
0.795792 0 0
0.818858 0 0
0.841925 0 0
0.864991 0 0
0.888058 2.94562e-05 2.06193e-05
0.911124 0.0025745 0.000301212
0.93419 0.0439745 0.00133359
0.957257 0.290948 0.00298318
0.980323 1.00086 0.00642025
1.00339 2.24135 0.0102521
1.02646 3.6218 0.0112075
1.04952 4.64497 0.013831
1.07259 4.89656 0.0137787
1.09566 4.46064 0.0141843
1.11872 3.64576 0.0129263
1.14179 2.69902 0.0110275
1.16485 1.84123 0.00845501
1.18792 1.13913 0.00638989
1.21099 0.646579 0.00483204
1.23405 0.353855 0.00437038
1.25712 0.179399 0.00283376
1.28019 0.0892745 0.00246416
1.30325 0.0486928 0.00159071
1.32632 0.0437586 0.001733
1.34939 0.0639712 0.00181624
1.37245 0.111376 0.00238278
1.39552 0.190988 0.00275178
1.41859 0.302965 0.00312595
1.44165 0.457426 0.00348648
1.46472 0.633643 0.00403053
1.48778 0.78955 0.004694
1.51085 0.910296 0.00568471
1.53392 0.960622 0.00563821
1.55698 0.918284 0.00541433
1.58005 0.807399 0.00427057
1.60312 0.635849 0.00400072
1.62618 0.462727 0.00332781
1.64925 0.31963 0.0025696
1.67232 0.22324 0.00311359
1.69538 0.193958 0.00324145
1.71845 0.252185 0.00331314
1.74152 0.436315 0.00409533
1.76458 0.752406 0.00469656
1.78765 1.20267 0.00504343
1.81071 1.73463 0.00501859
1.83378 2.22906 0.00562104
1.85685 2.5925 0.00705068
1.87991 2.71171 0.00827801
1.90298 2.55897 0.00727238
1.92605 2.18043 0.00659743
1.94911 1.69338 0.00463783
1.97218 1.1999 0.00456163
1.99525 0.804414 0.00399374
2.01831 0.549619 0.00404585
2.04138 0.439837 0.00434302
2.06445 0.463611 0.00341284
2.08751 0.592744 0.00350648
2.11058 0.761639 0.00309465
2.13364 0.909247 0.00293345
2.15671 0.999564 0.00403835
2.17978 1.00529 0.00388396
2.20284 0.918984 0.00342799
2.22591 0.79002 0.00287485
2.24898 0.663761 0.00329906
2.27204 0.58451 0.00391285
2.29511 0.585447 0.00484163
