1 11.8073
2 9.78838
3 9.78838
4 8.521
5 8.00299
6 7.63008
7 7.12039
8 6.87691
9 6.27837
10 6.20287
11 6.07415
12 5.87105
13 5.51681
14 5.51681
15 5.51681
16 5.21011
17 5.21011
18 5.21011
19 5.12056
20 5.12056
21 5.12056
22 5.12056
23 5.12056
24 5.11749
25 5.07041
26 5.07041
27 5.07041
28 5.07041
29 5.07041
30 5.07041
31 5.07041
32 5.07041
33 5.07041
34 5.07041
35 5.07041
36 5.07041
37 5.07041
38 5.07041
39 5.07041
40 5.07041
41 5.07041
42 5.07041
43 5.07041
44 5.07041
45 5.07041
46 5.07041
47 5.07041
48 5.07041
49 5.07041
50 5.07041
