1 -0.423225 0
2 -0.40857 0.0103628
3 -0.404388 0.00770625
4 -0.413271 0.00962252
5 -0.425283 0.0132167
6 -0.418824 0.0124926
7 -0.410616 0.0131307
8 -0.40365 0.0132083
9 -0.401572 0.0119031
10 -0.403289 0.010836
11 -0.407699 0.0107108
12 -0.409206 0.00992362
13 -0.410184 0.00920836
14 -0.40601 0.00944951
15 -0.403166 0.0092378
16 -0.401199 0.00886722
17 -0.400978 0.00834838
18 -0.400933 0.0078847
19 -0.400144 0.00750911
20 -0.398891 0.00723734
21 -0.396439 0.00729639
22 -0.394242 0.00728808
23 -0.391144 0.0076012
24 -0.387155 0.00826509
25 -0.383352 0.00876565
26 -0.382544 0.00846574
27 -0.382928 0.00816092
28 -0.383749 0.0079106
29 -0.382502 0.00773541
30 -0.381484 0.00754425
31 -0.380502 0.00736448
32 -0.381144 0.00716226
33 -0.382867 0.00714951
34 -0.384139 0.00705138
35 -0.38572 0.00702496
36 -0.385498 0.00683334
37 -0.383743 0.00687029
38 -0.383623 0.00669055
39 -0.383679 0.00651924
40 -0.382358 0.00648876
41 -0.381587 0.00637606
42 -0.382791 0.00633687
43 -0.384031 0.00630956
44 -0.384948 0.00623247
45 -0.385492 0.00611767
46 -0.385564 0.00598511
47 -0.38597 0.00587148
48 -0.386244 0.00575555
49 -0.386657 0.00565291
50 -0.386997 0.00555008
51 -0.387694 0.00548474
52 -0.387581 0.00538042
53 -0.387215 0.00529134
54 -0.38752 0.00520213
55 -0.389174 0.00536428
56 -0.391305 0.00567578
57 -0.392284 0.0056601
58 -0.392184 0.00556341
59 -0.39212 0.00546948
60 -0.391265 0.00544474
61 -0.391012 0.00536137
62 -0.390455 0.00530375
63 -0.39071 0.00522569
64 -0.391204 0.00516734
65 -0.391694 0.00511107
66 -0.392419 0.00508472
67 -0.392712 0.00501728
68 -0.393203 0.00496744
69 -0.393925 0.00494763
70 -0.393819 0.00487809
71 -0.393605 0.00481407
72 -0.393243 0.00476075
73 -0.393115 0.00469726
74 -0.392987 0.00463554
75 -0.393606 0.00461491
76 -0.393055 0.00458695
77 -0.393034 0.00452743
78 -0.392585 0.0044916
79 -0.392562 0.0044348
80 -0.392969 0.00439796
81 -0.3932 0.00434974
82 -0.393235 0.00429683
83 -0.393287 0.00424538
84 -0.393836 0.00423016
85 -0.394074 0.00418712
86 -0.394627 0.00417469
87 -0.395551 0.00422781
88 -0.396051 0.00420924
89 -0.396763 0.00422168
90 -0.39704 0.00418384
91 -0.397408 0.00415408
92 -0.397836 0.00413091
93 -0.398027 0.00409087
94 -0.397707 0.0040598
95 -0.397234 0.00404452
96 -0.397522 0.00401259
97 -0.397615 0.00397231
98 -0.397814 0.00393674
99 -0.398543 0.00396393
100 -0.398956 0.00394577
