1 1.21643 0
2 1.20667 0.00690309
3 1.2039 0.00512725
4 1.20984 0.00642053
5 1.21786 0.0088238
6 1.21357 0.00833241
7 1.2081 0.00875287
8 1.20346 0.00880464
9 1.20207 0.00793575
10 1.20321 0.00722365
11 1.20614 0.00713959
12 1.20715 0.00661511
13 1.20781 0.00613904
14 1.20503 0.00629742
15 1.20314 0.00615514
16 1.20184 0.00590716
17 1.20169 0.00556136
18 1.20167 0.00525244
19 1.20115 0.00500156
20 1.20032 0.00481982
21 1.19869 0.00485927
22 1.19723 0.00485425
23 1.19516 0.00506352
24 1.1925 0.00550692
25 1.18997 0.00584062
26 1.18943 0.00564056
27 1.18969 0.00543759
28 1.19024 0.0052711
29 1.18941 0.00515415
30 1.18873 0.00502661
31 1.18808 0.00490679
32 1.18851 0.00477207
33 1.18966 0.00476415
34 1.19051 0.00469939
35 1.19156 0.00468245
36 1.19142 0.00455463
37 1.19025 0.0045788
38 1.19017 0.00445901
39 1.19021 0.00434484
40 1.18933 0.00432461
41 1.18881 0.00424953
42 1.18962 0.00422325
43 1.19044 0.00420468
44 1.19105 0.00415283
45 1.19141 0.00407602
46 1.19145 0.00398767
47 1.19172 0.00391184
48 1.1919 0.00383458
49 1.19218 0.00376627
50 1.19241 0.0036978
51 1.19287 0.00365449
52 1.1928 0.00358496
53 1.19255 0.0035256
54 1.19276 0.00346614
55 1.19386 0.00357424
56 1.19528 0.00378206
57 1.19593 0.00377169
58 1.19587 0.00370725
59 1.19582 0.00364465
60 1.19525 0.00362807
61 1.19509 0.00357249
62 1.19472 0.00353405
63 1.19489 0.00348206
64 1.19522 0.0034432
65 1.19554 0.00340567
66 1.19602 0.003388
67 1.19622 0.00334301
68 1.19654 0.00330973
69 1.19702 0.00329638
70 1.19695 0.00325007
71 1.19681 0.00320749
72 1.19657 0.00317206
73 1.19648 0.00312977
74 1.19639 0.00308865
75 1.19681 0.00307487
76 1.19644 0.00305635
77 1.19642 0.00301669
78 1.19613 0.0029928
79 1.19611 0.00295495
80 1.19638 0.0029305
81 1.19654 0.00289841
82 1.19656 0.00286315
83 1.1966 0.00282887
84 1.19696 0.00281882
85 1.19712 0.00279019
86 1.19749 0.00278199
87 1.19811 0.00281746
88 1.19844 0.0028051
89 1.19892 0.00281336
90 1.1991 0.0027881
91 1.19934 0.00276822
92 1.19963 0.00275272
93 1.19976 0.00272603
94 1.19954 0.00270538
95 1.19923 0.0026952
96 1.19942 0.00267395
97 1.19948 0.00264709
98 1.19961 0.00262338
99 1.2001 0.00264137
100 1.20037 0.00262916
