1 1.82465 0
2 1.81 0.0103546
3 1.80585 0.00769088
4 1.81476 0.0096308
5 1.82679 0.0132357
6 1.82035 0.0124986
7 1.81215 0.0131293
8 1.80519 0.013207
9 1.8031 0.0119036
10 1.80481 0.0108355
11 1.80922 0.0107094
12 1.81072 0.00992266
13 1.81171 0.00920856
14 1.80755 0.00944613
15 1.80471 0.00923271
16 1.80275 0.00886073
17 1.80254 0.00834204
18 1.80251 0.00787866
19 1.80173 0.00750233
20 1.80049 0.00722973
21 1.79804 0.00728891
22 1.79584 0.00728137
23 1.79274 0.00759528
24 1.78875 0.00826039
25 1.78495 0.00876093
26 1.78414 0.00846085
27 1.78453 0.00815639
28 1.78536 0.00790664
29 1.78411 0.00773122
30 1.7831 0.00753992
31 1.78212 0.00736019
32 1.78276 0.00715811
33 1.78449 0.00714623
34 1.78576 0.00704908
35 1.78735 0.00702367
36 1.78713 0.00683194
37 1.78538 0.0068682
38 1.78526 0.00668852
39 1.78531 0.00651726
40 1.78399 0.00648692
41 1.78322 0.00637429
42 1.78442 0.00633488
43 1.78566 0.00630701
44 1.78657 0.00622925
45 1.78711 0.00611404
46 1.78718 0.0059815
47 1.78758 0.00586776
48 1.78785 0.00575186
49 1.78827 0.00564941
50 1.78861 0.0055467
51 1.78931 0.00548174
52 1.7892 0.00537745
53 1.78883 0.0052884
54 1.78913 0.0051992
55 1.79079 0.00536136
56 1.79292 0.00567309
57 1.7939 0.00565754
58 1.7938 0.00556088
59 1.79374 0.00546698
60 1.79288 0.00544211
61 1.79263 0.00535873
62 1.79207 0.00530107
63 1.79233 0.00522309
64 1.79282 0.0051648
65 1.79331 0.00510851
66 1.79404 0.00508201
67 1.79433 0.00501452
68 1.79482 0.00496459
69 1.79554 0.00494457
70 1.79543 0.00487511
71 1.79521 0.00481123
72 1.79485 0.00475809
73 1.79472 0.00469465
74 1.79459 0.00463298
75 1.79521 0.00461231
76 1.79466 0.00458452
77 1.79464 0.00452503
78 1.79419 0.0044892
79 1.79417 0.00443243
80 1.79458 0.00439575
81 1.79481 0.00434761
82 1.79484 0.00429473
83 1.79489 0.00424331
84 1.79544 0.00422824
85 1.79568 0.00418528
86 1.79624 0.00417298
87 1.79716 0.00422618
88 1.79766 0.00420766
89 1.79837 0.00422003
90 1.79865 0.00418216
91 1.79902 0.00415233
92 1.79944 0.00412909
93 1.79963 0.00408905
94 1.79931 0.00405807
95 1.79884 0.00404281
96 1.79913 0.00401092
97 1.79922 0.00397064
98 1.79942 0.00393507
99 1.80015 0.00396205
100 1.80056 0.00394374
