1 1.40142 0
2 1.40143 8.16023e-06
3 1.40146 2.4356e-05
4 1.40149 2.63501e-05
5 1.40151 2.8163e-05
6 1.40153 2.89832e-05
7 1.40154 2.66578e-05
8 1.40154 2.33333e-05
9 1.40153 2.31862e-05
10 1.40152 2.18692e-05
11 1.40152 2.00273e-05
12 1.40152 1.84762e-05
13 1.40153 2.00274e-05
14 1.40154 2.03828e-05
15 1.40155 2.0268e-05
16 1.40155 2.08261e-05
17 1.40156 2.17057e-05
18 1.40158 2.38554e-05
19 1.40159 2.49591e-05
20 1.40159 2.4881e-05
21 1.4016 2.3774e-05
22 1.4016 2.2697e-05
23 1.4016 2.17104e-05
24 1.4016 2.08148e-05
25 1.4016 2.00363e-05
26 1.4016 1.96944e-05
27 1.40161 1.93398e-05
28 1.40161 1.90309e-05
29 1.40161 1.85632e-05
30 1.40161 1.81033e-05
31 1.40162 1.75521e-05
32 1.40162 1.70036e-05
33 1.40162 1.66998e-05
34 1.40162 1.68822e-05
35 1.40163 1.68668e-05
36 1.40163 1.69817e-05
37 1.40163 1.68091e-05
38 1.40163 1.63755e-05
39 1.40163 1.59605e-05
40 1.40163 1.55637e-05
41 1.40163 1.51845e-05
42 1.40163 1.49073e-05
43 1.40163 1.49223e-05
44 1.40162 1.55001e-05
45 1.40162 1.61963e-05
46 1.40161 1.65484e-05
47 1.40161 1.64381e-05
48 1.40161 1.61266e-05
49 1.40161 1.58475e-05
50 1.40161 1.55555e-05
51 1.40161 1.54207e-05
52 1.40161 1.52071e-05
53 1.40161 1.49275e-05
54 1.40161 1.46715e-05
55 1.40161 1.44168e-05
56 1.40161 1.41596e-05
57 1.40161 1.39126e-05
58 1.40161 1.36865e-05
59 1.40162 1.35326e-05
60 1.40162 1.3368e-05
61 1.40162 1.31872e-05
62 1.40162 1.30067e-05
63 1.40162 1.28136e-05
64 1.40162 1.26137e-05
65 1.40162 1.24471e-05
66 1.40162 1.2347e-05
67 1.40162 1.22783e-05
68 1.40161 1.21891e-05
69 1.40161 1.2166e-05
70 1.40161 1.2096e-05
71 1.40161 1.21415e-05
72 1.40161 1.20928e-05
73 1.40161 1.19472e-05
74 1.40161 1.1792e-05
75 1.4016 1.16586e-05
76 1.4016 1.15502e-05
77 1.4016 1.14149e-05
78 1.4016 1.12792e-05
79 1.4016 1.11859e-05
80 1.40161 1.11214e-05
81 1.40161 1.10349e-05
82 1.40161 1.09007e-05
83 1.40161 1.07813e-05
84 1.40161 1.06855e-05
85 1.40161 1.06128e-05
86 1.40161 1.051e-05
87 1.40161 1.03897e-05
88 1.40161 1.02726e-05
89 1.40161 1.01764e-05
90 1.40161 1.01027e-05
91 1.40161 1.00464e-05
92 1.40161 9.98182e-06
93 1.40161 9.88921e-06
94 1.40161 9.8166e-06
95 1.40161 9.71344e-06
96 1.40161 9.61631e-06
97 1.40161 9.53177e-06
98 1.4016 9.45055e-06
99 1.4016 9.44804e-06
100 1.4016 9.51601e-06
