1 5.37569 0
2 5.30228 0.0519078
3 5.26417 0.0465378
4 5.3539 0.0851901
5 5.20511 0.149516
6 5.20375 0.124603
7 5.18333 0.108462
8 5.12816 0.108031
9 5.0857 0.104038
10 5.07617 0.094069
11 5.06468 0.0862166
12 5.1152 0.092658
13 5.13094 0.0868572
14 5.10814 0.0835912
15 5.11357 0.0781943
16 5.11579 0.0733387
17 5.11331 0.0690666
18 5.17793 0.0905428
19 5.145 0.0915695
20 5.14893 0.0870755
21 5.13737 0.0836925
22 5.16873 0.0855615
23 5.19214 0.0849822
24 5.22989 0.0894357
25 5.23164 0.0858754
26 5.22051 0.0832914
27 5.2197 0.0802105
28 5.20442 0.0787885
29 5.20004 0.0761931
30 5.19866 0.0736657
31 5.18604 0.0723639
32 5.18048 0.0703151
33 5.16469 0.0699368
34 5.15485 0.0685676
35 5.15595 0.0666172
36 5.14388 0.0658514
37 5.12707 0.0661806
38 5.14051 0.0657886
39 5.12652 0.0655714
40 5.12329 0.064012
41 5.11963 0.0625551
42 5.11047 0.061733
43 5.10318 0.0607259
44 5.10373 0.0593482
45 5.10822 0.0581993
46 5.10489 0.0570295
47 5.10598 0.0558265
48 5.09488 0.0557561
49 5.08802 0.0550383
50 5.0736 0.0557946
51 5.06905 0.0548861
52 5.07735 0.0544548
53 5.06933 0.0540136
54 5.0643 0.0532478
55 5.06598 0.0523061
56 5.05617 0.0522837
57 5.05894 0.0514401
58 5.05175 0.0510534
59 5.0534 0.0502148
60 5.05139 0.049418
61 5.05089 0.0486104
62 5.04871 0.047875
63 5.05483 0.0475042
64 5.05566 0.0467692
65 5.05443 0.0460658
66 5.05343 0.0453788
67 5.05077 0.0447795
68 5.05827 0.0447445
69 5.05913 0.0441044
70 5.06351 0.0436913
71 5.06597 0.0431451
72 5.0674 0.0425698
73 5.06597 0.0420109
74 5.06648 0.0414463
75 5.05748 0.0418581
76 5.06667 0.0423026
77 5.06403 0.041835
78 5.06673 0.0413854
79 5.06302 0.0410272
80 5.05932 0.0406812
81 5.05682 0.0402555
82 5.06412 0.0404216
83 5.06012 0.0401325
84 5.05663 0.0398064
85 5.05094 0.0397425
86 5.05127 0.0392817
87 5.04771 0.0389911
88 5.04547 0.0386119
89 5.04842 0.0382902
90 5.0419 0.0384146
91 5.04308 0.0380104
92 5.03799 0.0379367
93 5.04142 0.0376834
94 5.03866 0.037383
95 5.0406 0.0370394
96 5.04018 0.036656
97 5.03916 0.0362924
98 5.03462 0.0362049
99 5.03375 0.0358495
100 5.03302 0.0354984
101 5.03187 0.0351655
102 5.03757 0.0352782
103 5.03904 0.0349663
104 5.03811 0.0346423
105 5.03466 0.0344842
106 5.03225 0.0342432
107 5.02981 0.0340096
108 5.02993 0.0336949
109 5.03006 0.0333861
110 5.03256 0.033176
111 5.02962 0.0330074
112 5.03192 0.0327926
113 5.03198 0.0325024
114 5.03425 0.0322967
115 5.03681 0.0321172
116 5.03852 0.031886
117 5.04519 0.0323017
118 5.04592 0.0320363
119 5.04326 0.0318777
120 5.04149 0.0316611
121 5.04145 0.0313995
122 5.04464 0.0313036
123 5.04452 0.0310494
124 5.04397 0.0308039
125 5.04445 0.0305612
126 5.04608 0.0303621
127 5.0445 0.0301638
128 5.04909 0.0302749
129 5.05015 0.0300587
130 5.04756 0.029939
131 5.0441 0.029909
132 5.04415 0.0296824
133 5.04818 0.0297321
134 5.0516 0.0297066
135 5.05351 0.0295479
136 5.05216 0.0293619
137 5.05365 0.0291857
138 5.05439 0.0289836
139 5.05635 0.0288413
140 5.05558 0.0286455
141 5.05508 0.0284467
142 5.05454 0.0282515
143 5.05141 0.0282275
144 5.04865 0.0281662
145 5.04978 0.0279949
146 5.05011 0.0278051
147 5.05054 0.0276192
148 5.04877 0.0274892
149 5.05076 0.027377
150 5.04889 0.0272587
151 5.05146 0.027199
152 5.05207 0.027027
153 5.05127 0.026862
154 5.05518 0.0269697
155 5.05778 0.0269209
156 5.05865 0.0267624
157 5.05663 0.0266682
158 5.05556 0.026521
159 5.05222 0.0265639
160 5.05012 0.0264804
161 5.0513 0.0263423
162 5.05062 0.0261886
163 5.0483 0.0261306
164 5.04665 0.0260232
165 5.04636 0.025867
166 5.04622 0.0257116
167 5.04949 0.0257649
168 5.04913 0.0256141
169 5.04736 0.0255234
170 5.04588 0.0254159
171 5.04536 0.0252727
172 5.04675 0.0251641
173 5.04673 0.0250187
174 5.04471 0.0249559
175 5.04579 0.0248365
176 5.04562 0.024696
177 5.04505 0.0245629
178 5.04313 0.0245002
179 5.04084 0.0244702
180 5.04061 0.0243353
181 5.03827 0.024313
182 5.03917 0.024196
183 5.03841 0.0240756
184 5.03652 0.0240193
185 5.03547 0.0239121
186 5.03785 0.0239014
187 5.03763 0.0237747
188 5.0399 0.0237562
189 5.03688 0.0238207
190 5.03409 0.0238581
191 5.03261 0.0237795
192 5.03237 0.0236568
193 5.03152 0.0235496
194 5.03157 0.0234283
195 5.03266 0.0233334
196 5.03193 0.0232257
197 5.03454 0.0232533
198 5.03298 0.0231881
199 5.03387 0.0230888
200 5.03075 0.0231835
201 5.02851 0.023176
202 5.02687 0.0231195
203 5.02732 0.02301
204 5.02885 0.0229478
205 5.02762 0.0228685
206 5.02768 0.0227576
207 5.02777 0.0226478
208 5.0269 0.0225557
209 5.02741 0.0224534
210 5.0263 0.0223738
211 5.02585 0.0222724
212 5.02565 0.0221681
213 5.02597 0.0220663
214 5.02663 0.0219731
215 5.02651 0.0218712
216 5.02442 0.0218696
217 5.02398 0.0217732
218 5.02638 0.0218053
219 5.02599 0.0217093
220 5.02661 0.0216197
221 5.02536 0.0215581
222 5.02561 0.0214624
223 5.02535 0.0213677
224 5.02279 0.0214245
225 5.02398 0.0213619
226 5.02608 0.0213707
227 5.02751 0.0213244
228 5.02859 0.0212584
229 5.02636 0.0212829
230 5.02428 0.0212913
231 5.02257 0.0212681
232 5.02077 0.0212526
233 5.02086 0.0211616
234 5.01896 0.0211557
235 5.01737 0.0211254
236 5.01607 0.0210756
237 5.01537 0.0209985
238 5.0147 0.020921
239 5.01376 0.0208547
240 5.01148 0.0208913
241 5.01113 0.0208076
242 5.01246 0.0207641
243 5.01144 0.020704
244 5.01237 0.0206402
245 5.01132 0.0205829
246 5.01185 0.0205062
247 5.01163 0.0204243
248 5.01172 0.0203422
249 5.01036 0.020306
250 5.00977 0.0202335
251 5.00866 0.0201832
252 5.00666 0.0202018
253 5.00627 0.0201258
254 5.00516 0.0200772
255 5.00465 0.0200049
256 5.00349 0.0199605
257 5.00386 0.0198864
258 5.00276 0.0198402
259 5.00244 0.0197661
260 5.00179 0.0197009
261 5.00009 0.0196979
262 4.99919 0.0196436
263 5.00058 0.0196182
264 5.00059 0.0195439
265 5.00097 0.0194739
266 5.00286 0.0194915
267 5.0052 0.0195583
268 5.00567 0.0194911
269 5.00656 0.0194388
270 5.00588 0.0193784
271 5.00416 0.0193832
272 5.0058 0.0193808
273 5.00454 0.0193506
274 5.00553 0.0193054
275 5.00577 0.0192366
276 5.00807 0.0193037
277 5.00747 0.0192432
278 5.00702 0.0191792
279 5.00748 0.0191158
280 5.00674 0.0190618
281 5.00842 0.0190683
282 5.00783 0.0190098
283 5.00657 0.0189849
284 5.00727 0.018931
285 5.00774 0.0188704
286 5.00871 0.0188293
287 5.00907 0.0187672
288 5.00861 0.0187077
289 5.01014 0.0187057
290 5.00843 0.0187192
291 5.00985 0.0187086
292 5.00927 0.0186537
293 5.00892 0.0185933
294 5.00947 0.0185383
295 5.01012 0.0184869
296 5.01348 0.0187278
297 5.01325 0.0186662
298 5.01281 0.0186086
299 5.01414 0.0185938
300 5.01285 0.0185765
