1 5.19759 0
2 5.06567 0.0932774
3 5.12059 0.0766658
4 5.20645 0.093992
5 5.15047 0.0903355
6 5.06245 0.110108
7 5.0094 0.106393
8 5.05339 0.101781
9 5.03971 0.0913864
10 5.05774 0.0840092
11 5.10394 0.0881622
12 5.07799 0.0845471
13 5.05906 0.080135
14 5.07728 0.0764551
15 5.03475 0.082343
16 5.01689 0.0791109
17 5.00459 0.0754068
18 5.00793 0.0712914
19 5.00503 0.0675981
20 5.02371 0.0667477
21 5.04396 0.0665719
22 5.04995 0.0638149
23 5.04745 0.0610895
24 5.05259 0.0587603
25 5.07392 0.0601573
26 5.08814 0.0595003
27 5.06723 0.0608598
28 5.054 0.0601074
29 5.04476 0.0587409
30 5.05607 0.0578613
31 5.05064 0.0562492
32 5.03627 0.0562956
33 5.03565 0.0545931
34 5.02215 0.0546305
35 5.00535 0.0555912
36 4.9964 0.0547638
37 5.00746 0.05439
38 5.00853 0.0529691
39 5.00644 0.0516519
40 5.00795 0.0503827
41 5.01265 0.0493724
42 5.0218 0.0490371
43 5.0177 0.0480679
44 5.02512 0.0475446
45 5.03265 0.047082
46 5.03462 0.0460993
47 5.04509 0.0462922
48 5.05451 0.0462765
49 5.05604 0.0453575
50 5.05589 0.0444506
51 5.0592 0.0437024
52 5.05342 0.0432424
53 5.0519 0.0424533
54 5.05015 0.0417034
55 5.04895 0.0409623
56 5.04073 0.0410471
57 5.03178 0.0412917
58 5.02914 0.0406638
59 5.03397 0.0402599
60 5.03323 0.0395956
61 5.0274 0.0393739
62 5.02742 0.0387389
63 5.028 0.0381283
64 5.03442 0.0380694
65 5.02897 0.0378715
66 5.0297 0.0373047
67 5.02267 0.037404
68 5.02046 0.036919
69 5.01846 0.0364382
70 5.01825 0.0359183
71 5.01685 0.03544
72 5.02884 0.0369217
73 5.0265 0.0364903
74 5.03204 0.0364157
75 5.04034 0.0368645
76 5.03525 0.0367299
77 5.03634 0.0362692
78 5.03431 0.0358611
79 5.03309 0.035428
80 5.03667 0.0351655
81 5.03688 0.034732
82 5.04323 0.0348843
83 5.04324 0.034464
84 5.04308 0.0340541
85 5.04055 0.0337478
86 5.04064 0.0333555
87 5.03803 0.0330736
88 5.04215 0.0329535
89 5.03895 0.0327385
90 5.03036 0.0334818
91 5.02599 0.033398
92 5.02043 0.0334947
93 5.02037 0.0331346
94 5.0189 0.0328146
95 5.01597 0.0325994
96 5.02128 0.0326884
97 5.02066 0.0323572
98 5.01864 0.0320903
99 5.01677 0.0318206
100 5.01471 0.031569
101 5.01557 0.0312682
102 5.01349 0.0310303
103 5.01421 0.0307372
104 5.01138 0.0305713
105 5.0089 0.030381
106 5.006 0.0302318
107 5.00224 0.030183
108 5.00023 0.0299699
109 5.00152 0.0297225
110 5.00265 0.029474
111 5.00065 0.0292768
112 4.99856 0.0290896
113 4.99847 0.0288323
114 4.99895 0.0285834
115 4.99593 0.0284939
116 4.99324 0.0283749
117 4.99508 0.0281923
118 4.9925 0.0280718
119 4.99394 0.0278731
120 4.99737 0.0278513
121 4.99627 0.0276429
122 4.99514 0.0274396
123 4.99378 0.0272499
124 4.99614 0.0271318
125 4.99442 0.0269689
126 4.99551 0.0267768
127 4.99567 0.0265664
128 4.99606 0.0263616
129 5.00098 0.0266139
130 4.99969 0.0264407
131 4.99758 0.0263224
132 4.99691 0.0261316
133 4.99793 0.0259551
134 4.99509 0.0259162
135 4.99303 0.0258058
136 4.9911 0.0256886
137 4.98725 0.0257874
138 4.98796 0.0256102
139 4.98845 0.0254306
140 4.98578 0.0253891
141 4.98353 0.0253086
142 4.98306 0.0251346
143 4.98086 0.0250547
144 4.98278 0.0249542
145 4.98204 0.0247931
146 4.98395 0.0246963
147 4.98678 0.0246904
148 4.98704 0.0245249
149 4.98643 0.024368
150 4.98894 0.0243351
151 4.98706 0.0242468
152 4.99278 0.0247539
153 4.99118 0.0246439
154 4.99587 0.0249264
155 4.99644 0.0247721
156 4.99668 0.0246144
157 4.99653 0.024458
158 4.9974 0.0243186
159 4.9974 0.0241656
160 4.99706 0.0240169
161 4.99852 0.0239121
162 5.00188 0.0239986
163 5.00172 0.0238519
164 5.00276 0.023729
165 5.00113 0.0236413
166 5.00001 0.0235255
167 5.00028 0.0233862
168 4.9983 0.0233308
169 4.99408 0.0235702
170 4.99651 0.0235566
171 4.99677 0.0234202
172 4.99815 0.0233248
173 4.99901 0.0232059
174 4.99935 0.023075
175 4.99803 0.0229814
176 4.99531 0.023011
177 4.99534 0.022881
178 4.99486 0.0227575
179 4.99332 0.0226825
180 4.99219 0.0225847
181 4.99401 0.0225333
182 4.99327 0.0224218
183 4.99107 0.0224065
184 4.98923 0.02236
185 4.98896 0.0222408
186 4.99064 0.0221848
187 4.99024 0.0220698
188 4.99203 0.022025
189 4.99283 0.0219231
190 4.99236 0.0218128
191 4.99067 0.0217642
192 4.98792 0.0218238
193 4.98851 0.0217186
194 4.98782 0.0216174
195 4.98703 0.0215212
196 4.98697 0.0214114
197 4.98897 0.0213965
198 4.98725 0.0213577
199 4.98938 0.0213561
200 4.989 0.0212527
201 4.99176 0.0213249
202 4.9918 0.0212194
203 4.99342 0.021176
204 4.99442 0.0210962
205 4.99554 0.0210228
206 4.99673 0.0209543
207 4.9956 0.0208835
208 4.99684 0.0208203
209 4.99563 0.0207563
210 4.99353 0.0207627
211 4.99365 0.0206647
212 4.99286 0.0205823
213 4.99537 0.0206385
214 4.99618 0.020558
215 4.9969 0.0204748
216 4.99743 0.020387
217 4.99632 0.0203237
218 4.99635 0.0202305
219 4.99641 0.0201382
220 4.99369 0.0202295
221 4.99554 0.0202225
222 4.9949 0.0201416
223 4.99463 0.0200532
224 4.99563 0.0199888
225 4.99468 0.0199227
226 4.99549 0.0198509
227 4.99645 0.0197866
228 4.99385 0.0198702
229 4.99287 0.0198071
230 4.99137 0.0197776
231 4.99258 0.019729
232 4.99107 0.0197021
233 4.99285 0.0196983
234 4.99029 0.0197802
235 4.98924 0.0197241
236 4.98839 0.0196586
237 4.98646 0.0196707
238 4.98857 0.0197019
239 4.9892 0.0196292
240 4.98934 0.019548
241 4.99092 0.0195309
242 4.99033 0.0194594
243 4.99135 0.0194065
244 4.99039 0.0193508
245 4.99221 0.0193569
246 4.99287 0.0192896
247 4.9944 0.0192718
248 4.99686 0.0193502
249 4.99643 0.0192772
250 4.9983 0.0192902
251 4.99823 0.0192135
252 4.99683 0.019188
253 4.99727 0.0191172
254 4.99629 0.0190668
255 4.99459 0.0190683
256 4.99356 0.0190213
257 4.99498 0.0190006
258 4.99473 0.0189287
259 4.99606 0.0189023
260 4.99615 0.0188298
261 4.9948 0.0188058
262 4.99579 0.0187603
263 4.99871 0.0189141
264 4.99771 0.0188687
265 4.99635 0.0188464
266 4.99645 0.0187758
267 4.99649 0.0187055
268 4.99754 0.0186657
269 4.99648 0.0186264
270 4.99637 0.0185578
271 4.99434 0.0185999
272 4.9949 0.0185401
273 4.99528 0.018476
274 4.99463 0.0184199
275 4.99587 0.0183949
276 4.99555 0.018331
277 4.99568 0.0182653
278 4.99561 0.0181997
279 4.99443 0.018173
280 4.99469 0.01811
281 4.99475 0.0180456
282 4.99445 0.0179841
283 4.99461 0.0179212
284 4.99377 0.017878
285 4.99447 0.0178292
286 4.99413 0.0177701
287 4.99496 0.0177274
288 4.99649 0.0177322
289 4.99674 0.0176726
290 4.99508 0.0176901
291 4.99483 0.017631
292 4.99548 0.0175827
293 4.99543 0.0175228
294 4.99544 0.0174632
295 4.99411 0.0174549
296 4.99367 0.0174012
297 4.99344 0.0173443
298 4.99342 0.0172861
299 4.99257 0.0172489
300 4.99194 0.0172029
