1 1.36342 0
2 1.44856 0.060206
3 1.45072 0.0401759
4 1.45047 0.0301327
5 1.49645 0.0476696
6 1.5405 0.0565271
7 1.54529 0.0486543
8 1.54004 0.0428545
9 1.52322 0.0412624
10 1.50787 0.0398915
11 1.5278 0.0409416
12 1.515 0.0394784
13 1.51017 0.0367363
14 1.5141 0.0343224
15 1.52047 0.032619
16 1.51106 0.0319066
17 1.50359 0.0308938
18 1.50799 0.0294903
19 1.50753 0.0279418
20 1.50821 0.0265529
21 1.51419 0.0259547
22 1.51277 0.024814
23 1.51764 0.0242085
24 1.51191 0.0238695
25 1.51156 0.0229172
26 1.51421 0.0221888
27 1.50855 0.0220783
28 1.50363 0.0218306
29 1.49629 0.0222782
30 1.49564 0.0215452
31 1.49327 0.0209791
32 1.49557 0.0204484
33 1.49755 0.0199243
34 1.49643 0.0193693
35 1.49821 0.0188972
36 1.49713 0.018403
37 1.49911 0.0180115
38 1.49972 0.0175479
39 1.49802 0.0171802
40 1.49222 0.0177043
41 1.4894 0.0174951
42 1.48714 0.0172243
43 1.48558 0.0168937
44 1.48342 0.0166472
45 1.48199 0.0163388
46 1.49006 0.0178652
47 1.49051 0.0174906
48 1.49055 0.0171263
49 1.49191 0.0168308
50 1.49028 0.0165737
51 1.49015 0.0162492
52 1.48774 0.0161137
53 1.48536 0.0159848
54 1.48746 0.0158263
55 1.48623 0.0155864
56 1.48823 0.0154363
57 1.4853 0.0154417
58 1.48596 0.0151895
59 1.48621 0.014934
60 1.48572 0.0146931
61 1.48669 0.0144843
62 1.48672 0.0142507
63 1.49118 0.0147066
64 1.48839 0.0147388
65 1.48738 0.0145465
66 1.48808 0.0143426
67 1.48984 0.0142371
68 1.49019 0.0140319
69 1.49063 0.0138354
70 1.49008 0.0136486
71 1.4932 0.0138088
72 1.49283 0.013622
73 1.49391 0.0134781
74 1.49422 0.0132996
75 1.4942 0.0131223
76 1.49386 0.012954
77 1.49217 0.0128959
78 1.49204 0.0127312
79 1.49472 0.0128485
80 1.49604 0.0127559
81 1.49707 0.0126395
82 1.49837 0.0125527
83 1.49826 0.012402
84 1.49841 0.0122553
85 1.49865 0.0121135
86 1.49776 0.0120054
87 1.49873 0.0119066
88 1.49799 0.0117944
89 1.49882 0.0116911
90 1.50139 0.0118407
91 1.50076 0.0117272
92 1.50179 0.011645
93 1.5002 0.0116284
94 1.50132 0.0115588
95 1.50018 0.0114932
96 1.49971 0.0113834
97 1.49786 0.0114144
98 1.50007 0.0115084
99 1.50171 0.0115096
100 1.50117 0.0114073
101 1.50292 0.0114282
102 1.50119 0.0114465
103 1.50077 0.011343
104 1.50309 0.0114682
105 1.50366 0.0113732
106 1.50481 0.0113236
107 1.50373 0.0112695
108 1.50357 0.0111663
109 1.5043 0.0110876
110 1.50532 0.0110338
111 1.50278 0.0112226
112 1.50283 0.0111225
113 1.50198 0.0110569
114 1.50146 0.0109721
115 1.50312 0.011002
116 1.50204 0.0109607
117 1.50164 0.010874
118 1.50427 0.0110953
119 1.50634 0.0111928
120 1.50494 0.0111867
121 1.5048 0.0110952
122 1.50515 0.0110099
123 1.5054 0.0109231
124 1.50485 0.0108491
125 1.50535 0.0107738
126 1.50503 0.0106928
127 1.5046 0.0106173
128 1.50448 0.0105351
129 1.50542 0.0104954
130 1.50561 0.0104165
131 1.5043 0.0104187
132 1.50492 0.0103579
133 1.50427 0.0103004
134 1.50541 0.0102869
135 1.50495 0.0102212
136 1.50418 0.0101749
137 1.50303 0.0101653
138 1.50256 0.0101024
139 1.50201 0.0100449
140 1.50122 0.010004
141 1.50169 0.00994409
142 1.50117 0.00988783
143 1.50078 0.00982639
144 1.49959 0.00983012
145 1.4997 0.00976304
146 1.50005 0.00970218
147 1.49994 0.00963675
148 1.49937 0.00958866
149 1.50042 0.00958184
150 1.49876 0.0096608
151 1.49795 0.00963034
152 1.50028 0.00984335
153 1.50027 0.00977901
154 1.5004 0.0097164
155 1.50092 0.0096674
156 1.49975 0.00967587
157 1.49899 0.00964385
158 1.50084 0.00975742
159 1.50126 0.0097054
160 1.50143 0.00964616
161 1.50297 0.00970777
162 1.50299 0.00964788
163 1.50214 0.00962612
164 1.50152 0.00958751
165 1.50226 0.00955786
166 1.50288 0.00952077
167 1.5026 0.00946799
168 1.50305 0.00942231
169 1.50262 0.00937625
170 1.50182 0.00935564
171 1.50165 0.00930233
172 1.50272 0.00930868
173 1.50364 0.00930116
174 1.50326 0.00925566
175 1.5043 0.00926072
176 1.50339 0.00925206
177 1.5039 0.0092136
178 1.50391 0.00916184
179 1.50356 0.00911721
180 1.50366 0.00906711
181 1.50318 0.00903009
182 1.50234 0.00901929
183 1.50233 0.00897001
184 1.50282 0.00893456
185 1.50312 0.00889129
186 1.50367 0.0088604
187 1.5023 0.00891908
188 1.50319 0.00891613
189 1.50309 0.00886945
190 1.50371 0.00884397
191 1.50409 0.00880588
192 1.50529 0.00884163
193 1.50563 0.00880216
194 1.50602 0.00876576
195 1.50573 0.00872589
196 1.50542 0.00868659
197 1.50496 0.00865481
198 1.50502 0.00861133
199 1.50715 0.00882615
200 1.50618 0.00883508
201 1.50652 0.00879756
202 1.50573 0.00878866
203 1.50586 0.00874632
204 1.50579 0.00870371
205 1.50554 0.00866497
206 1.50503 0.00863808
207 1.50549 0.00860858
208 1.50465 0.00860767
209 1.50475 0.00856711
210 1.50558 0.00856605
211 1.50507 0.00854048
212 1.50525 0.00850199
213 1.50565 0.00847131
214 1.50504 0.00845321
215 1.50507 0.00841394
216 1.50538 0.00838069
217 1.50607 0.00837056
218 1.50601 0.0083324
219 1.50641 0.00830424
220 1.50706 0.00829171
221 1.50862 0.00840004
222 1.50831 0.00836807
223 1.50771 0.00835221
224 1.50686 0.00835829
225 1.5068 0.00832133
226 1.50654 0.00828866
227 1.50601 0.00826907
228 1.50565 0.00824026
229 1.50587 0.00820697
230 1.50593 0.00817155
231 1.50567 0.0081403
232 1.50555 0.00810609
233 1.50519 0.00807918
234 1.50562 0.00805571
235 1.50513 0.00803643
236 1.50479 0.00800949
237 1.50446 0.00798234
238 1.50434 0.00794967
239 1.50394 0.00792636
240 1.50348 0.00790676
241 1.50429 0.00791453
242 1.50417 0.00788272
243 1.50384 0.00785696
244 1.50421 0.00783342
245 1.50452 0.0078077
246 1.50513 0.00779957
247 1.50473 0.00777839
248 1.50373 0.00781145
249 1.50341 0.00778656
250 1.50337 0.00775549
251 1.50383 0.00773809
252 1.50399 0.00770899
253 1.50421 0.00768182
254 1.50362 0.00767479
255 1.50359 0.00764475
256 1.50232 0.00771893
257 1.50166 0.00771745
258 1.50208 0.00769905
259 1.50184 0.00767303
260 1.50114 0.00767497
261 1.50141 0.00765027
262 1.50078 0.00764709
263 1.50121 0.0076298
264 1.50063 0.00762243
265 1.50046 0.00759567
266 1.49994 0.00758448
267 1.49942 0.00757445
268 1.49948 0.00754646
269 1.49955 0.00751871
270 1.49959 0.00749097
271 1.50061 0.00753251
272 1.50028 0.00751182
273 1.50047 0.00748673
274 1.50046 0.00745942
275 1.50119 0.00746747
276 1.50114 0.00744054
277 1.50179 0.00744214
278 1.50212 0.00742255
279 1.50261 0.00741208
280 1.50188 0.00742171
281 1.50125 0.00742162
282 1.50093 0.00740213
283 1.50103 0.00737663
284 1.5012 0.00735261
285 1.50196 0.00736574
286 1.50174 0.00734339
287 1.50189 0.00731933
288 1.50241 0.00731264
289 1.50247 0.00728762
290 1.50173 0.00730059
291 1.502 0.00728074
292 1.50203 0.00725585
293 1.50214 0.00723185
294 1.50233 0.0072097
295 1.50237 0.00718541
296 1.50199 0.00717142
297 1.50145 0.00716771
298 1.50092 0.00716284
299 1.50136 0.00715232
300 1.50089 0.00714399
