1 1.43886 0
2 1.50338 0.0456279
3 1.50557 0.0304707
4 1.52227 0.0270456
5 1.52182 0.0216402
6 1.51589 0.0188286
7 1.50868 0.0174627
8 1.52659 0.0226704
9 1.51314 0.0238091
10 1.51885 0.0221016
11 1.50879 0.0222618
12 1.52469 0.0254593
13 1.52966 0.0239811
14 1.53004 0.0222711
15 1.52251 0.0220217
16 1.51564 0.0216904
17 1.50868 0.0215017
18 1.50925 0.0203147
19 1.51291 0.0195726
20 1.52591 0.0224978
21 1.52568 0.0214276
22 1.5214 0.020876
23 1.52162 0.0199695
24 1.51965 0.0192344
25 1.51433 0.0191864
26 1.51338 0.0184717
27 1.52076 0.0192052
28 1.52551 0.0190956
29 1.52598 0.018443
30 1.52807 0.0179455
31 1.53513 0.018705
32 1.53107 0.0185564
33 1.52543 0.0188317
34 1.52527 0.0182785
35 1.51832 0.0190338
36 1.51429 0.0189273
37 1.51714 0.018629
38 1.52015 0.0183813
39 1.51508 0.0185977
40 1.51202 0.0183823
41 1.50765 0.0184457
42 1.50735 0.018009
43 1.50602 0.0176392
44 1.50321 0.0174612
45 1.5092 0.0180736
46 1.50707 0.0178065
47 1.50987 0.0176473
48 1.50865 0.0173221
49 1.50478 0.0173957
50 1.50396 0.017067
51 1.50423 0.0167344
52 1.50074 0.0167726
53 1.49949 0.0165022
54 1.49974 0.0161985
55 1.50345 0.0163226
56 1.50181 0.0161132
57 1.50038 0.0158938
58 1.50198 0.0157002
59 1.50143 0.0154439
60 1.504 0.0153991
61 1.50039 0.0155631
62 1.50034 0.0153122
63 1.50871 0.0172056
64 1.50959 0.016959
65 1.50666 0.0169485
66 1.5089 0.016839
67 1.50879 0.016588
68 1.5096 0.0163635
69 1.50603 0.0165105
70 1.50932 0.0165986
71 1.508 0.0164168
72 1.50916 0.0162292
73 1.5095 0.0160106
74 1.51244 0.016062
75 1.51105 0.0159086
76 1.51222 0.0157426
77 1.51234 0.0155386
78 1.51294 0.015351
79 1.51196 0.0151884
80 1.51097 0.0150308
81 1.51245 0.0149179
82 1.51372 0.0147898
83 1.51175 0.0147413
84 1.51234 0.0145776
85 1.51332 0.0144388
86 1.51523 0.0143973
87 1.51493 0.014235
88 1.51285 0.0142237
89 1.51023 0.0143039
90 1.5108 0.0141562
91 1.5132 0.0142034
92 1.51253 0.0140651
93 1.51255 0.0139139
94 1.51635 0.0142736
95 1.51637 0.0141234
96 1.51415 0.0141497
97 1.5137 0.0140108
98 1.51287 0.0138926
99 1.5131 0.0137542
100 1.51403 0.0136484
101 1.511 0.0138458
102 1.51272 0.0138156
103 1.51287 0.0136824
104 1.51231 0.0135626
105 1.51031 0.01358
106 1.50761 0.0137167
107 1.50634 0.0136475
108 1.5055 0.0135472
109 1.50376 0.0135341
110 1.50376 0.013411
111 1.50425 0.0132991
112 1.50531 0.0132222
113 1.50512 0.0131064
114 1.50618 0.013034
115 1.50695 0.0129435
116 1.50664 0.0128358
117 1.50707 0.0127332
118 1.50696 0.0126258
119 1.50843 0.0126056
120 1.50804 0.0125067
121 1.50792 0.012404
122 1.50772 0.0123039
123 1.50633 0.0122813
124 1.50475 0.0122841
125 1.50463 0.0121864
126 1.50375 0.0121217
127 1.50551 0.0121543
128 1.5042 0.0121296
129 1.50415 0.0120357
130 1.50443 0.0119463
131 1.50492 0.0118653
132 1.50424 0.0117948
133 1.50286 0.0117866
134 1.50337 0.0117094
135 1.50328 0.0116231
136 1.50277 0.0115484
137 1.50076 0.0116391
138 1.5 0.0115796
139 1.49981 0.0114978
140 1.49924 0.0114299
141 1.49802 0.0114137
142 1.49742 0.011349
143 1.49749 0.0112698
144 1.49833 0.0112231
145 1.49908 0.0111709
146 1.49853 0.011108
147 1.49729 0.0111023
148 1.49731 0.0110273
149 1.49605 0.011025
150 1.49724 0.0110148
151 1.49717 0.010942
152 1.4963 0.0109046
153 1.49616 0.0108343
154 1.49548 0.0107848
155 1.49548 0.0107152
156 1.49588 0.0106539
157 1.49501 0.0106217
158 1.49425 0.0105816
159 1.49397 0.0105188
160 1.49327 0.0104759
161 1.49274 0.0104243
162 1.49223 0.0103727
163 1.49182 0.0103169
164 1.49269 0.0102904
165 1.49301 0.0102329
166 1.49292 0.0101717
167 1.49412 0.0101812
168 1.49471 0.0101373
169 1.49398 0.0101034
170 1.49344 0.0100582
171 1.49428 0.0100341
172 1.49357 0.0100007
173 1.49469 0.010005
174 1.49596 0.0100288
175 1.49539 0.00998777
176 1.49655 0.00999752
177 1.49613 0.00994957
178 1.4948 0.00998284
179 1.49565 0.00996319
180 1.49613 0.00991929
181 1.49597 0.00986571
182 1.49621 0.00981433
183 1.49601 0.00976274
184 1.49666 0.00973149
185 1.49614 0.00969293
186 1.49577 0.00964764
187 1.49547 0.00960094
188 1.49487 0.00956857
189 1.49418 0.00954275
190 1.49451 0.00949822
191 1.49517 0.0094718
192 1.49524 0.00942267
193 1.49616 0.00941874
194 1.49585 0.00937527
195 1.49613 0.00933153
196 1.49536 0.00931613
197 1.49536 0.00926884
198 1.49594 0.00924031
199 1.4955 0.0092046
200 1.49605 0.00917519
201 1.49549 0.0091469
202 1.49543 0.0091018
203 1.4956 0.00905865
204 1.49567 0.0090145
205 1.49596 0.0089751
206 1.49669 0.00896083
207 1.4961 0.00893684
208 1.49604 0.00889404
209 1.49609 0.00885158
210 1.49649 0.00881866
211 1.49549 0.00883382
212 1.49548 0.00879215
213 1.49569 0.00875336
214 1.49515 0.00872959
215 1.49548 0.00869548
216 1.49483 0.00867974
217 1.4948 0.00863979
218 1.49463 0.00860181
219 1.49322 0.00867789
220 1.49316 0.00863864
221 1.49394 0.0086343
222 1.49502 0.00866351
223 1.49494 0.00862508
224 1.49516 0.00858931
225 1.49613 0.00860571
226 1.4967 0.0085864
227 1.49674 0.0085487
228 1.49662 0.00851209
229 1.49694 0.00848093
230 1.49716 0.00844706
231 1.4971 0.00841077
232 1.49791 0.00841389
233 1.49845 0.00839511
234 1.4987 0.00836282
235 1.49917 0.00834076
236 1.49923 0.00830564
237 1.49926 0.00827064
238 1.49903 0.00823915
239 1.4997 0.00823164
240 1.49909 0.00821994
241 1.49947 0.0081946
242 1.49886 0.00818334
243 1.49941 0.00816853
244 1.49946 0.00813521
245 1.49895 0.00811809
246 1.50006 0.00815988
247 1.4999 0.0081283
248 1.49961 0.00810068
249 1.49998 0.00807671
250 1.50001 0.00804444
251 1.49929 0.008044
252 1.49924 0.00801225
253 1.49841 0.00802307
254 1.499 0.00801311
255 1.49899 0.0079817
256 1.49874 0.00795454
257 1.49882 0.00792404
258 1.49861 0.00789605
259 1.49895 0.00787285
260 1.49835 0.0078653
261 1.49788 0.00784932
262 1.49733 0.00783844
263 1.49754 0.00781128
264 1.49785 0.00778785
265 1.49804 0.00776086
266 1.4977 0.00773937
267 1.49808 0.00771993
268 1.49834 0.00769535
269 1.49964 0.00777637
270 1.49927 0.0077562
271 1.50005 0.00776656
272 1.49975 0.00774384
273 1.49969 0.0077157
274 1.49988 0.00768989
275 1.49989 0.00766193
276 1.50049 0.00765778
277 1.50027 0.00763311
278 1.49989 0.0076155
279 1.49986 0.00758824
280 1.49943 0.00757313
281 1.49894 0.0075622
282 1.49819 0.00757271
283 1.49882 0.00757258
284 1.49862 0.00754879
285 1.4985 0.00752319
286 1.49861 0.00749773
287 1.49876 0.00747307
288 1.49898 0.00745018
289 1.49805 0.00748162
290 1.49814 0.00745633
291 1.49772 0.00744262
292 1.49764 0.00741756
293 1.49818 0.00741245
294 1.49881 0.00741344
295 1.4991 0.00739399
296 1.49965 0.00738993
297 1.49917 0.00738065
298 1.49961 0.00736901
299 1.49954 0.0073447
300 1.49912 0.0073323
