0.5 90.3201 0.5038
0.525 81.5698 0.616739
0.55 72.9161 0.668808
0.575 64.9259 0.59734
0.6 57.0781 0.519256
0.625 49.4462 0.399294
0.65 42.5163 0.532881
0.675 37.1966 0.355046
0.7 31.3141 0.498051
0.725 27.8244 0.250454
0.75 23.6777 0.256178
0.775 21.2827 0.219494
0.8 19.087 0.219966
0.825 16.3828 0.150474
0.85 14.5879 0.121971
0.875 13.3317 0.142862
0.9 11.8891 0.108901
0.925 10.804 0.0913308
0.95 9.80619 0.075101
0.975 8.92579 0.0707638
1 8.13862 0.0536437
1.025 7.58499 0.064341
1.05 7.13798 0.0440943
1.075 6.47017 0.0506867
1.1 6.0787 0.0436261
1.125 5.69165 0.039797
1.15 5.30644 0.0385074
1.175 4.99583 0.0262019
1.2 4.6724 0.031265
1.225 4.52075 0.0309769
1.25 4.20114 0.0191486
1.275 3.9687 0.0238417
1.3 3.76543 0.0195787
1.325 3.57703 0.0191939
1.35 3.39494 0.017366
1.375 3.23894 0.0172381
1.4 3.09843 0.0159476
1.425 2.96131 0.0113055
1.45 2.83738 0.0131774
1.475 2.69363 0.013311
1.5 2.59676 0.0114115
1.525 2.49149 0.00983603
1.55 2.41311 0.0121516
1.575 2.31668 0.0122532
1.6 2.22412 0.00949205
1.625 2.16502 0.0108921
1.65 2.08614 0.00747879
1.675 2.01571 0.00821778
1.7 1.92864 0.00756199
1.725 1.8799 0.00685358
1.75 1.82074 0.00775749
1.775 1.76622 0.00710968
1.8 1.72818 0.00661934
1.825 1.66291 0.00530868
1.85 1.61851 0.00592782
1.875 1.56969 0.00526152
1.9 1.53351 0.00559817
1.925 1.48485 0.00561719
1.95 1.45014 0.00587027
1.975 1.41679 0.00510268
2 1.37322 0.00414513
