0.5 -1.00367 0.000715606
0.525 -0.995914 0.000885871
0.55 -0.987182 0.00100753
0.575 -0.976313 0.00109303
0.6 -0.964996 0.000902176
0.625 -0.951613 0.000743212
0.65 -0.938485 0.000916766
0.675 -0.926255 0.000666244
0.7 -0.91101 0.000956936
0.725 -0.899413 0.000615782
0.75 -0.885629 0.000576699
0.775 -0.8744 0.00066219
0.8 -0.862168 0.000636718
0.825 -0.848195 0.000544009
0.85 -0.836146 0.000480385
0.875 -0.825505 0.00056384
0.9 -0.812257 0.000484306
0.925 -0.801403 0.000437803
0.95 -0.790191 0.000467414
0.975 -0.777899 0.000393002
1 -0.767338 0.000306677
1.025 -0.757016 0.000275329
1.05 -0.746539 0.000317178
1.075 -0.73523 0.000369321
1.1 -0.725104 0.00034872
1.125 -0.715399 0.0003514
1.15 -0.704752 0.000295094
1.175 -0.695208 0.000287136
1.2 -0.68538 0.0003052
1.225 -0.676709 0.000316236
1.25 -0.667272 0.000317907
1.275 -0.658056 0.000334554
1.3 -0.64864 0.000364914
1.325 -0.640475 0.000312476
1.35 -0.63201 0.000199486
1.375 -0.623463 0.000342474
1.4 -0.615326 0.000275892
1.425 -0.607142 0.000271985
1.45 -0.599831 0.000280009
1.475 -0.591623 0.00027651
1.5 -0.584469 0.000299257
1.525 -0.577457 0.00021543
1.55 -0.570524 0.000298405
1.575 -0.562548 0.000259544
1.6 -0.555937 0.000222001
1.625 -0.548866 0.000237867
1.65 -0.542768 0.000274341
1.675 -0.535909 0.000268631
1.7 -0.529505 0.00023174
1.725 -0.523526 0.000241921
1.75 -0.517783 0.000280565
1.775 -0.511657 0.00025954
1.8 -0.506091 0.000231468
1.825 -0.499565 0.000244662
1.85 -0.494732 0.000231587
1.875 -0.488988 0.000226753
1.9 -0.483582 0.000299927
1.925 -0.478394 0.000211716
1.95 -0.47307 0.000238945
1.975 -0.468132 0.000296343
2 -0.462432 0.000215506
