0.5 0.259523 0.0100899
0.525 0.332893 0.0101654
0.55 0.393736 0.00772887
0.575 0.448319 0.00727207
0.6 0.481608 0.00512466
0.625 0.51936 0.00372637
0.65 0.521289 0.00432207
0.675 0.531477 0.00336234
0.7 0.521189 0.00485091
0.725 0.525484 0.00294255
0.75 0.510433 0.00341736
0.775 0.507573 0.00333995
0.8 0.506936 0.00320924
0.825 0.490994 0.00296218
0.85 0.481081 0.0028123
0.875 0.47658 0.00245291
0.9 0.470898 0.00192341
0.925 0.463684 0.00258759
0.95 0.454281 0.00230231
0.975 0.449865 0.00180578
1 0.436492 0.00202577
1.025 0.429983 0.0017335
1.05 0.427298 0.00174547
1.075 0.413492 0.00143521
1.1 0.40808 0.00115613
1.125 0.403795 0.00120369
1.15 0.395021 0.00150277
1.175 0.38628 0.00142147
1.2 0.379746 0.0011942
1.225 0.372687 0.00102696
1.25 0.364328 0.000872079
1.275 0.356784 0.000969347
1.3 0.349967 0.000958637
1.325 0.342204 0.000947872
1.35 0.335327 0.000976766
1.375 0.329662 0.00074519
1.4 0.321871 0.000675001
1.425 0.314695 0.000730248
1.45 0.309938 0.000748988
1.475 0.302766 0.000844132
1.5 0.295828 0.000499747
1.525 0.291418 0.000783726
1.55 0.283339 0.000632272
1.575 0.278138 0.000759211
1.6 0.272034 0.000662013
1.625 0.266767 0.000542205
1.65 0.261325 0.000782075
1.675 0.255577 0.000754733
1.7 0.250453 0.000547296
1.725 0.245707 0.000496668
1.75 0.240879 0.00051721
1.775 0.235473 0.000447073
1.8 0.231037 0.000496525
1.825 0.227503 0.000506515
1.85 0.220889 0.000581332
1.875 0.217499 0.000602982
1.9 0.213882 0.000477596
1.925 0.209333 0.000665298
1.95 0.206127 0.000400457
1.975 0.201179 0.000535375
2 0.197588 0.000390833
