0.5 0.89844 0.00920595
0.525 0.842237 0.0124679
0.55 0.805511 0.0130333
0.575 0.720375 0.0154099
0.6 0.670218 0.0115851
0.625 0.607837 0.0102073
0.65 0.549249 0.0123657
0.675 0.507661 0.00716037
0.7 0.420528 0.0116125
0.725 0.398135 0.00756791
0.75 0.351981 0.0052759
0.775 0.323603 0.00692627
0.8 0.30441 0.00670578
0.825 0.255149 0.00462681
0.85 0.233903 0.00401393
0.875 0.225965 0.00580541
0.9 0.198126 0.0046848
0.925 0.189124 0.00366046
0.95 0.167483 0.00325848
0.975 0.156848 0.00216612
1 0.146642 0.00321193
1.025 0.13826 0.00286924
1.05 0.128391 0.00226212
1.075 0.117027 0.00301689
1.1 0.111912 0.00237427
1.125 0.105297 0.00235212
1.15 0.0981567 0.00197645
1.175 0.0920569 0.00180852
1.2 0.0884573 0.00230879
1.225 0.0866998 0.00164018
1.25 0.0804821 0.00178039
1.275 0.0751204 0.00136563
1.3 0.0714908 0.00160362
1.325 0.0703118 0.00174278
1.35 0.0641165 0.00156793
1.375 0.0615388 0.00158481
1.4 0.059242 0.00136618
1.425 0.0558348 0.00125714
1.45 0.0555059 0.0013999
1.475 0.0518965 0.00103115
1.5 0.0523114 0.00104646
1.525 0.0491474 0.00121033
1.55 0.0481095 0.000891141
1.575 0.0420636 0.00111571
1.6 0.0431506 0.000969144
1.625 0.0447851 0.00135553
1.65 0.0422844 0.000833831
1.675 0.0372045 0.00112064
1.7 0.0348139 0.00106329
1.725 0.0369349 0.000918689
1.75 0.0353844 0.000888597
1.775 0.0354999 0.00108671
1.8 0.0340342 0.000924343
1.825 0.0317644 0.00069302
1.85 0.0312706 0.00100942
1.875 0.0295286 0.000640626
1.9 0.0296941 0.000694469
1.925 0.0308174 0.000956939
1.95 0.0292753 0.000907306
1.975 0.0264596 0.000836766
2 0.0277451 0.000935195
