0.5 89.5514 0.565309
0.525 82.3258 0.835238
0.55 71.7747 0.984903
0.575 63.9241 0.775588
0.6 57.2344 0.700721
0.625 48.2757 0.691537
0.65 42.7674 0.52687
0.675 37.3558 0.529012
0.7 31.9426 0.472862
0.725 27.491 0.375954
0.75 24.6736 0.335021
0.775 21.2215 0.258329
0.8 19.0109 0.249759
0.825 16.519 0.190023
0.85 14.496 0.192179
0.875 13.3005 0.155081
0.9 11.9931 0.14039
0.925 11.0189 0.103955
0.95 9.73404 0.0953437
0.975 8.99775 0.0944063
1 8.18623 0.0870491
1.025 7.5235 0.0716536
1.05 7.06815 0.0624308
1.075 6.49049 0.070743
1.1 6.04691 0.058797
1.125 5.69824 0.0488928
1.15 5.26237 0.0399817
1.175 4.93623 0.0491069
1.2 4.69036 0.0331925
1.225 4.44111 0.0335901
1.25 4.20346 0.0362047
1.275 3.92638 0.0287804
1.3 3.74925 0.022348
1.325 3.58456 0.0245172
1.35 3.38141 0.0235062
1.375 3.23625 0.0228095
1.4 3.10241 0.0182256
1.425 2.98976 0.01318
1.45 2.83874 0.0142956
1.475 2.76343 0.0126009
1.5 2.61626 0.0131723
1.525 2.50569 0.0157122
1.55 2.40203 0.0133804
1.575 2.30131 0.0135775
1.6 2.24164 0.0120601
1.625 2.15567 0.0105093
1.65 2.10572 0.00761509
1.675 2.01818 0.00888929
1.7 1.94048 0.00748123
1.725 1.8957 0.0107781
1.75 1.83274 0.00815077
1.775 1.76546 0.00647578
1.8 1.70523 0.00818659
1.825 1.66931 0.0099488
1.85 1.59793 0.00802461
1.875 1.56033 0.00657176
1.9 1.5265 0.00622367
1.925 1.49274 0.00673417
1.95 1.44155 0.00500538
1.975 1.41402 0.00446766
2 1.37826 0.00461101
