0.5 -1.00253 0.000764213
0.525 -0.997035 0.00115381
0.55 -0.984528 0.00138079
0.575 -0.974368 0.00126986
0.6 -0.965258 0.00117135
0.625 -0.95097 0.00112726
0.65 -0.938889 0.000936466
0.675 -0.926827 0.00109949
0.7 -0.911993 0.00105342
0.725 -0.898747 0.000927464
0.75 -0.887738 0.000853209
0.775 -0.873734 0.000728315
0.8 -0.863203 0.000741325
0.825 -0.849134 0.000654369
0.85 -0.835806 0.000579187
0.875 -0.825256 0.000625802
0.9 -0.813352 0.000601489
0.925 -0.801512 0.00050095
0.95 -0.789381 0.000451068
0.975 -0.778032 0.000328746
1 -0.767475 0.000543393
1.025 -0.756385 0.000480442
1.05 -0.745724 0.000475124
1.075 -0.735931 0.000487919
1.1 -0.724257 0.00037559
1.125 -0.714967 0.000331627
1.15 -0.704734 0.000445386
1.175 -0.695252 0.000311788
1.2 -0.685782 0.000393878
1.225 -0.675933 0.000311334
1.25 -0.667085 0.000336179
1.275 -0.657699 0.000394911
1.3 -0.648434 0.000352721
1.325 -0.6406 0.000242411
1.35 -0.631652 0.000333294
1.375 -0.623355 0.000397738
1.4 -0.615608 0.000394089
1.425 -0.607182 0.000331516
1.45 -0.599534 0.000318577
1.475 -0.591759 0.000247649
1.5 -0.584721 0.000326156
1.525 -0.577636 0.000362504
1.55 -0.569458 0.000246139
1.575 -0.562743 0.000292944
1.6 -0.555782 0.000297197
1.625 -0.548964 0.000296584
1.65 -0.543048 0.000381429
1.675 -0.536487 0.000322103
1.7 -0.529977 0.000298752
1.725 -0.523572 0.000201239
1.75 -0.51729 0.000233706
1.775 -0.511736 0.000312047
1.8 -0.505361 0.00025889
1.825 -0.499876 0.000332063
1.85 -0.493949 0.000252785
1.875 -0.489634 0.000301855
1.9 -0.483509 0.000267537
1.925 -0.478205 0.00025268
1.95 -0.473135 0.00029859
1.975 -0.467935 0.000223261
2 -0.46217 0.000230804
