0.5 0.27301 0.0104876
0.525 0.312441 0.011861
0.55 0.407699 0.0123772
0.575 0.456925 0.00841723
0.6 0.484732 0.00681184
0.625 0.50223 0.00509849
0.65 0.527544 0.00468755
0.675 0.529781 0.00513163
0.7 0.521945 0.00483533
0.725 0.520813 0.00521299
0.75 0.516442 0.00391847
0.775 0.505961 0.00380736
0.8 0.497711 0.00350663
0.825 0.489455 0.00369885
0.85 0.483125 0.00288611
0.875 0.475734 0.00270996
0.9 0.467861 0.0024567
0.925 0.463287 0.00262882
0.95 0.451874 0.00200779
0.975 0.447587 0.0018777
1 0.435986 0.00185856
1.025 0.432905 0.00205856
1.05 0.426157 0.00206894
1.075 0.41625 0.00176756
1.1 0.409889 0.00126536
1.125 0.402144 0.0016048
1.15 0.393723 0.00162725
1.175 0.388071 0.00136598
1.2 0.382478 0.00126851
1.225 0.372959 0.00132437
1.25 0.365058 0.00118093
1.275 0.357654 0.00110536
1.3 0.349624 0.000997512
1.325 0.34321 0.00108065
1.35 0.334782 0.00104453
1.375 0.328892 0.000998822
1.4 0.323416 0.000997621
1.425 0.316311 0.00101448
1.45 0.308448 0.000705782
1.475 0.303281 0.000809426
1.5 0.297492 0.00092247
1.525 0.289847 0.00088883
1.55 0.285039 0.000993049
1.575 0.278119 0.000638592
1.6 0.272039 0.000694725
1.625 0.267408 0.000647235
1.65 0.261782 0.000609946
1.675 0.25572 0.000664043
1.7 0.251457 0.000548212
1.725 0.245969 0.000773009
1.75 0.240338 0.000548494
1.775 0.235739 0.000487575
1.8 0.231038 0.000643224
1.825 0.226108 0.00045336
1.85 0.222481 0.000516502
1.875 0.217657 0.000434029
1.9 0.212778 0.000565878
1.925 0.209808 0.000504788
1.95 0.205087 0.000530719
1.975 0.2013 0.000462204
2 0.197852 0.000425041
