0.5 0.903253 0.0115121
0.525 0.860392 0.0156432
0.55 0.753385 0.0200979
0.575 0.702776 0.0181891
0.6 0.69008 0.013855
0.625 0.61015 0.0137034
0.65 0.54833 0.0110923
0.675 0.506473 0.0134887
0.7 0.430589 0.013062
0.725 0.391977 0.0112289
0.75 0.370848 0.0086275
0.775 0.314413 0.00865006
0.8 0.316105 0.0066875
0.825 0.273832 0.0077624
0.85 0.23822 0.00720566
0.875 0.229527 0.00654133
0.9 0.20796 0.00574626
0.925 0.188085 0.00594811
0.95 0.16736 0.00399661
0.975 0.15493 0.00516346
1 0.1396 0.00470447
1.025 0.129833 0.00409835
1.05 0.132287 0.00379066
1.075 0.123619 0.00322663
1.1 0.107928 0.00284701
1.125 0.105349 0.00275064
1.15 0.0981463 0.00221568
1.175 0.0905561 0.00248842
1.2 0.0893472 0.00248567
1.225 0.0828868 0.00228991
1.25 0.0792485 0.0025716
1.275 0.0741635 0.00254854
1.3 0.0675455 0.00211467
1.325 0.0691825 0.00188727
1.35 0.0625253 0.00193486
1.375 0.0614457 0.00183408
1.4 0.0589373 0.00133878
1.425 0.057693 0.00165007
1.45 0.0531786 0.00134115
1.475 0.053257 0.00180861
1.5 0.0525771 0.00166384
1.525 0.0499842 0.00157398
1.55 0.0452374 0.00111452
1.575 0.0440055 0.00145659
1.6 0.0429927 0.00147622
1.625 0.0421884 0.0012847
1.65 0.041143 0.00110538
1.675 0.0398148 0.00109013
1.7 0.0391648 0.00137164
1.725 0.0380266 0.00133762
1.75 0.0348336 0.00136934
1.775 0.0367763 0.00148622
1.8 0.0330884 0.00104319
1.825 0.0322004 0.00125427
1.85 0.0304214 0.00136804
1.875 0.0306419 0.00105213
1.9 0.0296749 0.000853693
1.925 0.0274396 0.00105616
1.95 0.0259824 0.00128711
1.975 0.027961 0.00102716
2 0.0292007 0.000763622
