1 -3.26949 0
2 -3.26931 0.000125498
3 -3.26908 0.000205221
4 -3.26907 0.000154731
5 -3.26916 0.000148002
6 -3.2689 0.000268969
7 -3.26885 0.000233738
8 -3.26889 0.000207949
9 -3.26882 0.000198943
10 -3.2688 0.00017979
11 -3.26874 0.000174278
12 -3.26867 0.000172608
13 -3.26872 0.000167649
14 -3.26872 0.000155736
15 -3.26875 0.000148555
16 -3.26874 0.000139536
17 -3.26869 0.000139942
18 -3.26866 0.000136166
19 -3.26867 0.000130246
20 -3.26868 0.00012405
21 -3.26868 0.000118159
22 -3.26868 0.000112952
23 -3.26869 0.000109649
24 -3.2687 0.000105149
25 -3.26871 0.000101336
26 -3.26873 9.98297e-05
27 -3.2687 9.94841e-05
28 -3.2687 9.59822e-05
29 -3.2687 9.2733e-05
30 -3.26871 9.06217e-05
31 -3.26872 8.79669e-05
32 -3.2687 8.68393e-05
33 -3.26867 9.08881e-05
34 -3.26867 8.82202e-05
35 -3.26866 8.62671e-05
36 -3.26866 8.40906e-05
37 -3.26867 8.19074e-05
38 -3.26868 8.0993e-05
39 -3.26868 7.89229e-05
40 -3.26872 8.69125e-05
41 -3.26873 8.5119e-05
42 -3.26873 8.30979e-05
43 -3.26872 8.20719e-05
44 -3.26872 8.0261e-05
45 -3.26873 7.87824e-05
46 -3.26873 7.71583e-05
47 -3.26872 7.57957e-05
48 -3.26872 7.42744e-05
49 -3.26874 7.61454e-05
50 -3.26874 7.47458e-05
51 -3.26874 7.32832e-05
52 -3.26875 7.34711e-05
53 -3.26874 7.35341e-05
54 -3.26874 7.22069e-05
55 -3.26873 7.11174e-05
56 -3.26874 7.01139e-05
57 -3.26874 6.8912e-05
58 -3.26874 6.77722e-05
59 -3.26874 6.71211e-05
60 -3.26875 6.64558e-05
61 -3.26874 6.64405e-05
62 -3.26872 6.76057e-05
63 -3.26871 6.73176e-05
64 -3.2687 6.66286e-05
65 -3.26872 6.69667e-05
66 -3.26871 6.60805e-05
67 -3.26871 6.50959e-05
68 -3.26869 6.71764e-05
69 -3.26869 6.62028e-05
70 -3.2687 6.58929e-05
71 -3.2687 6.51673e-05
72 -3.2687 6.42975e-05
73 -3.2687 6.37345e-05
74 -3.26871 6.33417e-05
75 -3.26871 6.2615e-05
76 -3.26871 6.20551e-05
77 -3.26872 6.22445e-05
78 -3.26872 6.15142e-05
79 -3.26873 6.11018e-05
80 -3.26874 6.10787e-05
81 -3.26874 6.03273e-05
82 -3.26874 5.96388e-05
83 -3.26873 5.9216e-05
84 -3.26874 5.8777e-05
85 -3.26872 5.9346e-05
86 -3.26873 5.91578e-05
87 -3.26874 5.87507e-05
88 -3.26874 5.81874e-05
89 -3.26875 5.77192e-05
90 -3.26874 5.7315e-05
91 -3.26874 5.67252e-05
92 -3.26873 5.6193e-05
93 -3.26873 5.55991e-05
94 -3.26872 5.56916e-05
95 -3.26873 5.5106e-05
96 -3.26872 5.47714e-05
97 -3.26872 5.42564e-05
98 -3.26872 5.41181e-05
99 -3.26871 5.45189e-05
100 -3.2687 5.48161e-05
