1 -5.00872 0
2 -4.99318 0.0109907
3 -4.9892 0.00801396
4 -4.99198 0.00647371
5 -4.98861 0.00599179
6 -4.98476 0.00610681
7 -4.98396 0.00528673
8 -4.98409 0.00462739
9 -4.98399 0.00411425
10 -4.98341 0.00374374
11 -4.9832 0.00340901
12 -4.98316 0.00312512
13 -4.98326 0.00288626
14 -4.98315 0.00268218
15 -4.98345 0.00251921
16 -4.983 0.00240103
17 -4.98297 0.00225996
18 -4.98225 0.00224657
19 -4.98281 0.00219782
20 -4.98294 0.0020918
21 -4.98326 0.00201542
22 -4.98295 0.00194711
23 -4.98348 0.00193475
24 -4.98422 0.00198932
25 -4.985 0.00205688
26 -4.98575 0.00211043
27 -4.98625 0.00209113
28 -4.98647 0.00202795
29 -4.98632 0.00196348
30 -4.98632 0.00189803
31 -4.98645 0.00184068
32 -4.98651 0.0017842
33 -4.98633 0.00173902
34 -4.98622 0.00169163
35 -4.98601 0.0016561
36 -4.98606 0.00161102
37 -4.98608 0.0015676
38 -4.98574 0.00156383
39 -4.98568 0.00152467
40 -4.98552 0.00149479
41 -4.98519 0.00149439
42 -4.98558 0.00150857
43 -4.98569 0.0014775
44 -4.98597 0.00146957
45 -4.98605 0.00143918
46 -4.98611 0.00140904
47 -4.98613 0.0013793
48 -4.98626 0.00135648
49 -4.98611 0.00133735
50 -4.98587 0.00133185
51 -4.98598 0.00131057
52 -4.98582 0.00129582
53 -4.98544 0.00132646
54 -4.98527 0.00131292
55 -4.9853 0.0012896
56 -4.98556 0.00129136
57 -4.98547 0.00127159
58 -4.98547 0.00124967
59 -4.9854 0.00123031
60 -4.98545 0.00121096
61 -4.98548 0.00119132
62 -4.9853 0.00118504
63 -4.9852 0.0011707
64 -4.98534 0.00116112
65 -4.98525 0.00114663
66 -4.98502 0.00115199
67 -4.985 0.00113504
68 -4.98496 0.00111904
69 -4.98507 0.00110786
70 -4.98524 0.0011061
71 -4.98496 0.0011257
72 -4.98494 0.00111028
73 -4.9849 0.0010957
74 -4.98529 0.00114733
75 -4.98516 0.00113954
76 -4.98497 0.0011405
77 -4.9851 0.00113406
78 -4.9851 0.00111953
79 -4.98528 0.00111921
80 -4.98547 0.00112177
81 -4.98545 0.0011082
82 -4.9856 0.00110485
83 -4.98541 0.00110642
84 -4.98529 0.00110014
85 -4.98512 0.00110078
86 -4.98518 0.0010897
87 -4.98535 0.00109025
88 -4.98529 0.00107921
89 -4.98533 0.00106786
90 -4.98531 0.00105624
91 -4.98528 0.00104515
92 -4.98522 0.00103533
93 -4.98528 0.00102597
94 -4.98531 0.00101534
95 -4.98522 0.00100879
96 -4.98516 0.00099992
97 -4.98514 0.000989735
98 -4.98509 0.000981033
99 -4.98477 0.00102167
100 -4.98469 0.00101446
