1 1.15949 0
2 1.14924 0.00724347
3 1.14675 0.00524184
4 1.14861 0.00424971
5 1.1463 0.0039767
6 1.14391 0.00396918
7 1.1434 0.00343433
8 1.14346 0.00300551
9 1.14345 0.00267159
10 1.14307 0.00243081
11 1.14298 0.00221165
12 1.143 0.00202745
13 1.14303 0.0018717
14 1.14296 0.00173932
15 1.14313 0.00163199
16 1.14284 0.00155587
17 1.14285 0.00146441
18 1.14239 0.00145303
19 1.14276 0.00142123
20 1.14284 0.00135247
21 1.14305 0.00130424
22 1.14285 0.00126032
23 1.14319 0.00125169
24 1.14368 0.00129127
25 1.14419 0.00133792
26 1.14468 0.00137186
27 1.14503 0.00136549
28 1.14518 0.00132478
29 1.14508 0.00128264
30 1.14508 0.00123991
31 1.14515 0.00120225
32 1.14521 0.00116584
33 1.14511 0.00113443
34 1.14503 0.00110367
35 1.1449 0.00108004
36 1.14493 0.00105054
37 1.14494 0.0010222
38 1.1447 0.00102296
39 1.14467 0.000997344
40 1.14454 0.000981254
41 1.14431 0.000982834
42 1.14457 0.00099321
43 1.14465 0.000973461
44 1.14483 0.000968264
45 1.14488 0.000948029
46 1.14492 0.000928098
47 1.14494 0.0009086
48 1.14503 0.000893852
49 1.14491 0.00088321
50 1.14476 0.000879331
51 1.14483 0.000865384
52 1.14471 0.000857138
53 1.14447 0.000875235
54 1.14435 0.00086626
55 1.14438 0.000851001
56 1.14455 0.0008517
57 1.14449 0.000838794
58 1.14449 0.000824332
59 1.14444 0.000811905
60 1.14447 0.000798941
61 1.14449 0.000786173
62 1.14439 0.000780577
63 1.14432 0.000770627
64 1.14442 0.000765059
65 1.14436 0.000756311
66 1.14421 0.000759621
67 1.14419 0.000748452
68 1.14418 0.000737561
69 1.14425 0.000730263
70 1.14436 0.000728363
71 1.14418 0.000740984
72 1.14416 0.000730811
73 1.14413 0.000721385
74 1.14439 0.00075473
75 1.1443 0.000750038
76 1.14417 0.000750307
77 1.14426 0.000745346
78 1.14425 0.000735807
79 1.14436 0.000735162
80 1.14449 0.000736098
81 1.14447 0.000727189
82 1.14457 0.000725427
83 1.14446 0.000726112
84 1.14437 0.000722566
85 1.14426 0.000722013
86 1.1443 0.000714507
87 1.14441 0.00071457
88 1.14437 0.000707487
89 1.14439 0.000699956
90 1.14438 0.000692275
91 1.14436 0.000684974
92 1.14432 0.000678461
93 1.14437 0.00067241
94 1.14439 0.000665621
95 1.14433 0.000661433
96 1.14429 0.000655465
97 1.14428 0.000648768
98 1.14424 0.000643353
99 1.14404 0.000668984
100 1.14399 0.000663869
