1 1.73923 0
2 1.72387 0.0108652
3 1.72012 0.00786277
4 1.72292 0.00637457
5 1.71946 0.00596505
6 1.71587 0.00595377
7 1.71511 0.00515149
8 1.71519 0.00450827
9 1.71517 0.00400739
10 1.71461 0.00364621
11 1.71447 0.00331748
12 1.7145 0.00304117
13 1.71454 0.00280755
14 1.71444 0.00260897
15 1.7147 0.00244798
16 1.71426 0.0023338
17 1.71428 0.00219661
18 1.71359 0.00217954
19 1.71414 0.00213185
20 1.71426 0.00202871
21 1.71457 0.00195636
22 1.71427 0.00189047
23 1.71479 0.00187754
24 1.71552 0.0019369
25 1.71629 0.00200687
26 1.71702 0.00205779
27 1.71755 0.00204824
28 1.71777 0.00198716
29 1.71763 0.00192396
30 1.71761 0.00185986
31 1.71773 0.00180338
32 1.71781 0.00174876
33 1.71766 0.00170165
34 1.71755 0.00165551
35 1.71735 0.00162006
36 1.7174 0.0015758
37 1.71742 0.0015333
38 1.71706 0.00153444
39 1.717 0.00149602
40 1.7168 0.00147188
41 1.71647 0.00147425
42 1.71686 0.00148982
43 1.71698 0.00146019
44 1.71725 0.0014524
45 1.71733 0.00142204
46 1.71738 0.00139215
47 1.71741 0.0013629
48 1.71754 0.00134078
49 1.71737 0.00132481
50 1.71713 0.001319
51 1.71725 0.00129808
52 1.71707 0.00128571
53 1.7167 0.00131285
54 1.71653 0.00129939
55 1.71657 0.0012765
56 1.71682 0.00127755
57 1.71673 0.00125819
58 1.71673 0.0012365
59 1.71666 0.00121786
60 1.7167 0.00119841
61 1.71674 0.00117926
62 1.71658 0.00117087
63 1.71649 0.00115594
64 1.71664 0.00114759
65 1.71653 0.00113447
66 1.71631 0.00113943
67 1.71628 0.00112268
68 1.71626 0.00110634
69 1.71637 0.00109539
70 1.71654 0.00109254
71 1.71626 0.00111148
72 1.71624 0.00109622
73 1.7162 0.00108208
74 1.71658 0.0011321
75 1.71644 0.00112506
76 1.71626 0.00112546
77 1.71638 0.00111802
78 1.71638 0.00110371
79 1.71655 0.00110274
80 1.71673 0.00110415
81 1.71671 0.00109078
82 1.71686 0.00108814
83 1.71668 0.00108917
84 1.71655 0.00108385
85 1.71639 0.00108302
86 1.71645 0.00107176
87 1.71661 0.00107186
88 1.71655 0.00106123
89 1.71659 0.00104993
90 1.71657 0.00103841
91 1.71654 0.00102746
92 1.71649 0.00101769
93 1.71655 0.00100862
94 1.71658 0.000998432
95 1.71649 0.000992149
96 1.71644 0.000983197
97 1.71642 0.000973153
98 1.71636 0.000965029
99 1.71606 0.00100348
100 1.71599 0.000995803
