1 -4.98976 0
2 -5.00842 0.0131939
3 -5.00225 0.0101352
4 -5.00117 0.00765867
5 -4.99998 0.00621897
6 -5.00627 0.00773296
7 -5.01116 0.00802468
8 -5.00639 0.0083152
9 -5.00674 0.00739843
10 -5.00872 0.00691981
11 -5.00479 0.00732407
12 -5.00037 0.00793649
13 -4.9999 0.00733989
14 -4.99844 0.00695874
15 -4.99851 0.00649513
16 -4.99983 0.00622176
17 -4.99985 0.00585583
18 -4.99772 0.00590488
19 -4.99536 0.00604803
20 -4.99318 0.00612672
21 -4.99347 0.00584195
22 -4.99331 0.00557876
23 -4.99279 0.00535967
24 -4.9921 0.00518098
25 -4.99014 0.00533317
26 -4.98949 0.00516738
27 -4.98947 0.00497602
28 -4.99051 0.00490637
29 -4.9908 0.00474565
30 -4.9892 0.00484915
31 -4.99022 0.00479815
32 -4.99078 0.00468109
33 -4.99087 0.00453998
34 -4.99125 0.00442296
35 -4.98996 0.0044814
36 -4.9891 0.00443922
37 -4.98949 0.00433679
38 -4.99069 0.00438521
39 -4.99193 0.00444344
40 -4.99198 0.00433266
41 -4.9908 0.00438475
42 -4.99172 0.0043745
43 -4.99158 0.0042748
44 -4.99206 0.00420482
45 -4.99143 0.00415939
46 -4.99082 0.00411322
47 -4.99042 0.0040453
48 -4.99036 0.00396148
49 -4.98937 0.00400247
50 -4.98861 0.00399261
51 -4.98891 0.00392509
52 -4.98826 0.00390176
53 -4.98808 0.00383242
54 -4.98656 0.00405304
55 -4.98624 0.00399196
56 -4.9857 0.00395691
57 -4.98587 0.00389118
58 -4.98529 0.00386662
59 -4.98544 0.00380386
60 -4.98476 0.00380034
61 -4.98539 0.0037905
62 -4.98475 0.0037843
63 -4.98447 0.00373472
64 -4.9842 0.00368589
65 -4.98442 0.00363581
66 -4.98529 0.00368456
67 -4.98407 0.00382838
68 -4.98379 0.00378245
69 -4.98353 0.00373596
70 -4.98396 0.0037067
71 -4.98391 0.00365479
72 -4.98342 0.00363736
73 -4.98341 0.00358756
74 -4.98379 0.00355938
75 -4.98355 0.00352001
76 -4.98301 0.00351451
77 -4.98377 0.00354971
78 -4.98434 0.00355056
79 -4.98422 0.00350783
80 -4.98409 0.00346649
81 -4.98353 0.0034684
82 -4.98354 0.00342612
83 -4.98279 0.00346441
84 -4.98305 0.00343265
85 -4.98316 0.00339415
86 -4.98346 0.00336777
87 -4.98343 0.0033292
88 -4.98319 0.00330006
89 -4.98363 0.00329198
90 -4.98399 0.00327494
91 -4.98449 0.00327651
92 -4.98448 0.0032409
93 -4.98458 0.00320774
94 -4.9846 0.00317364
95 -4.98386 0.00322476
96 -4.98339 0.00322501
97 -4.98365 0.0032019
98 -4.98353 0.0031714
99 -4.98376 0.00314819
100 -4.98341 0.00313693
