1 1.71821 0
2 1.73747 0.01362
3 1.73218 0.0100549
4 1.73145 0.00756776
5 1.73035 0.00613338
6 1.73674 0.00775633
7 1.74145 0.00794693
8 1.73669 0.00825575
9 1.73706 0.00734695
10 1.73923 0.00692458
11 1.73546 0.00725062
12 1.73119 0.0078026
13 1.73073 0.00721598
14 1.72911 0.00687995
15 1.72904 0.00642161
16 1.73032 0.00614556
17 1.73042 0.00578489
18 1.72828 0.00584418
19 1.726 0.00596697
20 1.72387 0.0060373
21 1.72416 0.00575696
22 1.72398 0.00549804
23 1.72346 0.00528398
24 1.72286 0.00509771
25 1.72103 0.00520959
26 1.72041 0.00504705
27 1.72044 0.00486023
28 1.72139 0.00477926
29 1.72173 0.00462646
30 1.72012 0.0047445
31 1.72116 0.00470409
32 1.72165 0.00458217
33 1.72167 0.00444336
34 1.72207 0.00433124
35 1.72082 0.00438399
36 1.72001 0.00433626
37 1.72042 0.00423753
38 1.7216 0.00428817
39 1.72287 0.00436112
40 1.72292 0.00425238
41 1.7217 0.00431779
42 1.72254 0.0042951
43 1.72237 0.00419861
44 1.72282 0.00412767
45 1.72215 0.00409052
46 1.72154 0.00404691
47 1.72119 0.00397539
48 1.72114 0.00389289
49 1.72017 0.0039327
50 1.71946 0.00391885
51 1.71976 0.00385387
52 1.71914 0.00382915
53 1.71896 0.00376099
54 1.71748 0.0039717
55 1.71721 0.00390866
56 1.71671 0.00387164
57 1.71691 0.00380906
58 1.71638 0.00378074
59 1.71654 0.00372003
60 1.71587 0.00371787
61 1.71652 0.00371466
62 1.71591 0.00370576
63 1.71564 0.00365658
64 1.71537 0.00360942
65 1.71563 0.00356317
66 1.71649 0.00361253
67 1.71527 0.00375862
68 1.71497 0.00371587
69 1.71468 0.00367267
70 1.71511 0.00364435
71 1.7151 0.00359303
72 1.71463 0.00357466
73 1.7146 0.0035258
74 1.71496 0.00349673
75 1.71469 0.00346034
76 1.71415 0.0034577
77 1.7149 0.00349462
78 1.71546 0.00349427
79 1.71533 0.0034526
80 1.71519 0.00341216
81 1.71465 0.00341228
82 1.7147 0.00337099
83 1.71396 0.00340963
84 1.71422 0.00337878
85 1.71434 0.00334097
86 1.71466 0.00331781
87 1.71463 0.00327985
88 1.71439 0.00325122
89 1.71483 0.00324509
90 1.71517 0.00322666
91 1.71568 0.00323102
92 1.71569 0.00319591
93 1.71577 0.00316267
94 1.71579 0.00312904
95 1.71507 0.00317641
96 1.71461 0.00317681
97 1.71485 0.00315292
98 1.71474 0.00312258
99 1.71496 0.00309913
100 1.71461 0.0030885
