1 1.14547 0
2 1.15832 0.00908
3 1.15479 0.00670328
4 1.1543 0.00504517
5 1.15357 0.00408892
6 1.15783 0.00517088
7 1.16096 0.00529795
8 1.15779 0.00550383
9 1.15804 0.00489797
10 1.15949 0.00461639
11 1.15697 0.00483375
12 1.15413 0.00520173
13 1.15382 0.00481065
14 1.15274 0.00458663
15 1.15269 0.00428108
16 1.15354 0.00409704
17 1.15361 0.0038566
18 1.15219 0.00389612
19 1.15066 0.00397798
20 1.14924 0.00402487
21 1.14944 0.00383797
22 1.14932 0.00366536
23 1.14897 0.00352266
24 1.14857 0.00339847
25 1.14736 0.00347306
26 1.14694 0.0033647
27 1.14696 0.00324015
28 1.14759 0.00318617
29 1.14782 0.00308431
30 1.14675 0.003163
31 1.14744 0.00313606
32 1.14776 0.00305478
33 1.14778 0.00296224
34 1.14805 0.0028875
35 1.14722 0.00292266
36 1.14668 0.00289084
37 1.14694 0.00282502
38 1.14773 0.00285878
39 1.14858 0.00290741
40 1.14861 0.00283492
41 1.1478 0.00287853
42 1.14836 0.0028634
43 1.14825 0.00279907
44 1.14855 0.00275178
45 1.1481 0.00272701
46 1.14769 0.00269794
47 1.14746 0.00265026
48 1.14743 0.00259526
49 1.14678 0.0026218
50 1.1463 0.00261257
51 1.14651 0.00256924
52 1.14609 0.00255277
53 1.14598 0.00250733
54 1.14499 0.0026478
55 1.14481 0.00260577
56 1.14447 0.00258109
57 1.14461 0.00253937
58 1.14425 0.00252049
59 1.14436 0.00248002
60 1.14391 0.00247858
61 1.14435 0.00247644
62 1.14394 0.00247051
63 1.14376 0.00243772
64 1.14358 0.00240628
65 1.14375 0.00237545
66 1.14433 0.00240835
67 1.14352 0.00250575
68 1.14331 0.00247725
69 1.14312 0.00244845
70 1.1434 0.00242957
71 1.1434 0.00239535
72 1.14308 0.00238311
73 1.14307 0.00235053
74 1.14331 0.00233116
75 1.14313 0.00230689
76 1.14276 0.00230513
77 1.14327 0.00232974
78 1.14364 0.00232951
79 1.14355 0.00230173
80 1.14346 0.00227477
81 1.1431 0.00227485
82 1.14313 0.00224732
83 1.14264 0.00227309
84 1.14281 0.00225252
85 1.14289 0.00222731
86 1.14311 0.00221187
87 1.14308 0.00218657
88 1.14293 0.00216748
89 1.14322 0.0021634
90 1.14345 0.00215111
91 1.14379 0.00215401
92 1.14379 0.00213061
93 1.14385 0.00210845
94 1.14386 0.00208603
95 1.14338 0.0021176
96 1.14307 0.00211787
97 1.14323 0.00210194
98 1.14316 0.00208172
99 1.14331 0.00206609
100 1.14307 0.002059
