1 -3.27155 0
2 -3.27095 0.000426122
3 -3.27007 0.000770493
4 -3.26972 0.000651571
5 -3.26963 0.000527927
6 -3.26952 0.000450017
7 -3.26971 0.000421462
8 -3.2697 0.0003688
9 -3.26967 0.000329047
10 -3.26949 0.000342882
11 -3.26933 0.00034728
12 -3.26918 0.000349879
13 -3.26917 0.000323091
14 -3.26933 0.000338506
15 -3.26946 0.000340668
16 -3.26951 0.000322244
17 -3.26944 0.000311634
18 -3.26944 0.000294375
19 -3.26937 0.00028848
20 -3.26931 0.000278519
21 -3.26931 0.000265259
22 -3.26933 0.000253501
23 -3.26934 0.000242788
24 -3.26924 0.000250082
25 -3.2691 0.000277188
26 -3.26908 0.00026724
27 -3.26903 0.000261957
28 -3.26912 0.000267429
29 -3.26907 0.000262958
30 -3.26908 0.000254507
31 -3.26906 0.000247364
32 -3.26914 0.000251131
33 -3.2692 0.000251231
34 -3.26918 0.000244568
35 -3.26914 0.000241307
36 -3.26908 0.000240506
37 -3.26908 0.000234067
38 -3.26909 0.000228387
39 -3.26906 0.000224554
40 -3.26907 0.000218955
41 -3.2691 0.00021586
42 -3.26918 0.000224345
43 -3.26921 0.000222219
44 -3.26924 0.000219007
45 -3.26928 0.000217105
46 -3.26928 0.000212397
47 -3.26922 0.000215671
48 -3.26921 0.000211404
49 -3.26919 0.000207948
50 -3.26916 0.00020688
51 -3.26915 0.000203149
52 -3.26912 0.000200531
53 -3.26912 0.000196829
54 -3.26907 0.000198085
55 -3.26902 0.000200673
56 -3.26899 0.000199598
57 -3.26896 0.000198747
58 -3.26892 0.000199743
59 -3.2689 0.000196792
60 -3.2689 0.000193661
61 -3.26887 0.000191988
62 -3.26884 0.000191216
63 -3.26883 0.000188725
64 -3.26883 0.000185805
65 -3.26879 0.000186766
66 -3.2688 0.000184243
67 -3.26879 0.000181668
68 -3.26882 0.000180732
69 -3.26885 0.000180647
70 -3.26885 0.000178096
71 -3.26881 0.0001808
72 -3.26879 0.000179149
73 -3.26881 0.000177245
74 -3.26883 0.000175949
75 -3.26885 0.00017576
76 -3.26886 0.000173675
77 -3.26886 0.000171426
78 -3.26888 0.00017001
79 -3.26889 0.000168079
80 -3.26889 0.000166033
81 -3.26887 0.000165176
82 -3.26884 0.000167188
83 -3.26883 0.000165339
84 -3.26883 0.000163376
85 -3.26883 0.000161457
86 -3.2688 0.000161625
87 -3.26881 0.000159809
88 -3.2688 0.000158014
89 -3.2688 0.000156408
90 -3.26882 0.000156015
91 -3.2688 0.000154692
92 -3.26879 0.000153875
93 -3.26881 0.000153477
94 -3.26881 0.00015186
95 -3.26879 0.000152134
96 -3.26878 0.000150667
97 -3.2688 0.000150232
98 -3.26879 0.000149053
99 -3.2688 0.000148011
100 -3.2688 0.00014654
