1 -6.79309 -6.01338
2 -6.61538 -4.89803
3 -6.47599 -4.0736
4 -6.36345 -3.46426
5 -6.3557 -3.33016
6 -6.25274 -2.85611
7 -6.18165 -2.40721
8 -6.11267 -2.01409
9 -6.01244 -1.58668
10 -5.94798 -1.28142
11 -5.98178 -1.45424
12 -5.96517 -1.30248
13 -6.05038 -1.74597
14 -6.05712 -1.76996
15 -5.98382 -1.3804
16 -5.95031 -1.23139
17 -5.86667 -0.874574
18 -5.86843 -0.899073
19 -5.78481 -0.519693
20 -5.78908 -0.487478
21 -5.63332 0.359725
22 -5.72192 -0.073754
23 -5.73306 -0.12071
24 -5.85683 -0.659965
25 -5.88267 -0.909312
26 -5.97882 -1.26214
27 -5.87906 -0.774502
28 -5.89228 -0.844091
29 -5.89301 -0.817762
30 -5.92524 -0.967451
31 -5.88795 -0.845073
32 -5.85733 -0.685525
33 -5.87373 -0.72413
34 -5.87516 -0.771321
35 -5.84576 -0.620305
36 -5.86058 -0.654405
37 -5.7991 -0.458571
38 -5.75654 -0.258879
39 -5.71874 -0.179458
40 -5.77476 -0.386208
41 -5.78445 -0.430152
42 -5.79447 -0.428234
43 -5.73244 -0.105041
44 -5.77823 -0.233575
45 -5.78421 -0.303505
46 -5.78339 -0.296938
47 -5.81018 -0.472111
48 -5.82946 -0.570687
49 -5.85189 -0.670968
50 -5.89022 -0.836448
51 -5.84705 -0.634981
52 -5.83081 -0.579058
53 -5.83377 -0.632317
54 -5.79895 -0.542668
55 -5.7952 -0.516926
56 -5.76862 -0.411329
57 -5.84897 -0.786799
58 -5.88558 -0.843575
59 -5.92878 -0.942305
60 -5.91463 -0.874643
61 -5.85883 -0.671118
62 -5.8518 -0.623189
63 -5.70521 0.0817663
64 -5.69951 0.11054
65 -5.7389 -0.135076
66 -5.72942 -0.0730431
67 -5.80639 -0.3657
68 -5.77232 -0.0915055
69 -5.76243 -0.0920867
70 -5.76355 -0.0956884
71 -5.66439 0.283912
72 -5.67039 0.175739
73 -5.61754 0.41271
74 -5.66287 0.310709
75 -5.66868 0.25459
76 -5.66891 0.165496
77 -5.675 0.178968
78 -5.75369 -0.21355
79 -5.82726 -0.526026
80 -5.82404 -0.562707
81 -5.82221 -0.57037
82 -5.80529 -0.423983
83 -5.81378 -0.51558
84 -5.87482 -0.810809
85 -5.79019 -0.392632
86 -5.68776 0.0995272
87 -5.78071 -0.292814
88 -5.81507 -0.544433
89 -5.82254 -0.499792
90 -5.76088 -0.137881
91 -5.76212 -0.0760487
92 -5.63969 0.371582
93 -5.63567 0.349174
94 -5.71137 0.0462716
95 -5.77144 -0.192267
96 -5.77816 -0.236517
97 -5.7777 -0.182323
98 -5.66497 0.248545
99 -5.74433 -0.145214
100 -5.65614 0.218863
101 -5.68096 0.087506
102 -5.60078 0.425502
103 -5.5856 0.487752
104 -5.61199 0.407342
105 -5.685 0.15555
106 -5.68164 0.143072
107 -5.65896 0.268929
108 -5.6387 0.362028
109 -5.61734 0.518455
110 -5.66216 0.411226
111 -5.6563 0.405692
112 -5.66132 0.3594
113 -5.71201 0.153905
114 -5.69164 0.268084
115 -5.63627 0.445312
116 -5.70115 0.0753314
117 -5.80871 -0.379895
118 -5.81084 -0.319944
119 -5.75899 -0.153944
120 -5.73572 0.000124051
121 -5.77557 -0.19786
122 -5.66959 0.28806
123 -5.63357 0.470811
124 -5.59562 0.718654
125 -5.58605 0.758685
126 -5.51814 1.06789
127 -5.57253 0.82649
128 -5.66447 0.486495
129 -5.56802 0.758005
130 -5.55554 0.845952
131 -5.62921 0.509836
132 -5.60573 0.583945
133 -5.5427 0.904527
134 -5.56224 0.681144
135 -5.69924 0.0940396
136 -5.66911 0.252646
137 -5.70177 0.0387995
138 -5.70461 -0.00901315
139 -5.6598 0.239084
140 -5.67099 0.170599
141 -5.64134 0.141565
142 -5.64454 0.167116
143 -5.6649 0.106388
144 -5.66262 0.197331
145 -5.68675 0.127277
146 -5.6706 0.282509
147 -5.66699 0.286859
148 -5.63655 0.428304
149 -5.67473 0.338234
150 -5.68143 0.338559
151 -5.70462 0.172875
152 -5.6635 0.395809
153 -5.66904 0.333419
154 -5.59401 0.609435
155 -5.49442 1.06407
156 -5.51133 0.933681
157 -5.56242 0.835874
158 -5.61847 0.584289
159 -5.61728 0.542344
160 -5.5429 0.906508
161 -5.46391 1.23714
162 -5.63013 0.459068
163 -5.64539 0.373905
164 -5.62354 0.568518
165 -5.67529 0.335778
166 -5.64149 0.449988
167 -5.61128 0.621239
168 -5.5681 0.783417
169 -5.55727 0.87949
170 -5.58786 0.654109
171 -5.52227 1.04361
172 -5.65064 0.481108
173 -5.61095 0.706681
174 -5.66832 0.437246
175 -5.6001 0.658664
176 -5.60887 0.594274
177 -5.58434 0.736896
178 -5.60862 0.681792
179 -5.57976 0.83942
180 -5.59594 0.827257
181 -5.5128 1.17911
182 -5.46173 1.35612
183 -5.45403 1.40104
184 -5.38158 1.57827
185 -5.34059 1.83072
186 -5.50499 1.14168
187 -5.37696 1.78049
188 -5.34145 1.99916
189 -5.42433 1.55574
190 -5.50584 1.22124
191 -5.47322 1.35829
192 -5.46209 1.39005
193 -5.47858 1.28371
194 -5.54003 1.14856
195 -5.59029 0.767765
196 -5.43341 1.41325
197 -5.44403 1.33749
198 -5.35961 1.83641
199 -5.48769 1.23224
200 -5.51378 1.17939
201 -5.48579 1.24434
202 -5.56358 0.947219
203 -5.54494 1.02447
204 -5.55876 0.931945
205 -5.52674 1.03127
206 -5.57171 0.887445
207 -5.60436 0.747632
208 -5.62391 0.610566
209 -5.58595 0.819486
210 -5.57201 0.86236
211 -5.54724 0.911324
212 -5.63662 0.561514
213 -5.58569 0.851431
214 -5.5304 1.14624
215 -5.44464 1.40242
216 -5.4482 1.47335
217 -5.46426 1.43764
218 -5.49294 1.18565
219 -5.45177 1.39851
220 -5.51391 1.16703
221 -5.61624 0.798403
222 -5.57765 0.892364
223 -5.62898 0.656091
224 -5.58948 0.804058
225 -5.59869 0.716601
226 -5.58319 0.873584
227 -5.53486 1.06063
228 -5.56046 0.927761
229 -5.43088 1.4797
230 -5.43676 1.4572
231 -5.43391 1.45605
232 -5.44134 1.52331
233 -5.35935 1.86241
234 -5.36181 1.89116
235 -5.34075 1.88659
236 -5.31874 1.98009
237 -5.42943 1.53819
238 -5.38985 1.73722
239 -5.24361 2.29195
240 -5.14696 2.69581
241 -5.15378 2.69854
242 -5.22035 2.37091
243 -5.351 1.85307
244 -5.48206 1.26862
245 -5.49575 1.29143
246 -5.42979 1.54117
247 -5.41269 1.50266
248 -5.54373 0.965299
249 -5.65098 0.542933
250 -5.54191 1.06848
251 -5.57691 0.878975
252 -5.44735 1.41989
253 -5.43533 1.42474
254 -5.40684 1.52932
255 -5.48375 1.17623
256 -5.56853 0.859933
257 -5.56465 0.89281
258 -5.50324 1.19271
259 -5.42796 1.50896
260 -5.53096 1.03245
261 -5.63063 0.683408
262 -5.60037 0.741131
263 -5.64633 0.520761
264 -5.57581 0.772582
265 -5.43997 1.40183
266 -5.50593 1.16987
267 -5.42651 1.46563
268 -5.48492 1.15323
269 -5.42959 1.43556
270 -5.4881 1.26765
271 -5.50172 1.18945
272 -5.48936 1.32339
273 -5.48256 1.36661
274 -5.41753 1.59149
275 -5.46303 1.34102
276 -5.47952 1.2636
277 -5.47549 1.27509
278 -5.48264 1.18725
279 -5.45981 1.37403
280 -5.39052 1.63391
281 -5.42898 1.50378
282 -5.4635 1.28318
283 -5.4089 1.50878
284 -5.3915 1.63653
285 -5.53955 0.925758
286 -5.5941 0.722738
287 -5.60424 0.729962
288 -5.57164 0.88921
289 -5.4932 1.18814
290 -5.52357 1.15277
291 -5.62153 0.735424
292 -5.51253 1.25737
293 -5.55141 1.10577
294 -5.43439 1.63822
295 -5.47734 1.36442
296 -5.45274 1.41766
297 -5.53507 1.04859
298 -5.48745 1.34858
299 -5.50418 1.2232
300 -5.51772 1.12146
301 -5.54713 0.923641
302 -5.46264 1.29555
303 -5.49507 1.12609
304 -5.57516 0.797446
305 -5.45599 1.37469
306 -5.50084 1.18413
307 -5.62079 0.700266
308 -5.56719 0.925581
309 -5.48921 1.23598
310 -5.4412 1.56237
311 -5.40027 1.6812
312 -5.35657 1.99151
313 -5.40454 1.70368
314 -5.52938 1.15073
315 -5.48125 1.27065
316 -5.46384 1.40358
317 -5.53608 1.03848
318 -5.57275 0.811812
319 -5.60797 0.64135
320 -5.61002 0.72705
321 -5.56821 0.869976
322 -5.42028 1.46263
323 -5.47897 1.22072
324 -5.32803 1.85399
325 -5.37977 1.6209
326 -5.41676 1.50199
327 -5.40923 1.53801
328 -5.39758 1.54249
329 -5.45333 1.25739
330 -5.46629 1.20173
331 -5.43307 1.37611
332 -5.47649 1.13704
333 -5.56097 0.807859
334 -5.50917 1.06336
335 -5.45418 1.26788
336 -5.46722 1.18846
337 -5.46108 1.24565
338 -5.48506 1.10109
339 -5.42788 1.32376
340 -5.48142 1.06076
341 -5.55314 0.710097
342 -5.64831 0.271956
343 -5.5247 0.857848
344 -5.54824 0.792778
345 -5.4735 1.12888
346 -5.55153 0.863602
347 -5.54876 0.957474
348 -5.48085 1.24302
349 -5.42962 1.37694
350 -5.45769 1.22012
351 -5.54288 0.859855
352 -5.57047 0.741026
353 -5.53636 0.889843
354 -5.54883 0.874088
355 -5.43083 1.40663
356 -5.37884 1.52612
357 -5.35901 1.58964
358 -5.31343 1.76884
359 -5.36209 1.59647
360 -5.33369 1.85739
361 -5.30415 1.80801
362 -5.38339 1.50678
363 -5.39875 1.52957
364 -5.35081 1.63373
365 -5.23338 2.21139
366 -5.3227 1.85291
367 -5.38048 1.66856
368 -5.30965 2.0273
369 -5.40649 1.58332
370 -5.39617 1.61447
371 -5.3571 1.68957
372 -5.37231 1.66619
373 -5.30723 1.94386
374 -5.36845 1.7238
375 -5.48199 1.20133
376 -5.44054 1.50425
377 -5.52536 1.12436
378 -5.54996 0.946408
379 -5.54421 1.02431
380 -5.42975 1.53351
381 -5.45252 1.39654
382 -5.4112 1.60488
383 -5.3801 1.67948
384 -5.42786 1.49658
385 -5.41457 1.41004
386 -5.47455 1.19129
387 -5.56361 0.849252
388 -5.58504 0.755494
389 -5.43237 1.45244
390 -5.50993 1.06569
391 -5.49404 1.1143
392 -5.45752 1.33488
393 -5.39391 1.70854
394 -5.39807 1.67068
395 -5.47748 1.37318
396 -5.42339 1.50593
397 -5.54368 0.966461
398 -5.52154 1.04382
399 -5.58288 0.780777
400 -5.62113 0.531913
401 -5.60577 0.550137
402 -5.5689 0.774264
403 -5.49674 1.0763
404 -5.55209 0.870983
405 -5.62783 0.494095
406 -5.6184 0.565052
407 -5.61233 0.603975
408 -5.65738 0.41063
409 -5.59138 0.622303
410 -5.60606 0.589507
411 -5.63219 0.519075
412 -5.61696 0.527465
413 -5.57393 0.787249
414 -5.43716 1.42102
415 -5.44259 1.37508
416 -5.39331 1.5597
417 -5.46717 1.24494
418 -5.25386 2.06066
419 -5.33684 1.70305
420 -5.31111 1.93512
421 -5.38806 1.59811
422 -5.48724 1.17575
423 -5.5063 1.10006
424 -5.45775 1.27857
425 -5.47325 1.29127
426 -5.41707 1.49494
427 -5.3346 1.86375
428 -5.29707 2.14663
429 -5.2464 2.37485
430 -5.2495 2.56389
431 -5.30668 2.20161
432 -5.39621 1.78331
433 -5.33639 2.06806
434 -5.31473 2.08638
435 -5.2944 2.14607
436 -5.35707 2.03111
437 -5.36684 1.94476
438 -5.31384 2.16025
439 -5.33395 2.01608
440 -5.35423 1.95111
441 -5.3699 1.75371
442 -5.45243 1.4265
443 -5.52539 1.07969
444 -5.65269 0.489912
445 -5.6218 0.604342
446 -5.52015 1.09666
447 -5.58546 0.800729
448 -5.45707 1.26497
449 -5.55745 0.775549
450 -5.48631 1.19813
451 -5.45585 1.29808
452 -5.41389 1.56861
453 -5.47968 1.3137
454 -5.47934 1.27484
455 -5.51447 1.18248
456 -5.52065 1.11744
457 -5.53093 0.955216
458 -5.49113 1.13344
459 -5.41657 1.45882
460 -5.53289 0.923479
461 -5.57285 0.804911
462 -5.57971 0.764597
463 -5.55467 0.918761
464 -5.54829 0.951262
465 -5.51757 0.999386
466 -5.59914 0.672057
467 -5.56908 0.862666
468 -5.63024 0.603938
469 -5.58826 0.853976
470 -5.63759 0.655543
471 -5.63186 0.664454
472 -5.52096 1.1609
473 -5.61359 0.763567
474 -5.55488 1.01615
475 -5.5367 1.15176
476 -5.50553 1.24057
477 -5.49423 1.32746
478 -5.45201 1.51795
479 -5.49271 1.38298
480 -5.57777 1.01392
481 -5.51485 1.30934
482 -5.49693 1.39934
483 -5.47623 1.46459
484 -5.48438 1.3693
485 -5.44133 1.54201
486 -5.42813 1.61974
487 -5.42123 1.61193
488 -5.4648 1.45278
489 -5.54276 1.09427
490 -5.47948 1.3979
491 -5.50132 1.28413
492 -5.63297 0.707653
493 -5.55344 1.04085
494 -5.62789 0.776234
495 -5.64051 0.725352
496 -5.62963 0.809692
497 -5.64132 0.793052
498 -5.63683 0.749064
499 -5.56668 1.09338
500 -5.6147 0.863378
501 -5.52312 1.11534
502 -5.5135 1.22894
503 -5.52696 1.17444
504 -5.62738 0.772737
505 -5.48801 1.38461
506 -5.52776 1.25003
507 -5.48254 1.39571
508 -5.56113 1.04455
509 -5.54681 1.15316
510 -5.46738 1.46331
511 -5.49828 1.36549
512 -5.57459 1.06514
513 -5.46629 1.37918
514 -5.47347 1.32143
515 -5.49475 1.20279
516 -5.45202 1.52813
517 -5.54009 0.992544
518 -5.4676 1.2255
519 -5.42646 1.39179
520 -5.37851 1.62186
521 -5.5184 1.08755
522 -5.48119 1.21475
523 -5.38019 1.78106
524 -5.46136 1.45281
525 -5.58897 0.769505
526 -5.62898 0.49545
527 -5.63178 0.541788
528 -5.71724 0.187861
529 -5.79242 -0.25673
530 -5.71575 0.113702
531 -5.72905 0.123205
532 -5.72719 0.252648
533 -5.69245 0.355302
534 -5.67418 0.450222
535 -5.69346 0.368674
536 -5.57721 0.883073
537 -5.51535 1.25612
538 -5.62695 0.745419
539 -5.60994 0.787771
540 -5.59398 0.797447
541 -5.73235 0.17795
542 -5.68664 0.36722
543 -5.61017 0.724994
544 -5.63086 0.588648
545 -5.51554 1.13193
546 -5.64269 0.634096
547 -5.58876 0.860438
548 -5.61121 0.732517
549 -5.64178 0.623722
550 -5.64299 0.624426
551 -5.6658 0.483704
552 -5.54552 1.134
553 -5.53853 1.0946
554 -5.4621 1.37688
555 -5.38775 1.69963
556 -5.25944 2.24118
557 -5.41306 1.62842
558 -5.50548 1.27066
559 -5.54739 1.05499
560 -5.52789 1.13165
561 -5.50344 1.21902
562 -5.51408 1.22883
563 -5.61517 0.689404
564 -5.67575 0.403168
565 -5.60313 0.721349
566 -5.56034 0.901583
567 -5.59567 0.686697
568 -5.61246 0.624863
569 -5.65718 0.466564
570 -5.58099 0.87801
571 -5.59005 0.800801
572 -5.56946 0.829656
573 -5.55621 0.892876
574 -5.60068 0.716258
575 -5.479 1.24928
576 -5.47374 1.32555
577 -5.45296 1.42524
578 -5.53072 1.13976
579 -5.55753 0.915234
580 -5.46507 1.33266
581 -5.59041 0.812621
582 -5.54139 1.06097
583 -5.5099 1.23859
584 -5.52923 1.09074
585 -5.5708 0.945829
586 -5.55043 0.939965
587 -5.54177 0.999036
588 -5.47413 1.21035
589 -5.44559 1.36737
590 -5.51705 1.10533
591 -5.46082 1.43421
592 -5.46809 1.38207
593 -5.47505 1.2964
594 -5.47497 1.39259
595 -5.47908 1.44648
596 -5.42796 1.7033
597 -5.48152 1.45673
598 -5.37534 1.84011
599 -5.43059 1.57527
600 -5.29656 2.11208
601 -5.34907 1.93414
602 -5.4292 1.60283
603 -5.45801 1.43623
604 -5.42946 1.62242
605 -5.49672 1.34029
606 -5.46023 1.49668
607 -5.42696 1.58662
608 -5.37209 1.72245
609 -5.41063 1.51874
610 -5.4117 1.44839
611 -5.45169 1.36667
612 -5.4234 1.44861
613 -5.50248 1.09492
614 -5.50023 1.14087
615 -5.63301 0.490472
616 -5.64254 0.497234
617 -5.56852 0.833799
618 -5.48133 1.22203
619 -5.50161 1.13255
620 -5.49714 1.23276
621 -5.4215 1.50907
622 -5.45246 1.35211
623 -5.56373 0.856591
624 -5.57303 0.76158
625 -5.59985 0.658945
626 -5.58191 0.730285
627 -5.60136 0.633984
628 -5.56244 0.788193
629 -5.46762 1.10074
630 -5.51399 0.900089
631 -5.58522 0.609324
632 -5.55078 0.735059
633 -5.57681 0.720476
634 -5.49438 1.05479
635 -5.54792 0.846022
636 -5.49982 1.03615
637 -5.45239 1.31094
638 -5.43732 1.423
639 -5.48286 1.27774
640 -5.49373 1.22209
641 -5.49277 1.12129
642 -5.53112 0.935921
643 -5.43163 1.52297
644 -5.53582 1.0831
645 -5.53687 1.0722
646 -5.54162 1.1025
647 -5.48639 1.27628
648 -5.40299 1.61444
649 -5.46862 1.27792
650 -5.46732 1.38636
651 -5.49546 1.17681
652 -5.53427 0.858585
653 -5.46768 1.15206
654 -5.39681 1.49268
655 -5.44494 1.29136
656 -5.50924 1.08767
657 -5.47673 1.24547
658 -5.48637 1.15274
659 -5.51823 0.979712
660 -5.53189 0.974297
661 -5.49129 1.12945
662 -5.59447 0.663464
663 -5.59807 0.693274
664 -5.65866 0.381364
665 -5.67556 0.275477
666 -5.57495 0.722569
667 -5.53068 0.916359
668 -5.54305 0.89209
669 -5.51524 1.03046
670 -5.49412 1.06273
671 -5.48619 1.11648
672 -5.43948 1.24439
673 -5.50393 1.0037
674 -5.54791 0.872438
675 -5.49257 1.0995
676 -5.5149 0.977058
677 -5.52982 1.01301
678 -5.52511 1.07134
679 -5.56168 0.856238
680 -5.46877 1.29481
681 -5.53702 1.04277
682 -5.59706 0.716282
683 -5.49936 1.13943
684 -5.49047 1.16842
685 -5.5043 1.02662
686 -5.52233 0.946102
687 -5.59559 0.615306
688 -5.63974 0.509986
689 -5.62781 0.507018
690 -5.62742 0.526534
691 -5.54521 0.900684
692 -5.48632 1.14917
693 -5.5025 1.07251
694 -5.4478 1.23419
695 -5.41183 1.39655
696 -5.49198 0.982947
697 -5.50923 0.883118
698 -5.50883 1.02902
699 -5.55928 0.864541
700 -5.59933 0.703689
701 -5.56544 0.790954
702 -5.58057 0.740515
703 -5.60357 0.719249
704 -5.58521 0.931321
705 -5.59422 0.829348
706 -5.46863 1.34366
707 -5.50688 1.24849
708 -5.48369 1.33936
709 -5.47065 1.44571
710 -5.50592 1.23603
711 -5.52964 1.05349
712 -5.51693 1.07102
713 -5.46191 1.35913
714 -5.44598 1.34326
715 -5.45104 1.37157
716 -5.50326 1.12078
717 -5.47902 1.19907
718 -5.44364 1.52969
719 -5.49756 1.29691
720 -5.54299 1.05235
721 -5.41915 1.48852
722 -5.40433 1.62619
723 -5.45212 1.41206
724 -5.47535 1.33909
725 -5.50457 1.18441
726 -5.50132 1.17754
727 -5.52141 1.02144
728 -5.55565 0.886786
729 -5.55911 0.90653
730 -5.55018 0.965659
731 -5.41623 1.5715
732 -5.39336 1.72521
733 -5.4937 1.25625
734 -5.54384 1.0737
735 -5.5768 0.870937
736 -5.58314 0.780759
737 -5.63667 0.544546
738 -5.63325 0.558931
739 -5.61645 0.544545
740 -5.60901 0.577289
741 -5.59875 0.68956
742 -5.49755 1.12772
743 -5.50494 1.13477
744 -5.5187 1.00318
745 -5.53649 1.14689
746 -5.52639 1.09561
747 -5.57368 0.906666
748 -5.59027 0.823256
749 -5.58459 0.895199
750 -5.62438 0.688021
751 -5.52517 1.22261
752 -5.5364 1.19209
753 -5.49388 1.32488
754 -5.38214 1.72892
755 -5.39779 1.67218
756 -5.48794 1.29489
757 -5.53839 1.10924
758 -5.51345 1.17801
759 -5.54672 1.01683
760 -5.47663 1.32276
761 -5.48411 1.31892
762 -5.54373 0.89185
763 -5.51884 0.997146
764 -5.56669 0.924201
765 -5.4897 1.1662
766 -5.47336 1.36946
767 -5.54265 1.10367
768 -5.63824 0.824482
769 -5.68234 0.606
770 -5.6545 0.710914
771 -5.6115 0.904597
772 -5.57939 0.954567
773 -5.59214 0.867524
774 -5.59308 0.901961
775 -5.66724 0.452327
776 -5.57846 0.880904
777 -5.66422 0.533609
778 -5.62195 0.699281
779 -5.50115 1.25452
780 -5.5078 1.33881
781 -5.47455 1.45772
782 -5.48577 1.45812
783 -5.5433 1.21625
784 -5.47064 1.48004
785 -5.50794 1.29531
786 -5.50847 1.31287
787 -5.52507 1.24222
788 -5.58371 0.899485
789 -5.67301 0.497461
790 -5.71237 0.33006
791 -5.68167 0.46333
792 -5.69278 0.422695
793 -5.60809 0.722383
794 -5.69877 0.328578
795 -5.65395 0.571306
796 -5.67801 0.431498
797 -5.74522 0.16228
798 -5.66043 0.595686
799 -5.67054 0.595434
800 -5.63541 0.718995
801 -5.64208 0.601349
802 -5.58898 0.861262
803 -5.63839 0.644681
804 -5.69467 0.312168
805 -5.65653 0.424856
806 -5.56526 0.91693
807 -5.44514 1.32271
808 -5.44833 1.3756
809 -5.61653 0.67095
810 -5.52735 1.0554
811 -5.47592 1.32743
812 -5.46277 1.32673
813 -5.46566 1.36657
814 -5.55448 1.08991
815 -5.51164 1.20134
816 -5.6024 0.844779
817 -5.63447 0.754625
818 -5.5746 0.998646
819 -5.49808 1.36249
820 -5.44843 1.63116
821 -5.40846 1.8695
822 -5.49252 1.56468
823 -5.50447 1.574
824 -5.50271 1.5311
825 -5.45739 1.77877
826 -5.46263 1.71933
827 -5.47425 1.60039
828 -5.51772 1.39433
829 -5.42089 1.74121
830 -5.39855 1.83777
831 -5.43972 1.6798
832 -5.53012 1.27398
833 -5.54581 1.22914
834 -5.53324 1.32949
835 -5.56228 1.1874
836 -5.56314 1.13284
837 -5.61911 0.885551
838 -5.66669 0.732149
839 -5.59177 1.14575
840 -5.52138 1.31178
841 -5.52684 1.36609
842 -5.48374 1.58326
843 -5.53193 1.30475
844 -5.55604 1.14224
845 -5.53187 1.22139
846 -5.51072 1.294
847 -5.39946 1.74972
848 -5.3905 1.82361
849 -5.43464 1.66289
850 -5.47868 1.50323
851 -5.45178 1.63965
852 -5.44886 1.59148
853 -5.48641 1.34603
854 -5.43422 1.59651
855 -5.4602 1.6007
856 -5.46133 1.59984
857 -5.60833 0.974713
858 -5.51065 1.36369
859 -5.5264 1.35613
860 -5.61622 0.971327
861 -5.53054 1.3395
862 -5.47721 1.62515
863 -5.42027 1.86873
864 -5.49332 1.50248
865 -5.58699 1.12832
866 -5.49564 1.58685
867 -5.46078 1.74463
868 -5.42132 1.82996
869 -5.42651 1.84602
870 -5.41832 1.88798
871 -5.45711 1.64374
872 -5.58628 1.07289
873 -5.51339 1.41084
874 -5.57173 1.20502
875 -5.6097 0.998615
876 -5.51778 1.36279
877 -5.56368 1.24092
878 -5.5288 1.31675
879 -5.46851 1.65714
880 -5.46674 1.59982
881 -5.42501 1.71221
882 -5.46912 1.45826
883 -5.542 1.24233
884 -5.48473 1.42765
885 -5.41684 1.73323
886 -5.52384 1.22601
887 -5.47377 1.55168
888 -5.46719 1.70114
889 -5.53653 1.39777
890 -5.52816 1.39924
891 -5.64711 0.849954
892 -5.56215 1.30794
893 -5.50578 1.45955
894 -5.41303 1.85352
895 -5.43507 1.69079
896 -5.43963 1.66931
897 -5.59528 0.99371
898 -5.51045 1.37963
899 -5.46762 1.5117
900 -5.44897 1.60767
901 -5.35247 1.9311
902 -5.44239 1.64949
903 -5.47388 1.51285
904 -5.45581 1.60575
905 -5.41947 1.74502
906 -5.41084 1.75707
907 -5.43524 1.68383
908 -5.46827 1.4939
909 -5.44602 1.57469
910 -5.37082 1.89534
911 -5.42029 1.63372
912 -5.34183 1.9853
913 -5.26325 2.37454
914 -5.26769 2.40617
915 -5.25866 2.51472
916 -5.24758 2.49591
917 -5.34826 2.08644
918 -5.40988 1.81515
919 -5.39512 1.95002
920 -5.25785 2.54097
921 -5.27831 2.48144
922 -5.29417 2.37015
923 -5.32328 2.28039
924 -5.48797 1.60419
925 -5.38944 2.08449
926 -5.31408 2.34479
927 -5.42051 1.91278
928 -5.39842 1.97851
929 -5.41652 1.93483
930 -5.49005 1.49934
931 -5.47594 1.53836
932 -5.45719 1.67239
933 -5.50818 1.39788
934 -5.52177 1.27928
935 -5.50986 1.38422
936 -5.52196 1.35665
937 -5.53238 1.28758
938 -5.41327 1.78049
939 -5.43279 1.73223
940 -5.46217 1.68045
941 -5.41682 1.85093
942 -5.36317 2.00714
943 -5.41068 1.74031
944 -5.45647 1.46405
945 -5.48236 1.40613
946 -5.48986 1.47769
947 -5.42767 1.76018
948 -5.45628 1.6115
949 -5.44304 1.65629
950 -5.37495 1.91878
951 -5.41561 1.70023
952 -5.37034 1.98863
953 -5.50545 1.3871
954 -5.41686 1.67906
955 -5.38923 1.8002
956 -5.32249 2.06937
957 -5.34629 1.94902
958 -5.43282 1.58937
959 -5.35467 1.88539
960 -5.37022 1.80814
961 -5.31528 2.09861
962 -5.23446 2.52051
963 -5.31179 2.13976
964 -5.30507 2.10394
965 -5.32595 2.02934
966 -5.3453 1.94535
967 -5.39264 1.71021
968 -5.34988 1.98575
969 -5.2647 2.44226
970 -5.30471 2.18803
971 -5.43106 1.62618
972 -5.48523 1.3556
973 -5.42176 1.63744
974 -5.46164 1.49784
975 -5.53318 1.11891
976 -5.49556 1.33193
977 -5.53708 1.21743
978 -5.51354 1.34383
979 -5.47261 1.48159
980 -5.4299 1.71977
981 -5.42584 1.72006
982 -5.45269 1.54959
983 -5.41584 1.6829
984 -5.38136 1.95628
985 -5.23241 2.56261
986 -5.28822 2.32021
987 -5.29601 2.26901
988 -5.23281 2.5094
989 -5.32313 2.14954
990 -5.19113 2.71536
991 -5.35595 2.02309
992 -5.29397 2.17118
993 -5.3195 2.11201
994 -5.31051 2.14398
995 -5.40394 1.73954
996 -5.40734 1.70415
997 -5.46726 1.51247
998 -5.46252 1.46693
999 -5.45714 1.50263
1000 -5.50108 1.34335
1001 -5.53825 1.15635
1002 -5.58535 0.916969
1003 -5.53942 1.03131
1004 -5.53385 1.07807
1005 -5.53096 1.10816
1006 -5.48103 1.34776
1007 -5.50732 1.17187
1008 -5.60609 0.773356
1009 -5.5473 0.882828
1010 -5.49762 1.10442
1011 -5.53918 0.995173
1012 -5.57901 0.932298
1013 -5.6106 0.76209
1014 -5.68664 0.489557
1015 -5.4833 1.4392
1016 -5.49525 1.4915
1017 -5.45004 1.65094
1018 -5.57893 0.988135
1019 -5.62942 0.758574
1020 -5.62386 0.762159
1021 -5.57593 1.03014
1022 -5.57396 1.06307
1023 -5.49841 1.40979
1024 -5.46025 1.57264
1025 -5.46815 1.47983
1026 -5.29459 2.22997
1027 -5.3621 1.90867
1028 -5.34986 1.87101
1029 -5.1863 2.61694
1030 -5.24685 2.36693
1031 -5.3452 1.98098
1032 -5.36502 1.95388
1033 -5.3304 2.17354
1034 -5.26582 2.39057
1035 -5.36037 1.94525
1036 -5.44706 1.54357
1037 -5.47523 1.40386
1038 -5.61748 0.796838
1039 -5.57664 0.969633
1040 -5.5344 1.20264
1041 -5.51205 1.25825
1042 -5.40507 1.85057
1043 -5.4715 1.52794
1044 -5.53794 1.31946
1045 -5.34979 1.96555
1046 -5.45214 1.47377
1047 -5.44759 1.48166
1048 -5.43258 1.5755
1049 -5.47346 1.34962
1050 -5.60159 0.885513
1051 -5.50234 1.33815
1052 -5.48998 1.3993
1053 -5.50482 1.28347
1054 -5.55544 1.13632
1055 -5.38066 1.86468
1056 -5.37379 1.87347
1057 -5.25557 2.3869
1058 -5.33172 2.08501
1059 -5.37711 1.82621
1060 -5.32337 2.11768
1061 -5.45815 1.48535
1062 -5.50667 1.37923
1063 -5.50253 1.41282
1064 -5.56933 1.06066
1065 -5.60946 0.911918
1066 -5.5909 1.13753
1067 -5.51418 1.41435
1068 -5.49858 1.43926
1069 -5.50621 1.38593
1070 -5.53288 1.38823
1071 -5.52614 1.2952
1072 -5.44918 1.65972
1073 -5.40104 1.83105
1074 -5.42914 1.75202
1075 -5.37426 1.98547
1076 -5.41184 1.79278
1077 -5.39558 1.88065
1078 -5.43115 1.71843
1079 -5.43189 1.68949
1080 -5.25811 2.41376
1081 -5.31904 2.15781
1082 -5.27669 2.34736
1083 -5.2253 2.51443
1084 -5.31397 2.04726
1085 -5.3558 1.90241
1086 -5.29845 2.12899
1087 -5.19593 2.64761
1088 -5.14556 2.88857
1089 -5.22066 2.52337
1090 -5.39505 1.77266
1091 -5.33123 1.94704
1092 -5.28186 2.18175
1093 -5.34704 1.97148
1094 -5.35113 1.91325
1095 -5.3711 1.80246
1096 -5.38169 1.74519
1097 -5.47712 1.41306
1098 -5.49383 1.33024
1099 -5.29158 2.17768
1100 -5.33145 2.03897
1101 -5.3331 1.98166
1102 -5.28566 2.19035
1103 -5.40987 1.58091
1104 -5.38647 1.72
1105 -5.40035 1.65263
1106 -5.40003 1.73884
1107 -5.36231 1.9084
1108 -5.30742 2.11057
1109 -5.36412 1.89677
1110 -5.31495 2.0661
1111 -5.37765 1.86575
1112 -5.38339 1.80128
1113 -5.38142 1.78411
1114 -5.41606 1.62436
1115 -5.47358 1.44365
1116 -5.44762 1.44675
1117 -5.41375 1.5747
1118 -5.53829 0.943871
1119 -5.53962 0.916387
1120 -5.55149 0.825333
1121 -5.63842 0.426565
1122 -5.63528 0.51406
1123 -5.57679 0.868888
1124 -5.63112 0.555746
1125 -5.65917 0.431128
1126 -5.62431 0.607771
1127 -5.55753 0.916381
1128 -5.60008 0.707169
1129 -5.62577 0.55573
1130 -5.69947 0.221301
1131 -5.67381 0.363351
1132 -5.5005 1.09087
1133 -5.42888 1.38355
1134 -5.39601 1.49048
1135 -5.51733 0.958824
1136 -5.47501 1.24082
1137 -5.45178 1.36329
1138 -5.48391 1.19373
1139 -5.56341 0.883599
1140 -5.59924 0.732579
1141 -5.5931 0.743967
1142 -5.6725 0.348004
1143 -5.57394 0.835894
1144 -5.55388 0.895818
1145 -5.56706 0.86323
1146 -5.56308 0.780945
1147 -5.58107 0.719596
1148 -5.534 1.05401
1149 -5.60762 0.761666
1150 -5.49916 1.19325
1151 -5.5347 1.04598
1152 -5.49994 1.24639
1153 -5.52966 1.19087
1154 -5.56085 1.05072
1155 -5.57792 0.820535
1156 -5.58797 0.860712
1157 -5.53691 1.04459
1158 -5.58334 0.767497
1159 -5.56697 0.873642
1160 -5.50165 1.17652
1161 -5.42416 1.44034
1162 -5.44047 1.3999
1163 -5.49314 1.12869
1164 -5.54309 1.00954
1165 -5.55938 0.977309
1166 -5.56072 0.968736
1167 -5.50443 1.19724
1168 -5.55138 1.01418
1169 -5.51042 1.21026
1170 -5.43842 1.52971
1171 -5.58375 0.880748
1172 -5.58176 0.819632
1173 -5.5766 0.785635
1174 -5.49223 1.09424
1175 -5.44283 1.31797
1176 -5.36738 1.69982
1177 -5.42548 1.48787
1178 -5.45453 1.40268
1179 -5.50496 1.15831
1180 -5.42347 1.53128
1181 -5.50422 1.20657
1182 -5.43692 1.48186
1183 -5.51977 1.06895
1184 -5.47169 1.27994
1185 -5.45709 1.42673
1186 -5.44822 1.41376
1187 -5.49592 1.16351
1188 -5.53264 1.03903
1189 -5.45076 1.40665
1190 -5.42824 1.49601
1191 -5.4561 1.37903
1192 -5.58122 0.842769
1193 -5.62174 0.737822
1194 -5.57177 0.826812
1195 -5.54142 1.02667
1196 -5.59093 0.737364
1197 -5.66312 0.49604
1198 -5.56169 1.0387
1199 -5.54252 1.12077
1200 -5.43894 1.54362
1201 -5.5121 1.28825
1202 -5.4709 1.49732
1203 -5.42005 1.70883
1204 -5.43733 1.62835
1205 -5.50057 1.35157
1206 -5.50276 1.30862
1207 -5.49427 1.29682
1208 -5.49894 1.20476
1209 -5.43693 1.40217
1210 -5.46183 1.35898
1211 -5.54497 0.93604
1212 -5.5182 1.09943
1213 -5.43051 1.56771
1214 -5.41551 1.64713
1215 -5.4784 1.39851
1216 -5.55762 1.07049
1217 -5.57812 1.03222
1218 -5.49609 1.38606
1219 -5.47993 1.42476
1220 -5.55536 1.13578
1221 -5.65643 0.614597
1222 -5.56664 0.950731
1223 -5.58834 0.867144
1224 -5.55223 0.986065
1225 -5.54714 0.98804
1226 -5.38139 1.74741
1227 -5.44057 1.49761
1228 -5.4685 1.37332
1229 -5.45507 1.342
1230 -5.35875 1.78411
1231 -5.3866 1.66606
1232 -5.40773 1.59016
1233 -5.48827 1.28732
1234 -5.40848 1.65533
1235 -5.43415 1.58328
1236 -5.39708 1.59538
1237 -5.3926 1.68713
1238 -5.34613 1.90962
1239 -5.32126 2.14603
1240 -5.31776 2.1503
1241 -5.25918 2.34891
1242 -5.32084 2.11338
1243 -5.36572 1.86322
1244 -5.40845 1.6938
1245 -5.40107 1.62088
1246 -5.44756 1.45844
1247 -5.46704 1.37527
1248 -5.55623 0.992515
1249 -5.5727 0.962873
1250 -5.54761 1.00556
1251 -5.55411 1.02266
1252 -5.5615 1.04592
1253 -5.52605 1.16847
1254 -5.45281 1.41516
1255 -5.54014 1.10102
1256 -5.60173 0.832433
1257 -5.54612 0.992563
1258 -5.55029 1.01301
1259 -5.50439 1.1498
1260 -5.44606 1.38444
1261 -5.4669 1.37458
1262 -5.46133 1.42041
1263 -5.53067 1.16165
1264 -5.56225 1.02545
1265 -5.51188 1.24437
1266 -5.51295 1.24048
1267 -5.62102 0.792071
1268 -5.63337 0.751651
1269 -5.69515 0.485393
1270 -5.65876 0.661164
1271 -5.63054 0.74183
1272 -5.62534 0.86677
1273 -5.58283 1.07642
1274 -5.48519 1.48314
1275 -5.46653 1.51946
1276 -5.48843 1.47542
1277 -5.47101 1.58551
1278 -5.37722 2.0317
1279 -5.46038 1.57738
1280 -5.48713 1.46698
1281 -5.40179 1.80381
1282 -5.41369 1.75351
1283 -5.48384 1.42131
1284 -5.49095 1.37913
1285 -5.49364 1.3278
1286 -5.47614 1.34307
1287 -5.50358 1.24239
1288 -5.51385 1.14984
1289 -5.56215 0.889929
1290 -5.59805 0.756848
1291 -5.52032 1.05745
1292 -5.44779 1.43004
1293 -5.41537 1.61607
1294 -5.37816 1.7977
1295 -5.41102 1.65507
1296 -5.47584 1.36729
1297 -5.44965 1.37272
1298 -5.44198 1.39783
1299 -5.31803 2.00127
1300 -5.35276 1.80982
1301 -5.4697 1.37079
1302 -5.43822 1.41704
1303 -5.44689 1.32876
1304 -5.4923 1.0866
1305 -5.48667 1.14172
1306 -5.49817 1.03542
1307 -5.64371 0.38003
1308 -5.65385 0.31048
1309 -5.67623 0.299232
1310 -5.5848 0.68479
1311 -5.59581 0.666573
1312 -5.53918 1.03369
1313 -5.44937 1.33229
1314 -5.45484 1.35258
1315 -5.47098 1.29089
1316 -5.44036 1.44352
1317 -5.43163 1.45588
1318 -5.46282 1.30227
1319 -5.46984 1.25543
1320 -5.53772 0.948815
1321 -5.49653 1.14155
1322 -5.52031 1.03914
1323 -5.51692 1.13669
1324 -5.52078 1.06048
1325 -5.61749 0.591454
1326 -5.62989 0.581601
1327 -5.64807 0.505075
1328 -5.52783 1.02651
1329 -5.61756 0.578284
1330 -5.56663 0.723466
1331 -5.64437 0.48624
1332 -5.67298 0.369343
1333 -5.66553 0.380096
1334 -5.66578 0.293638
1335 -5.61965 0.504414
1336 -5.69446 0.267318
1337 -5.59945 0.708196
1338 -5.59473 0.691402
1339 -5.57608 0.86483
1340 -5.63861 0.528973
1341 -5.63412 0.476513
1342 -5.67271 0.31238
1343 -5.6894 0.348597
1344 -5.46811 1.29103
1345 -5.50544 1.10744
1346 -5.53057 0.979946
1347 -5.58985 0.672922
1348 -5.47673 1.33276
1349 -5.55239 0.959201
1350 -5.64936 0.477116
1351 -5.58036 0.855043
1352 -5.50974 1.154
1353 -5.41894 1.50806
1354 -5.42802 1.48497
1355 -5.48758 1.26086
1356 -5.47067 1.32437
1357 -5.3722 1.66651
1358 -5.4177 1.47306
1359 -5.44645 1.4017
1360 -5.46657 1.24339
1361 -5.39 1.64018
1362 -5.35851 1.72587
1363 -5.32744 1.83054
1364 -5.25207 2.15988
1365 -5.31592 1.87158
1366 -5.31228 1.97681
1367 -5.35079 1.69428
1368 -5.38789 1.55748
1369 -5.47069 1.22556
1370 -5.51026 0.989044
1371 -5.51911 0.984356
1372 -5.47032 1.13192
1373 -5.47867 1.16194
1374 -5.4748 1.12655
1375 -5.42692 1.27252
1376 -5.39946 1.43203
1377 -5.48559 1.04249
1378 -5.42156 1.22478
1379 -5.35864 1.6009
1380 -5.44906 1.2357
1381 -5.53299 0.865787
1382 -5.45909 1.14386
1383 -5.57958 0.706751
1384 -5.55136 0.884451
1385 -5.55763 0.938941
1386 -5.53915 1.08224
1387 -5.47893 1.32717
1388 -5.49083 1.30069
1389 -5.44333 1.53207
1390 -5.46437 1.41675
1391 -5.49125 1.25752
1392 -5.56163 0.888964
1393 -5.54146 0.950466
1394 -5.6572 0.412199
1395 -5.5358 0.990318
1396 -5.48871 1.2765
1397 -5.40144 1.67965
1398 -5.40877 1.72579
1399 -5.37448 1.87191
1400 -5.41408 1.64398
1401 -5.43803 1.50746
1402 -5.40836 1.58122
1403 -5.43324 1.46832
1404 -5.42221 1.50153
1405 -5.37258 1.78566
1406 -5.34561 1.83118
1407 -5.28552 2.13845
1408 -5.33031 1.92008
1409 -5.4406 1.46234
1410 -5.46651 1.37228
1411 -5.44148 1.5286
1412 -5.52249 1.07951
1413 -5.58848 0.774795
1414 -5.45281 1.44923
1415 -5.31685 1.94415
1416 -5.28594 2.05276
1417 -5.33085 1.89922
1418 -5.43398 1.39648
1419 -5.43601 1.40392
1420 -5.46503 1.2968
1421 -5.52663 1.09493
1422 -5.41678 1.55162
1423 -5.44726 1.42255
1424 -5.41084 1.53752
1425 -5.49418 1.13975
1426 -5.67581 0.346173
1427 -5.62216 0.523359
1428 -5.5594 0.773511
1429 -5.47901 1.19526
1430 -5.46795 1.21105
1431 -5.48612 1.05285
1432 -5.51309 0.943044
1433 -5.53115 0.906989
1434 -5.5539 0.880178
1435 -5.58608 0.751717
1436 -5.47028 1.22556
1437 -5.35211 1.70857
1438 -5.32499 1.80934
1439 -5.38072 1.68542
1440 -5.44856 1.33136
1441 -5.39452 1.55306
1442 -5.4255 1.54384
1443 -5.40905 1.58865
1444 -5.46317 1.28794
1445 -5.53663 1.003
1446 -5.58879 0.836017
1447 -5.51015 1.10122
1448 -5.44799 1.2701
1449 -5.41545 1.51411
1450 -5.40351 1.60277
1451 -5.44888 1.34784
1452 -5.43326 1.39303
1453 -5.41517 1.42315
1454 -5.47605 1.23186
1455 -5.48484 1.2139
1456 -5.42122 1.52006
1457 -5.46275 1.27966
1458 -5.50978 1.04958
1459 -5.49005 1.12514
1460 -5.61091 0.702808
1461 -5.60877 0.695304
1462 -5.55689 0.872195
1463 -5.53518 1.01599
1464 -5.54671 0.910997
1465 -5.58639 0.895277
1466 -5.54133 1.01279
1467 -5.55311 0.936673
1468 -5.44207 1.36416
1469 -5.41867 1.53561
1470 -5.41039 1.61349
1471 -5.43103 1.51486
1472 -5.5156 1.17749
1473 -5.43838 1.57933
1474 -5.49065 1.23244
1475 -5.45929 1.37396
1476 -5.49248 1.3173
1477 -5.48094 1.30381
1478 -5.37755 1.83043
1479 -5.36911 1.82608
1480 -5.4537 1.51487
1481 -5.51486 1.2931
1482 -5.40461 1.81503
1483 -5.36324 2.03516
1484 -5.38543 1.94396
1485 -5.42782 1.73062
1486 -5.54239 1.11044
1487 -5.55477 1.0328
1488 -5.54011 1.06766
1489 -5.47213 1.34428
1490 -5.42245 1.56123
1491 -5.44642 1.40198
1492 -5.50448 1.14758
1493 -5.45129 1.40734
1494 -5.41377 1.54529
1495 -5.50797 1.09534
1496 -5.49441 1.18363
1497 -5.50319 1.13842
1498 -5.59149 0.711509
1499 -5.58524 0.755382
1500 -5.64802 0.422968
1501 -5.63621 0.455393
1502 -5.60513 0.580221
1503 -5.52229 0.949709
1504 -5.57416 0.675314
1505 -5.70004 0.0780274
1506 -5.61567 0.46251
1507 -5.6105 0.54647
1508 -5.72476 0.0380838
1509 -5.70633 0.127945
1510 -5.52382 0.984796
1511 -5.54409 0.950298
1512 -5.54708 0.907413
1513 -5.6702 0.379601
1514 -5.67314 0.321016
1515 -5.70203 0.134755
1516 -5.73028 -0.0104157
1517 -5.69737 0.142356
1518 -5.8213 -0.379846
1519 -5.81206 -0.315712
1520 -5.72685 0.0432966
1521 -5.71514 0.13346
1522 -5.71712 0.0666587
1523 -5.71606 0.0645473
1524 -5.72789 -0.0481469
1525 -5.71672 0.050356
1526 -5.67114 0.230876
1527 -5.59613 0.628626
1528 -5.52674 0.941131
1529 -5.57656 0.793283
1530 -5.53346 0.934488
1531 -5.54377 0.932196
1532 -5.58416 0.853824
1533 -5.51539 1.24631
1534 -5.48328 1.38293
1535 -5.5078 1.31967
1536 -5.54176 1.12781
1537 -5.48036 1.31646
1538 -5.54734 0.966605
1539 -5.5558 0.840655
1540 -5.60565 0.798389
1541 -5.60745 0.794059
1542 -5.52105 1.12299
1543 -5.51788 1.1943
1544 -5.51234 1.23928
1545 -5.546 0.986004
1546 -5.45294 1.40636
1547 -5.57552 0.953122
1548 -5.53852 1.10047
1549 -5.56307 0.967015
1550 -5.56512 0.906903
1551 -5.57358 0.930079
1552 -5.65154 0.576969
1553 -5.68072 0.339257
1554 -5.57352 0.771273
1555 -5.56655 0.686805
1556 -5.60329 0.554756
1557 -5.68155 0.220174
1558 -5.59189 0.665375
1559 -5.5658 0.769638
1560 -5.5128 1.06287
1561 -5.45306 1.3135
1562 -5.53118 0.951022
1563 -5.5992 0.642737
1564 -5.60014 0.592049
1565 -5.56243 0.81796
1566 -5.43347 1.41725
1567 -5.45468 1.35072
1568 -5.4372 1.40786
1569 -5.37884 1.75099
1570 -5.32299 1.934
1571 -5.36654 1.80564
1572 -5.44138 1.38097
1573 -5.47554 1.21123
1574 -5.47466 1.25679
1575 -5.49013 1.19595
1576 -5.50896 1.0518
1577 -5.4503 1.27668
1578 -5.4717 1.20197
1579 -5.3838 1.68498
1580 -5.34884 1.77614
1581 -5.42028 1.46433
1582 -5.37945 1.66122
1583 -5.34093 1.84921
1584 -5.39343 1.61988
1585 -5.41419 1.47973
1586 -5.457 1.29406
1587 -5.53585 1.05252
1588 -5.49683 1.23765
1589 -5.48416 1.33599
1590 -5.46913 1.47839
1591 -5.45825 1.4886
1592 -5.43051 1.6666
1593 -5.45487 1.47405
1594 -5.46807 1.46052
1595 -5.53238 1.19199
1596 -5.49847 1.32402
1597 -5.50699 1.239
1598 -5.4461 1.56525
1599 -5.43738 1.60936
1600 -5.4602 1.45672
1601 -5.45157 1.48257
1602 -5.46053 1.50308
1603 -5.48213 1.32148
1604 -5.46852 1.43042
1605 -5.49677 1.30799
1606 -5.46972 1.46709
1607 -5.50077 1.24904
1608 -5.50336 1.24714
1609 -5.51627 1.07269
1610 -5.48068 1.17692
1611 -5.48924 1.28911
1612 -5.43439 1.66994
1613 -5.38972 1.85536
1614 -5.46199 1.52008
1615 -5.37234 1.90551
1616 -5.35476 1.90207
1617 -5.3344 1.94592
1618 -5.32985 1.97028
1619 -5.44807 1.49837
1620 -5.40962 1.6014
1621 -5.42567 1.57223
1622 -5.48641 1.28942
1623 -5.49985 1.34306
1624 -5.5058 1.2622
1625 -5.50744 1.23445
1626 -5.62151 0.709642
1627 -5.60886 0.748749
1628 -5.51021 1.16715
1629 -5.52896 1.13407
1630 -5.49118 1.30989
1631 -5.51725 1.19234
1632 -5.49609 1.25446
1633 -5.43526 1.52105
1634 -5.45633 1.32419
1635 -5.46747 1.35668
1636 -5.56706 0.933389
1637 -5.53756 1.05289
1638 -5.46758 1.39197
1639 -5.47071 1.41632
1640 -5.48813 1.29902
1641 -5.47905 1.30954
1642 -5.59858 0.821973
1643 -5.55498 0.985026
1644 -5.37988 1.7746
1645 -5.52639 1.10798
1646 -5.55245 0.988283
1647 -5.43648 1.42734
1648 -5.44361 1.44285
1649 -5.36312 1.89922
1650 -5.40593 1.7185
1651 -5.45504 1.43716
1652 -5.46497 1.41259
1653 -5.4104 1.7216
1654 -5.42531 1.7381
1655 -5.43947 1.75641
1656 -5.39704 1.92654
1657 -5.2748 2.43514
1658 -5.35088 2.04779
1659 -5.38859 1.86471
1660 -5.4066 1.78033
1661 -5.39251 1.82178
1662 -5.26423 2.43565
1663 -5.28799 2.33769
1664 -5.41326 1.79974
1665 -5.38384 1.97794
1666 -5.35977 2.05175
1667 -5.40142 1.88384
1668 -5.39084 1.9087
1669 -5.37461 1.92415
1670 -5.33669 2.11312
1671 -5.34478 2.0831
1672 -5.29966 2.21348
1673 -5.30443 2.1861
1674 -5.39576 1.78331
1675 -5.36284 1.98216
1676 -5.44884 1.64359
1677 -5.44882 1.70347
1678 -5.44653 1.71328
1679 -5.46276 1.66228
1680 -5.53956 1.30755
1681 -5.50668 1.40888
1682 -5.47912 1.46061
1683 -5.4985 1.38942
1684 -5.5332 1.3213
1685 -5.58369 1.21807
1686 -5.54503 1.38537
1687 -5.27368 2.56135
1688 -5.25161 2.66364
1689 -5.31164 2.36582
1690 -5.31405 2.23707
1691 -5.28717 2.31808
1692 -5.23761 2.57767
1693 -5.10642 3.18339
1694 -5.23408 2.61015
1695 -5.21485 2.65963
1696 -5.156 2.87476
1697 -5.23699 2.53356
1698 -5.33343 2.14307
1699 -5.31941 2.24641
1700 -5.34071 2.1455
1701 -5.34292 2.18958
1702 -5.31484 2.33819
1703 -5.30901 2.44085
1704 -5.28917 2.48338
1705 -5.27834 2.44584
1706 -5.24909 2.59521
1707 -5.24724 2.60072
1708 -5.32084 2.38021
1709 -5.31544 2.19478
1710 -5.36219 2.03224
1711 -5.26568 2.41777
1712 -5.31247 2.23191
1713 -5.38901 1.85487
1714 -5.36862 1.84362
1715 -5.38253 1.78038
1716 -5.39073 1.70921
1717 -5.4043 1.70251
1718 -5.48286 1.44498
1719 -5.49474 1.34205
1720 -5.52609 1.2353
1721 -5.58551 1.01547
1722 -5.65235 0.723554
1723 -5.52019 1.29641
1724 -5.45729 1.50824
1725 -5.4909 1.33731
1726 -5.49602 1.44385
1727 -5.41951 1.79223
1728 -5.39823 1.87222
1729 -5.4524 1.67115
1730 -5.50744 1.41441
1731 -5.48717 1.50412
1732 -5.51936 1.33805
1733 -5.41601 1.7438
1734 -5.39771 1.83036
1735 -5.37796 1.9222
1736 -5.34454 2.19538
1737 -5.3269 2.20901
1738 -5.38733 1.9209
1739 -5.38256 1.83945
1740 -5.24106 2.38298
1741 -5.23359 2.36071
1742 -5.29036 2.17792
1743 -5.35116 1.87413
1744 -5.36659 1.81261
1745 -5.48169 1.34044
1746 -5.50399 1.26552
1747 -5.55898 1.09029
1748 -5.57269 0.892347
1749 -5.47563 1.34233
1750 -5.52362 1.18071
1751 -5.49103 1.30383
1752 -5.582 0.818598
1753 -5.44212 1.51568
1754 -5.44665 1.46946
1755 -5.51981 1.13453
1756 -5.51415 1.20778
1757 -5.47379 1.37422
1758 -5.55304 1.07469
1759 -5.55452 1.09837
1760 -5.54921 1.20173
1761 -5.63717 0.790984
1762 -5.62491 0.752089
1763 -5.6175 0.764225
1764 -5.52466 1.13072
1765 -5.43512 1.40795
1766 -5.47363 1.31059
1767 -5.50243 1.16037
1768 -5.47512 1.29384
1769 -5.50392 1.22844
1770 -5.36373 1.76119
1771 -5.44785 1.45541
1772 -5.49215 1.18686
1773 -5.47567 1.37222
1774 -5.43604 1.61279
1775 -5.43394 1.6192
1776 -5.47921 1.3983
1777 -5.46203 1.49344
1778 -5.41426 1.68796
1779 -5.4475 1.52729
1780 -5.44086 1.47462
1781 -5.42011 1.53649
1782 -5.54874 0.904391
1783 -5.4419 1.3622
1784 -5.5216 0.969077
1785 -5.48046 1.23277
1786 -5.4399 1.47773
1787 -5.48383 1.33757
1788 -5.50237 1.23792
1789 -5.52793 1.13979
1790 -5.60698 0.799416
1791 -5.48502 1.30872
1792 -5.44779 1.36295
1793 -5.54942 0.875393
1794 -5.58312 0.716224
1795 -5.54681 0.912495
1796 -5.68857 0.304714
1797 -5.5614 0.89189
1798 -5.53552 0.943885
1799 -5.52824 1.02893
1800 -5.60062 0.759065
1801 -5.70734 0.259574
1802 -5.72281 0.214407
1803 -5.6659 0.491178
1804 -5.76533 -0.0340353
1805 -5.66648 0.386348
1806 -5.63998 0.585011
1807 -5.62379 0.587294
1808 -5.57402 0.82513
1809 -5.51161 1.08815
1810 -5.51695 1.12867
1811 -5.51285 1.16101
1812 -5.43778 1.46705
1813 -5.42122 1.62644
1814 -5.51119 1.29548
1815 -5.53024 1.15135
1816 -5.52532 1.11338
1817 -5.55112 1.03818
1818 -5.55645 0.966183
1819 -5.44947 1.45072
1820 -5.55468 0.964417
1821 -5.53285 1.13726
1822 -5.54771 1.04008
1823 -5.50728 1.13098
1824 -5.52227 1.05945
1825 -5.55539 0.995014
1826 -5.57193 1.05036
1827 -5.53293 1.27498
1828 -5.4812 1.43735
1829 -5.5227 1.27751
1830 -5.60723 0.759662
1831 -5.4985 1.23648
1832 -5.51594 1.32521
1833 -5.55761 1.17181
1834 -5.49466 1.28018
1835 -5.50363 1.14891
1836 -5.45634 1.35305
1837 -5.40001 1.57246
1838 -5.59333 0.760731
1839 -5.55386 0.929432
1840 -5.58371 0.80308
1841 -5.54005 1.00098
1842 -5.58403 0.730015
1843 -5.49817 1.2061
1844 -5.55964 0.796196
1845 -5.4919 1.13898
1846 -5.58207 0.728988
1847 -5.46264 1.24282
1848 -5.554 0.845574
1849 -5.49718 1.13092
1850 -5.39017 1.54912
1851 -5.43904 1.27027
1852 -5.5039 1.02037
1853 -5.4739 1.18589
1854 -5.4214 1.40715
1855 -5.48264 1.23734
1856 -5.45882 1.39236
1857 -5.40747 1.62424
1858 -5.48561 1.29565
1859 -5.4286 1.49864
1860 -5.45015 1.37357
1861 -5.45968 1.38972
1862 -5.44475 1.41848
1863 -5.36172 1.77151
1864 -5.43307 1.40076
1865 -5.42393 1.49655
1866 -5.38694 1.64402
1867 -5.36611 1.73983
1868 -5.49881 1.13731
1869 -5.50411 1.17504
1870 -5.55277 0.942764
1871 -5.57529 0.8994
1872 -5.56907 0.903133
1873 -5.49979 1.25039
1874 -5.53395 1.11766
1875 -5.52803 1.08501
1876 -5.56616 0.887919
1877 -5.52739 0.991443
1878 -5.52135 1.13259
1879 -5.48945 1.2417
1880 -5.42329 1.56009
1881 -5.35826 1.8484
1882 -5.31881 1.99132
1883 -5.35688 1.75769
1884 -5.40341 1.62591
1885 -5.24389 2.2715
1886 -5.32685 1.9445
1887 -5.43059 1.49462
1888 -5.39871 1.6741
1889 -5.46267 1.39957
1890 -5.5071 1.22273
1891 -5.5072 1.23846
1892 -5.50155 1.2657
1893 -5.42826 1.52628
1894 -5.51028 1.19798
1895 -5.50294 1.27825
1896 -5.51583 1.09269
1897 -5.50958 1.1652
1898 -5.4366 1.5076
1899 -5.41628 1.58848
1900 -5.49865 1.22271
1901 -5.38848 1.75877
1902 -5.39519 1.73957
1903 -5.39307 1.69648
1904 -5.42449 1.54388
1905 -5.39511 1.66926
1906 -5.49601 1.16614
1907 -5.50398 1.17126
1908 -5.47716 1.29078
1909 -5.46163 1.27998
1910 -5.52515 1.00178
1911 -5.50517 1.03822
1912 -5.51238 1.09331
1913 -5.52173 1.03952
1914 -5.5942 0.737591
1915 -5.49953 1.13383
1916 -5.35138 1.76528
1917 -5.43499 1.46763
1918 -5.41448 1.68656
1919 -5.45382 1.50364
1920 -5.36945 1.78365
1921 -5.39396 1.67067
1922 -5.47193 1.31743
1923 -5.50966 1.17144
1924 -5.52121 1.08266
1925 -5.47023 1.46506
1926 -5.40957 1.75796
1927 -5.43273 1.69019
1928 -5.44005 1.6582
1929 -5.40038 1.64428
1930 -5.31502 2.01482
1931 -5.31723 2.00607
1932 -5.41773 1.52023
1933 -5.49408 1.16502
1934 -5.50749 1.04955
1935 -5.46131 1.24855
1936 -5.51648 1.11093
1937 -5.53812 1.03182
1938 -5.58176 0.816482
1939 -5.52149 1.19344
1940 -5.57871 0.87464
1941 -5.51975 1.10114
1942 -5.44793 1.51087
1943 -5.48566 1.42034
1944 -5.45282 1.54391
1945 -5.44636 1.50313
1946 -5.46841 1.37581
1947 -5.47824 1.40175
1948 -5.37505 1.81936
1949 -5.41121 1.59269
1950 -5.38489 1.72109
1951 -5.45112 1.49248
1952 -5.51826 1.24971
1953 -5.47741 1.32632
1954 -5.48335 1.32077
1955 -5.46598 1.34919
1956 -5.35988 1.78464
1957 -5.38405 1.73486
1958 -5.41591 1.59338
1959 -5.47043 1.46139
1960 -5.47615 1.38653
1961 -5.53689 1.119
1962 -5.50813 1.14702
1963 -5.56681 0.871345
1964 -5.53172 1.09041
1965 -5.54179 0.996876
1966 -5.54491 0.94514
1967 -5.60758 0.690491
1968 -5.63483 0.598593
1969 -5.58969 0.830864
1970 -5.61464 0.695257
1971 -5.60929 0.685888
1972 -5.45472 1.32218
1973 -5.44116 1.3687
1974 -5.43713 1.34401
1975 -5.45928 1.34372
1976 -5.51108 1.17293
1977 -5.54933 1.00576
1978 -5.46714 1.27161
1979 -5.58032 0.734739
1980 -5.59973 0.756912
1981 -5.41457 1.48513
1982 -5.50334 1.12796
1983 -5.51422 1.10297
1984 -5.39135 1.60035
1985 -5.41668 1.48565
1986 -5.52095 1.06017
1987 -5.53574 1.01263
1988 -5.49452 1.18149
1989 -5.50053 1.0986
1990 -5.55883 0.942568
1991 -5.50541 1.14434
1992 -5.44549 1.33986
1993 -5.47566 1.23244
1994 -5.36519 1.6892
1995 -5.42867 1.3858
1996 -5.35726 1.68876
1997 -5.366 1.66746
1998 -5.38155 1.62854
1999 -5.31439 2.07076
2000 -5.33429 1.91783
