0.0323165 0 0
0.0969496 0 0
0.161583 0 0
0.226216 0 0
0.290849 0 0
0.355482 0 0
0.420115 0 0
0.484748 0 0
0.549381 0 0
0.614014 0 0
0.678647 0 0
0.74328 0 0
0.807913 0 0
0.872546 0.000239473 0.000238273
0.937179 0.163273 0.0109945
1.00181 1.07037 0.0335837
1.06645 1.90379 0.0579856
1.13108 2.09843 0.0517862
1.19571 1.94657 0.044094
1.26034 1.694 0.0392587
1.32498 1.48984 0.0344245
1.38961 1.34085 0.0301113
1.45424 1.2599 0.0287777
1.51888 1.16118 0.0242802
1.58351 1.16529 0.026948
1.64814 1.09802 0.0240589
1.71278 1.08427 0.0229329
1.77741 1.10916 0.0226782
1.84204 1.06465 0.0196589
1.90667 1.0227 0.0194065
1.97131 1.03956 0.018712
2.03594 1.03649 0.0189593
2.10057 1.0414 0.0184791
2.16521 1.03862 0.0193574
2.22984 1.02108 0.0187276
2.29447 1.0205 0.0174037
2.35911 1.02855 0.0183828
2.42374 1.0296 0.0157284
2.48837 1.01896 0.0158551
2.55301 1.00986 0.0134915
2.61764 1.00822 0.0129483
2.68227 1.0029 0.0124521
2.7469 0.996434 0.0131984
2.81154 1.00304 0.0132601
2.87617 1.00165 0.0155782
2.9408 0.994111 0.0134217
3.00544 0.99732 0.0133804
3.07007 1.00939 0.0142628
3.1347 1.00421 0.0136524
3.19934 0.991677 0.011752
3.26397 1.01186 0.0125743
3.3286 1.0105 0.0115479
3.39323 1.00464 0.0113606
3.45787 0.994016 0.011543
3.5225 0.99397 0.0109719
3.58713 1.00094 0.0116426
3.65177 1.00532 0.0113674
3.7164 0.993524 0.0104794
3.78103 1.02139 0.00989698
3.84567 1.02897 0.0102966
3.9103 1.03148 0.00939735
3.97493 1.00942 0.00990562
4.03957 1.00311 0.0093959
4.1042 1.00062 0.00937843
4.16883 1.00762 0.0103699
4.23346 0.998849 0.00958154
4.2981 1.00247 0.0100025
4.36273 0.994733 0.00875196
4.42736 0.982182 0.00896341
4.492 0.961064 0.00796184
4.55663 0.963621 0.00819714
4.62126 0.954582 0.00731212
4.6859 0.960225 0.00835502
4.75053 0.961165 0.00732032
4.81516 0.963243 0.00695059
4.87979 0.966762 0.00842505
4.94443 0.971053 0.00754785
5.00906 0.968073 0.00737426
5.07369 0.965882 0.00642144
5.13833 0.976676 0.00649304
5.20296 0.98203 0.00731519
5.26759 0.980104 0.00684237
5.33223 0.991323 0.00685925
5.39686 0.989377 0.00695569
5.46149 0.982358 0.00692068
5.52612 0.974372 0.00701148
5.59076 0.969034 0.00587112
5.65539 0.96252 0.00637068
5.72002 0.962012 0.00606009
5.78466 0.960789 0.00657607
5.84929 0.973434 0.00595087
5.91392 0.971841 0.00666391
5.97856 0.968779 0.00660519
6.04319 0.967816 0.00648196
6.10782 0.98422 0.00639293
6.17246 0.984882 0.00612569
6.23709 0.984163 0.00641857
6.30172 0.984909 0.00615816
6.36635 0.980107 0.00574183
6.43099 0.984129 0.00563081
