1 0.997939 0 1.00152 0
2 1.00258 0.00464139 1.00113 0.000387132
3 0.998446 0.00492621 1.0013 0.000280748
4 0.997398 0.00363771 1.00104 0.000325175
5 0.998898 0.0031923 1.00102 0.000253544
6 0.999582 0.00269471 1.00075 0.000334205
7 0.998654 0.00245914 1.00069 0.000288602
8 0.998863 0.00213991 1.00036 0.000420069
9 0.998566 0.0019105 1.00024 0.000387168
10 0.998365 0.00172053 1.00036 0.000365836
11 0.998109 0.00157727 1.00033 0.000332814
12 0.999018 0.00170257 1.0004 0.000313589
13 0.998433 0.00167186 1.00035 0.00029343
14 0.997582 0.001766 1.00052 0.000321421
15 0.997541 0.00164458 1.00047 0.000303385
16 0.997631 0.00154103 1.00037 0.000301134
17 0.998164 0.00154234 1.0003 0.000292088
18 0.998546 0.00150355 1.00035 0.00028054
19 0.998378 0.00143209 1.00035 0.00026543
20 0.99815 0.00137764 1.00032 0.000253647
21 0.998118 0.0013108 1.00035 0.000243181
22 0.998253 0.00125711 1.00024 0.000256814
23 0.997894 0.00125363 1.00021 0.000246839
24 0.998313 0.00127122 1.00007 0.000271652
25 0.998431 0.00122499 1.0001 0.000261862
26 0.998728 0.00121391 1.00012 0.000252024
27 0.9988 0.00117026 1.00003 0.000256596
28 0.998655 0.00113689 1.00005 0.000247981
29 0.998739 0.0011002 1.00005 0.00023928
30 0.99869 0.00106405 1.00004 0.00023176
31 0.998881 0.00104687 1.00001 0.000225998
32 0.999074 0.00103168 0.999986 0.000219767
33 0.999247 0.00101492 0.999992 0.000213094
34 0.999355 0.000990514 1.00004 0.000212925
35 0.999455 0.000966946 1.0001 0.000214738
36 0.999443 0.000939784 1.00011 0.000209114
37 0.999438 0.000914044 1.00013 0.000203856
38 0.999416 0.000889924 1.00012 0.000198549
39 0.999457 0.000867745 1.00011 0.000194063
40 0.999609 0.000859378 1.00011 0.000189399
41 0.999605 0.000838166 1.00008 0.000187885
42 0.999697 0.000823157 1.00005 0.000186505
43 0.999849 0.000818 1.00001 0.000185038
44 0.999763 0.000803773 1.00002 0.000180789
45 0.999729 0.000786463 0.999979 0.000180313
46 0.99952 0.000796968 0.99998 0.000176351
47 0.999658 0.000791964 0.999989 0.000172797
48 0.999609 0.000776845 1.00004 0.000177068
49 0.999709 0.000767312 1.00004 0.000173423
50 0.999789 0.000756109 1.00004 0.000169978
51 0.999869 0.000745451 1.00002 0.000167275
52 0.999834 0.00073182 1.00002 0.000164026
53 0.999792 0.000719119 0.999973 0.000168723
54 0.999611 0.000728596 0.999934 0.00017001
55 0.999749 0.000728433 0.999923 0.000167242
56 0.999807 0.000717715 0.999925 0.000164237
57 0.999768 0.000706086 0.999915 0.000161663
58 0.999793 0.000694243 0.999888 0.00016104
59 0.999769 0.000682783 0.999917 0.00016083
60 0.999699 0.000674997 0.999912 0.000158198
61 0.999694 0.000663859 0.999899 0.000156107
62 0.999759 0.00065633 0.999886 0.000154103
63 0.999784 0.000646303 0.99986 0.000153928
64 0.999952 0.000658058 0.999843 0.000152442
65 0.999923 0.000648509 0.999851 0.00015027
66 0.999819 0.000647104 0.999866 0.000148733
67 0.999822 0.00063738 0.999876 0.000146867
68 0.999801 0.000628268 0.999883 0.000144844
69 0.999787 0.00061926 0.999913 0.000145934
70 0.999804 0.000610585 0.999916 0.000143857
71 0.999797 0.000601962 0.999911 0.000141891
72 0.999947 0.000611993 0.999924 0.000140473
73 1.00003 0.000609863 0.999925 0.000138541
74 1 0.000602549 0.999952 0.000139395
75 0.999999 0.000594462 0.999929 0.000139427
76 1.00006 0.000589463 0.999926 0.00013762
77 1.00014 0.000587047 0.999944 0.000136945
78 1.00027 0.000593818 0.999959 0.000136098
79 1.00028 0.000586437 0.999966 0.000134513
80 1.00026 0.000579454 0.999965 0.000132823
81 1.00026 0.000572259 0.999987 0.000132904
82 1.00032 0.000567981 0.99996 0.000133948
83 1.00037 0.000563892 0.999945 0.000133216
84 1.00038 0.000557155 0.999936 0.000131882
85 1.0004 0.000551025 0.999942 0.000130432
86 1.0004 0.000544588 0.999953 0.000129414
87 1.00046 0.000541553 0.999945 0.000128153
88 1.00041 0.000538019 0.999963 0.000127991
89 1.00029 0.000544042 0.999956 0.00012675
90 1.00035 0.000540622 0.99995 0.000125481
91 1.00026 0.000542113 0.999937 0.000124848
92 1.00021 0.000537949 0.99992 0.000124633
93 1.00022 0.000532136 0.999908 0.00012385
94 1.00024 0.000526967 0.999929 0.000124292
95 1.00012 0.000534277 0.99995 0.000124812
96 1.00019 0.000532516 0.99995 0.000123505
97 1.00019 0.000526998 0.999957 0.000122441
98 1.00022 0.000522888 0.999944 0.000121896
99 1.00023 0.000517653 0.999961 0.000121804
100 1.00019 0.000513766 0.999952 0.000120906
101 1.00018 0.000508889 0.999958 0.00011988
102 1.00012 0.000506884 0.999963 0.000118804
103 1.00012 0.000501942 0.999957 0.000117833
104 1.00016 0.000498417 0.999956 0.000116698
105 1.00018 0.000493963 0.999974 0.000116992
106 1.00014 0.000490426 0.999991 0.000117175
107 1.0002 0.000489402 0.999997 0.000116199
108 1.00022 0.000485077 1.00002 0.000116754
109 1.00021 0.000480698 1.00003 0.000117163
110 1.00024 0.000477656 1.00003 0.000116284
111 1.00028 0.000475002 1.00003 0.000115326
112 1.00034 0.000473722 1.00002 0.000114988
113 1.00027 0.000474499 1 0.000115331
114 1.00023 0.000472068 1.00003 0.000116521
115 1.0002 0.00046857 1.00002 0.000115552
116 1.00018 0.000465302 1.00001 0.000115146
117 1.00015 0.000462053 0.999994 0.000115266
118 1.00016 0.000458324 1.00001 0.000114903
119 1.00014 0.000454967 0.99999 0.00011507
120 1.00009 0.000454021 0.999975 0.000115101
121 0.999997 0.000459848 0.999988 0.000114887
122 0.999932 0.00046071 0.999992 0.000114038
123 1.00001 0.000463392 1 0.000113608
124 1.00003 0.000459974 0.999999 0.000112764
125 1.00004 0.00045661 0.999991 0.000112134
126 1.00005 0.000453027 0.999981 0.000111671
127 1.00005 0.00044945 0.999979 0.000110807
128 1.00004 0.000446001 0.999991 0.000110532
129 1.00005 0.000442538 0.999986 0.000109789
130 0.999994 0.000442297 0.999989 0.000108983
131 0.99997 0.000439544 0.999992 0.000108185
132 1.00002 0.000438829 0.999994 0.000107394
133 1.0001 0.000443592 0.999984 0.000107038
134 1.00005 0.000442918 0.999976 0.000106551
135 1.00002 0.00044119 0.999977 0.000105766
136 1.00004 0.000438304 0.999968 0.000105384
137 1.00012 0.000442512 0.999975 0.000104829
138 1.00015 0.000440818 0.999969 0.000104229
139 1.00015 0.000437637 0.999972 0.000103517
140 1.00015 0.000434504 0.999966 0.00010293
141 1.00008 0.000438377 0.999964 0.000102222
142 1.00003 0.000437485 0.999977 0.00010234
143 1.00008 0.000437307 0.999965 0.000102342
144 1.00009 0.000434287 0.99999 0.000104545
145 1.00011 0.000431761 0.999972 0.0001053
146 1.00011 0.000428828 0.999981 0.000104954
147 1.00014 0.000427139 0.999986 0.000104341
148 1.00011 0.000425528 0.999988 0.000103661
149 1.00012 0.000422808 0.999979 0.000103335
150 1.00011 0.000420174 0.999991 0.000103302
151 1.00008 0.000418449 0.99997 0.000104685
152 1.00012 0.000417575 0.999972 0.000104011
153 1.00009 0.000416232 0.999962 0.000103769
154 1.00016 0.000420921 0.999956 0.000103306
155 1.00015 0.000418371 0.999933 0.000105195
156 1.00012 0.000416731 0.99994 0.000104759
157 1.00012 0.000414074 0.999921 0.000105784
158 1.00012 0.000411445 0.999915 0.000105275
159 1.00011 0.000409279 0.999924 0.000104978
160 1.00013 0.000407418 0.999922 0.000104329
161 1.00017 0.000406982 0.999928 0.000103824
162 1.00014 0.000405808 0.999939 0.000103821
163 1.00012 0.00040377 0.999935 0.000103277
164 1.00014 0.000401678 0.999947 0.00010339
165 1.00013 0.000399401 0.999941 0.000102941
166 1.00006 0.000401815 0.999947 0.000102475
167 1.00004 0.000400108 0.999947 0.00010186
168 1.00008 0.000400286 0.999941 0.000101427
169 1.0001 0.000398126 0.999948 0.000101074
170 1.00007 0.000396733 0.999949 0.00010048
171 1.00008 0.000394515 0.999953 9.99758e-05
172 1.00008 0.00039222 0.999971 0.000100948
173 1.00009 0.000389993 0.999962 0.000100772
174 1.00012 0.000388933 0.999952 0.000100652
175 1.00012 0.000386706 0.999952 0.000100075
176 1.00005 0.000389452 0.999954 9.95306e-05
177 1.00003 0.000387824 0.999958 9.90287e-05
178 1.00006 0.000386661 0.999946 9.91738e-05
179 1.00006 0.000384496 0.999924 0.000101016
180 1.00008 0.000382658 0.999929 0.00010057
181 1.00005 0.000381323 0.999928 0.000100017
182 1.00003 0.000379977 0.999934 9.96229e-05
183 1.00005 0.000378301 0.999928 9.92238e-05
184 1.00004 0.000376265 0.999936 9.90003e-05
185 1.00004 0.000374226 0.99993 9.86436e-05
186 1.00008 0.000374018 0.999935 9.82341e-05
187 1.0001 0.000372336 0.999928 9.79377e-05
188 1.00011 0.000370798 0.99993 9.74283e-05
189 1.00012 0.000368945 0.999938 9.7232e-05
190 1.00014 0.000367313 0.999939 9.67331e-05
191 1.00014 0.000365385 0.99994 9.62258e-05
192 1.00012 0.000363874 0.999941 9.57283e-05
193 1.00011 0.000362059 0.999929 9.59032e-05
194 1.00009 0.000360786 0.99993 9.5411e-05
195 1.00013 0.000361108 0.999934 9.50053e-05
196 1.00017 0.000360936 0.999933 9.45258e-05
197 1.0002 0.000361092 0.999929 9.41257e-05
198 1.00023 0.000360046 0.999925 9.37406e-05
199 1.00024 0.000358515 0.999932 9.35096e-05
200 1.00026 0.000357315 0.99993 9.30509e-05
