1 -0.0351882 0.056485
2 -0.0376838 0.056237
3 -0.0392724 0.0560791
4 -0.0423562 0.0557733
5 -0.0453843 0.0554746
6 -0.050557 0.054971
7 -0.054635 0.0545703
8 -0.0693744 0.0535773
9 -0.0621083 0.0577714
10 -0.0716231 0.0550498
11 -0.0812837 0.0522159
12 -0.0989944 0.0520189
13 -0.11006 0.0510075
14 -0.126671 0.0503304
15 -0.135847 0.0508601
16 -0.138217 0.0504263
17 -0.140608 0.0555126
18 -0.155905 0.0547884
19 -0.182069 0.0496704
20 -0.191528 0.0525523
21 -0.173031 0.0572986
22 -0.194925 0.0474596
23 -0.209099 0.045568
24 -0.212508 0.0481783
25 -0.194367 0.0552837
26 -0.196138 0.0532491
27 -0.211663 0.0541049
28 -0.215581 0.0536237
29 -0.223566 0.0513395
30 -0.23006 0.0469951
31 -0.205313 0.0629695
32 -0.215621 0.0638076
33 -0.220262 0.0574502
34 -0.234688 0.0551493
35 -0.242291 0.0514014
36 -0.266415 0.0475772
37 -0.237043 0.0562052
38 -0.250457 0.045148
39 -0.288598 0.0438543
40 -0.300328 0.0446447
41 -0.320972 0.0428323
42 -0.340268 0.0431786
43 -0.316039 0.0505118
44 -0.332353 0.048237
45 -0.297514 0.0619636
46 -0.315924 0.0598241
47 -0.337933 0.0429831
48 -0.296926 0.0527223
49 -0.344713 0.0421315
50 -0.351586 0.0407347
51 -0.325367 0.0441175
52 -0.320073 0.0426919
53 -0.336817 0.0489943
54 -0.310666 0.0435803
55 -0.28845 0.0511253
56 -0.286239 0.0481438
57 -0.300734 0.0531191
58 -0.331247 0.0491076
59 -0.320108 0.0446731
60 -0.300107 0.0439293
61 -0.310953 0.0420453
62 -0.297927 0.0478159
63 -0.28993 0.0557015
64 -0.310631 0.0506884
65 -0.358346 0.0539334
66 -0.361278 0.0551656
67 -0.358717 0.0517297
68 -0.33763 0.0462353
69 -0.341569 0.0465942
70 -0.392418 0.0459493
71 -0.375237 0.0528499
72 -0.391961 0.0507604
73 -0.426887 0.0514409
74 -0.437352 0.0409377
75 -0.437315 0.0410963
76 -0.427063 0.0465342
77 -0.421 0.0528049
78 -0.379591 0.0519582
79 -0.356253 0.0549399
80 -0.34901 0.0508527
81 -0.406873 0.0412981
82 -0.422483 0.0458899
83 -0.383625 0.0575826
84 -0.346805 0.060198
85 -0.334428 0.0696759
86 -0.352669 0.0521282
87 -0.373841 0.0529833
88 -0.382961 0.0489477
89 -0.385402 0.0514719
90 -0.375391 0.0507396
91 -0.345981 0.0639827
92 -0.399278 0.0578319
93 -0.378447 0.0545426
94 -0.401647 0.0488001
95 -0.405765 0.0481743
96 -0.345915 0.0612654
97 -0.389298 0.0494932
98 -0.356729 0.0526303
99 -0.392967 0.0489163
100 -0.365078 0.0622999
101 -0.383964 0.0493643
102 -0.399035 0.05503
103 -0.398416 0.0574777
104 -0.386177 0.0525249
105 -0.354101 0.058474
106 -0.371215 0.0425049
107 -0.329119 0.0511745
108 -0.33931 0.0533375
109 -0.336901 0.0520315
110 -0.356494 0.0436855
111 -0.336406 0.0447494
112 -0.333642 0.0426627
113 -0.322193 0.0406973
114 -0.314156 0.0492133
115 -0.30502 0.038204
116 -0.272611 0.0561268
117 -0.287609 0.048766
118 -0.306062 0.0533884
119 -0.281827 0.0476741
120 -0.280463 0.0558093
121 -0.306428 0.0452812
122 -0.322289 0.0455631
123 -0.305338 0.0562159
124 -0.338145 0.0446581
125 -0.310766 0.0465433
126 -0.286301 0.0472181
127 -0.288015 0.0524023
128 -0.28827 0.04995
129 -0.303507 0.0429014
130 -0.284906 0.0506654
131 -0.301958 0.0518189
132 -0.337136 0.0418255
133 -0.301276 0.0494182
134 -0.273421 0.0469496
135 -0.281349 0.0470374
136 -0.303358 0.0458202
137 -0.303568 0.0421933
138 -0.299211 0.0585681
139 -0.325111 0.0553334
140 -0.34287 0.0435615
141 -0.319981 0.0465246
142 -0.358082 0.0432194
143 -0.356432 0.0477467
144 -0.331733 0.0535053
145 -0.326368 0.054699
146 -0.312477 0.054398
147 -0.321719 0.0471766
148 -0.306511 0.0485425
149 -0.329383 0.0482137
150 -0.333974 0.0436793
151 -0.318408 0.0536775
152 -0.303668 0.0510631
153 -0.31023 0.0448444
154 -0.316816 0.0432848
155 -0.32944 0.0468692
156 -0.328321 0.047904
157 -0.343914 0.050545
158 -0.353582 0.0484405
159 -0.359241 0.0436574
160 -0.349125 0.0446687
161 -0.315712 0.0576159
162 -0.341862 0.0583862
163 -0.339759 0.0548101
164 -0.345862 0.055657
165 -0.344454 0.0436442
166 -0.362942 0.0431926
167 -0.357004 0.0509677
168 -0.386285 0.0463227
169 -0.359827 0.0468206
170 -0.365256 0.0422281
171 -0.348085 0.0478723
172 -0.337395 0.0511498
173 -0.325427 0.0377013
174 -0.336357 0.040638
175 -0.329717 0.0477611
176 -0.341188 0.0440233
177 -0.331922 0.0491703
178 -0.368473 0.0400539
179 -0.367114 0.0401877
180 -0.415596 0.0435919
181 -0.380894 0.0453191
182 -0.384633 0.0467731
183 -0.363365 0.0493426
184 -0.365608 0.0459187
185 -0.358691 0.0518052
186 -0.371651 0.0484509
187 -0.330552 0.0669524
188 -0.362335 0.0584077
189 -0.386973 0.0481303
190 -0.408712 0.0429767
191 -0.372967 0.053797
192 -0.363917 0.0486401
193 -0.369846 0.0486857
194 -0.409387 0.0418366
195 -0.397501 0.0458627
196 -0.378925 0.0494874
197 -0.404518 0.0472873
198 -0.386403 0.0471225
199 -0.375129 0.0449676
200 -0.4035 0.0455612
201 -0.383957 0.0478006
202 -0.359996 0.0503043
203 -0.38048 0.0393621
204 -0.370744 0.0461406
205 -0.359869 0.0408171
206 -0.358672 0.0440767
207 -0.35098 0.04632
208 -0.339503 0.050651
209 -0.318161 0.0450747
210 -0.310176 0.0528426
211 -0.323765 0.0481104
212 -0.325076 0.0509763
213 -0.320944 0.0492144
214 -0.310273 0.0557954
215 -0.263935 0.0678208
216 -0.312406 0.0537103
217 -0.313992 0.0467521
218 -0.343438 0.0466193
219 -0.367134 0.0483076
220 -0.346755 0.0489334
221 -0.377982 0.0417427
222 -0.346362 0.0524698
223 -0.348583 0.0539883
224 -0.396625 0.0451336
225 -0.390508 0.0516609
226 -0.404396 0.0471264
227 -0.396793 0.0507521
228 -0.393155 0.0501508
229 -0.385405 0.0513956
230 -0.373439 0.0520891
231 -0.401153 0.0459968
232 -0.367029 0.0486178
233 -0.377578 0.0603142
234 -0.371598 0.0523091
235 -0.399315 0.0582829
236 -0.389358 0.0494769
237 -0.359716 0.0672987
238 -0.387402 0.0531407
239 -0.407507 0.0530878
240 -0.416394 0.043909
241 -0.408275 0.0447931
242 -0.403276 0.0476822
243 -0.41225 0.0513294
244 -0.406589 0.0477241
245 -0.384957 0.0388516
246 -0.366291 0.0398844
247 -0.360928 0.051469
248 -0.366408 0.0500513
249 -0.349342 0.0459614
250 -0.353478 0.0396156
251 -0.349441 0.0400278
252 -0.343469 0.0457559
253 -0.314083 0.0547607
254 -0.316662 0.0510166
255 -0.321827 0.0580287
256 -0.353717 0.0520823
257 -0.326918 0.0625176
258 -0.347965 0.0531431
259 -0.350968 0.0434342
260 -0.35404 0.044
261 -0.353135 0.04412
262 -0.34891 0.0427238
263 -0.330344 0.045766
264 -0.324986 0.0461665
265 -0.345504 0.0408474
266 -0.331572 0.0494189
267 -0.333059 0.0457004
268 -0.352709 0.0451668
269 -0.358299 0.0452179
270 -0.342126 0.0502068
271 -0.367544 0.0466909
272 -0.373266 0.041444
273 -0.368675 0.0452671
274 -0.366614 0.0442623
275 -0.406266 0.0416474
276 -0.44197 0.0417276
277 -0.425341 0.048055
278 -0.470724 0.0375541
279 -0.466101 0.0428388
280 -0.435038 0.0498677
281 -0.441322 0.0502573
282 -0.432657 0.0497457
283 -0.465266 0.0442291
284 -0.445036 0.047037
285 -0.475474 0.0400667
286 -0.460586 0.0472191
287 -0.47309 0.0478946
288 -0.466173 0.0400334
289 -0.410141 0.0671718
290 -0.451305 0.0501896
291 -0.445465 0.0454447
292 -0.432351 0.0474006
293 -0.411211 0.0435637
294 -0.422789 0.0417909
295 -0.400238 0.0483637
296 -0.404179 0.0459266
297 -0.37967 0.0511579
298 -0.395935 0.049142
299 -0.396078 0.0485021
300 -0.376906 0.0530944
301 -0.395218 0.0461708
302 -0.395446 0.0467495
303 -0.400379 0.0495209
304 -0.424254 0.0406875
305 -0.394023 0.0556929
306 -0.437893 0.0385892
307 -0.40628 0.0473807
308 -0.408871 0.0449638
309 -0.416081 0.0598617
310 -0.44328 0.0539239
311 -0.409889 0.0574955
312 -0.388899 0.0605048
313 -0.383657 0.0500725
314 -0.420082 0.0418067
315 -0.423884 0.0493324
316 -0.415733 0.0513066
317 -0.411017 0.0394598
318 -0.414695 0.0424552
319 -0.338761 0.0587818
320 -0.358544 0.0571439
321 -0.340655 0.057921
322 -0.334529 0.0559781
323 -0.382278 0.0424983
324 -0.36115 0.0435149
325 -0.350448 0.0451848
326 -0.327681 0.0514477
327 -0.360356 0.0525341
328 -0.379366 0.0480358
329 -0.390178 0.0476256
330 -0.367034 0.0567717
331 -0.326149 0.0632119
332 -0.338507 0.0592179
333 -0.303905 0.0690923
334 -0.337767 0.0640334
335 -0.349444 0.0516767
336 -0.350447 0.0555015
337 -0.350121 0.0489907
338 -0.377313 0.0446756
339 -0.38985 0.0408583
340 -0.390119 0.0463131
341 -0.372045 0.0475608
342 -0.379328 0.0456702
343 -0.376872 0.0389876
344 -0.33605 0.0417724
345 -0.31825 0.0450808
346 -0.31967 0.0419828
347 -0.344035 0.0409723
348 -0.311473 0.0512744
349 -0.302918 0.0586682
350 -0.31113 0.0611867
351 -0.349279 0.0489874
352 -0.335025 0.0490252
353 -0.342294 0.051092
354 -0.357568 0.0449592
355 -0.365194 0.0358203
356 -0.372281 0.044272
357 -0.395693 0.0437085
358 -0.393442 0.0436389
359 -0.384962 0.0490767
360 -0.403944 0.0440469
361 -0.395583 0.0434801
362 -0.376197 0.0499648
363 -0.386263 0.0489076
364 -0.411734 0.0370997
365 -0.407555 0.0390933
366 -0.390731 0.0424733
367 -0.358272 0.0520754
368 -0.36799 0.0599053
369 -0.407327 0.0428025
370 -0.396595 0.048076
371 -0.391569 0.0463416
372 -0.376641 0.0538382
373 -0.373117 0.0570477
374 -0.384073 0.048619
375 -0.382466 0.0514901
376 -0.357848 0.0582512
377 -0.389896 0.0410009
378 -0.411898 0.043427
379 -0.405544 0.041395
380 -0.401492 0.0525201
381 -0.415205 0.0457183
382 -0.400039 0.0563491
383 -0.412534 0.0477025
384 -0.383533 0.0548339
385 -0.403266 0.0429064
386 -0.37492 0.0592336
387 -0.409148 0.0398606
388 -0.35419 0.0530418
389 -0.344644 0.0589803
390 -0.347229 0.0626636
391 -0.399282 0.0556487
392 -0.381578 0.0444208
393 -0.357765 0.0577715
394 -0.390543 0.0486157
395 -0.377405 0.0504916
396 -0.374025 0.0561714
397 -0.384544 0.0479753
398 -0.375503 0.0511995
399 -0.402504 0.0414865
400 -0.355192 0.051331
401 -0.383323 0.0452165
402 -0.403576 0.042024
403 -0.425505 0.0450142
404 -0.440866 0.0439371
405 -0.454964 0.045874
406 -0.444846 0.0517945
407 -0.386581 0.0622836
408 -0.408578 0.0517243
409 -0.409674 0.0542451
410 -0.398512 0.049448
411 -0.388628 0.0502657
412 -0.395272 0.0517511
413 -0.434955 0.0473973
414 -0.433182 0.051866
415 -0.443046 0.0498288
416 -0.414769 0.0625067
417 -0.405592 0.0572225
418 -0.397862 0.061251
419 -0.370163 0.0597534
420 -0.389363 0.0543184
421 -0.370059 0.0500585
422 -0.383642 0.0476929
423 -0.376623 0.042276
424 -0.359505 0.050604
425 -0.378901 0.0401219
426 -0.358095 0.0471877
427 -0.349097 0.0643847
428 -0.322075 0.063863
429 -0.33861 0.0613889
430 -0.326919 0.0591319
431 -0.332726 0.048667
432 -0.377112 0.0489511
433 -0.390066 0.0504124
434 -0.362659 0.0537838
435 -0.362078 0.0504546
436 -0.355789 0.0501029
437 -0.362506 0.048906
438 -0.373232 0.041295
439 -0.377085 0.043543
440 -0.363927 0.0455828
441 -0.394886 0.0510718
442 -0.398399 0.0424458
443 -0.343394 0.0570757
444 -0.320089 0.0616928
445 -0.348723 0.0496183
446 -0.380617 0.0524702
447 -0.433245 0.0484282
448 -0.381645 0.0534487
449 -0.409449 0.0566831
450 -0.410436 0.0460556
451 -0.337497 0.0613501
452 -0.361911 0.0544594
453 -0.41049 0.0427307
454 -0.406325 0.0425675
455 -0.406028 0.0393326
456 -0.389079 0.0528995
457 -0.393591 0.055314
458 -0.384593 0.0497412
459 -0.392929 0.0398232
460 -0.379777 0.0469416
461 -0.410021 0.0459185
462 -0.443212 0.0510249
463 -0.407366 0.0451271
464 -0.390502 0.0555389
465 -0.346758 0.0599704
466 -0.391317 0.0492305
467 -0.391014 0.0533607
468 -0.411158 0.0462993
469 -0.41545 0.0401445
470 -0.390923 0.0422794
471 -0.356 0.0506819
472 -0.417109 0.0376863
473 -0.414326 0.0409554
474 -0.435864 0.0378846
475 -0.414362 0.0424814
476 -0.436019 0.0402547
477 -0.427975 0.0485448
478 -0.405777 0.0575953
479 -0.389559 0.0567507
480 -0.438459 0.0382061
481 -0.416727 0.049227
482 -0.391405 0.0577431
483 -0.36416 0.057147
484 -0.367928 0.0522705
485 -0.272313 0.0672994
486 -0.315708 0.0578751
487 -0.375417 0.0476462
488 -0.38246 0.0460671
489 -0.388566 0.0457254
490 -0.377503 0.0421612
491 -0.339939 0.0559642
492 -0.329717 0.055648
493 -0.322876 0.064193
494 -0.346819 0.0601107
495 -0.39027 0.0486426
496 -0.405888 0.0478618
497 -0.404324 0.0477325
498 -0.357793 0.0589894
499 -0.388603 0.0539445
500 -0.381162 0.0490432
501 -0.381733 0.0516833
502 -0.394652 0.0503586
503 -0.403125 0.0448068
504 -0.416549 0.0353427
505 -0.398606 0.0352384
506 -0.402937 0.038469
507 -0.412766 0.0489735
508 -0.430465 0.0446713
509 -0.392585 0.0569544
510 -0.411234 0.0503191
511 -0.393406 0.0472484
512 -0.381179 0.0451802
513 -0.374765 0.04013
514 -0.330739 0.0530361
515 -0.330465 0.056917
516 -0.326393 0.0558325
517 -0.342873 0.0472154
518 -0.344075 0.0456106
519 -0.316599 0.0534225
520 -0.33064 0.0534372
521 -0.378162 0.0539923
522 -0.378115 0.0510386
523 -0.379112 0.0478121
524 -0.378277 0.0485964
525 -0.380772 0.0475459
526 -0.36093 0.0579908
527 -0.373985 0.0489797
528 -0.390556 0.0530861
529 -0.389114 0.0423042
530 -0.354235 0.0398492
531 -0.356859 0.0357421
532 -0.364309 0.0454272
533 -0.370527 0.0423194
534 -0.358657 0.0435307
535 -0.35801 0.042637
536 -0.363208 0.0419366
537 -0.406178 0.0404403
538 -0.400696 0.0396559
539 -0.410417 0.0406384
540 -0.396794 0.04372
541 -0.358693 0.0416987
542 -0.36059 0.0400353
543 -0.317412 0.0537753
544 -0.347314 0.0522177
545 -0.402413 0.0379963
546 -0.39884 0.0419742
547 -0.404949 0.0360108
548 -0.370263 0.0423771
549 -0.35462 0.050868
550 -0.411886 0.0403427
551 -0.407826 0.0478499
552 -0.418201 0.0486478
553 -0.400433 0.0582431
554 -0.42365 0.0566661
555 -0.425553 0.0515113
556 -0.445709 0.046497
557 -0.465814 0.0413057
558 -0.448211 0.0380736
559 -0.440773 0.0508613
560 -0.397403 0.0509109
561 -0.40368 0.0457826
562 -0.429267 0.0436576
563 -0.431805 0.0437983
564 -0.423108 0.0463028
565 -0.435301 0.0388897
566 -0.417252 0.0418139
567 -0.417534 0.0390286
568 -0.406386 0.0509677
569 -0.392016 0.0564326
570 -0.38824 0.0557213
571 -0.414487 0.0440409
572 -0.407397 0.0407107
573 -0.367813 0.0533808
574 -0.384374 0.0472996
575 -0.394328 0.0407355
576 -0.399451 0.0394312
577 -0.373456 0.04526
578 -0.341594 0.0529739
579 -0.344643 0.0554645
580 -0.343361 0.0460087
581 -0.369863 0.043873
582 -0.35242 0.0425836
583 -0.362912 0.03487
584 -0.350926 0.0373133
585 -0.372867 0.0402149
586 -0.375533 0.0378954
587 -0.38176 0.0404692
588 -0.355504 0.039556
589 -0.339018 0.0478666
590 -0.346096 0.0451563
591 -0.35288 0.0398883
592 -0.342864 0.0388403
593 -0.386228 0.0419906
594 -0.379257 0.0511807
595 -0.349812 0.0464653
596 -0.355075 0.0454292
597 -0.330624 0.0575925
598 -0.350809 0.0468928
599 -0.331015 0.0459778
600 -0.363122 0.0501475
601 -0.366232 0.0494663
602 -0.363726 0.0523005
603 -0.387628 0.0441568
604 -0.386417 0.0462953
605 -0.390403 0.0432033
606 -0.321983 0.0668152
607 -0.316889 0.0741679
608 -0.313087 0.0714751
609 -0.386709 0.0418828
610 -0.368211 0.0433791
611 -0.355217 0.0485428
612 -0.344998 0.0513006
613 -0.3903 0.0455618
614 -0.381438 0.0479322
615 -0.384275 0.0497996
616 -0.414679 0.0519066
617 -0.420386 0.0493862
618 -0.416879 0.0434785
619 -0.409149 0.0454693
620 -0.398127 0.0455717
621 -0.379342 0.0511337
622 -0.390164 0.0424473
623 -0.366605 0.0473809
624 -0.41397 0.0420964
625 -0.389441 0.0524439
626 -0.399741 0.0435368
627 -0.414113 0.0464919
628 -0.431917 0.04506
629 -0.387208 0.0435128
630 -0.385476 0.0456165
631 -0.389956 0.0445864
632 -0.370371 0.0380656
633 -0.368788 0.0401207
634 -0.371 0.0420187
635 -0.378608 0.0451612
636 -0.362148 0.0531209
637 -0.379289 0.0472134
638 -0.38476 0.0400963
639 -0.381578 0.0543212
640 -0.359801 0.0511636
641 -0.376836 0.0492974
642 -0.383014 0.0424435
643 -0.370507 0.0370051
644 -0.312714 0.0517772
645 -0.336812 0.0462142
646 -0.36442 0.0402871
647 -0.347518 0.0389565
648 -0.351689 0.0418904
649 -0.370357 0.0351568
650 -0.393383 0.0437662
651 -0.385065 0.0437016
652 -0.38361 0.0438973
653 -0.374899 0.0473328
654 -0.408484 0.044246
655 -0.330535 0.0590838
656 -0.319873 0.0673025
657 -0.323592 0.0614127
658 -0.35773 0.0546755
659 -0.368989 0.0546378
660 -0.386495 0.044174
661 -0.353724 0.0462628
662 -0.370275 0.039788
663 -0.37905 0.0395131
664 -0.361201 0.0369679
665 -0.389018 0.0381066
666 -0.391122 0.0402791
667 -0.400339 0.0456121
668 -0.406551 0.0406085
669 -0.395531 0.0438441
670 -0.408661 0.0404638
671 -0.389059 0.0431093
672 -0.370259 0.0553361
673 -0.399012 0.052266
674 -0.441295 0.0420509
675 -0.431513 0.0433157
676 -0.41451 0.0424529
677 -0.38542 0.0451892
678 -0.380992 0.0541091
679 -0.421386 0.0459161
680 -0.413602 0.0444832
681 -0.400203 0.0568262
682 -0.421581 0.0467901
683 -0.42603 0.0444717
684 -0.444999 0.0393441
685 -0.432907 0.0434586
686 -0.439764 0.0391607
687 -0.431218 0.0438006
688 -0.439407 0.0436191
689 -0.392945 0.0588391
690 -0.402045 0.0575477
691 -0.397727 0.0681031
692 -0.450345 0.0472993
693 -0.443741 0.0480134
694 -0.444753 0.0488795
695 -0.443724 0.0461733
696 -0.461552 0.0477949
697 -0.47572 0.0450892
698 -0.4522 0.0495444
699 -0.440822 0.0524005
700 -0.465556 0.0430139
701 -0.50155 0.0416133
702 -0.504124 0.0422096
703 -0.476509 0.035825
704 -0.475351 0.0450547
705 -0.485849 0.0436516
706 -0.448543 0.0585397
707 -0.445045 0.0459434
708 -0.454143 0.04485
709 -0.461889 0.041973
710 -0.469113 0.0472355
711 -0.451394 0.0473341
712 -0.458939 0.0390587
713 -0.457268 0.0477481
714 -0.429731 0.0500256
715 -0.327471 0.0772106
716 -0.397282 0.0498687
717 -0.379566 0.0543713
718 -0.386924 0.055876
719 -0.417316 0.0468903
720 -0.41327 0.0388201
721 -0.416714 0.0376916
722 -0.387919 0.0466094
723 -0.385675 0.037981
724 -0.405193 0.0348497
725 -0.441187 0.0358004
726 -0.405005 0.0449992
727 -0.392062 0.0516712
728 -0.373849 0.0541824
729 -0.389984 0.0461933
730 -0.388506 0.0502139
731 -0.394789 0.0452186
732 -0.38625 0.052025
733 -0.377344 0.0473704
734 -0.37028 0.0473688
735 -0.36205 0.0497949
736 -0.360189 0.0520836
737 -0.36022 0.0503481
738 -0.373916 0.0496457
739 -0.39363 0.0439736
740 -0.407065 0.0444598
741 -0.3885 0.0473944
742 -0.406834 0.0466958
743 -0.41302 0.0417665
744 -0.390875 0.040803
745 -0.414981 0.0354357
746 -0.414564 0.0403026
747 -0.40748 0.0393909
748 -0.386878 0.0432743
749 -0.418617 0.0467103
750 -0.411921 0.0453886
751 -0.378146 0.0461979
752 -0.377868 0.0479575
753 -0.370895 0.0379031
754 -0.395553 0.0352203
755 -0.396601 0.0458702
756 -0.396082 0.0362045
757 -0.365809 0.0451517
758 -0.384358 0.0526255
759 -0.441382 0.0390748
760 -0.435827 0.0372765
761 -0.458011 0.0415682
762 -0.436445 0.049069
763 -0.449301 0.0471773
764 -0.446459 0.0420504
765 -0.375469 0.0453682
766 -0.393466 0.0521683
767 -0.436362 0.0439269
768 -0.440989 0.0395721
769 -0.410882 0.040238
770 -0.387703 0.0463766
771 -0.377266 0.0481747
772 -0.39757 0.0424065
773 -0.407343 0.0451378
774 -0.39742 0.0502485
775 -0.397445 0.0418847
776 -0.413641 0.0400886
777 -0.390347 0.0433345
778 -0.414811 0.0402817
779 -0.37379 0.0602147
780 -0.333767 0.06935
781 -0.363116 0.0628468
782 -0.387532 0.0582827
783 -0.397076 0.0512164
784 -0.421685 0.045558
785 -0.400611 0.043202
786 -0.40147 0.0543324
787 -0.388781 0.055475
788 -0.397521 0.0490517
789 -0.397031 0.0546184
790 -0.408879 0.0515888
791 -0.381647 0.0597679
792 -0.40593 0.0495569
793 -0.405752 0.0363637
794 -0.356258 0.0506245
795 -0.383992 0.0492128
796 -0.376513 0.0486909
797 -0.354045 0.064312
798 -0.371618 0.0515049
799 -0.383445 0.0463955
800 -0.359447 0.0632431
801 -0.394293 0.0564093
802 -0.326342 0.0784025
803 -0.345336 0.0660379
804 -0.368668 0.0508877
805 -0.403201 0.0385327
806 -0.388249 0.0404984
807 -0.425432 0.0427669
808 -0.427164 0.0371715
809 -0.400374 0.0424334
810 -0.350907 0.0582094
811 -0.380073 0.0507729
812 -0.407675 0.0417945
813 -0.398676 0.0458052
814 -0.375165 0.0458125
815 -0.36168 0.0495751
816 -0.343195 0.0586871
817 -0.360549 0.0492945
818 -0.38199 0.0467741
819 -0.384523 0.043682
820 -0.380052 0.0523322
821 -0.355106 0.051101
822 -0.39532 0.0468939
823 -0.391331 0.0426849
824 -0.420984 0.0430956
825 -0.443046 0.0523114
826 -0.458757 0.0464626
827 -0.459856 0.0485195
828 -0.444052 0.042869
829 -0.433168 0.0426559
830 -0.418327 0.0498385
831 -0.432312 0.0516515
832 -0.435054 0.0494377
833 -0.43553 0.0475082
834 -0.414779 0.0579288
835 -0.447558 0.0485562
836 -0.429197 0.0464026
837 -0.436246 0.0421754
838 -0.449593 0.0394096
839 -0.432577 0.0510437
840 -0.438333 0.0488034
841 -0.433693 0.0508382
842 -0.437257 0.0482628
843 -0.399319 0.0503325
844 -0.392959 0.0572914
845 -0.394913 0.0540917
846 -0.393163 0.0554553
847 -0.43313 0.0561302
848 -0.422203 0.0487624
849 -0.445423 0.0499092
850 -0.384958 0.0541825
851 -0.401982 0.0546465
852 -0.393971 0.0586932
853 -0.448273 0.0468473
854 -0.464762 0.0429541
855 -0.383424 0.063763
856 -0.435777 0.0491402
857 -0.45325 0.0412237
858 -0.41969 0.0511006
859 -0.404199 0.0573675
860 -0.405133 0.0472491
861 -0.414932 0.0363572
862 -0.413205 0.0384865
863 -0.377545 0.046853
864 -0.369188 0.0498544
865 -0.405823 0.0445895
866 -0.379022 0.0492827
867 -0.363952 0.0539353
868 -0.372035 0.0491648
869 -0.387606 0.0440346
870 -0.401842 0.0489328
871 -0.354189 0.0650381
872 -0.405434 0.0492607
873 -0.435797 0.0426585
874 -0.456819 0.045508
875 -0.441169 0.0592583
876 -0.42282 0.0580935
877 -0.421527 0.0652697
878 -0.468491 0.048003
879 -0.410171 0.0538047
880 -0.431521 0.0449326
881 -0.443515 0.0397608
882 -0.478274 0.0437202
883 -0.462023 0.0435693
884 -0.49026 0.0408086
885 -0.453055 0.0460779
886 -0.457306 0.0632912
887 -0.47228 0.068635
888 -0.487457 0.0519011
889 -0.513898 0.0443284
890 -0.522088 0.0394175
891 -0.496691 0.0325668
892 -0.492613 0.0390522
893 -0.467465 0.0478473
894 -0.459122 0.0462231
895 -0.490524 0.0445382
896 -0.48707 0.042106
897 -0.473121 0.0376395
898 -0.446788 0.0418175
899 -0.448132 0.0487099
900 -0.459505 0.038681
901 -0.464481 0.0361516
902 -0.470038 0.0423413
903 -0.446797 0.0498963
904 -0.445006 0.0469117
905 -0.455679 0.046764
906 -0.455121 0.0504403
907 -0.440962 0.0571054
908 -0.418518 0.0545822
909 -0.464801 0.0378388
910 -0.46155 0.0386125
911 -0.447515 0.0364538
912 -0.466146 0.0466037
913 -0.474242 0.0487609
914 -0.461828 0.059474
915 -0.465327 0.0532793
916 -0.486716 0.0441225
917 -0.513105 0.0410681
918 -0.484628 0.0437126
919 -0.497615 0.0449768
920 -0.490118 0.0400019
921 -0.47234 0.050552
922 -0.472025 0.0540591
923 -0.475494 0.057075
924 -0.520203 0.0542646
925 -0.500638 0.0613559
926 -0.495694 0.0583959
927 -0.532778 0.0412403
928 -0.459893 0.0575443
929 -0.504698 0.0438594
930 -0.51127 0.0385076
931 -0.515198 0.0357411
932 -0.524971 0.0435655
933 -0.457816 0.0648279
934 -0.504278 0.0491258
935 -0.509022 0.0592811
936 -0.516768 0.0499279
937 -0.529448 0.0531128
938 -0.527345 0.0515726
939 -0.494318 0.0749707
940 -0.47351 0.0698814
941 -0.430104 0.0670313
942 -0.497896 0.0474114
943 -0.467112 0.0519345
944 -0.483171 0.0447787
945 -0.493204 0.0371928
946 -0.485342 0.0362945
947 -0.485977 0.0442944
948 -0.476581 0.039163
949 -0.442115 0.0516331
950 -0.452767 0.0461619
951 -0.45463 0.0421346
952 -0.444441 0.0493207
953 -0.402739 0.0477188
954 -0.430442 0.0339875
955 -0.413432 0.0387267
956 -0.422221 0.0496731
957 -0.432469 0.0485624
958 -0.441768 0.0518225
959 -0.461926 0.0500242
960 -0.493263 0.0524486
961 -0.499467 0.0496087
962 -0.515471 0.0442504
963 -0.51329 0.0394187
964 -0.490747 0.0430385
965 -0.49599 0.0389522
966 -0.518684 0.0354236
967 -0.497022 0.0528095
968 -0.500348 0.0472836
969 -0.483023 0.059764
970 -0.534698 0.0406227
971 -0.545266 0.0368282
972 -0.537573 0.0456112
973 -0.512493 0.0522062
974 -0.475934 0.0536825
975 -0.497725 0.037665
976 -0.496407 0.0400964
977 -0.442797 0.0472159
978 -0.436124 0.0436447
979 -0.433356 0.0476257
980 -0.421923 0.0440662
981 -0.432654 0.0413624
982 -0.452187 0.0394288
983 -0.402455 0.061242
984 -0.455798 0.0441681
985 -0.440827 0.0405917
986 -0.471024 0.0440581
987 -0.4461 0.0378694
988 -0.414858 0.0445387
989 -0.398476 0.0454505
990 -0.441839 0.0393216
991 -0.417822 0.0447348
992 -0.409235 0.0480419
993 -0.406695 0.0556844
994 -0.407298 0.0539991
995 -0.400544 0.0444601
996 -0.399745 0.0488935
997 -0.432684 0.0376888
998 -0.425533 0.0429113
999 -0.430295 0.0357949
1000 -0.417495 0.0340421
1001 -0.41334 0.0439242
1002 -0.396273 0.0457221
1003 -0.415083 0.0396233
1004 -0.415943 0.0357349
1005 -0.408086 0.0478657
1006 -0.414973 0.0555399
1007 -0.409908 0.0566526
1008 -0.437122 0.0444446
1009 -0.440861 0.041776
1010 -0.395277 0.0544528
1011 -0.398664 0.0473123
1012 -0.402108 0.0498444
1013 -0.404608 0.0443838
1014 -0.417676 0.038774
1015 -0.44028 0.0408219
1016 -0.442034 0.0436815
1017 -0.435673 0.0464106
1018 -0.448941 0.0430237
1019 -0.430035 0.0381517
1020 -0.420062 0.0438748
1021 -0.402111 0.049894
1022 -0.42581 0.0400363
1023 -0.432427 0.0426108
1024 -0.458509 0.036636
1025 -0.427878 0.0496689
1026 -0.44314 0.0444495
1027 -0.418891 0.05629
1028 -0.440379 0.0476915
1029 -0.4355 0.0443714
1030 -0.448146 0.0385945
1031 -0.425193 0.0455898
1032 -0.430694 0.0390329
1033 -0.425628 0.0375667
1034 -0.403539 0.0423508
1035 -0.437393 0.0454857
1036 -0.442503 0.0415677
1037 -0.442649 0.035599
1038 -0.429818 0.0404897
1039 -0.390467 0.0445393
1040 -0.386382 0.0459659
1041 -0.405061 0.0457239
1042 -0.447224 0.047362
1043 -0.412937 0.050432
1044 -0.404948 0.0468673
1045 -0.408961 0.0432734
1046 -0.423419 0.0393318
1047 -0.409372 0.0424896
1048 -0.444748 0.0449975
1049 -0.410135 0.0570443
1050 -0.434676 0.0625214
1051 -0.430956 0.0568712
1052 -0.451497 0.0487603
1053 -0.446362 0.0464724
1054 -0.393795 0.0482754
1055 -0.392997 0.0495736
1056 -0.433078 0.0425567
1057 -0.460935 0.0429875
1058 -0.459898 0.0414004
1059 -0.453193 0.0475295
1060 -0.454545 0.0409284
1061 -0.41274 0.0424334
1062 -0.430434 0.0452663
1063 -0.438215 0.0465452
1064 -0.469893 0.0419243
1065 -0.448421 0.0468667
1066 -0.423049 0.0504075
1067 -0.44413 0.0543619
1068 -0.474684 0.0391965
1069 -0.481715 0.0447112
1070 -0.486617 0.056854
1071 -0.504865 0.0503897
1072 -0.503016 0.0559767
1073 -0.502938 0.0483068
1074 -0.497116 0.0437339
1075 -0.490754 0.0400869
1076 -0.482455 0.0479413
1077 -0.468684 0.0548083
1078 -0.485375 0.0374307
1079 -0.399375 0.0666046
1080 -0.367222 0.0706008
1081 -0.383261 0.0776224
1082 -0.407284 0.0612346
1083 -0.434455 0.048676
1084 -0.401789 0.0571983
1085 -0.456909 0.0414771
1086 -0.454473 0.0517377
1087 -0.418738 0.0634167
1088 -0.44497 0.0555871
1089 -0.442902 0.0497043
1090 -0.477353 0.0341056
1091 -0.465309 0.046375
1092 -0.430595 0.0456609
1093 -0.450128 0.0403524
1094 -0.495337 0.0397856
1095 -0.453136 0.0580299
1096 -0.503568 0.0408825
1097 -0.452134 0.0476875
1098 -0.48263 0.0343543
1099 -0.451222 0.0412146
1100 -0.45344 0.053722
1101 -0.474548 0.0386842
1102 -0.423674 0.0469882
1103 -0.421574 0.0393116
1104 -0.40058 0.0447178
1105 -0.459943 0.0411382
1106 -0.449642 0.0445994
1107 -0.47004 0.0472795
1108 -0.460491 0.0534904
1109 -0.487658 0.0432235
1110 -0.465385 0.0479989
1111 -0.472303 0.0518901
1112 -0.493701 0.0516214
1113 -0.48204 0.0595149
1114 -0.499427 0.0453232
1115 -0.481845 0.0438847
1116 -0.47087 0.0603467
1117 -0.483673 0.0448413
1118 -0.419586 0.0592927
1119 -0.414581 0.0450287
1120 -0.4306 0.0501702
1121 -0.392154 0.0569381
1122 -0.386772 0.0608741
1123 -0.397391 0.0492651
1124 -0.398086 0.0475151
1125 -0.401558 0.0502383
1126 -0.421187 0.0482949
1127 -0.39021 0.0467626
1128 -0.388874 0.0537705
1129 -0.396357 0.0535855
1130 -0.378338 0.0632971
1131 -0.451005 0.0474224
1132 -0.460189 0.0466864
1133 -0.48257 0.0371656
1134 -0.478483 0.0417716
1135 -0.458328 0.0496932
1136 -0.454352 0.0433789
1137 -0.437309 0.0409766
1138 -0.432905 0.0436137
1139 -0.444482 0.0443688
1140 -0.44106 0.038178
1141 -0.434498 0.0497944
1142 -0.41882 0.0542643
1143 -0.423391 0.04603
1144 -0.440663 0.0468509
1145 -0.458666 0.0392242
1146 -0.462842 0.0496238
1147 -0.528496 0.0460464
1148 -0.494287 0.0549352
1149 -0.452883 0.0550376
1150 -0.435187 0.0564654
1151 -0.475427 0.0520425
1152 -0.485777 0.0454582
1153 -0.502038 0.0417741
1154 -0.464596 0.0474246
1155 -0.426814 0.0571592
1156 -0.432372 0.0574202
1157 -0.418603 0.0610515
1158 -0.462846 0.0523474
1159 -0.407724 0.0618546
1160 -0.401657 0.0589791
1161 -0.428174 0.0525783
1162 -0.468236 0.0435436
1163 -0.446199 0.0484844
1164 -0.472153 0.0425811
1165 -0.465866 0.0379417
1166 -0.463279 0.0365031
1167 -0.466952 0.0475678
1168 -0.45634 0.0546122
1169 -0.451028 0.047043
1170 -0.432262 0.0436846
1171 -0.42844 0.0503599
1172 -0.388042 0.0633206
1173 -0.399883 0.0539824
1174 -0.414229 0.047712
1175 -0.438754 0.0440188
1176 -0.434586 0.0413575
1177 -0.500388 0.0403119
1178 -0.517227 0.0433784
1179 -0.51018 0.0465734
1180 -0.508346 0.0362249
1181 -0.451443 0.0515513
1182 -0.4135 0.0616137
1183 -0.469202 0.0472387
1184 -0.46189 0.0524632
1185 -0.439624 0.0705028
1186 -0.460341 0.0553915
1187 -0.462437 0.0594054
1188 -0.46034 0.053546
1189 -0.444995 0.0514958
1190 -0.451868 0.0412976
1191 -0.433394 0.0505636
1192 -0.450354 0.0420233
1193 -0.415346 0.0588001
1194 -0.410505 0.0635549
1195 -0.425236 0.0601501
1196 -0.464359 0.0578485
1197 -0.497647 0.0406891
1198 -0.420392 0.0578659
1199 -0.45487 0.0439609
1200 -0.457646 0.0504693
1201 -0.451677 0.0596997
1202 -0.408937 0.0669626
1203 -0.430745 0.0582735
1204 -0.444971 0.0508959
1205 -0.472643 0.0470367
1206 -0.503085 0.0380741
1207 -0.467319 0.0376045
1208 -0.466323 0.0381999
1209 -0.450591 0.0440474
1210 -0.347462 0.0729404
1211 -0.374871 0.050344
1212 -0.422149 0.0464478
1213 -0.414435 0.0515399
1214 -0.426629 0.047568
1215 -0.484721 0.0524096
1216 -0.466199 0.0521894
1217 -0.48346 0.0528211
1218 -0.454748 0.058851
1219 -0.476528 0.0562257
1220 -0.470069 0.0548289
1221 -0.474565 0.0469661
1222 -0.445686 0.0557077
1223 -0.472002 0.0614097
1224 -0.413444 0.0802272
1225 -0.395365 0.0716849
1226 -0.385163 0.0670721
1227 -0.403391 0.0642769
1228 -0.387182 0.0589049
1229 -0.444613 0.0437955
1230 -0.436813 0.0475024
1231 -0.46917 0.0329659
1232 -0.46919 0.0436458
1233 -0.463222 0.050309
1234 -0.445363 0.0446612
1235 -0.451907 0.0486326
1236 -0.439694 0.0548156
1237 -0.428676 0.0545215
1238 -0.423314 0.0582528
1239 -0.445564 0.042437
1240 -0.41902 0.0490089
1241 -0.406837 0.053792
1242 -0.414755 0.0505591
1243 -0.401593 0.0503781
1244 -0.419827 0.0472465
1245 -0.400016 0.0605373
1246 -0.431072 0.0464652
1247 -0.449018 0.051257
1248 -0.448098 0.0572823
1249 -0.434886 0.063284
1250 -0.431304 0.054497
1251 -0.430314 0.0634393
1252 -0.493734 0.0505107
1253 -0.476149 0.0504978
1254 -0.464279 0.0591551
1255 -0.390615 0.0680252
1256 -0.427613 0.0645312
1257 -0.413944 0.0701828
1258 -0.447392 0.054043
1259 -0.463086 0.0457166
1260 -0.425532 0.0485218
1261 -0.405745 0.0584352
1262 -0.421976 0.043713
1263 -0.421354 0.0396645
1264 -0.413156 0.0444302
1265 -0.383357 0.0559951
1266 -0.376502 0.0603445
1267 -0.394233 0.0482412
1268 -0.415669 0.0491117
1269 -0.386554 0.0553957
1270 -0.37433 0.057104
1271 -0.379422 0.0609845
1272 -0.404127 0.0526848
1273 -0.411961 0.0608309
1274 -0.376493 0.0609662
1275 -0.372387 0.0621735
1276 -0.434983 0.0417649
1277 -0.394564 0.0588379
1278 -0.387143 0.0631481
1279 -0.333087 0.0740089
1280 -0.349205 0.0780621
1281 -0.409207 0.0494025
1282 -0.400789 0.0466501
1283 -0.416517 0.0421497
1284 -0.398645 0.0436388
1285 -0.363145 0.0514506
1286 -0.391821 0.0411363
1287 -0.397343 0.0389815
1288 -0.39189 0.040918
1289 -0.395356 0.0439462
1290 -0.385791 0.060056
1291 -0.392816 0.0496237
1292 -0.405904 0.0538432
1293 -0.442401 0.0427046
1294 -0.435992 0.0483918
1295 -0.42696 0.0424107
1296 -0.416699 0.0447257
1297 -0.403127 0.0396823
1298 -0.349631 0.0595707
1299 -0.348101 0.059154
1300 -0.345446 0.0609186
1301 -0.398012 0.0438131
1302 -0.392939 0.0449368
1303 -0.421548 0.0387272
1304 -0.390043 0.0440947
1305 -0.352447 0.0507599
1306 -0.387578 0.042929
1307 -0.369977 0.0549021
1308 -0.39277 0.0473245
1309 -0.414267 0.0442253
1310 -0.423977 0.0412565
1311 -0.423879 0.0455312
1312 -0.412462 0.046078
1313 -0.417709 0.0510662
1314 -0.381456 0.0596148
1315 -0.410581 0.0513201
1316 -0.420891 0.0412191
1317 -0.427688 0.0465412
1318 -0.442591 0.0512217
1319 -0.408256 0.0576576
1320 -0.436148 0.051088
1321 -0.432828 0.0459174
1322 -0.439923 0.0429296
1323 -0.449323 0.0469011
1324 -0.419128 0.048457
1325 -0.387217 0.056315
1326 -0.406825 0.0512581
1327 -0.415162 0.0438849
1328 -0.401932 0.0454847
1329 -0.385786 0.0489736
1330 -0.408061 0.0472985
1331 -0.387578 0.04084
1332 -0.425413 0.0482803
1333 -0.408531 0.042018
1334 -0.407759 0.0403036
1335 -0.431313 0.0383195
1336 -0.447065 0.0354554
1337 -0.479916 0.0364437
1338 -0.401582 0.054261
1339 -0.391241 0.0687919
1340 -0.397638 0.0586156
1341 -0.386646 0.052397
1342 -0.368167 0.0683016
1343 -0.37047 0.064345
1344 -0.392814 0.0653544
1345 -0.401092 0.0591888
1346 -0.454242 0.0462319
1347 -0.422036 0.0459057
1348 -0.421512 0.0363869
1349 -0.41187 0.0446761
1350 -0.404097 0.0505556
1351 -0.349193 0.0609762
1352 -0.33795 0.0530772
1353 -0.358639 0.0423796
1354 -0.357031 0.0477459
1355 -0.396322 0.045323
1356 -0.376053 0.0506799
1357 -0.377348 0.0553105
1358 -0.43561 0.0472599
1359 -0.456561 0.0398708
1360 -0.430023 0.0552077
1361 -0.48001 0.0363822
1362 -0.449873 0.0544855
1363 -0.440449 0.048999
1364 -0.43752 0.0554192
1365 -0.468666 0.0443354
1366 -0.410002 0.065842
1367 -0.437055 0.0566716
1368 -0.451549 0.0451666
1369 -0.433186 0.0535154
1370 -0.424796 0.0498281
1371 -0.430415 0.0524815
1372 -0.397338 0.0637478
1373 -0.435556 0.0460839
1374 -0.406776 0.0565063
1375 -0.417896 0.0583512
1376 -0.397907 0.0522597
1377 -0.440797 0.0445203
1378 -0.433748 0.0467555
1379 -0.409098 0.0546471
1380 -0.376608 0.0541438
1381 -0.404219 0.0411807
1382 -0.411376 0.0356008
1383 -0.422064 0.0398593
1384 -0.443209 0.0449499
1385 -0.425704 0.0480344
1386 -0.431344 0.0418436
1387 -0.468962 0.0371217
1388 -0.463109 0.0430637
1389 -0.452993 0.0388107
1390 -0.406504 0.0537643
1391 -0.43451 0.045891
1392 -0.42595 0.0603633
1393 -0.467342 0.0489638
1394 -0.47402 0.0383852
1395 -0.440754 0.0450677
1396 -0.441426 0.0337795
1397 -0.414117 0.0391444
1398 -0.412853 0.0363351
1399 -0.412751 0.0392051
1400 -0.417232 0.0395049
1401 -0.401487 0.0509804
1402 -0.427896 0.0488227
1403 -0.439 0.0423887
1404 -0.397348 0.0569863
1405 -0.401731 0.0591431
1406 -0.438522 0.04749
1407 -0.417595 0.0395604
1408 -0.436963 0.0376349
1409 -0.433433 0.0499217
1410 -0.411782 0.0604185
1411 -0.354557 0.0552888
1412 -0.396857 0.0459394
1413 -0.395347 0.0481419
1414 -0.388463 0.0484146
1415 -0.409226 0.0373771
1416 -0.417178 0.0426837
1417 -0.39218 0.0545513
1418 -0.404196 0.051361
1419 -0.414414 0.041428
1420 -0.447859 0.0366514
1421 -0.46969 0.0435649
1422 -0.463781 0.0375939
1423 -0.469904 0.034688
1424 -0.489781 0.0350165
1425 -0.465255 0.0364232
1426 -0.455898 0.0408557
1427 -0.435981 0.050344
1428 -0.45288 0.0446557
1429 -0.434899 0.0516302
1430 -0.434044 0.0460599
1431 -0.425706 0.0510855
1432 -0.4487 0.0519987
1433 -0.471899 0.0431959
1434 -0.459336 0.0436787
1435 -0.403266 0.0642786
1436 -0.410746 0.0544063
1437 -0.363597 0.0663043
1438 -0.384046 0.0622259
1439 -0.451367 0.0445233
1440 -0.459535 0.0443419
1441 -0.42 0.0424371
1442 -0.385243 0.0611286
1443 -0.369081 0.0603121
1444 -0.383413 0.0581861
1445 -0.389036 0.0484538
1446 -0.408455 0.0430187
1447 -0.363207 0.0442459
1448 -0.372265 0.0477629
1449 -0.394006 0.0420353
1450 -0.384301 0.0401199
1451 -0.381606 0.0410911
1452 -0.416763 0.0343566
1453 -0.410648 0.0357351
1454 -0.401797 0.0482508
1455 -0.383882 0.0466481
1456 -0.358727 0.0451817
1457 -0.36678 0.0384785
1458 -0.363248 0.0481723
1459 -0.367317 0.046555
1460 -0.373529 0.0509835
1461 -0.365544 0.0539501
1462 -0.350268 0.0495819
1463 -0.370533 0.0494623
1464 -0.373359 0.0433803
1465 -0.422859 0.0413787
1466 -0.414468 0.0474009
1467 -0.410953 0.043989
1468 -0.385374 0.051289
1469 -0.390165 0.0501995
1470 -0.408915 0.050397
1471 -0.42135 0.0561085
1472 -0.429052 0.0539444
1473 -0.438421 0.0474591
1474 -0.420521 0.0544328
1475 -0.409777 0.0544094
1476 -0.454351 0.0466776
1477 -0.465193 0.0379203
1478 -0.452789 0.0468857
1479 -0.429758 0.0516652
1480 -0.433834 0.0543943
1481 -0.423736 0.0525217
1482 -0.434795 0.0422309
1483 -0.445829 0.0456037
1484 -0.433329 0.0467841
1485 -0.42737 0.0494158
1486 -0.419071 0.0427179
1487 -0.396479 0.0505617
1488 -0.396582 0.0491239
1489 -0.419234 0.04295
1490 -0.43514 0.0441331
1491 -0.431299 0.0449467
1492 -0.419991 0.052286
1493 -0.441648 0.0475294
1494 -0.434423 0.0509135
1495 -0.435347 0.049613
1496 -0.442518 0.0462932
1497 -0.455577 0.0462697
1498 -0.466579 0.0430529
1499 -0.486645 0.0382029
1500 -0.435446 0.0447439
1501 -0.435253 0.0491716
1502 -0.365804 0.0630008
1503 -0.401377 0.0614268
1504 -0.404006 0.0547334
1505 -0.421812 0.0430669
1506 -0.404625 0.0397321
1507 -0.393464 0.0461359
1508 -0.401136 0.0460668
1509 -0.441686 0.0488355
1510 -0.477468 0.0453663
1511 -0.454173 0.0494403
1512 -0.447001 0.0597622
1513 -0.492876 0.0520055
1514 -0.536556 0.0404234
1515 -0.471292 0.0524466
1516 -0.432133 0.059748
1517 -0.454253 0.0521356
1518 -0.451296 0.0507446
1519 -0.442198 0.0558891
1520 -0.432074 0.0680817
1521 -0.470866 0.0606971
1522 -0.460834 0.0611016
1523 -0.456801 0.0586189
1524 -0.43558 0.0688058
1525 -0.40874 0.0794054
1526 -0.45635 0.0601183
1527 -0.457559 0.046596
1528 -0.432604 0.0556689
1529 -0.450295 0.05429
1530 -0.424748 0.044112
1531 -0.412675 0.0589495
1532 -0.420191 0.0638101
1533 -0.448501 0.0630246
1534 -0.460245 0.0543275
1535 -0.497092 0.0473088
1536 -0.474189 0.0475439
1537 -0.491659 0.0477467
1538 -0.450063 0.0501507
1539 -0.463744 0.0490659
1540 -0.469698 0.0473951
1541 -0.467223 0.0476219
1542 -0.428353 0.0555147
1543 -0.404023 0.0526592
1544 -0.372406 0.0629928
1545 -0.466875 0.0495639
1546 -0.500771 0.0503362
1547 -0.50369 0.0372519
1548 -0.501345 0.0474411
1549 -0.480063 0.052619
1550 -0.525228 0.0363787
1551 -0.522194 0.0387007
1552 -0.508739 0.0469447
1553 -0.498221 0.0468539
1554 -0.491469 0.0457129
1555 -0.478367 0.0473295
1556 -0.480363 0.0446803
1557 -0.499935 0.0490645
1558 -0.468639 0.0682336
1559 -0.535599 0.0501619
1560 -0.498547 0.0526219
1561 -0.472114 0.0603005
1562 -0.490827 0.0458646
1563 -0.508387 0.0452384
1564 -0.472052 0.0435242
1565 -0.477295 0.044743
1566 -0.411326 0.0642338
1567 -0.419646 0.0586679
1568 -0.405354 0.0675398
1569 -0.400815 0.0557902
1570 -0.405287 0.0566803
1571 -0.440446 0.0481947
1572 -0.475675 0.0449218
1573 -0.461603 0.0573051
1574 -0.523912 0.0551258
1575 -0.502009 0.0456437
1576 -0.499078 0.0604092
1577 -0.46031 0.0690771
1578 -0.483047 0.043968
1579 -0.484388 0.0404543
1580 -0.474971 0.0428198
1581 -0.48799 0.0466579
1582 -0.457856 0.0612958
1583 -0.458987 0.0467078
1584 -0.440794 0.0542868
1585 -0.422271 0.0550831
1586 -0.429675 0.0582144
1587 -0.493748 0.0442768
1588 -0.456343 0.0634575
1589 -0.481275 0.041315
1590 -0.476611 0.0332191
1591 -0.471005 0.031923
1592 -0.439544 0.0359046
1593 -0.430861 0.0413468
1594 -0.44758 0.0434978
1595 -0.422986 0.070557
1596 -0.433413 0.0531183
1597 -0.461311 0.0470875
1598 -0.450152 0.0556218
1599 -0.45397 0.0521541
1600 -0.486069 0.0380993
1601 -0.487135 0.041938
1602 -0.431468 0.0596224
1603 -0.476346 0.0536909
1604 -0.486267 0.0492579
1605 -0.481143 0.0445074
1606 -0.461104 0.0551063
1607 -0.446385 0.0440874
1608 -0.402997 0.0658482
1609 -0.431358 0.0491328
1610 -0.428889 0.0514531
1611 -0.443362 0.0486703
1612 -0.455743 0.0473546
1613 -0.450371 0.040491
1614 -0.453011 0.0409125
1615 -0.429353 0.0515637
1616 -0.401816 0.0492918
1617 -0.442403 0.0434849
1618 -0.436618 0.0372757
1619 -0.423978 0.0403277
1620 -0.405617 0.043406
1621 -0.36331 0.0502853
1622 -0.375746 0.0495767
1623 -0.35547 0.0529518
1624 -0.403408 0.0526328
1625 -0.374056 0.0557316
1626 -0.427816 0.0433821
1627 -0.42149 0.0398555
1628 -0.356465 0.0633843
1629 -0.380809 0.0584151
1630 -0.403265 0.0539206
1631 -0.373101 0.0625018
1632 -0.389766 0.0440619
1633 -0.381953 0.0498831
1634 -0.409946 0.0439749
1635 -0.368362 0.0523694
1636 -0.3899 0.0484072
1637 -0.404267 0.0470945
1638 -0.405543 0.0514394
1639 -0.407207 0.0593149
1640 -0.401591 0.0408151
1641 -0.392833 0.0410345
1642 -0.398781 0.04287
1643 -0.401246 0.0395396
1644 -0.400118 0.0509166
1645 -0.37071 0.0520259
1646 -0.370573 0.0491296
1647 -0.389606 0.0398566
1648 -0.354251 0.0522048
1649 -0.346163 0.0529009
1650 -0.384642 0.0468973
1651 -0.402122 0.0468584
1652 -0.413429 0.0555032
1653 -0.405445 0.0556202
1654 -0.380241 0.0625483
1655 -0.429114 0.038563
1656 -0.429332 0.0495432
1657 -0.399336 0.0564246
1658 -0.395193 0.0525914
1659 -0.371537 0.0554638
1660 -0.372893 0.0553368
1661 -0.371304 0.0602064
1662 -0.401762 0.0639752
1663 -0.428887 0.0540946
1664 -0.371865 0.0611718
1665 -0.363263 0.0587892
1666 -0.378311 0.0555393
1667 -0.400736 0.0432068
1668 -0.378162 0.0536112
1669 -0.369792 0.0517917
1670 -0.354048 0.051443
1671 -0.360409 0.052492
1672 -0.3508 0.0640264
1673 -0.355791 0.0664061
1674 -0.346275 0.0625192
1675 -0.373041 0.054227
1676 -0.340052 0.0590733
1677 -0.302199 0.0697719
1678 -0.31699 0.0692946
1679 -0.302603 0.0691642
1680 -0.329939 0.0695479
1681 -0.353018 0.05349
1682 -0.351175 0.044599
1683 -0.369867 0.0416393
1684 -0.374546 0.0368779
1685 -0.339803 0.0462
1686 -0.382186 0.0359994
1687 -0.366851 0.0403502
1688 -0.369016 0.0486989
1689 -0.370394 0.0435391
1690 -0.381548 0.0379873
1691 -0.381017 0.0481883
1692 -0.397317 0.0430989
1693 -0.386335 0.0515656
1694 -0.387828 0.0537792
1695 -0.377616 0.0434988
1696 -0.346351 0.0556974
1697 -0.357671 0.0505954
1698 -0.320261 0.0562696
1699 -0.301273 0.0634415
1700 -0.331031 0.0456417
1701 -0.292364 0.0601092
1702 -0.333472 0.0515272
1703 -0.325808 0.0427138
1704 -0.30521 0.0439015
1705 -0.321228 0.0407533
1706 -0.316895 0.0459817
1707 -0.306973 0.0499333
1708 -0.321947 0.048508
1709 -0.327776 0.043197
1710 -0.290731 0.0504371
1711 -0.321677 0.0477071
1712 -0.312924 0.0441537
1713 -0.318764 0.046496
1714 -0.304824 0.0565206
1715 -0.319628 0.0517036
1716 -0.343161 0.044536
1717 -0.328093 0.0446055
1718 -0.350671 0.0441822
1719 -0.343607 0.0452055
1720 -0.372038 0.0458987
1721 -0.412428 0.0406576
1722 -0.374858 0.0524727
1723 -0.377999 0.0453696
1724 -0.347955 0.048225
1725 -0.340335 0.0516231
1726 -0.316557 0.0555242
1727 -0.353909 0.0475814
1728 -0.363435 0.0459711
1729 -0.352652 0.0480558
1730 -0.357436 0.0495094
1731 -0.337367 0.0457999
1732 -0.3078 0.0473361
1733 -0.268579 0.0620363
1734 -0.339524 0.0420164
1735 -0.333131 0.0478295
1736 -0.302528 0.0575939
1737 -0.311035 0.0553884
1738 -0.30314 0.0605143
1739 -0.365291 0.0486456
1740 -0.363868 0.0475947
1741 -0.355427 0.0450413
1742 -0.374229 0.0462498
1743 -0.369534 0.051886
1744 -0.360497 0.0538765
1745 -0.333422 0.0596111
1746 -0.338231 0.0622754
1747 -0.330167 0.0612965
1748 -0.325686 0.0605105
1749 -0.355971 0.0538796
1750 -0.374295 0.0436841
1751 -0.367706 0.0442534
1752 -0.389499 0.0437461
1753 -0.312426 0.0596292
1754 -0.316617 0.0571134
1755 -0.297313 0.0664405
1756 -0.336024 0.0502094
1757 -0.343387 0.0496285
1758 -0.322422 0.0567045
1759 -0.356307 0.0573154
1760 -0.374204 0.052499
1761 -0.336509 0.0575248
1762 -0.364928 0.0419221
1763 -0.357892 0.0451381
1764 -0.379824 0.0430334
1765 -0.388627 0.043214
1766 -0.363688 0.053607
1767 -0.358997 0.0585968
1768 -0.378619 0.0481772
1769 -0.401042 0.0458378
1770 -0.359496 0.0477149
1771 -0.34865 0.0556075
1772 -0.364758 0.0576991
1773 -0.407373 0.0451709
1774 -0.4012 0.0445553
1775 -0.336097 0.0612699
1776 -0.37808 0.0423644
1777 -0.382819 0.0454915
1778 -0.408168 0.049007
1779 -0.406523 0.0448965
1780 -0.435787 0.0471763
1781 -0.3768 0.0541902
1782 -0.390273 0.0573134
1783 -0.411434 0.0603442
1784 -0.400595 0.0533405
1785 -0.36744 0.0573718
1786 -0.388009 0.0499556
1787 -0.366933 0.0445757
1788 -0.36882 0.0410589
1789 -0.386938 0.0422395
1790 -0.373796 0.0437654
1791 -0.385812 0.0466129
1792 -0.35137 0.0479841
1793 -0.343144 0.0482088
1794 -0.316606 0.0493493
1795 -0.336644 0.0454756
1796 -0.338732 0.0415918
1797 -0.354102 0.0456092
1798 -0.318258 0.061338
1799 -0.369022 0.0472893
1800 -0.393687 0.0410982
1801 -0.353338 0.0602616
1802 -0.348225 0.0586043
1803 -0.348535 0.0556034
1804 -0.35455 0.045472
1805 -0.356602 0.0484606
1806 -0.359363 0.0540915
1807 -0.349476 0.0540285
1808 -0.386144 0.0434346
1809 -0.353083 0.0497865
1810 -0.360509 0.0499644
1811 -0.378768 0.0526103
1812 -0.357891 0.0556943
1813 -0.38826 0.0506544
1814 -0.389499 0.0454174
1815 -0.385745 0.0513337
1816 -0.409426 0.0424221
1817 -0.377898 0.0401998
1818 -0.406204 0.0419798
1819 -0.379683 0.0527099
1820 -0.352059 0.0485032
1821 -0.356052 0.0477854
1822 -0.324874 0.0612244
1823 -0.388059 0.0507551
1824 -0.371738 0.0546747
1825 -0.385026 0.0540493
1826 -0.408983 0.0554754
1827 -0.397374 0.0630019
1828 -0.415379 0.0496077
1829 -0.411069 0.0499172
1830 -0.383642 0.0529889
1831 -0.368363 0.0624628
1832 -0.398593 0.0632716
1833 -0.435657 0.052738
1834 -0.46399 0.0519908
1835 -0.379233 0.0649913
1836 -0.388372 0.0672882
1837 -0.380458 0.0666562
1838 -0.374614 0.0540709
1839 -0.414008 0.0506359
1840 -0.430185 0.0406435
1841 -0.4478 0.0404735
1842 -0.417162 0.0519342
1843 -0.420386 0.0464432
1844 -0.395447 0.0512159
1845 -0.38271 0.04934
1846 -0.39852 0.0490073
1847 -0.400594 0.0494023
1848 -0.393482 0.0527651
1849 -0.380421 0.0458663
1850 -0.394408 0.0413019
1851 -0.43213 0.0435552
1852 -0.420338 0.0500019
1853 -0.412455 0.0508702
1854 -0.426621 0.0403745
1855 -0.395767 0.0510466
1856 -0.362025 0.0495802
1857 -0.413288 0.0480479
1858 -0.411066 0.0473157
1859 -0.414402 0.0378305
1860 -0.366933 0.0395336
1861 -0.365382 0.0486536
1862 -0.338736 0.0573009
1863 -0.346862 0.0486322
1864 -0.347444 0.043688
1865 -0.318354 0.0614741
1866 -0.373844 0.0462419
1867 -0.40818 0.0444277
1868 -0.380737 0.0377473
1869 -0.39655 0.042552
1870 -0.34982 0.0574389
1871 -0.328897 0.0612419
1872 -0.365525 0.046731
1873 -0.352094 0.0487062
1874 -0.36622 0.0484583
1875 -0.390253 0.0496727
1876 -0.392557 0.0424991
1877 -0.371572 0.0512865
1878 -0.38796 0.0413718
1879 -0.384911 0.0411241
1880 -0.375285 0.0477162
1881 -0.389346 0.0384857
1882 -0.348037 0.0464296
1883 -0.360647 0.0487854
1884 -0.370669 0.0527828
1885 -0.36897 0.0496021
1886 -0.358591 0.0525938
1887 -0.362293 0.0485663
1888 -0.372027 0.0391117
1889 -0.361908 0.0379231
1890 -0.327929 0.0423251
1891 -0.335893 0.0371361
1892 -0.334287 0.0415809
1893 -0.363489 0.0398102
1894 -0.370012 0.0413089
1895 -0.371989 0.0399421
1896 -0.364313 0.0443693
1897 -0.382349 0.0378181
1898 -0.372689 0.0347526
1899 -0.367631 0.0360582
1900 -0.340509 0.0441398
1901 -0.344611 0.0422036
1902 -0.283689 0.0603233
1903 -0.363184 0.0434944
1904 -0.358985 0.053204
1905 -0.369005 0.0474351
1906 -0.380937 0.0455934
1907 -0.381792 0.0458267
1908 -0.343375 0.0603672
1909 -0.348642 0.0609018
1910 -0.404101 0.0479142
1911 -0.395657 0.0404236
1912 -0.405687 0.0443303
1913 -0.411389 0.0525586
1914 -0.409485 0.0486849
1915 -0.392882 0.0577001
1916 -0.386307 0.0566856
1917 -0.364977 0.0584874
1918 -0.391716 0.0501162
1919 -0.389958 0.05514
1920 -0.380721 0.053152
1921 -0.353211 0.0678794
1922 -0.433705 0.0498831
1923 -0.440611 0.0459232
1924 -0.416273 0.0521445
1925 -0.409781 0.0378301
1926 -0.364948 0.0480158
1927 -0.373673 0.0471004
1928 -0.333169 0.0647799
1929 -0.348765 0.0536824
1930 -0.363084 0.0404726
1931 -0.393583 0.0420757
1932 -0.388416 0.0436237
1933 -0.398017 0.0478676
1934 -0.370648 0.0454137
1935 -0.384557 0.0358355
1936 -0.407204 0.0389543
1937 -0.399088 0.0396202
1938 -0.42299 0.0407703
1939 -0.40262 0.0431034
1940 -0.402586 0.0502804
1941 -0.446076 0.0457684
1942 -0.385096 0.0615667
1943 -0.452805 0.0477726
1944 -0.453984 0.0457871
1945 -0.434025 0.0371455
1946 -0.457007 0.0428198
1947 -0.454771 0.0540869
1948 -0.44283 0.0661135
1949 -0.493039 0.0499221
1950 -0.481269 0.0434531
1951 -0.488247 0.0487344
1952 -0.463073 0.0533246
1953 -0.458085 0.0523347
1954 -0.448277 0.0474585
1955 -0.444123 0.0457436
1956 -0.44328 0.0376186
1957 -0.434687 0.038979
1958 -0.467286 0.0363275
1959 -0.451515 0.0463636
1960 -0.46091 0.0457416
1961 -0.45134 0.0474702
1962 -0.413642 0.0497693
1963 -0.442931 0.0448215
1964 -0.492868 0.0340456
1965 -0.469441 0.0507715
1966 -0.423806 0.061879
1967 -0.436488 0.0419101
1968 -0.410082 0.0601714
1969 -0.392216 0.0592251
1970 -0.450883 0.0488606
1971 -0.466606 0.0463814
1972 -0.469628 0.0479078
1973 -0.477895 0.0456945
1974 -0.435108 0.0619556
1975 -0.478094 0.0481677
1976 -0.480791 0.0470065
1977 -0.468034 0.0441331
1978 -0.47704 0.0391937
1979 -0.429276 0.0593926
1980 -0.434379 0.0578676
1981 -0.44394 0.055418
1982 -0.500348 0.049287
1983 -0.480067 0.0413653
1984 -0.426981 0.0424733
1985 -0.390071 0.0515001
1986 -0.392923 0.0537472
1987 -0.413502 0.0460225
1988 -0.426947 0.0469432
1989 -0.462119 0.0387031
1990 -0.452771 0.0464417
1991 -0.426438 0.0574358
1992 -0.474035 0.0459395
1993 -0.480443 0.0501296
1994 -0.44513 0.0525229
1995 -0.466777 0.0444962
1996 -0.450198 0.0370406
1997 -0.445574 0.0473338
1998 -0.457343 0.0459579
1999 -0.451867 0.0520189
2000 -0.454018 0.0479472
