1 13.9
2 12.9808
3 12.0992
4 11.8287
5 11.8287
6 11.6802
7 11.6802
8 11.3831
9 10.7926
10 10.7926
11 10.5736
12 10.3416
13 10.2911
14 9.88717
15 9.88717
16 9.40369
17 9.25925
18 8.8815
19 8.70801
20 8.49146
21 8.38188
22 8.36713
23 8.36713
24 8.36713
25 8.36713
26 8.20793
27 8.08848
28 7.93407
29 7.90402
30 7.92362
31 7.85945
32 7.43984
33 7.43984
34 7.41556
35 7.41556
36 7.32275
37 7.32275
38 7.15158
39 7.04454
40 7.04454
41 6.98256
42 7.04454
43 6.98256
44 6.92698
45 6.82796
46 6.82796
47 6.76599
48 6.76599
49 6.76599
50 6.76599
51 6.56499
52 6.56499
53 6.47647
54 6.47647
55 6.47647
56 6.47647
57 6.47647
58 6.47647
59 6.34925
60 6.34925
61 6.34925
62 6.34925
63 6.34925
64 6.34925
65 6.34925
66 6.34925
67 6.34925
68 6.34925
69 6.29987
70 6.29987
71 6.26393
72 6.10686
73 6.10686
74 6.10686
75 6.10686
76 6.10686
77 6.03563
78 6.03563
79 6.03563
80 6.03563
81 6.03563
82 6.03563
83 6.03563
84 6.03563
85 6.03563
86 6.03563
87 6.03563
88 5.97036
89 5.96118
90 5.80834
91 5.80834
92 5.6004
93 5.6004
94 5.6004
95 5.6004
96 5.6004
97 5.6004
98 5.6004
99 5.6004
100 5.6004
101 5.6004
102 5.6004
103 5.6004
104 5.6004
105 5.6004
106 5.6004
107 5.6004
108 5.6004
109 5.48741
110 5.48741
111 5.48741
112 5.48741
113 5.48741
114 5.48741
115 5.48741
116 5.48741
117 5.48741
118 5.48741
119 5.48741
120 5.4286
121 5.33661
122 5.33661
123 5.33661
124 5.33661
125 5.33661
126 5.33661
127 5.33661
128 5.33661
129 5.33661
130 5.33661
131 5.33661
132 5.33661
133 5.33661
134 5.33661
135 5.33661
136 5.33661
137 5.33661
138 5.33661
139 5.33661
140 5.33661
141 5.33661
142 5.33661
143 5.33661
144 5.33661
145 5.33661
146 5.33661
147 5.33661
148 5.33661
149 5.33661
150 5.33661
151 5.33661
152 5.33661
153 5.33661
154 5.33661
155 5.33661
156 5.33661
157 5.33661
158 5.33661
159 5.33661
160 5.33661
161 5.33661
162 5.33661
163 5.33661
164 5.33661
165 5.33661
166 5.33661
167 5.33661
168 5.33661
169 5.33661
170 5.33661
171 5.33661
172 5.33661
173 5.33661
174 5.33661
175 5.33661
176 5.33661
177 5.33661
178 5.33661
179 5.33661
180 5.33661
181 5.33661
182 5.33661
183 5.33661
184 5.33661
185 5.33661
186 5.33661
187 5.33661
188 5.33661
189 5.33661
190 5.33661
191 5.33661
192 5.33661
193 5.33661
194 5.33661
195 5.33661
196 5.33661
197 5.33661
198 5.33661
199 5.33661
200 5.33661
201 5.33661
202 5.33661
203 5.33661
204 5.33661
205 5.33661
206 5.33661
207 5.33661
208 5.33661
209 5.33661
210 5.33661
211 5.33661
212 5.33661
213 5.33661
214 5.33661
215 5.33661
216 5.33661
217 5.33661
218 5.33661
219 5.33661
220 5.33661
221 5.33661
222 5.33661
223 5.33661
224 5.33661
225 5.33661
226 5.33661
227 5.33661
228 5.33661
229 5.33661
230 5.33661
231 5.33661
232 5.33661
233 5.33661
234 5.33661
235 5.33661
236 5.33661
237 5.33661
238 5.33661
239 5.33661
240 5.33661
241 5.33661
242 5.33661
243 5.33661
244 5.33661
245 5.33661
246 5.33661
247 5.33661
248 5.33661
249 5.33661
250 5.33661
251 5.33661
252 5.33661
253 5.33661
254 5.33661
255 5.33661
256 5.33661
257 5.33661
258 5.33661
259 5.33661
260 5.33661
261 5.33661
262 5.33661
263 5.33661
264 5.33661
265 5.33661
266 5.33661
267 5.33661
268 5.33661
269 5.33661
270 5.33661
271 5.33661
272 5.33661
273 5.33661
274 5.33661
275 5.33661
276 5.33661
277 5.33661
278 5.33661
279 5.33661
280 5.33661
281 5.33661
282 5.33661
283 5.33661
284 5.33661
285 5.33661
286 5.33661
287 5.33661
288 5.33661
289 5.33661
290 5.33661
291 5.33661
292 5.33661
293 5.33661
294 5.33661
295 5.33661
296 5.33661
297 5.33661
298 5.33661
299 5.33661
300 5.15913
301 5.15913
302 5.15913
303 5.15913
304 5.15913
305 5.15913
306 5.15913
307 5.15913
308 5.15913
309 5.15913
310 5.15913
311 5.15913
312 5.15913
313 5.15913
314 5.15913
315 5.15913
316 5.15913
317 5.15913
318 5.15913
319 5.15913
320 5.15913
321 5.15913
322 5.15913
323 5.15913
324 5.15913
325 5.15913
326 5.15913
327 5.15913
328 5.15913
329 5.15913
330 5.15913
331 5.15913
332 5.15913
333 5.15913
334 5.15913
335 5.15913
336 5.15913
337 5.15913
338 5.15913
339 5.15913
340 5.15913
341 5.15913
342 5.15913
343 5.15913
344 5.15913
345 5.15913
346 5.15913
347 5.15913
348 5.15913
349 5.15913
350 5.15913
351 5.15913
352 5.15913
353 5.15913
354 5.15913
355 5.15913
356 5.15913
357 5.15913
358 5.15913
359 5.15913
360 5.15913
361 5.15913
362 5.15913
363 5.15913
364 5.15913
365 5.15913
366 5.15913
367 5.15913
368 5.15913
369 5.15913
370 5.15913
371 5.15913
372 5.15913
373 5.15913
374 5.15913
375 5.15913
376 5.15913
377 5.15913
378 5.15913
379 5.15913
380 5.15913
381 5.15913
382 5.15913
383 5.15913
384 5.15913
385 5.15913
386 5.15913
387 5.15913
388 5.15913
389 5.15913
390 5.15913
391 5.15913
392 5.15913
393 5.15913
394 5.15913
395 5.15913
396 5.15913
397 5.15913
398 5.15913
399 5.15913
400 5.15913
401 5.15913
402 5.15913
403 5.15913
404 5.15913
405 5.15913
406 5.15913
407 5.15913
408 5.15913
409 5.15913
410 5.15913
411 5.15913
412 5.15913
413 5.15913
414 5.15913
415 5.15913
416 5.15913
417 5.15913
418 5.15913
419 5.15913
420 5.15913
421 5.15913
422 5.15913
423 5.15913
424 5.15913
425 5.15913
426 5.15913
427 5.15913
428 5.15913
429 5.15913
430 5.15913
431 5.15913
432 5.15913
433 5.15913
434 5.15913
435 5.15913
436 5.15913
437 5.15913
438 5.15913
439 5.15913
440 5.15913
441 5.15913
442 5.15913
443 5.15913
444 5.15913
445 5.15913
446 5.15913
447 5.15913
448 5.15913
449 5.15913
450 5.15913
451 5.15913
452 5.15913
453 5.15913
454 5.15913
455 5.15913
456 5.15913
457 5.15913
458 5.15913
459 5.15913
460 5.15913
461 5.15913
462 5.15913
463 5.15913
464 5.15913
465 5.15913
466 5.15913
467 5.15913
468 5.15913
469 5.15913
470 5.15913
471 5.15913
472 5.15913
473 5.15913
474 5.15913
475 5.15913
476 5.15913
477 5.15913
478 5.15913
479 5.15913
480 5.15913
481 5.15913
482 5.15913
483 5.15913
484 5.15913
485 5.15913
486 5.15913
487 5.15913
488 5.15913
489 5.15913
490 5.15913
491 5.15913
492 5.15913
493 5.15913
494 5.15913
495 5.15913
496 5.15913
497 5.15913
498 5.15913
499 5.15913
500 5.15913
501 5.15913
502 5.15913
503 5.15913
504 5.15913
505 5.15913
506 5.15913
507 5.15913
508 5.15913
509 5.15913
510 5.15913
511 5.15913
512 5.15913
513 5.15913
514 5.15913
515 5.15913
516 5.15913
517 5.15913
518 5.15913
519 5.15913
520 5.15913
521 5.15913
522 5.15913
523 5.15913
524 5.15913
525 5.15913
526 5.15913
527 5.15913
528 5.15913
529 5.15913
530 5.15913
531 5.15913
532 5.15913
533 5.15913
534 5.15913
535 5.15913
536 5.15913
537 5.15913
538 5.15913
539 5.15913
540 5.15913
541 5.15913
542 5.15913
543 5.15913
544 5.15913
545 5.15913
546 5.15913
547 5.15913
548 5.15913
549 5.15913
550 5.15913
551 5.15913
552 5.15913
553 5.15913
554 5.15913
555 5.15913
556 5.15913
557 5.15913
558 5.15913
559 5.15913
560 5.15913
561 5.15913
562 5.15913
563 5.15913
564 5.15913
565 5.15913
566 5.15913
567 5.15913
568 5.15913
569 5.15913
570 5.15913
571 5.15913
572 5.15913
573 5.15913
574 5.15913
575 5.15913
576 5.15913
577 5.15913
578 5.15913
579 5.15913
580 5.15913
581 5.15913
582 5.15913
583 5.15913
584 5.15913
585 5.15913
586 5.15913
587 5.15913
588 5.15913
589 5.15913
590 5.15913
591 5.15913
592 5.15913
593 5.15913
594 5.15913
595 5.15913
596 5.15913
597 5.15913
598 5.15913
599 5.15913
600 5.07041
601 5.07041
602 5.07041
603 5.07041
604 5.07041
605 5.07041
606 5.07041
607 5.07041
608 5.07041
609 5.07041
610 5.07041
611 5.07041
612 5.07041
613 5.07041
614 5.07041
615 5.07041
616 5.07041
617 5.07041
618 5.07041
619 5.07041
620 5.07041
621 5.07041
622 5.07041
623 5.07041
624 5.07041
625 5.07041
626 5.07041
627 5.07041
628 5.07041
629 5.07041
630 5.07041
631 5.07041
632 5.07041
633 5.07041
634 5.07041
635 5.07041
636 5.07041
637 5.07041
638 5.07041
639 5.07041
640 5.07041
641 5.07041
642 5.07041
643 5.07041
644 5.07041
645 5.07041
646 5.07041
647 5.07041
648 5.07041
649 5.07041
650 5.07041
651 5.07041
652 5.07041
653 5.07041
654 5.07041
655 5.07041
656 5.07041
657 5.07041
658 5.07041
659 5.07041
660 5.07041
661 5.07041
662 5.07041
663 5.07041
664 5.07041
665 5.07041
666 5.07041
667 5.07041
668 5.07041
669 5.07041
670 5.07041
671 5.07041
672 5.07041
673 5.07041
674 5.07041
675 5.07041
676 5.07041
677 5.07041
678 5.07041
679 5.07041
680 5.07041
681 5.07041
682 5.07041
683 5.07041
684 5.07041
685 5.07041
686 5.07041
687 5.07041
688 5.07041
689 5.07041
690 5.07041
691 5.07041
692 5.07041
693 5.07041
694 5.07041
695 5.07041
696 5.07041
697 5.07041
698 5.07041
699 5.07041
700 5.07041
701 5.07041
702 5.07041
703 5.07041
704 5.07041
705 5.07041
706 5.07041
707 5.07041
708 5.07041
709 5.07041
710 5.07041
711 5.07041
712 5.07041
713 5.07041
714 5.07041
715 5.07041
716 5.07041
717 5.07041
718 5.07041
719 5.07041
720 5.07041
721 5.07041
722 5.07041
723 5.07041
724 5.07041
725 5.07041
726 5.07041
727 5.07041
728 5.07041
729 5.07041
730 5.07041
731 5.07041
732 5.07041
733 5.07041
734 5.07041
735 5.07041
736 5.07041
737 5.07041
738 5.07041
739 5.07041
740 5.07041
741 5.07041
742 5.07041
743 5.07041
744 5.07041
745 5.07041
746 5.07041
747 5.07041
748 5.07041
749 5.07041
750 5.07041
751 5.07041
752 5.07041
753 5.07041
754 5.07041
755 5.07041
756 5.07041
757 5.07041
758 5.07041
759 5.07041
760 5.07041
761 5.07041
762 5.07041
763 5.07041
764 5.07041
765 5.07041
766 5.07041
767 5.07041
768 5.07041
769 5.07041
770 5.07041
771 5.07041
772 5.07041
773 5.07041
774 5.07041
775 5.07041
776 5.07041
777 5.07041
778 5.07041
779 5.07041
780 5.07041
781 5.07041
782 5.07041
783 5.07041
784 5.07041
785 5.07041
786 5.07041
787 5.07041
788 5.07041
789 5.07041
790 5.07041
791 5.07041
792 5.07041
793 5.07041
794 5.07041
795 5.07041
796 5.07041
797 5.07041
798 5.07041
799 5.07041
800 5.07041
801 5.07041
802 5.07041
803 5.07041
804 5.07041
805 5.07041
806 5.07041
807 5.07041
808 5.07041
809 5.07041
810 5.07041
811 5.07041
812 5.07041
813 5.07041
814 5.07041
815 5.07041
816 5.07041
817 5.07041
818 5.07041
819 5.07041
820 5.07041
821 5.07041
822 5.07041
823 5.07041
824 5.07041
825 5.07041
826 5.07041
827 5.07041
828 5.07041
829 5.07041
830 5.07041
831 5.07041
832 5.07041
833 5.07041
834 5.07041
835 5.07041
836 5.07041
837 5.07041
838 5.07041
839 5.07041
840 5.07041
841 5.07041
842 5.07041
843 5.07041
844 5.07041
845 5.07041
846 5.07041
847 5.07041
848 5.07041
849 5.07041
850 5.07041
851 5.07041
852 5.07041
853 5.07041
854 5.07041
855 5.07041
856 5.07041
857 5.07041
858 5.07041
859 5.07041
860 5.07041
861 5.07041
862 5.07041
863 5.07041
864 5.07041
865 5.07041
866 5.07041
867 5.07041
868 5.07041
869 5.07041
870 5.07041
871 5.07041
872 5.07041
873 5.07041
874 5.07041
875 5.07041
876 5.07041
877 5.07041
878 5.07041
879 5.07041
880 5.07041
881 5.07041
882 5.07041
883 5.07041
884 5.07041
885 5.07041
886 5.07041
887 5.07041
888 5.07041
889 5.07041
890 5.07041
891 5.07041
892 5.07041
893 5.07041
894 5.07041
895 5.07041
896 5.07041
897 5.07041
898 5.07041
899 5.07041
900 5.07041
901 5.07041
902 5.07041
903 5.07041
904 5.07041
905 5.07041
906 5.07041
907 5.07041
908 5.07041
909 5.07041
910 5.07041
911 5.07041
912 5.07041
913 5.07041
914 5.07041
915 5.07041
916 5.07041
917 5.07041
918 5.07041
919 5.07041
920 5.07041
921 5.07041
922 5.07041
923 5.07041
924 5.07041
925 5.07041
926 5.07041
927 5.07041
928 5.07041
929 5.07041
930 5.07041
931 5.07041
932 5.07041
933 5.07041
934 5.07041
935 5.07041
936 5.07041
937 5.07041
938 5.07041
939 5.07041
940 5.07041
941 5.07041
942 5.07041
943 5.07041
944 5.07041
945 5.07041
946 5.07041
947 5.07041
948 5.07041
949 5.07041
950 5.07041
951 5.07041
952 5.07041
953 5.07041
954 5.07041
955 5.07041
956 5.07041
957 5.07041
958 5.07041
959 5.07041
960 5.07041
961 5.07041
962 5.07041
963 5.07041
964 5.07041
965 5.07041
966 5.07041
967 5.07041
968 5.07041
969 5.07041
970 5.07041
971 5.07041
972 5.07041
973 5.07041
974 5.07041
975 5.07041
976 5.07041
977 5.07041
978 5.07041
979 5.07041
980 5.07041
981 5.07041
982 5.07041
983 5.07041
984 5.07041
985 5.07041
986 5.07041
987 5.07041
988 5.07041
989 5.07041
990 5.07041
991 5.07041
992 5.07041
993 5.07041
994 5.07041
995 5.07041
996 5.07041
997 5.07041
998 5.07041
999 5.07041
1000 5.07041
1001 5.07041
1002 5.07041
1003 5.07041
1004 5.07041
1005 5.07041
1006 5.07041
1007 5.07041
1008 5.07041
1009 5.07041
1010 5.07041
1011 5.07041
1012 5.07041
1013 5.07041
1014 5.07041
1015 5.07041
1016 5.07041
1017 5.07041
1018 5.07041
1019 5.07041
1020 5.07041
1021 5.07041
1022 5.07041
1023 5.07041
1024 5.07041
1025 5.07041
1026 5.07041
1027 5.07041
1028 5.07041
1029 5.07041
1030 5.07041
1031 5.07041
1032 5.07041
1033 5.07041
1034 5.07041
1035 5.07041
1036 5.07041
1037 5.07041
1038 5.07041
1039 5.07041
1040 5.07041
1041 5.07041
1042 5.07041
1043 5.07041
1044 5.07041
1045 5.07041
1046 5.07041
1047 5.07041
1048 5.07041
1049 5.07041
1050 5.07041
1051 5.07041
1052 5.07041
1053 5.07041
1054 5.07041
1055 5.07041
1056 5.07041
1057 5.07041
1058 5.07041
1059 5.07041
1060 5.07041
1061 5.07041
1062 5.07041
1063 5.07041
1064 5.07041
1065 5.07041
1066 5.07041
1067 5.07041
1068 5.07041
1069 5.07041
1070 5.07041
1071 5.07041
1072 5.07041
1073 5.07041
1074 5.07041
1075 5.07041
1076 5.07041
1077 5.07041
1078 5.07041
1079 5.07041
1080 5.07041
1081 5.07041
1082 5.07041
1083 5.07041
1084 5.07041
1085 5.07041
1086 5.07041
1087 5.07041
1088 5.07041
1089 5.07041
1090 5.07041
1091 5.07041
1092 5.07041
1093 5.07041
1094 5.07041
1095 5.07041
1096 5.07041
1097 5.07041
1098 5.07041
1099 5.07041
1100 5.07041
1101 5.07041
1102 5.07041
1103 5.07041
1104 5.07041
1105 5.07041
1106 5.07041
1107 5.07041
1108 5.07041
1109 5.07041
1110 5.07041
1111 5.07041
1112 5.07041
1113 5.07041
1114 5.07041
1115 5.07041
1116 5.07041
1117 5.07041
1118 5.07041
1119 5.07041
1120 5.07041
1121 5.07041
1122 5.07041
1123 5.07041
1124 5.07041
1125 5.07041
1126 5.07041
1127 5.07041
1128 5.07041
1129 5.07041
1130 5.07041
1131 5.07041
1132 5.07041
1133 5.07041
1134 5.07041
1135 5.07041
1136 5.07041
1137 5.07041
1138 5.07041
1139 5.07041
1140 5.07041
1141 5.07041
1142 5.07041
1143 5.07041
1144 5.07041
1145 5.07041
1146 5.07041
1147 5.07041
1148 5.07041
1149 5.07041
1150 5.07041
1151 5.07041
1152 5.07041
1153 5.07041
1154 5.07041
1155 5.07041
1156 5.07041
1157 5.07041
1158 5.07041
1159 5.07041
1160 5.07041
1161 5.07041
1162 5.07041
1163 5.07041
1164 5.07041
1165 5.07041
1166 5.07041
1167 5.07041
1168 5.07041
1169 5.07041
1170 5.07041
1171 5.07041
1172 5.07041
1173 5.07041
1174 5.07041
1175 5.07041
1176 5.07041
1177 5.07041
1178 5.07041
1179 5.07041
1180 5.07041
1181 5.07041
1182 5.07041
1183 5.07041
1184 5.07041
1185 5.07041
1186 5.07041
1187 5.07041
1188 5.07041
1189 5.07041
1190 5.07041
1191 5.07041
1192 5.07041
1193 5.07041
1194 5.07041
1195 5.07041
1196 5.07041
1197 5.07041
1198 5.07041
1199 5.07041
1200 5.07041
1201 5.07041
1202 5.07041
1203 5.07041
1204 5.07041
1205 5.07041
1206 5.07041
1207 5.07041
1208 5.07041
1209 5.07041
1210 5.07041
1211 5.07041
1212 5.07041
1213 5.07041
1214 5.07041
1215 5.07041
1216 5.07041
1217 5.07041
1218 5.07041
1219 5.07041
1220 5.07041
1221 5.07041
1222 5.07041
1223 5.07041
1224 5.07041
1225 5.07041
1226 5.07041
1227 5.07041
1228 5.07041
1229 5.07041
1230 5.07041
1231 5.07041
1232 5.07041
1233 5.07041
1234 5.07041
1235 5.07041
1236 5.07041
1237 5.07041
1238 5.07041
1239 5.07041
1240 5.07041
1241 5.07041
1242 5.07041
1243 5.07041
1244 5.07041
1245 5.07041
1246 5.07041
1247 5.07041
1248 5.07041
1249 5.07041
1250 5.07041
1251 5.07041
1252 5.07041
1253 5.07041
1254 5.07041
1255 5.07041
1256 5.07041
1257 5.07041
1258 5.07041
1259 5.07041
1260 5.07041
1261 5.07041
1262 5.07041
1263 5.07041
1264 5.07041
1265 5.07041
1266 5.07041
1267 5.07041
1268 5.07041
1269 5.07041
1270 5.07041
1271 5.07041
1272 5.07041
1273 5.07041
1274 5.07041
1275 5.07041
1276 5.07041
1277 5.07041
1278 5.07041
1279 5.07041
1280 5.07041
1281 5.07041
1282 5.07041
1283 5.07041
1284 5.07041
1285 5.07041
1286 5.07041
1287 5.07041
1288 5.07041
1289 5.07041
1290 5.07041
1291 5.07041
1292 5.07041
1293 5.07041
1294 5.07041
1295 5.07041
1296 5.07041
1297 5.07041
1298 5.07041
1299 5.07041
1300 5.07041
1301 5.07041
1302 5.07041
1303 5.07041
1304 5.07041
1305 5.07041
1306 5.07041
1307 5.07041
1308 5.07041
1309 5.07041
1310 5.07041
1311 5.07041
1312 5.07041
1313 5.07041
1314 5.07041
1315 5.07041
1316 5.07041
1317 5.07041
1318 5.07041
1319 5.07041
1320 5.07041
1321 5.07041
1322 5.07041
1323 5.07041
1324 5.07041
1325 5.07041
1326 5.07041
1327 5.07041
1328 5.07041
1329 5.07041
1330 5.07041
1331 5.07041
1332 5.07041
1333 5.07041
1334 5.07041
1335 5.07041
1336 5.07041
1337 5.07041
1338 5.07041
1339 5.07041
1340 5.07041
1341 5.07041
1342 5.07041
1343 5.07041
1344 5.07041
1345 5.07041
1346 5.07041
1347 5.07041
1348 5.07041
1349 5.07041
1350 5.07041
1351 5.07041
1352 5.07041
1353 5.07041
1354 5.07041
1355 5.07041
1356 5.07041
1357 5.07041
1358 5.07041
1359 5.07041
1360 5.07041
1361 5.07041
1362 5.07041
1363 5.07041
1364 5.07041
1365 5.07041
1366 5.07041
1367 5.07041
1368 5.07041
1369 5.07041
1370 5.07041
1371 5.07041
1372 5.07041
1373 5.07041
1374 5.07041
1375 5.07041
1376 5.07041
1377 5.07041
1378 5.07041
1379 5.07041
1380 5.07041
1381 5.07041
1382 5.07041
1383 5.07041
1384 5.07041
1385 5.07041
1386 5.07041
1387 5.07041
1388 5.07041
1389 5.07041
1390 5.07041
1391 5.07041
1392 5.07041
1393 5.07041
1394 5.07041
1395 5.07041
1396 5.07041
1397 5.07041
1398 5.07041
1399 5.07041
1400 5.07041
1401 5.07041
1402 5.07041
1403 5.07041
1404 5.07041
1405 5.07041
1406 5.07041
1407 5.07041
1408 5.07041
1409 5.07041
1410 5.07041
1411 5.07041
1412 5.07041
1413 5.07041
1414 5.07041
1415 5.07041
1416 5.07041
1417 5.07041
1418 5.07041
1419 5.07041
1420 5.07041
1421 5.07041
1422 5.07041
1423 5.07041
1424 5.07041
1425 5.07041
1426 5.07041
1427 5.07041
1428 5.07041
1429 5.07041
1430 5.07041
1431 5.07041
1432 5.07041
1433 5.07041
1434 5.07041
1435 5.07041
1436 5.07041
1437 5.07041
1438 5.07041
1439 5.07041
1440 5.07041
1441 5.07041
1442 5.07041
1443 5.07041
1444 5.07041
1445 5.07041
1446 5.07041
1447 5.07041
1448 5.07041
1449 5.07041
1450 5.07041
1451 5.07041
1452 5.07041
1453 5.07041
1454 5.07041
1455 5.07041
1456 5.07041
1457 5.07041
1458 5.07041
1459 5.07041
1460 5.07041
1461 5.07041
1462 5.07041
1463 5.07041
1464 5.07041
1465 5.07041
1466 5.07041
1467 5.07041
1468 5.07041
1469 5.07041
1470 5.07041
1471 5.07041
1472 5.07041
1473 5.07041
1474 5.07041
1475 5.07041
1476 5.07041
1477 5.07041
1478 5.07041
1479 5.07041
1480 5.07041
1481 5.07041
1482 5.07041
1483 5.07041
1484 5.07041
1485 5.07041
1486 5.07041
1487 5.07041
1488 5.07041
1489 5.07041
1490 5.07041
1491 5.07041
1492 5.07041
1493 5.07041
1494 5.07041
1495 5.07041
1496 5.07041
1497 5.07041
1498 5.07041
1499 5.07041
1500 5.07041
1501 5.07041
1502 5.07041
1503 5.07041
1504 5.07041
1505 5.07041
1506 5.07041
1507 5.07041
1508 5.07041
1509 5.07041
1510 5.07041
1511 5.07041
1512 5.07041
1513 5.07041
1514 5.07041
1515 5.07041
1516 5.07041
1517 5.07041
1518 5.07041
1519 5.07041
1520 5.07041
1521 5.07041
1522 5.07041
1523 5.07041
1524 5.07041
1525 5.07041
1526 5.07041
1527 5.07041
1528 5.07041
1529 5.07041
1530 5.07041
1531 5.07041
1532 5.07041
1533 5.07041
1534 5.07041
1535 5.07041
1536 5.07041
1537 5.07041
1538 5.07041
1539 5.07041
1540 5.07041
1541 5.07041
1542 5.07041
1543 5.07041
1544 5.07041
1545 5.07041
1546 5.07041
1547 5.07041
1548 5.07041
1549 5.07041
1550 5.07041
1551 5.07041
1552 5.07041
1553 5.07041
1554 5.07041
1555 5.07041
1556 5.07041
1557 5.07041
1558 5.07041
1559 5.07041
1560 5.07041
1561 5.07041
1562 5.07041
1563 5.07041
1564 5.07041
1565 5.07041
1566 5.07041
1567 5.07041
1568 5.07041
1569 5.07041
1570 5.07041
1571 5.07041
1572 5.07041
1573 5.07041
1574 5.07041
1575 5.07041
1576 5.07041
1577 5.07041
1578 5.07041
1579 5.07041
1580 5.07041
1581 5.07041
1582 5.07041
1583 5.07041
1584 5.07041
1585 5.07041
1586 5.07041
1587 5.07041
1588 5.07041
1589 5.07041
1590 5.07041
1591 5.07041
1592 5.07041
1593 5.07041
1594 5.07041
1595 5.07041
1596 5.07041
1597 5.07041
1598 5.07041
1599 5.07041
1600 5.07041
1601 5.07041
1602 5.07041
1603 5.07041
1604 5.07041
1605 5.07041
1606 5.07041
1607 5.07041
1608 5.07041
1609 5.07041
1610 5.07041
1611 5.07041
1612 5.07041
1613 5.07041
1614 5.07041
1615 5.07041
1616 5.07041
1617 5.07041
1618 5.07041
1619 5.07041
1620 5.07041
1621 5.07041
1622 5.07041
1623 5.07041
1624 5.07041
1625 5.07041
1626 5.07041
1627 5.07041
1628 5.07041
1629 5.07041
1630 5.07041
1631 5.07041
1632 5.07041
1633 5.07041
1634 5.07041
1635 5.07041
1636 5.07041
1637 5.07041
1638 5.07041
1639 5.07041
1640 5.07041
1641 5.07041
1642 5.07041
1643 5.07041
1644 5.07041
1645 5.07041
1646 5.07041
1647 5.07041
1648 5.07041
1649 5.07041
1650 5.07041
1651 5.07041
1652 5.07041
1653 5.07041
1654 5.07041
1655 5.07041
1656 5.07041
1657 5.07041
1658 5.07041
1659 5.07041
1660 5.07041
1661 5.07041
1662 5.07041
1663 5.07041
1664 5.07041
1665 5.07041
1666 5.07041
1667 5.07041
1668 5.07041
1669 5.07041
1670 5.07041
1671 5.07041
1672 5.07041
1673 5.07041
1674 5.07041
1675 5.07041
1676 5.07041
1677 5.07041
1678 5.07041
1679 5.07041
1680 5.07041
1681 5.07041
1682 5.07041
1683 5.07041
1684 5.07041
1685 5.07041
1686 5.07041
1687 5.07041
1688 5.07041
1689 5.07041
1690 5.07041
1691 5.07041
1692 5.07041
1693 5.07041
1694 5.07041
1695 5.07041
1696 5.07041
1697 5.07041
1698 5.07041
1699 5.07041
1700 5.07041
1701 5.07041
1702 5.07041
1703 5.07041
1704 5.07041
1705 5.07041
1706 5.07041
1707 5.07041
1708 5.07041
1709 5.07041
1710 5.07041
1711 5.07041
1712 5.07041
1713 5.07041
1714 5.07041
1715 5.07041
1716 5.07041
1717 5.07041
1718 5.07041
1719 5.07041
1720 5.07041
1721 5.07041
1722 5.07041
1723 5.07041
1724 5.07041
1725 5.07041
1726 5.07041
1727 5.07041
1728 5.07041
1729 5.07041
1730 5.07041
1731 5.07041
1732 5.07041
1733 5.07041
1734 5.07041
1735 5.07041
1736 5.07041
1737 5.07041
1738 5.07041
1739 5.07041
1740 5.07041
1741 5.07041
1742 5.07041
1743 5.07041
1744 5.07041
1745 5.07041
1746 5.07041
1747 5.07041
1748 5.07041
1749 5.07041
1750 5.07041
1751 5.07041
1752 5.07041
1753 5.07041
1754 5.07041
1755 5.07041
1756 5.07041
1757 5.07041
1758 5.07041
1759 5.07041
1760 5.07041
1761 5.07041
1762 5.07041
1763 5.07041
1764 5.07041
1765 5.07041
1766 5.07041
1767 5.07041
1768 5.07041
1769 5.07041
1770 5.07041
1771 5.07041
1772 5.07041
1773 5.07041
1774 5.07041
1775 5.07041
1776 5.07041
1777 5.07041
1778 5.07041
1779 5.07041
1780 5.07041
1781 5.07041
1782 5.07041
1783 5.07041
1784 5.07041
1785 5.07041
1786 5.07041
1787 5.07041
1788 5.07041
1789 5.07041
1790 5.07041
1791 5.07041
1792 5.07041
1793 5.07041
1794 5.07041
1795 5.07041
1796 5.07041
1797 5.07041
1798 5.07041
1799 5.07041
1800 5.07041
1801 5.07041
1802 5.07041
1803 5.07041
1804 5.07041
1805 5.07041
1806 5.07041
1807 5.07041
1808 5.07041
1809 5.07041
1810 5.07041
1811 5.07041
1812 5.07041
1813 5.07041
1814 5.07041
1815 5.07041
1816 5.07041
1817 5.07041
1818 5.07041
1819 5.07041
1820 5.07041
1821 5.07041
1822 5.07041
1823 5.07041
1824 5.07041
1825 5.07041
1826 5.07041
1827 5.07041
1828 5.07041
1829 5.07041
1830 5.07041
1831 5.07041
1832 5.07041
1833 5.07041
1834 5.07041
1835 5.07041
1836 5.07041
1837 5.07041
1838 5.07041
1839 5.07041
1840 5.07041
1841 5.07041
1842 5.07041
1843 5.07041
1844 5.07041
1845 5.07041
1846 5.07041
1847 5.07041
1848 5.07041
1849 5.07041
1850 5.07041
1851 5.07041
1852 5.07041
1853 5.07041
1854 5.07041
1855 5.07041
1856 5.07041
1857 5.07041
1858 5.07041
1859 5.07041
1860 5.07041
1861 5.07041
1862 5.07041
1863 5.07041
1864 5.07041
1865 5.07041
1866 5.07041
1867 5.07041
1868 5.07041
1869 5.07041
1870 5.07041
1871 5.07041
1872 5.07041
1873 5.07041
1874 5.07041
1875 5.07041
1876 5.07041
1877 5.07041
1878 5.07041
1879 5.07041
1880 5.07041
1881 5.07041
1882 5.07041
1883 5.07041
1884 5.07041
1885 5.07041
1886 5.07041
1887 5.07041
1888 5.07041
1889 5.07041
1890 5.07041
1891 5.07041
1892 5.07041
1893 5.07041
1894 5.07041
1895 5.07041
1896 5.07041
1897 5.07041
1898 5.07041
1899 5.07041
1900 5.07041
1901 5.07041
1902 5.07041
1903 5.07041
1904 5.07041
1905 5.07041
1906 5.07041
1907 5.07041
1908 5.07041
1909 5.07041
1910 5.07041
1911 5.07041
1912 5.07041
1913 5.07041
1914 5.07041
1915 5.07041
1916 5.07041
1917 5.07041
1918 5.07041
1919 5.07041
1920 5.07041
1921 5.07041
1922 5.07041
1923 5.07041
1924 5.07041
1925 5.07041
1926 5.07041
1927 5.07041
1928 5.07041
1929 5.07041
1930 5.07041
1931 5.07041
1932 5.07041
1933 5.07041
1934 5.07041
1935 5.07041
1936 5.07041
1937 5.07041
1938 5.07041
1939 5.07041
1940 5.07041
1941 5.07041
1942 5.07041
1943 5.07041
1944 5.07041
1945 5.07041
1946 5.07041
1947 5.07041
1948 5.07041
1949 5.07041
1950 5.07041
1951 5.07041
1952 5.07041
1953 5.07041
1954 5.07041
1955 5.07041
1956 5.07041
1957 5.07041
1958 5.07041
1959 5.07041
1960 5.07041
1961 5.07041
1962 5.07041
1963 5.07041
1964 5.07041
1965 5.07041
1966 5.07041
1967 5.07041
1968 5.07041
1969 5.07041
1970 5.07041
1971 5.07041
1972 5.07041
1973 5.07041
1974 5.07041
1975 5.07041
1976 5.07041
1977 5.07041
1978 5.07041
1979 5.07041
1980 5.07041
1981 5.07041
1982 5.07041
1983 5.07041
1984 5.07041
1985 5.07041
1986 5.07041
1987 5.07041
1988 5.07041
1989 5.07041
1990 5.07041
1991 5.07041
1992 5.07041
1993 5.07041
1994 5.07041
1995 5.07041
1996 5.07041
1997 5.07041
1998 5.07041
1999 5.07041
2000 5.07041
