0 19 22 5 30 8 10 31 4 21 23 2 27 9 20 12 3 13 25 29 11 17 1 18 15 14 7 26 16 24 6 28 
0 25 31 30 4 15 3 1 26 12 8 27 11 17 28 29 19 23 6 24 16 18 20 7 22 9 21 2 10 14 5 13 
0 19 18 30 20 23 17 7 22 14 10 12 8 27 16 11 1 5 28 6 3 15 26 31 25 9 29 2 24 21 13 4 
0 21 9 8 12 14 16 27 11 10 5 31 4 18 13 6 19 1 24 25 15 22 23 7 28 3 29 26 2 17 30 20 
0 15 27 9 18 23 16 24 8 14 13 21 10 1 28 25 20 29 31 5 30 22 3 19 26 17 7 2 4 12 11 6 
0 28 14 18 2 3 13 19 27 22 17 31 1 7 24 29 4 12 5 30 15 16 25 9 23 8 26 11 6 21 10 20 
0 11 6 24 3 5 4 12 9 26 8 2 22 30 19 25 16 31 27 14 10 29 13 23 15 18 20 1 21 28 17 7 
0 23 7 20 30 2 28 21 27 25 22 24 15 5 18 13 16 1 8 6 4 14 17 26 10 12 11 9 31 3 29 19 
0 29 16 9 13 27 12 4 21 19 5 24 11 8 1 31 6 17 25 15 14 23 26 22 7 20 30 18 2 10 3 28 
0 23 19 12 2 24 29 26 25 16 20 15 22 17 6 5 21 11 14 18 4 31 8 3 30 7 1 28 10 27 9 13 
0 31 14 16 8 13 21 15 28 18 22 5 23 10 11 4 2 17 20 29 24 12 26 7 30 9 6 19 1 27 3 25 
0 20 31 4 24 29 10 5 28 26 12 7 27 9 15 16 22 2 11 6 3 17 8 19 14 30 13 25 21 1 18 23 
0 2 4 22 16 25 12 10 27 14 7 24 28 20 29 11 26 3 8 18 17 30 19 9 5 1 31 6 23 21 15 13 
0 16 3 9 21 28 6 26 22 17 1 7 2 4 13 19 23 29 24 14 8 30 18 12 20 5 15 25 10 11 31 27 
0 19 12 22 21 2 9 31 20 30 17 7 14 23 11 6 18 13 15 16 4 1 3 10 5 8 27 25 29 24 28 26 
0 6 11 19 31 16 1 4 18 25 3 26 9 14 7 5 15 27 30 22 17 28 21 8 10 13 29 2 24 20 23 12 
0 21 11 7 3 23 20 28 15 31 30 26 12 4 19 17 16 9 29 14 18 13 25 22 8 24 5 1 27 2 10 6 
0 9 14 29 30 4 22 26 12 13 21 25 19 16 20 8 11 10 17 24 23 18 1 28 15 3 6 31 5 27 2 7 
0 13 18 21 29 26 22 28 20 31 25 23 8 19 4 7 30 14 24 6 17 11 27 2 9 3 5 12 16 1 15 10 
0 14 3 4 17 18 6 30 9 24 26 15 28 8 16 21 10 2 13 31 1 5 12 20 25 29 11 23 27 22 19 7 
0 20 27 28 19 4 6 18 8 10 14 22 23 3 31 24 2 25 12 9 26 15 16 17 7 29 11 30 5 1 13 21 
0 16 3 24 21 28 19 8 17 20 1 29 4 30 10 5 18 26 31 9 12 2 13 25 23 27 15 11 6 14 7 22 
0 19 29 3 20 18 26 12 30 10 25 8 6 9 22 14 2 17 21 11 27 24 7 31 5 16 13 23 1 4 28 15 
0 31 21 26 9 11 17 5 25 1 19 4 28 13 29 23 8 16 10 24 27 6 12 20 15 18 22 2 30 7 14 3 
0 23 30 1 3 25 27 6 15 31 28 8 21 16 20 10 17 11 2 22 18 4 12 9 5 26 19 24 7 29 13 14 
0 5 18 22 10 16 15 26 13 19 21 3 4 29 30 2 9 31 12 24 1 25 11 20 8 27 14 6 23 17 7 28 
0 8 30 22 9 20 2 29 7 3 24 12 18 31 27 6 1 10 5 11 16 17 19 13 25 26 23 14 21 15 4 28 
0 2 26 15 19 8 20 29 24 5 17 31 14 16 21 27 6 1 12 9 22 4 11 28 7 23 13 3 10 30 18 25 
0 1 23 24 15 17 6 12 27 16 22 2 19 18 3 4 26 14 5 9 10 21 25 13 11 28 8 30 29 20 7 31 
0 25 16 28 26 19 27 24 3 6 2 7 8 23 4 12 10 5 1 13 20 31 18 29 15 21 14 11 17 30 9 22 
0 10 25 5 4 11 14 24 2 29 20 22 18 27 8 21 6 9 31 1 13 28 23 26 12 15 16 3 19 30 7 17 
0 4 22 15 9 2 3 17 27 21 16 24 11 8 6 28 18 26 1 23 13 25 31 19 30 14 12 5 10 7 29 20 
0 3 25 1 16 26 11 20 24 14 29 28 31 8 2 17 30 6 7 23 22 13 27 21 18 19 12 5 4 9 10 15 
0 28 3 11 17 23 8 1 31 14 21 18 20 12 7 5 15 24 22 25 19 30 27 4 16 10 29 26 2 13 9 6 
0 20 24 27 19 31 30 2 21 8 18 14 25 1 10 26 9 6 28 4 22 11 17 3 15 29 7 5 13 16 12 23 
0 8 1 31 12 5 6 30 4 3 7 10 23 16 2 14 28 22 20 9 15 24 13 29 18 21 25 17 26 19 11 27 
0 29 30 12 26 13 5 14 18 4 25 20 8 17 28 19 24 21 7 2 11 15 23 9 1 10 16 22 31 3 27 6 
0 22 28 4 9 16 31 2 26 30 17 13 7 29 19 24 25 23 20 8 12 15 14 27 3 1 5 18 6 21 11 10 
0 2 30 21 31 5 17 20 16 4 12 26 29 3 23 13 11 8 7 18 10 28 27 25 6 14 15 24 22 1 9 19 
0 6 31 13 14 2 8 12 29 23 27 10 20 16 28 1 26 3 11 21 22 17 24 4 15 19 18 5 7 30 25 9 
0 23 1 13 15 20 6 26 14 28 4 29 27 8 10 24 16 21 9 30 22 31 3 19 11 18 7 17 25 12 5 2 
0 28 16 22 4 27 15 31 7 3 26 17 10 25 12 5 13 19 14 20 1 24 9 18 29 8 23 30 2 6 11 21 
0 6 29 9 5 28 22 23 25 10 2 3 18 8 1 27 19 4 15 30 11 31 17 20 24 26 14 12 13 21 7 16 
0 29 30 4 22 18 15 24 27 16 31 23 9 14 26 11 13 10 3 20 6 17 28 2 19 1 5 12 8 25 7 21 
0 17 21 29 3 12 26 30 23 11 13 9 8 6 28 15 2 19 14 10 18 22 1 24 16 4 27 5 20 31 7 25 
0 9 17 31 1 26 5 11 7 3 24 27 29 13 18 14 16 6 10 19 2 12 23 28 30 4 15 8 22 20 21 25 
0 22 2 15 13 7 25 17 10 6 16 21 9 14 20 28 5 1 26 8 23 4 18 31 3 12 27 30 24 29 11 19 
0 9 5 21 12 25 27 13 26 2 17 4 22 23 31 24 8 3 6 10 1 15 16 11 28 18 30 20 29 14 7 19 
0 4 6 29 27 16 31 18 17 3 7 30 9 8 10 15 26 19 1 20 21 24 28 13 5 14 25 12 22 11 23 2 
0 25 9 26 5 23 15 17 2 14 4 18 28 13 3 6 1 31 24 19 20 27 22 11 7 21 8 16 29 10 30 12 
0 10 23 12 21 15 7 22 5 25 9 17 14 24 2 30 16 18 3 26 6 1 8 11 27 19 28 31 29 4 13 20 
0 1 23 8 13 5 17 3 10 18 19 6 26 22 31 15 12 25 27 2 4 20 16 7 14 29 28 9 30 11 24 21 
0 12 17 30 8 26 16 19 28 23 3 5 21 7 14 25 31 4 1 15 13 9 11 10 18 6 20 29 27 24 2 22 
0 17 4 23 24 6 22 21 2 18 12 7 25 10 28 3 13 29 9 1 19 30 8 5 20 27 11 26 14 15 31 16 
0 1 26 9 30 18 31 13 27 14 28 16 17 12 3 2 24 7 23 25 22 20 21 5 10 8 15 29 11 19 6 4 
0 13 22 30 29 4 3 27 12 6 15 19 16 23 25 17 18 7 11 20 9 8 21 10 28 1 31 26 2 5 14 24 
0 1 26 7 18 12 22 14 3 27 29 4 21 11 31 13 28 5 15 2 24 19 10 9 23 25 30 20 8 17 6 16 
0 14 3 28 2 24 30 5 16 10 8 7 26 4 9 17 23 31 11 18 1 19 27 20 6 13 25 15 21 12 22 29 
0 10 27 6 1 11 25 21 4 5 23 9 20 15 29 7 16 13 19 26 30 28 22 24 31 17 3 18 12 2 14 8 
0 8 10 5 2 1 15 25 12 22 7 3 24 30 11 29 19 26 27 9 28 4 6 20 17 13 18 16 23 31 21 14 
0 27 28 5 7 2 14 30 11 8 1 9 31 21 18 26 10 17 3 19 23 6 25 22 15 29 12 24 13 16 20 4 
0 31 30 25 3 29 11 17 18 27 8 12 28 10 24 13 1 21 9 15 16 26 4 20 7 5 14 6 23 19 2 22 
0 19 22 3 14 29 4 27 2 10 23 16 8 20 1 18 7 12 26 6 25 5 13 28 31 17 9 24 15 30 11 21 
0 20 22 14 9 10 31 17 12 26 11 7 18 30 23 13 2 1 8 25 27 24 16 19 21 29 28 6 3 15 5 4 
0 3 19 26 14 24 5 7 15 25 1 23 30 18 10 20 21 8 28 13 12 9 27 17 31 22 6 11 29 16 4 2 
0 23 18 3 30 4 28 12 20 1 19 2 24 25 6 21 26 9 17 31 16 27 7 10 11 14 5 15 22 29 13 8 
0 2 6 20 7 17 1 9 29 11 15 3 10 31 14 16 13 12 25 28 5 19 21 22 4 8 18 24 27 30 23 26 
0 15 8 2 23 28 25 17 21 20 29 7 31 14 19 26 22 9 27 10 24 1 6 13 5 18 12 16 4 30 11 3 
0 1 31 29 6 24 30 25 14 13 26 4 20 3 12 16 18 15 11 27 9 5 7 8 2 22 21 23 10 28 17 19 
0 16 3 8 19 15 9 4 23 7 10 30 11 24 1 22 18 27 28 12 25 14 31 13 20 17 21 5 29 6 26 2 
0 27 8 2 13 21 12 10 14 29 11 9 16 20 5 4 18 7 1 19 26 3 6 15 17 28 31 24 30 23 25 22 
0 9 7 16 28 11 4 12 18 26 25 22 29 30 2 6 20 3 5 24 17 14 13 10 8 21 31 1 23 15 27 19 
0 9 31 10 27 19 17 8 24 1 13 4 14 22 5 21 29 3 15 23 18 30 16 25 12 28 2 20 7 6 11 26 
0 7 26 28 16 19 12 8 18 17 23 6 14 24 2 13 3 21 10 22 27 5 29 4 20 9 25 31 15 30 11 1 
0 1 7 29 12 4 30 28 27 13 25 18 5 3 9 22 14 23 15 19 26 8 21 2 31 20 24 6 16 17 11 10 
0 11 31 22 29 20 5 7 3 21 28 12 4 27 2 1 8 13 14 9 19 25 23 16 26 17 24 15 6 10 30 18 
0 31 1 23 19 2 13 28 12 26 16 7 8 10 6 30 25 21 29 4 11 15 17 27 3 18 5 22 9 20 24 14 
0 5 14 27 29 31 9 8 21 4 13 12 3 26 15 25 1 2 19 17 24 7 22 18 28 10 6 30 11 20 23 16 
0 18 20 14 3 6 17 4 15 31 29 23 9 10 16 19 8 28 2 25 5 24 7 1 30 26 21 27 12 11 22 13 
0 19 10 15 23 30 13 7 3 6 26 12 20 11 27 31 24 9 22 16 21 29 25 2 28 8 1 5 17 4 18 14 
0 6 4 19 15 21 3 26 17 29 7 12 24 20 18 25 2 23 10 11 8 9 27 13 1 22 5 16 31 14 30 28 
0 15 21 11 19 26 24 28 7 6 10 17 23 1 25 2 20 30 16 13 5 27 3 31 9 14 12 22 8 4 18 29 
0 5 29 6 1 9 18 8 4 20 31 24 30 14 13 25 17 23 19 28 26 10 22 11 12 15 3 27 21 2 16 7 
0 19 12 30 25 31 16 2 18 9 11 29 7 27 21 5 17 23 8 1 28 26 15 10 24 4 13 20 3 6 14 22 
0 11 15 13 5 1 17 6 10 21 16 22 24 14 30 9 31 23 19 29 8 4 28 27 7 12 25 20 3 26 18 2 
0 23 24 5 4 11 3 12 16 31 25 9 18 20 30 15 2 6 14 28 10 21 22 1 19 27 17 7 13 29 8 26 
0 30 28 22 11 3 25 9 15 18 29 7 5 17 21 27 19 12 14 4 2 1 13 10 24 8 31 26 20 23 16 6 
0 30 24 15 13 2 22 1 4 20 17 3 6 19 9 11 16 27 14 29 18 28 7 8 12 26 21 31 23 25 10 5 
0 22 4 27 20 6 1 10 25 30 19 21 8 12 31 23 29 26 9 2 3 7 24 5 11 28 18 14 15 13 17 16 
0 31 22 11 7 27 19 21 17 4 16 29 6 8 30 3 5 14 2 28 12 26 23 20 24 25 1 9 18 10 13 15 
0 29 3 12 9 5 7 20 15 16 13 28 26 18 21 11 30 8 6 14 22 4 19 10 24 31 17 1 27 23 25 2 
0 8 28 30 25 10 17 3 24 26 15 13 19 6 21 18 29 22 4 7 12 2 1 9 5 31 27 16 20 23 11 14 
0 12 14 8 19 21 22 4 17 13 3 20 27 18 9 5 23 30 24 6 31 7 2 16 10 11 29 1 25 15 26 28 
0 2 15 3 8 10 19 21 7 9 25 1 16 6 26 18 5 29 27 17 12 28 31 11 30 24 20 22 4 23 13 14 
0 20 30 13 24 15 27 9 18 1 19 22 16 10 21 6 28 11 7 29 31 5 25 17 8 23 14 3 2 12 4 26 
0 19 18 9 14 25 24 31 16 8 12 13 4 20 30 3 29 1 11 21 2 26 10 28 15 6 27 17 23 22 7 5 
0 19 17 21 30 23 10 25 26 31 13 27 29 1 14 18 22 6 12 11 15 28 20 3 8 5 24 16 4 2 9 7 
0 27 1 18 19 6 5 11 2 4 30 25 10 23 21 12 8 24 22 17 28 29 15 26 16 14 3 7 13 9 20 31 
0 5 6 10 19 30 3 20 17 7 13 12 22 11 16 28 25 21 2 23 18 26 4 9 15 8 14 24 31 29 27 1 
0 14 22 4 15 26 31 20 1 9 30 28 12 29 21 17 19 6 2 18 11 23 16 25 24 8 27 7 13 10 3 5 
