0 23 16 24 30 28 9 21 13 1 25 3 2 4 12 8 18 15 31 22 7 10 5 19 14 11 20 26 17 6 29 27 
0 26 28 17 18 21 16 15 1 12 10 31 3 29 8 23 11 13 27 24 9 19 2 25 4 7 5 30 14 20 22 6 
0 27 25 14 20 8 16 21 2 13 9 22 23 19 7 1 31 30 26 10 3 4 15 17 18 12 5 24 11 6 28 29 
0 25 19 14 7 4 24 17 26 13 21 10 6 9 8 23 16 12 11 29 27 1 3 5 20 28 2 30 22 18 31 15 
0 27 10 20 17 18 5 26 7 16 29 6 2 22 30 12 14 23 9 24 21 15 1 19 11 31 13 3 28 25 8 4 
0 6 28 14 13 27 3 18 16 19 20 29 1 4 10 9 11 22 2 24 26 25 12 7 23 17 8 15 31 30 5 21 
0 31 18 22 10 19 25 9 4 5 12 30 2 7 3 23 28 21 15 17 27 8 16 26 11 29 20 13 6 24 14 1 
0 27 29 28 13 21 7 23 9 30 19 20 5 11 25 8 26 22 31 16 2 18 15 24 3 14 4 1 10 12 17 6 
0 20 13 9 6 16 23 22 31 15 10 19 26 2 4 25 21 18 11 27 12 5 24 28 3 1 7 30 29 8 17 14 
0 29 23 24 17 3 31 4 12 1 14 5 27 8 28 25 19 7 11 26 10 15 13 30 18 2 6 22 21 20 9 16 
0 8 29 1 7 5 9 11 26 23 6 22 20 25 4 21 27 31 24 2 15 18 17 12 10 3 28 16 14 19 30 13 
0 19 2 6 30 17 18 21 9 11 10 15 22 14 12 5 24 31 7 29 20 26 27 4 3 23 1 28 8 25 13 16 
0 7 29 9 27 31 14 4 13 2 23 15 5 18 24 19 26 17 28 10 6 30 22 1 12 16 25 3 11 20 8 21 
0 18 28 2 29 11 10 27 25 1 16 17 7 9 15 8 23 22 30 3 4 19 12 26 13 21 31 5 14 24 6 20 
0 7 1 26 15 11 20 31 18 27 24 14 4 30 2 10 8 13 28 19 3 16 21 6 22 5 25 23 9 29 17 12 
0 22 21 29 13 24 17 4 25 19 15 1 16 12 5 26 9 6 27 3 7 11 28 23 8 31 18 20 10 14 2 30 
0 13 20 19 30 17 10 25 18 31 6 2 12 23 24 28 21 22 27 9 14 7 8 3 1 15 16 26 5 29 11 4 
0 8 30 24 17 27 5 14 10 15 29 4 28 9 18 2 19 6 7 31 1 12 16 26 22 21 23 13 3 25 11 20 
0 14 12 17 10 27 15 11 1 31 29 7 2 13 24 23 28 16 21 25 5 3 9 19 18 30 26 22 6 4 20 8 
0 25 21 3 9 22 16 7 28 6 19 31 15 27 23 11 5 17 8 2 12 4 26 24 18 10 30 29 14 1 13 20 
0 29 27 13 16 11 28 8 21 30 10 6 26 22 3 1 24 15 23 31 25 20 9 2 12 18 5 19 14 17 7 4 
0 23 20 5 21 17 16 27 9 24 11 30 3 2 25 4 13 1 15 31 18 22 12 8 7 10 6 19 14 29 26 28 
0 27 17 26 19 13 5 21 16 28 4 25 18 1 2 3 14 23 8 20 30 10 29 12 24 15 7 22 31 9 11 6 
0 9 31 19 29 23 6 26 3 2 25 30 7 8 11 18 10 24 20 1 28 16 15 14 5 21 13 17 4 22 12 27 
0 24 17 9 1 5 14 4 25 13 8 10 2 19 15 29 22 23 28 3 21 20 26 27 18 7 6 30 31 16 11 12 
0 9 15 26 13 25 22 31 20 19 6 11 14 23 4 17 1 29 27 21 28 24 2 5 30 12 10 16 7 8 3 18 
0 26 25 9 11 20 22 12 14 17 31 28 8 21 7 1 6 29 2 23 4 18 16 27 13 15 19 10 24 30 5 3 
0 30 10 12 3 4 28 16 7 13 18 25 5 9 6 23 14 8 17 15 27 24 1 19 31 2 21 20 22 26 29 11 
0 10 21 3 8 26 17 11 1 19 28 31 14 30 2 12 25 22 7 20 29 6 23 5 9 18 16 13 24 15 27 4 
0 13 28 27 16 23 17 29 31 18 8 10 12 11 30 15 20 25 14 22 2 6 7 5 19 4 26 21 9 1 24 3 
0 13 3 29 24 28 21 20 18 4 1 6 11 17 27 25 5 7 16 14 10 19 9 30 26 31 8 12 2 23 22 15 
0 10 27 13 20 12 11 6 31 4 21 29 19 9 30 26 25 7 8 28 5 24 23 1 15 18 17 22 3 16 14 2 
0 21 30 20 13 24 4 18 8 12 1 9 11 27 31 26 22 6 3 29 2 7 28 10 19 17 16 25 23 15 5 14 
0 12 31 16 2 13 24 25 17 4 27 22 28 21 3 6 8 19 9 20 15 18 5 26 7 1 14 29 23 30 10 11 
0 18 16 19 7 26 8 15 3 1 9 6 12 30 28 21 10 13 20 4 23 25 27 5 17 22 31 29 2 24 14 11 
0 24 16 26 18 19 25 20 13 15 31 23 5 17 27 21 3 12 4 9 6 2 1 8 30 22 11 7 10 28 29 14 
0 22 31 10 28 8 27 24 14 11 23 2 1 29 21 6 18 3 7 5 16 30 4 15 19 17 25 13 26 12 20 9 
0 22 19 13 17 2 23 20 24 6 30 28 31 26 8 1 10 27 21 7 4 3 9 25 18 29 11 15 5 12 16 14 
0 19 12 28 24 11 31 17 2 14 3 30 18 29 21 16 8 4 27 26 9 20 23 25 1 22 5 10 6 15 13 7 
0 27 4 24 20 25 9 14 28 8 19 29 16 22 26 1 21 3 13 6 5 10 17 7 11 15 2 31 23 18 12 30 
0 8 15 28 30 5 6 7 2 13 4 11 26 12 22 10 29 1 20 24 16 21 17 23 14 3 19 9 18 31 27 25 
0 12 25 4 21 10 5 18 3 28 14 23 29 1 2 17 13 16 26 22 27 8 30 6 15 20 11 9 19 24 31 7 
0 9 6 1 20 25 4 15 17 28 8 11 2 18 19 7 10 21 13 30 27 14 22 12 16 29 24 5 26 23 3 31 
0 14 3 2 13 5 10 31 8 17 20 15 18 4 29 25 22 16 11 7 1 26 12 23 24 19 30 27 9 21 28 6 
0 13 29 23 1 6 17 2 7 25 20 12 24 31 22 11 4 28 9 15 19 14 30 27 5 16 8 3 18 26 10 21 
0 21 6 12 11 28 13 31 27 9 15 3 20 22 24 19 2 29 5 1 10 7 16 30 26 18 8 17 14 23 4 25 
0 15 16 9 20 24 22 14 5 31 29 28 19 23 10 3 26 25 4 12 6 2 11 7 27 1 8 21 17 30 18 13 
0 13 26 18 23 20 22 9 24 31 21 25 8 3 28 30 6 5 16 10 2 19 29 27 4 11 1 7 14 12 15 17 
0 27 15 9 1 26 2 4 25 3 14 11 30 5 31 13 28 19 6 20 24 16 12 21 23 8 10 29 18 22 7 17 
0 7 30 2 21 27 14 1 3 16 10 6 18 19 28 15 29 5 20 31 26 8 13 9 12 4 11 22 23 24 17 25 
0 7 12 25 27 24 28 9 20 2 30 21 8 18 4 31 14 13 29 22 3 1 6 11 10 5 16 23 26 15 19 17 
0 13 19 23 17 22 6 7 27 25 15 3 14 4 9 5 2 20 16 31 8 11 30 10 29 28 18 26 24 1 21 12 
0 22 2 28 4 21 3 13 8 25 10 30 18 23 26 1 20 14 19 16 12 17 9 15 7 11 6 29 5 31 27 24 
0 31 2 17 3 28 27 24 15 30 12 22 13 7 14 5 26 10 8 1 6 21 4 25 9 29 16 23 19 18 11 20 
0 20 25 12 4 29 7 1 11 5 3 31 15 16 30 2 10 6 18 17 22 8 19 27 23 28 24 13 14 21 9 26 
0 5 17 15 8 16 25 14 22 12 28 26 29 3 13 19 2 27 10 7 31 21 9 20 24 6 30 18 23 11 1 4 
0 13 23 28 22 29 14 12 27 2 26 3 15 6 4 18 31 19 21 9 20 25 7 10 1 24 30 11 5 17 8 16 
0 28 17 24 21 5 10 12 15 19 7 6 18 30 4 2 23 1 20 31 22 11 29 9 3 13 8 25 27 14 16 26 
0 10 31 1 7 17 24 20 27 6 28 14 4 22 15 3 5 25 29 13 2 11 18 8 16 30 12 9 26 21 19 23 
0 29 10 6 25 9 18 12 8 23 26 5 2 17 4 30 22 16 24 14 13 31 28 3 27 21 7 1 11 20 15 19 
0 5 30 31 26 29 4 10 13 12 17 15 11 6 9 19 16 21 7 3 27 1 28 23 8 24 25 14 22 2 18 20 
0 25 22 20 18 10 14 5 7 3 6 13 19 1 9 29 8 23 27 2 30 24 12 4 15 26 11 17 21 31 16 28 
0 15 13 9 23 27 4 17 20 16 5 6 31 28 21 30 26 12 7 19 29 2 8 3 1 10 24 14 11 22 18 25 
0 1 27 11 22 16 13 28 17 25 10 5 20 29 24 2 14 19 21 6 4 18 26 30 9 7 31 12 3 15 23 8 
0 18 5 26 27 16 17 13 29 14 30 22 3 25 9 20 7 23 31 21 12 24 6 28 19 4 10 1 8 11 15 2 
0 21 23 6 14 5 24 25 4 19 22 31 11 1 2 8 27 29 30 17 12 20 10 26 13 18 16 28 15 7 9 3 
0 2 23 21 11 20 19 3 4 24 22 5 26 18 14 6 27 25 31 17 16 13 28 7 9 1 15 30 12 8 29 10 
0 17 10 28 3 15 14 26 19 18 22 4 11 1 6 25 27 29 5 30 9 21 8 31 2 7 13 23 12 20 24 16 
0 14 30 23 26 11 17 10 28 9 29 18 21 31 20 6 2 3 4 7 1 13 19 25 16 27 22 24 8 12 15 5 
0 24 28 7 6 3 20 29 10 31 2 9 21 15 1 23 12 26 30 14 4 13 27 19 16 5 11 8 25 17 18 22 
0 5 22 29 10 17 8 27 6 4 3 23 21 26 11 15 16 14 7 31 12 20 19 2 30 9 18 24 28 25 1 13 
0 21 31 25 24 23 10 20 19 4 7 5 8 1 28 22 18 17 16 14 15 13 6 12 3 29 30 26 2 9 27 11 
0 8 17 30 19 21 5 27 29 15 7 1 12 9 11 14 23 22 31 26 3 28 24 13 20 25 16 2 6 10 4 18 
0 22 15 17 2 16 29 18 12 25 6 24 5 10 7 11 26 20 30 23 31 27 1 13 3 19 8 9 28 21 14 4 
0 15 16 27 26 29 31 2 18 19 22 28 3 6 23 12 11 1 10 20 13 5 17 9 4 7 30 25 21 8 24 14 
0 3 5 10 4 6 22 26 12 13 30 21 7 29 11 18 28 9 31 23 14 16 20 8 1 17 19 2 15 27 25 24 
0 30 26 5 15 21 7 27 13 28 22 9 24 1 6 17 25 19 3 10 11 20 14 2 4 31 18 8 16 23 12 29 
0 30 12 6 10 27 23 28 15 22 4 18 9 8 29 24 19 25 13 14 7 31 2 17 1 11 5 26 21 16 20 3 
0 5 10 7 18 27 24 31 29 14 13 28 23 1 20 16 8 26 19 30 11 21 3 6 25 9 2 4 17 22 15 12 
0 22 21 16 30 29 24 13 11 12 14 25 26 20 28 23 5 31 1 17 4 15 8 6 10 7 18 19 9 27 2 3 
0 3 13 4 14 27 10 19 7 16 26 28 2 6 1 30 12 23 5 15 22 24 9 17 20 11 18 25 21 31 8 29 
0 14 20 24 29 10 15 11 2 5 26 22 17 4 19 7 1 28 3 6 18 25 16 13 9 12 31 27 30 21 23 8 
0 19 8 5 24 26 16 20 23 22 30 6 15 11 17 21 31 28 25 7 9 1 18 14 12 13 3 27 2 4 10 29 
0 4 25 8 18 13 15 24 10 17 20 12 19 26 7 27 23 9 22 3 6 30 28 29 11 5 31 16 14 1 21 2 
0 6 9 17 16 12 21 31 24 29 14 30 3 27 19 10 20 1 22 23 15 2 28 25 7 5 8 18 26 13 4 11 
0 7 26 15 23 27 30 20 8 18 3 10 5 21 9 28 22 17 12 4 29 13 11 1 6 2 19 31 25 24 16 14 
0 8 9 21 5 1 2 13 31 19 11 20 30 12 18 26 15 7 3 10 22 25 29 16 17 6 4 28 24 23 27 14 
0 9 15 4 11 27 14 5 23 7 3 6 8 24 26 31 17 10 22 21 12 13 28 18 2 16 25 19 30 29 20 1 
0 18 20 27 3 2 24 10 15 28 7 26 16 17 1 31 23 12 22 29 13 30 4 8 9 5 19 6 25 21 11 14 
0 16 28 21 23 29 14 10 31 22 6 5 1 11 4 24 19 2 27 8 18 30 25 17 3 26 13 20 12 9 15 7 
0 2 20 17 29 30 11 31 4 16 12 3 13 15 28 6 19 1 14 24 8 5 18 9 22 10 23 25 7 27 21 26 
0 28 14 29 10 4 13 7 24 1 17 20 26 18 6 9 8 16 30 25 19 3 23 27 2 22 5 31 11 21 12 15 
0 26 10 16 19 1 27 7 4 13 22 5 17 3 12 24 29 2 18 15 23 11 14 9 25 30 21 31 6 28 8 20 
0 10 18 16 7 9 1 17 4 8 3 24 23 30 19 31 13 28 26 14 6 2 5 25 22 20 21 29 15 27 11 12 
0 14 13 19 22 21 20 16 29 15 17 18 6 10 5 11 1 24 9 7 28 8 30 31 27 23 25 26 2 4 3 12 
0 19 8 17 30 3 16 23 29 26 11 12 25 22 4 5 21 15 10 6 27 14 2 1 20 31 28 9 7 13 18 24 
0 28 23 21 12 3 11 7 20 9 30 13 16 2 31 29 17 10 22 19 18 8 26 1 25 4 24 15 27 6 14 5 
0 12 20 5 30 29 17 27 1 2 19 4 10 21 8 6 26 23 13 11 18 22 16 31 28 25 9 3 24 15 7 14 
0 20 27 19 7 1 10 16 17 11 9 30 21 31 23 13 15 26 25 18 24 3 28 14 5 22 8 12 6 4 29 2 
0 8 19 30 25 31 6 18 27 10 11 15 28 13 2 9 3 26 20 21 14 24 5 29 22 1 12 4 16 17 23 7 
