0 20 16 8 18 22 13 28 26 24 2 10 3 7 19 30 29 9 11 23 6 15 12 4 1 14 5 21 25 17 31 27 
0 9 8 13 11 17 20 21 25 3 26 23 29 19 28 16 18 31 27 1 15 10 24 14 7 12 6 2 30 4 5 22 
0 25 8 9 29 26 28 27 3 19 21 14 4 1 31 18 7 15 6 23 24 2 11 30 17 16 12 13 20 22 10 5 
0 16 26 30 25 28 22 2 19 24 31 3 13 5 8 23 7 14 9 29 21 11 6 27 10 12 18 15 1 4 17 20 
0 5 20 10 12 24 6 4 1 3 8 26 7 17 14 18 30 16 31 15 2 13 19 9 21 23 11 29 28 22 25 27 
0 20 8 11 6 24 17 10 4 2 5 7 18 30 14 21 12 31 13 25 22 3 27 28 1 16 26 23 29 15 9 19 
0 5 6 31 23 10 3 13 21 8 19 15 12 27 26 16 4 25 2 7 18 28 29 11 24 22 17 30 1 14 9 20 
0 29 5 23 9 24 17 22 14 10 4 7 15 3 30 26 11 21 19 31 1 2 13 12 20 28 27 16 25 18 6 8 
0 12 3 24 25 13 26 16 27 19 20 23 5 1 6 22 2 29 8 30 9 21 15 28 10 31 17 14 18 4 7 11 
0 19 12 15 8 21 28 10 2 25 26 29 20 27 24 18 30 14 5 22 1 17 31 16 23 9 13 4 7 3 6 11 
0 8 21 9 25 19 27 1 20 6 4 14 3 7 23 13 12 28 17 29 24 2 22 26 16 15 11 30 10 18 5 31 
0 18 17 30 14 10 5 28 2 19 23 26 31 16 12 15 6 4 20 3 7 29 21 9 22 24 8 1 13 11 25 27 
0 25 29 30 1 18 21 5 6 31 26 10 22 20 12 2 24 13 15 19 14 11 28 8 7 16 3 27 4 17 23 9 
0 31 14 26 19 21 7 9 23 24 25 1 28 29 20 13 17 5 16 27 8 3 11 22 4 30 10 18 2 6 12 15 
0 31 9 3 29 22 7 13 17 6 23 20 30 12 18 5 8 14 4 25 28 24 16 2 26 19 1 15 27 10 21 11 
0 6 19 7 28 17 16 5 1 18 8 2 4 24 3 15 22 20 23 21 11 31 14 30 29 25 13 26 27 10 12 9 
0 20 1 16 7 27 3 8 24 6 17 19 14 12 23 13 31 10 22 9 30 15 21 4 5 25 26 2 18 11 29 28 
0 11 24 26 21 7 13 25 14 1 29 15 23 31 10 2 22 12 5 28 4 16 17 8 6 18 30 20 19 9 3 27 
0 13 27 8 28 19 22 9 11 5 15 3 30 7 31 20 10 17 4 21 18 25 24 1 16 2 23 26 14 6 29 12 
0 10 19 21 8 11 7 24 13 25 29 23 16 12 6 20 31 30 14 2 1 17 5 22 28 18 15 27 3 9 26 4 
0 12 30 5 20 21 9 15 3 18 29 14 8 13 2 23 7 1 4 31 10 19 17 25 24 22 26 28 27 11 6 16 
0 25 19 28 4 13 17 24 27 5 3 29 1 6 30 18 26 8 14 11 20 9 12 10 15 21 31 2 7 22 23 16 
0 27 25 19 14 30 6 5 7 28 12 13 16 3 9 24 11 10 31 29 23 18 4 26 20 1 21 22 17 2 8 15 
0 27 1 23 17 30 7 12 3 28 19 15 4 2 11 18 14 26 8 21 13 25 22 6 29 5 24 16 10 9 31 20 
0 26 24 18 8 20 5 30 6 3 1 14 22 17 28 7 11 2 10 4 29 12 15 25 9 16 23 13 21 19 31 27 
0 7 10 16 22 15 29 31 18 23 28 6 30 2 11 25 20 9 24 13 27 19 17 1 4 26 21 12 8 3 5 14 
0 19 23 28 22 11 10 14 12 6 9 26 29 7 4 1 25 27 21 5 8 15 31 2 3 20 24 16 13 17 30 18 
0 31 18 3 25 24 29 11 12 22 4 9 23 2 19 15 10 26 14 13 21 30 20 8 5 28 1 27 17 16 7 6 
0 12 15 7 11 13 21 29 10 18 19 5 23 30 16 28 1 25 20 3 9 6 2 17 22 24 4 26 14 8 27 31 
0 19 1 4 22 10 29 2 15 6 24 18 8 17 11 30 7 5 31 28 9 26 20 13 23 25 12 3 21 14 27 16 
0 8 30 2 12 7 6 23 17 25 14 21 11 10 5 27 3 19 9 31 24 26 15 4 18 20 29 1 13 16 22 28 
0 4 23 9 1 31 20 11 21 19 26 18 16 15 8 6 27 25 22 12 3 7 13 5 30 10 24 14 28 29 17 2 
0 8 22 30 10 28 4 31 25 19 16 18 26 27 2 11 21 13 15 23 1 29 7 24 6 17 12 20 5 3 14 9 
0 12 30 11 23 9 19 31 2 29 14 27 7 25 21 5 28 24 1 26 17 8 20 16 3 18 15 13 10 22 6 4 
0 15 1 28 30 19 26 17 5 23 12 22 3 14 9 8 4 27 16 10 29 24 21 11 20 25 6 7 13 31 18 2 
0 9 31 23 5 29 18 15 19 3 12 4 17 10 26 2 27 25 13 6 11 28 16 24 20 8 1 7 14 22 21 30 
0 28 9 14 22 1 2 18 8 24 19 17 12 27 16 15 11 13 30 23 6 10 3 31 5 25 29 20 7 21 26 4 
0 10 28 18 5 31 23 24 4 27 12 17 7 2 8 11 22 29 9 6 26 16 20 1 13 30 3 21 14 25 15 19 
0 20 30 22 2 31 19 12 14 8 1 25 15 28 11 9 17 24 10 21 26 3 13 5 27 29 18 23 7 6 4 16 
0 14 20 23 17 7 21 28 10 15 9 30 25 13 16 8 1 5 22 3 11 4 6 31 26 24 2 12 19 18 27 29 
0 10 28 2 5 26 3 15 8 31 14 24 12 20 4 25 21 6 11 19 23 7 27 16 13 18 30 9 22 17 29 1 
0 11 4 12 1 21 17 19 16 8 6 29 30 5 3 18 22 27 14 7 13 24 23 10 9 26 31 20 2 15 28 25 
0 14 5 3 24 30 10 13 15 25 19 11 12 16 4 6 7 20 21 8 17 23 22 29 27 9 26 18 2 31 1 28 
0 16 3 17 22 30 28 19 11 10 21 15 5 27 1 9 12 14 2 25 8 24 20 13 6 18 31 26 4 7 29 23 
0 7 6 2 21 20 9 23 24 16 12 4 17 8 29 19 1 15 10 13 30 18 27 11 3 28 5 14 25 22 26 31 
0 25 15 3 14 13 26 22 31 24 18 23 4 2 11 29 9 1 12 7 21 27 16 28 20 5 17 8 10 6 19 30 
0 17 24 11 15 9 21 27 23 13 12 26 3 7 19 18 14 5 1 6 4 25 31 8 2 22 20 30 10 16 29 28 
0 3 5 24 13 22 25 9 2 12 16 29 30 21 11 20 8 26 6 7 18 1 15 27 14 28 4 17 19 23 10 31 
0 14 4 30 28 15 5 16 18 12 7 25 17 26 22 11 29 3 31 27 2 1 9 10 8 21 6 20 19 24 13 23 
0 8 12 7 11 2 10 1 27 4 13 31 28 30 24 26 25 19 23 16 15 5 21 9 17 18 29 20 22 6 14 3 
0 4 15 6 20 9 26 8 27 3 29 14 25 18 24 21 17 7 31 13 5 12 1 22 30 11 28 10 19 16 2 23 
0 14 21 9 25 5 16 1 10 23 26 8 3 31 22 12 24 11 20 28 18 4 7 6 2 29 27 17 15 19 13 30 
0 9 20 19 10 1 18 23 14 22 11 3 24 12 13 29 16 5 28 17 2 21 6 25 15 27 7 8 31 4 30 26 
0 17 9 24 22 15 10 27 11 25 31 28 20 5 30 1 16 19 18 26 21 29 23 14 6 13 12 7 8 2 4 3 
0 6 16 5 10 26 17 21 2 9 22 31 25 12 1 19 7 4 14 29 30 8 15 3 11 27 18 23 13 28 24 20 
0 7 29 15 31 30 21 20 18 27 25 23 26 4 10 14 3 16 12 24 13 17 2 1 22 9 5 11 28 6 8 19 
0 18 10 5 11 4 3 23 2 31 17 13 7 28 25 21 30 26 8 19 24 14 15 27 22 12 6 29 16 9 20 1 
0 31 23 7 1 27 18 10 6 26 22 12 25 8 29 30 17 5 3 15 14 9 20 28 2 13 24 4 21 19 11 16 
0 12 21 24 23 4 27 19 1 15 28 5 8 11 13 18 30 6 14 17 2 9 16 7 20 10 26 25 29 22 31 3 
0 15 13 12 10 7 16 29 4 5 14 11 3 31 19 27 17 2 21 30 26 9 8 25 20 18 1 6 23 28 24 22 
0 25 2 26 12 24 3 5 10 6 1 29 15 19 4 18 30 27 14 17 11 9 13 28 20 23 22 8 21 7 16 31 
0 9 19 27 1 14 10 25 5 17 15 29 22 3 20 31 12 4 7 11 23 6 24 28 21 2 13 30 8 16 26 18 
0 18 20 3 19 9 22 24 4 28 29 27 11 21 12 2 14 7 8 10 1 13 25 30 16 26 15 23 6 31 17 5 
0 19 4 14 7 15 21 30 22 9 1 3 5 23 27 11 13 26 17 31 12 18 6 2 25 28 20 16 24 10 29 8 
0 8 2 1 17 10 7 5 13 24 3 14 9 15 27 6 31 19 18 29 23 30 12 26 28 16 11 20 4 22 21 25 
0 5 3 27 1 23 28 21 10 6 26 11 7 8 20 25 9 12 22 16 13 14 4 15 2 24 29 18 19 17 31 30 
0 12 24 11 7 16 15 9 30 28 4 1 26 18 8 25 21 6 13 2 27 3 23 19 5 17 14 29 22 31 10 20 
0 19 22 12 15 24 23 25 21 5 27 17 29 28 7 20 8 4 11 14 1 30 16 6 3 9 2 31 18 13 10 26 
0 20 28 3 15 23 31 8 13 5 2 24 4 16 9 12 1 14 29 21 17 25 11 18 7 27 26 10 6 19 22 30 
0 15 27 19 29 31 2 9 22 21 11 10 3 25 4 13 6 17 12 16 20 26 30 5 28 18 23 1 8 14 7 24 
0 14 10 7 23 1 19 31 20 17 8 15 16 5 29 27 22 30 3 13 21 2 28 12 25 6 18 9 11 24 4 26 
0 28 1 23 3 2 21 10 8 25 19 15 18 24 14 17 26 6 5 13 27 4 16 11 22 29 12 30 20 31 7 9 
0 23 4 1 24 9 29 7 17 26 14 13 5 27 10 28 18 20 31 16 19 11 22 25 2 3 8 15 30 6 12 21 
0 14 16 11 6 10 17 19 5 8 21 29 20 3 15 26 1 23 4 31 9 18 12 7 25 2 13 22 30 24 28 27 
0 12 2 21 20 28 15 1 6 25 22 31 23 10 27 26 7 3 11 24 4 17 19 13 5 8 30 18 16 14 9 29 
0 22 24 8 30 12 6 23 25 28 5 26 13 15 27 29 7 11 20 18 3 17 1 4 2 14 9 19 16 10 21 31 
0 11 15 20 19 13 30 29 26 3 1 7 17 18 10 2 27 28 14 5 21 16 6 4 23 9 12 25 8 24 31 22 
0 14 6 9 8 15 13 27 11 24 30 21 3 17 29 28 26 4 7 18 2 5 23 25 12 10 1 19 16 22 20 31 
0 22 5 19 28 10 16 7 27 13 14 9 21 8 12 3 20 15 24 4 31 17 6 25 11 30 23 2 29 26 1 18 
0 23 31 30 2 3 27 26 4 11 20 25 5 15 13 1 14 29 12 19 7 6 18 16 9 17 21 10 28 24 8 22 
0 30 5 17 21 28 24 19 1 26 23 29 10 31 9 22 3 11 14 4 7 13 16 6 15 18 2 25 8 20 12 27 
0 18 8 20 3 5 19 29 17 30 9 26 15 21 6 14 11 2 23 10 28 7 22 25 31 27 4 1 13 24 12 16 
0 16 4 8 17 11 26 13 29 5 20 12 25 14 24 22 31 10 1 6 27 9 7 18 2 15 21 19 28 3 23 30 
0 24 25 2 20 17 9 13 8 27 7 26 22 14 15 31 6 18 28 3 16 10 11 5 1 21 19 12 23 4 29 30 
0 31 25 10 22 16 12 27 3 28 1 19 30 23 14 20 11 6 18 26 9 13 29 4 2 15 17 21 5 8 7 24 
0 2 4 23 1 28 18 20 5 30 7 9 12 21 17 24 22 14 10 27 11 25 3 26 8 29 31 6 19 15 13 16 
0 7 29 11 16 22 13 2 9 10 6 14 23 30 27 25 21 4 5 19 1 17 8 18 31 20 26 3 24 28 15 12 
0 6 4 5 13 30 27 10 31 29 16 2 28 23 18 1 15 7 26 22 20 17 3 9 14 19 8 11 21 24 25 12 
0 1 28 30 19 3 8 12 26 22 18 20 9 13 4 23 21 10 6 15 5 25 7 14 11 31 27 16 17 24 29 2 
0 1 21 13 5 16 12 11 19 18 8 28 10 6 14 30 9 7 23 17 20 24 27 2 31 4 25 22 15 29 3 26 
0 9 29 19 2 16 22 23 8 26 5 20 10 1 3 17 24 4 6 30 13 7 31 21 18 25 12 14 27 11 28 15 
0 31 24 7 18 14 21 5 10 28 2 27 30 26 9 15 3 29 22 23 12 8 11 4 13 6 17 16 25 19 20 1 
0 23 2 24 17 26 27 3 22 9 8 18 7 25 10 6 15 30 16 31 21 14 28 29 12 5 20 1 13 11 4 19 
0 15 26 27 21 17 18 28 7 8 13 5 14 4 2 20 3 23 31 25 16 6 22 11 30 9 19 24 29 12 10 1 
0 11 14 25 5 27 12 30 28 3 7 13 20 4 17 10 29 1 24 31 2 23 19 21 8 26 9 22 6 15 16 18 
0 11 8 23 31 17 4 7 9 2 21 29 12 22 15 28 10 18 19 27 30 6 5 13 20 26 14 3 24 25 1 16 
0 28 6 14 16 23 27 21 22 10 29 30 5 18 2 4 20 3 9 1 11 15 24 8 31 19 7 25 26 13 12 17 
0 8 14 7 20 25 29 17 1 23 4 30 27 6 12 19 13 15 24 28 5 2 16 11 3 10 26 21 31 18 9 22 
0 30 18 20 21 7 23 24 8 19 12 22 1 13 14 29 10 9 5 11 2 4 16 27 26 31 28 17 25 15 6 3 
0 19 5 21 26 10 22 1 16 29 3 20 15 17 23 27 6 8 4 28 7 9 12 11 2 31 13 14 24 18 25 30 
