0 13 8 18 1 21 19 17 2 4 20 9 24 27 28 12 5 30 23 22 16 10 15 3 29 14 26 11 7 31 6 25 
0 24 9 20 19 11 7 18 21 16 12 1 14 23 25 17 2 31 5 26 6 30 10 28 3 15 13 22 29 8 27 4 
0 19 14 6 30 27 9 20 28 7 18 31 12 5 16 3 1 22 29 15 10 2 23 17 4 21 13 24 26 25 8 11 
0 21 13 27 1 12 18 19 11 29 4 28 10 7 5 20 22 24 6 14 23 8 3 15 16 26 30 31 25 17 9 2 
0 6 17 9 3 20 16 28 13 21 25 1 2 23 24 18 27 29 19 15 8 22 10 5 11 30 4 7 26 12 14 31 
0 11 20 19 18 2 21 13 29 9 3 1 22 4 17 12 31 23 25 16 14 15 30 6 24 8 7 10 26 5 27 28 
0 27 10 25 7 23 19 2 8 1 29 9 16 4 13 28 18 11 24 12 30 22 6 3 17 31 15 5 14 26 20 21 
0 9 22 7 12 4 18 24 13 25 30 31 5 26 6 21 17 16 10 11 29 15 27 2 1 14 28 3 19 23 8 20 
0 29 18 1 7 9 11 6 27 30 20 2 10 31 15 21 17 24 5 25 22 19 26 23 14 8 12 4 3 28 13 16 
0 1 24 25 27 2 19 17 6 8 13 15 12 31 7 26 14 28 10 4 18 5 22 21 20 9 11 29 30 23 3 16 
0 3 10 4 7 30 22 26 15 19 16 21 12 25 9 5 17 18 1 28 24 31 2 29 13 8 20 14 23 6 11 27 
0 10 13 28 18 27 23 22 1 20 14 2 8 5 12 21 25 3 31 24 7 15 4 26 17 19 16 30 29 11 6 9 
0 28 14 23 7 13 11 4 16 8 21 18 1 10 5 26 17 3 24 12 15 25 29 2 6 31 27 20 9 19 22 30 
0 24 8 26 25 20 30 5 3 29 18 14 27 12 15 16 6 9 23 17 7 28 19 22 11 1 13 21 10 2 31 4 
0 6 5 25 24 27 21 16 3 20 26 2 28 11 22 13 14 29 30 17 7 12 10 1 31 18 9 23 15 8 19 4 
0 23 25 9 24 29 27 2 19 13 15 18 1 26 7 16 30 12 20 3 5 21 4 22 14 10 31 28 6 8 11 17 
0 3 21 9 20 16 28 15 22 30 13 18 14 4 12 24 29 8 27 25 5 19 10 1 17 31 11 26 7 23 6 2 
0 28 22 15 25 12 10 8 13 31 26 17 7 30 18 24 3 27 16 1 23 6 5 11 20 9 29 21 19 2 14 4 
0 11 27 6 2 4 24 21 10 31 3 23 30 8 16 15 1 28 7 20 12 25 13 18 5 22 26 19 14 9 17 29 
0 11 6 18 31 4 19 14 22 2 25 9 17 8 15 13 10 29 3 28 24 26 30 5 1 23 12 27 16 7 21 20 
0 27 11 6 16 13 18 10 20 21 14 19 22 29 8 2 15 12 25 7 5 23 3 4 26 24 9 17 30 31 1 28 
0 13 16 30 10 7 26 17 9 21 11 8 28 15 1 25 19 14 29 18 20 5 3 22 27 12 24 31 4 2 23 6 
0 13 12 18 25 10 28 1 11 22 31 16 27 2 5 15 30 19 8 14 20 4 26 7 9 29 3 21 6 17 23 24 
0 16 24 21 13 22 2 28 7 17 23 4 12 9 5 1 18 20 25 11 26 29 14 27 19 30 3 31 8 15 10 6 
0 21 2 9 11 25 24 3 13 28 4 23 8 22 6 1 12 5 7 20 19 10 16 29 15 14 27 18 31 30 26 17 
0 25 17 6 9 15 4 30 1 5 12 16 2 27 20 7 19 26 29 14 11 8 3 18 13 21 23 22 24 31 28 10 
0 3 6 18 2 13 25 17 8 29 20 15 28 19 31 16 1 30 26 9 24 5 14 11 21 10 22 7 12 27 4 23 
0 10 15 18 8 2 6 4 13 27 28 16 17 21 26 3 12 20 19 25 5 7 30 14 31 11 1 23 29 22 24 9 
0 7 30 24 16 19 23 22 2 14 9 20 6 3 26 29 4 1 27 12 17 31 18 10 25 28 11 13 8 21 15 5 
0 23 10 4 31 11 13 30 16 28 21 3 1 29 22 2 5 18 20 9 6 25 19 24 14 8 26 27 15 17 12 7 
0 1 10 19 22 18 30 7 16 6 24 14 5 15 17 25 23 3 11 9 21 20 12 26 27 4 31 29 28 2 8 13 
0 27 19 23 17 31 14 20 13 18 15 16 11 9 29 6 4 28 24 10 2 25 22 5 1 26 8 12 7 21 3 30 
0 13 25 31 9 8 20 24 5 29 6 28 1 2 30 11 3 23 10 14 7 4 16 27 12 15 17 18 21 22 26 19 
0 4 28 25 6 19 31 12 29 14 8 2 20 17 7 1 10 15 23 21 24 26 22 5 13 11 16 18 9 30 3 27 
0 31 24 25 18 7 3 8 19 22 30 12 5 1 9 15 21 29 26 11 13 27 4 14 2 20 16 10 23 28 17 6 
0 25 5 21 29 19 4 18 15 27 2 24 9 7 10 14 11 16 31 20 13 1 17 22 26 3 23 12 8 28 6 30 
0 5 21 3 23 24 14 22 8 18 4 12 30 20 10 17 19 2 15 31 27 26 29 7 11 13 9 25 6 28 16 1 
0 20 8 26 30 29 27 2 5 21 3 1 31 15 10 12 28 6 24 4 17 11 9 18 25 7 23 19 14 16 13 22 
0 8 13 5 15 25 26 29 17 9 3 18 27 16 21 4 11 2 30 23 31 1 20 10 7 14 22 12 24 6 28 19 
0 13 1 2 30 8 4 31 22 26 9 12 16 29 17 11 21 15 24 7 14 19 5 28 10 20 6 25 23 27 18 3 
0 30 12 5 18 16 24 9 29 10 3 26 27 31 7 8 23 1 19 11 4 21 15 13 25 20 6 14 2 28 17 22 
0 13 17 30 12 16 1 29 10 7 8 28 14 19 9 3 31 26 18 11 21 4 15 6 27 23 2 24 22 5 20 25 
0 17 22 4 24 28 26 12 10 16 3 1 14 6 27 19 23 13 29 8 2 5 31 9 30 25 21 20 15 18 11 7 
0 12 2 6 18 28 7 5 13 29 9 21 3 26 16 31 10 8 11 15 14 19 30 20 25 27 1 4 23 24 17 22 
0 10 24 13 28 22 26 2 5 11 23 9 31 17 14 27 4 29 12 1 16 21 7 8 18 25 20 19 30 6 3 15 
0 15 18 26 16 7 20 27 6 1 10 30 3 31 23 17 5 8 2 11 9 12 14 29 28 4 21 13 24 25 19 22 
0 11 1 3 12 5 31 4 30 26 19 21 24 15 6 7 16 27 23 14 13 18 22 28 2 8 29 25 9 17 10 20 
0 27 4 30 29 28 17 15 6 21 13 20 1 14 22 10 16 12 19 2 31 7 25 11 3 5 24 18 26 23 8 9 
0 26 14 20 5 6 8 9 23 19 1 3 22 13 17 2 7 31 28 29 4 18 30 24 16 25 11 15 27 12 10 21 
0 27 11 30 29 2 19 13 21 14 18 31 5 28 10 26 8 9 1 20 12 25 7 17 24 3 4 16 6 22 15 23 
0 20 10 28 31 24 27 17 19 23 21 5 18 2 4 3 15 22 6 9 29 30 8 7 12 16 26 11 14 25 13 1 
0 23 28 21 1 15 6 3 22 31 27 30 4 11 9 2 10 19 29 17 8 14 25 26 7 12 20 16 13 18 5 24 
0 5 1 23 15 3 13 20 11 16 31 19 30 4 6 12 22 18 29 9 8 24 21 28 7 2 10 17 27 14 26 25 
0 23 6 22 19 1 29 30 16 13 3 2 12 7 8 10 31 25 20 9 18 15 28 26 27 24 21 4 17 5 11 14 
0 10 5 7 3 28 12 16 31 15 25 30 8 9 4 2 27 13 14 21 24 29 6 19 26 23 20 11 17 1 22 18 
0 9 28 22 11 27 14 16 29 25 3 20 10 6 31 8 26 18 13 19 7 30 15 5 4 21 1 24 23 17 12 2 
0 6 16 31 11 3 13 21 7 25 4 24 17 15 1 14 23 22 20 9 28 2 12 26 18 5 30 8 29 10 19 27 
0 13 3 22 10 11 17 8 27 14 15 21 4 6 24 16 19 1 5 31 25 29 26 30 9 18 12 20 7 28 23 2 
0 29 21 4 12 24 10 26 28 2 23 19 20 17 7 18 27 15 8 11 16 14 3 1 5 9 22 6 31 13 25 30 
0 10 15 6 21 14 3 16 18 29 17 25 28 22 23 11 13 24 8 27 5 12 31 19 26 7 9 20 2 4 30 1 
0 28 15 18 21 26 3 29 10 2 1 6 8 5 7 27 22 31 20 11 23 25 16 30 9 24 13 14 17 19 12 4 
0 22 8 3 1 31 25 4 12 19 10 27 29 7 30 28 21 9 14 20 13 24 17 16 18 26 5 11 6 2 23 15 
0 27 3 11 10 23 15 6 28 21 5 12 17 20 1 24 9 2 14 16 26 13 25 8 18 19 31 29 4 30 22 7 
0 17 11 6 9 2 3 25 24 13 18 27 31 16 21 29 19 14 20 5 7 4 23 8 22 1 28 26 15 30 10 12 
0 18 31 12 23 2 4 21 16 10 28 25 7 20 22 11 19 9 15 3 17 5 6 13 1 30 26 24 14 27 8 29 
0 20 8 6 27 22 21 15 30 13 7 12 31 3 4 11 2 5 18 25 10 26 16 1 17 19 29 9 28 24 14 23 
0 17 16 21 22 14 28 13 4 30 23 10 11 8 27 18 1 15 31 26 6 3 2 29 25 19 24 12 5 9 20 7 
0 1 14 21 9 6 18 28 19 15 7 25 13 17 2 11 27 4 29 3 12 20 22 24 31 5 23 8 10 30 16 26 
0 13 15 4 22 3 8 20 2 27 28 1 31 11 24 21 5 25 19 6 17 18 29 7 14 26 10 9 23 30 16 12 
0 23 27 22 30 4 31 7 1 3 20 18 11 8 21 19 12 9 6 14 5 28 10 17 13 15 26 29 24 16 2 25 
0 1 23 13 8 19 28 7 15 16 31 29 4 12 9 27 11 30 3 25 17 2 14 10 24 20 26 22 18 5 21 6 
0 1 30 26 10 5 20 16 24 21 23 14 29 25 2 17 8 18 28 22 31 3 11 9 12 27 15 19 6 4 7 13 
0 12 26 9 25 23 22 20 18 3 7 2 21 29 30 28 5 24 10 11 6 4 31 15 14 1 19 16 13 17 8 27 
0 15 25 4 14 19 24 9 22 27 29 18 26 17 8 5 13 12 1 11 10 2 6 21 23 16 20 31 7 30 28 3 
0 11 20 30 25 17 16 7 10 22 21 26 4 5 23 2 1 3 12 14 6 28 18 31 27 13 24 8 19 9 15 29 
0 1 25 19 23 15 27 4 2 7 6 13 8 30 22 11 28 31 16 29 26 21 18 24 3 9 12 5 20 14 10 17 
0 12 15 28 4 27 6 19 20 26 7 1 13 14 17 25 5 16 29 2 24 22 9 3 30 31 23 21 8 10 18 11 
0 2 20 22 15 14 18 27 25 4 23 30 10 9 5 19 11 21 17 7 12 24 31 16 29 28 13 26 8 3 1 6 
0 2 3 6 29 5 11 21 30 12 10 1 31 8 13 7 28 22 24 16 4 18 14 20 23 25 19 26 9 15 27 17 
0 16 6 20 28 1 26 14 22 24 18 2 10 21 5 19 15 12 13 23 17 27 11 3 9 25 8 31 29 7 30 4 
0 7 4 24 6 9 5 26 25 19 8 10 28 16 18 23 2 31 15 1 30 29 21 11 3 20 12 13 17 27 22 14 
0 10 30 26 25 9 31 21 23 27 18 19 2 24 15 29 7 22 3 4 11 28 12 16 17 13 20 8 6 1 14 5 
0 16 29 31 1 15 26 23 4 22 13 8 14 30 18 20 27 6 24 12 10 21 28 17 3 9 7 25 11 5 19 2 
0 24 5 1 23 13 17 25 26 9 4 8 12 22 16 30 14 31 7 29 20 19 6 2 21 3 11 27 15 28 10 18 
0 8 31 14 6 12 5 23 4 13 28 2 17 20 19 16 30 18 9 26 3 24 10 27 11 22 15 7 29 1 21 25 
0 13 2 20 16 31 7 18 12 5 27 14 9 1 11 23 6 15 25 3 29 22 26 28 24 8 30 4 19 21 17 10 
0 8 18 19 15 28 6 3 22 16 9 4 5 31 24 10 23 21 30 27 13 7 17 2 1 12 29 11 25 14 20 26 
0 10 24 2 21 16 15 13 1 14 7 28 8 26 5 6 11 17 25 12 30 22 19 9 18 27 3 29 4 20 23 31 
0 23 1 31 11 5 19 20 16 14 3 17 28 8 4 9 21 2 12 22 6 15 25 10 26 30 7 13 29 27 24 18 
0 24 13 17 19 5 15 2 11 29 18 8 21 12 28 10 4 31 23 9 22 20 25 26 1 7 16 6 14 3 30 27 
0 31 3 6 2 22 15 23 8 24 7 4 28 17 11 18 1 9 30 12 20 27 13 5 16 21 26 14 29 10 25 19 
0 23 31 7 10 19 28 1 21 2 13 12 11 4 26 6 14 25 15 18 22 27 29 8 3 5 30 9 17 16 24 20 
0 3 7 25 31 20 24 27 12 11 8 9 23 26 19 30 5 29 10 14 15 16 28 6 18 17 4 22 13 2 1 21 
0 30 21 19 4 18 6 11 2 13 31 1 25 16 14 23 28 29 17 7 20 24 5 3 10 26 15 9 22 8 27 12 
0 26 18 30 24 29 15 11 31 7 12 27 6 1 5 4 2 21 17 10 8 22 20 19 25 3 23 28 9 13 14 16 
0 20 1 29 5 2 11 16 14 24 18 23 31 13 10 22 3 28 19 21 17 26 6 8 4 12 30 9 27 15 25 7 
0 14 29 27 20 15 7 13 12 16 26 21 28 2 18 17 10 9 8 24 3 11 30 19 1 4 22 31 6 23 25 5 
0 31 24 16 28 29 15 17 10 11 8 30 4 13 19 3 26 20 7 18 1 6 27 2 22 23 12 25 14 9 21 5 
0 3 10 19 25 14 9 16 7 21 26 12 11 30 13 29 17 27 4 28 6 20 18 22 23 31 2 5 15 24 8 1 
0 5 18 13 14 25 19 8 29 21 1 10 17 4 12 9 31 24 22 16 11 28 2 23 26 27 7 3 6 15 20 30 
